Copyright 1986-2022 Xilinx, Inc. All Rights Reserved. Copyright 2022-2023 Advanced Micro Devices, Inc. All Rights Reserved.
---------------------------------------------------------------------------------------------------------------------------------------------
| Tool Version : Vivado v.2023.2 (lin64) Build 4029153 Fri Oct 13 20:13:54 MDT 2023
| Date         : Mon Jul 15 19:09:07 2024
| Host         : sxy-Lenovo-Legion-Y7000-2020 running 64-bit Ubuntu 22.04.4 LTS
| Command      : report_timing -max_paths 10 -file ./report/sobel_resize_accel_timing_paths_synth.rpt
| Design       : bd_0_wrapper
| Device       : 7z020-clg484
| Speed File   : -1  PRODUCTION 1.12 2019-11-22
| Design State : Synthesized
---------------------------------------------------------------------------------------------------------------------------------------------

Timing Report

Slack (MET) :             2.895ns  (required time - arrival time)
  Source:                 bd_0_i/hls_inst/inst/gmem2_m_axi_U/store_unit/bus_wide_gen.len_cnt_reg[5]/C
                            (rising edge-triggered cell FDRE clocked by ap_clk  {rise@0.000ns fall@5.000ns period=10.000ns})
  Destination:            bd_0_i/hls_inst/inst/gmem2_m_axi_U/store_unit/bus_wide_gen.len_cnt_reg[0]/R
                            (rising edge-triggered cell FDRE clocked by ap_clk  {rise@0.000ns fall@5.000ns period=10.000ns})
  Path Group:             ap_clk
  Path Type:              Setup (Max at Slow Process Corner)
  Requirement:            10.000ns  (ap_clk rise@10.000ns - ap_clk rise@0.000ns)
  Data Path Delay:        6.497ns  (logic 1.433ns (22.056%)  route 5.064ns (77.944%))
  Logic Levels:           6  (LUT3=1 LUT4=1 LUT5=1 LUT6=3)
  Clock Path Skew:        -0.049ns (DCD - SCD + CPR)
    Destination Clock Delay (DCD):    0.924ns = ( 10.924 - 10.000 ) 
    Source Clock Delay      (SCD):    0.973ns
    Clock Pessimism Removal (CPR):    0.000ns
  Clock Uncertainty:      0.035ns  ((TSJ^2 + TIJ^2)^1/2 + DJ) / 2 + PE
    Total System Jitter     (TSJ):    0.071ns
    Total Input Jitter      (TIJ):    0.000ns
    Discrete Jitter          (DJ):    0.000ns
    Phase Error              (PE):    0.000ns

    Location             Delay type                Incr(ns)  Path(ns)    Netlist Resource(s)
  -------------------------------------------------------------------    -------------------
                         (clock ap_clk rise edge)     0.000     0.000 r  
                                                      0.000     0.000 r  ap_clk (IN)
                         net (fo=9077, unset)         0.973     0.973    bd_0_i/hls_inst/inst/gmem2_m_axi_U/store_unit/ap_clk
                         FDRE                                         r  bd_0_i/hls_inst/inst/gmem2_m_axi_U/store_unit/bus_wide_gen.len_cnt_reg[5]/C
  -------------------------------------------------------------------    -------------------
                         FDRE (Prop_fdre_C_Q)         0.518     1.491 f  bd_0_i/hls_inst/inst/gmem2_m_axi_U/store_unit/bus_wide_gen.len_cnt_reg[5]/Q
                         net (fo=4, unplaced)         0.765     2.256    bd_0_i/hls_inst/inst/gmem2_m_axi_U/store_unit/bus_wide_gen.wreq_offset/U_fifo_srl/bus_wide_gen.len_cnt_reg[5]
                         LUT4 (Prop_lut4_I1_O)        0.295     2.551 r  bd_0_i/hls_inst/inst/gmem2_m_axi_U/store_unit/bus_wide_gen.wreq_offset/U_fifo_srl/bus_wide_gen.pad_oh_reg[3]_i_8/O
                         net (fo=1, unplaced)         0.902     3.453    bd_0_i/hls_inst/inst/gmem2_m_axi_U/store_unit/bus_wide_gen.wreq_offset/U_fifo_srl/bus_wide_gen.pad_oh_reg[3]_i_8_n_4
                         LUT6 (Prop_lut6_I3_O)        0.124     3.577 r  bd_0_i/hls_inst/inst/gmem2_m_axi_U/store_unit/bus_wide_gen.wreq_offset/U_fifo_srl/bus_wide_gen.pad_oh_reg[3]_i_5/O
                         net (fo=4, unplaced)         0.473     4.050    bd_0_i/hls_inst/inst/gmem2_m_axi_U/store_unit/bus_wide_gen.wreq_offset/U_fifo_srl/bus_wide_gen.pad_oh_reg[3]_i_5_n_4
                         LUT3 (Prop_lut3_I1_O)        0.124     4.174 r  bd_0_i/hls_inst/inst/gmem2_m_axi_U/store_unit/bus_wide_gen.wreq_offset/U_fifo_srl/bus_wide_gen.pad_oh_reg[3]_i_3/O
                         net (fo=9, unplaced)         0.490     4.664    bd_0_i/hls_inst/inst/gmem2_m_axi_U/store_unit/bus_wide_gen.wreq_offset/U_fifo_srl/bus_wide_gen.pad_oh2__0
                         LUT6 (Prop_lut6_I3_O)        0.124     4.788 r  bd_0_i/hls_inst/inst/gmem2_m_axi_U/store_unit/bus_wide_gen.wreq_offset/U_fifo_srl/bus_wide_gen.len_cnt[0]_i_6/O
                         net (fo=1, unplaced)         1.111     5.899    bd_0_i/hls_inst/inst/gmem2_m_axi_U/store_unit/bus_wide_gen.wreq_offset/U_fifo_srl/bus_wide_gen.len_cnt[0]_i_6_n_4
                         LUT6 (Prop_lut6_I0_O)        0.124     6.023 r  bd_0_i/hls_inst/inst/gmem2_m_axi_U/store_unit/bus_wide_gen.wreq_offset/U_fifo_srl/bus_wide_gen.len_cnt[0]_i_4/O
                         net (fo=5, unplaced)         0.477     6.500    bd_0_i/hls_inst/inst/gmem2_m_axi_U/store_unit/bus_wide_gen.wreq_offset/U_fifo_srl/dout_reg[31]_0
                         LUT5 (Prop_lut5_I0_O)        0.124     6.624 r  bd_0_i/hls_inst/inst/gmem2_m_axi_U/store_unit/bus_wide_gen.wreq_offset/U_fifo_srl/bus_wide_gen.len_cnt[0]_i_1/O
                         net (fo=30, unplaced)        0.846     7.470    bd_0_i/hls_inst/inst/gmem2_m_axi_U/store_unit/bus_wide_gen.wreq_offset_n_32
                         FDRE                                         r  bd_0_i/hls_inst/inst/gmem2_m_axi_U/store_unit/bus_wide_gen.len_cnt_reg[0]/R
  -------------------------------------------------------------------    -------------------

                         (clock ap_clk rise edge)    10.000    10.000 r  
                                                      0.000    10.000 r  ap_clk (IN)
                         net (fo=9077, unset)         0.924    10.924    bd_0_i/hls_inst/inst/gmem2_m_axi_U/store_unit/ap_clk
                         FDRE                                         r  bd_0_i/hls_inst/inst/gmem2_m_axi_U/store_unit/bus_wide_gen.len_cnt_reg[0]/C
                         clock pessimism              0.000    10.924    
                         clock uncertainty           -0.035    10.889    
                         FDRE (Setup_fdre_C_R)       -0.524    10.365    bd_0_i/hls_inst/inst/gmem2_m_axi_U/store_unit/bus_wide_gen.len_cnt_reg[0]
  -------------------------------------------------------------------
                         required time                         10.365    
                         arrival time                          -7.470    
  -------------------------------------------------------------------
                         slack                                  2.895    

Slack (MET) :             2.895ns  (required time - arrival time)
  Source:                 bd_0_i/hls_inst/inst/gmem2_m_axi_U/store_unit/bus_wide_gen.len_cnt_reg[5]/C
                            (rising edge-triggered cell FDRE clocked by ap_clk  {rise@0.000ns fall@5.000ns period=10.000ns})
  Destination:            bd_0_i/hls_inst/inst/gmem2_m_axi_U/store_unit/bus_wide_gen.len_cnt_reg[10]/R
                            (rising edge-triggered cell FDRE clocked by ap_clk  {rise@0.000ns fall@5.000ns period=10.000ns})
  Path Group:             ap_clk
  Path Type:              Setup (Max at Slow Process Corner)
  Requirement:            10.000ns  (ap_clk rise@10.000ns - ap_clk rise@0.000ns)
  Data Path Delay:        6.497ns  (logic 1.433ns (22.056%)  route 5.064ns (77.944%))
  Logic Levels:           6  (LUT3=1 LUT4=1 LUT5=1 LUT6=3)
  Clock Path Skew:        -0.049ns (DCD - SCD + CPR)
    Destination Clock Delay (DCD):    0.924ns = ( 10.924 - 10.000 ) 
    Source Clock Delay      (SCD):    0.973ns
    Clock Pessimism Removal (CPR):    0.000ns
  Clock Uncertainty:      0.035ns  ((TSJ^2 + TIJ^2)^1/2 + DJ) / 2 + PE
    Total System Jitter     (TSJ):    0.071ns
    Total Input Jitter      (TIJ):    0.000ns
    Discrete Jitter          (DJ):    0.000ns
    Phase Error              (PE):    0.000ns

    Location             Delay type                Incr(ns)  Path(ns)    Netlist Resource(s)
  -------------------------------------------------------------------    -------------------
                         (clock ap_clk rise edge)     0.000     0.000 r  
                                                      0.000     0.000 r  ap_clk (IN)
                         net (fo=9077, unset)         0.973     0.973    bd_0_i/hls_inst/inst/gmem2_m_axi_U/store_unit/ap_clk
                         FDRE                                         r  bd_0_i/hls_inst/inst/gmem2_m_axi_U/store_unit/bus_wide_gen.len_cnt_reg[5]/C
  -------------------------------------------------------------------    -------------------
                         FDRE (Prop_fdre_C_Q)         0.518     1.491 f  bd_0_i/hls_inst/inst/gmem2_m_axi_U/store_unit/bus_wide_gen.len_cnt_reg[5]/Q
                         net (fo=4, unplaced)         0.765     2.256    bd_0_i/hls_inst/inst/gmem2_m_axi_U/store_unit/bus_wide_gen.wreq_offset/U_fifo_srl/bus_wide_gen.len_cnt_reg[5]
                         LUT4 (Prop_lut4_I1_O)        0.295     2.551 r  bd_0_i/hls_inst/inst/gmem2_m_axi_U/store_unit/bus_wide_gen.wreq_offset/U_fifo_srl/bus_wide_gen.pad_oh_reg[3]_i_8/O
                         net (fo=1, unplaced)         0.902     3.453    bd_0_i/hls_inst/inst/gmem2_m_axi_U/store_unit/bus_wide_gen.wreq_offset/U_fifo_srl/bus_wide_gen.pad_oh_reg[3]_i_8_n_4
                         LUT6 (Prop_lut6_I3_O)        0.124     3.577 r  bd_0_i/hls_inst/inst/gmem2_m_axi_U/store_unit/bus_wide_gen.wreq_offset/U_fifo_srl/bus_wide_gen.pad_oh_reg[3]_i_5/O
                         net (fo=4, unplaced)         0.473     4.050    bd_0_i/hls_inst/inst/gmem2_m_axi_U/store_unit/bus_wide_gen.wreq_offset/U_fifo_srl/bus_wide_gen.pad_oh_reg[3]_i_5_n_4
                         LUT3 (Prop_lut3_I1_O)        0.124     4.174 r  bd_0_i/hls_inst/inst/gmem2_m_axi_U/store_unit/bus_wide_gen.wreq_offset/U_fifo_srl/bus_wide_gen.pad_oh_reg[3]_i_3/O
                         net (fo=9, unplaced)         0.490     4.664    bd_0_i/hls_inst/inst/gmem2_m_axi_U/store_unit/bus_wide_gen.wreq_offset/U_fifo_srl/bus_wide_gen.pad_oh2__0
                         LUT6 (Prop_lut6_I3_O)        0.124     4.788 r  bd_0_i/hls_inst/inst/gmem2_m_axi_U/store_unit/bus_wide_gen.wreq_offset/U_fifo_srl/bus_wide_gen.len_cnt[0]_i_6/O
                         net (fo=1, unplaced)         1.111     5.899    bd_0_i/hls_inst/inst/gmem2_m_axi_U/store_unit/bus_wide_gen.wreq_offset/U_fifo_srl/bus_wide_gen.len_cnt[0]_i_6_n_4
                         LUT6 (Prop_lut6_I0_O)        0.124     6.023 r  bd_0_i/hls_inst/inst/gmem2_m_axi_U/store_unit/bus_wide_gen.wreq_offset/U_fifo_srl/bus_wide_gen.len_cnt[0]_i_4/O
                         net (fo=5, unplaced)         0.477     6.500    bd_0_i/hls_inst/inst/gmem2_m_axi_U/store_unit/bus_wide_gen.wreq_offset/U_fifo_srl/dout_reg[31]_0
                         LUT5 (Prop_lut5_I0_O)        0.124     6.624 r  bd_0_i/hls_inst/inst/gmem2_m_axi_U/store_unit/bus_wide_gen.wreq_offset/U_fifo_srl/bus_wide_gen.len_cnt[0]_i_1/O
                         net (fo=30, unplaced)        0.846     7.470    bd_0_i/hls_inst/inst/gmem2_m_axi_U/store_unit/bus_wide_gen.wreq_offset_n_32
                         FDRE                                         r  bd_0_i/hls_inst/inst/gmem2_m_axi_U/store_unit/bus_wide_gen.len_cnt_reg[10]/R
  -------------------------------------------------------------------    -------------------

                         (clock ap_clk rise edge)    10.000    10.000 r  
                                                      0.000    10.000 r  ap_clk (IN)
                         net (fo=9077, unset)         0.924    10.924    bd_0_i/hls_inst/inst/gmem2_m_axi_U/store_unit/ap_clk
                         FDRE                                         r  bd_0_i/hls_inst/inst/gmem2_m_axi_U/store_unit/bus_wide_gen.len_cnt_reg[10]/C
                         clock pessimism              0.000    10.924    
                         clock uncertainty           -0.035    10.889    
                         FDRE (Setup_fdre_C_R)       -0.524    10.365    bd_0_i/hls_inst/inst/gmem2_m_axi_U/store_unit/bus_wide_gen.len_cnt_reg[10]
  -------------------------------------------------------------------
                         required time                         10.365    
                         arrival time                          -7.470    
  -------------------------------------------------------------------
                         slack                                  2.895    

Slack (MET) :             2.895ns  (required time - arrival time)
  Source:                 bd_0_i/hls_inst/inst/gmem2_m_axi_U/store_unit/bus_wide_gen.len_cnt_reg[5]/C
                            (rising edge-triggered cell FDRE clocked by ap_clk  {rise@0.000ns fall@5.000ns period=10.000ns})
  Destination:            bd_0_i/hls_inst/inst/gmem2_m_axi_U/store_unit/bus_wide_gen.len_cnt_reg[11]/R
                            (rising edge-triggered cell FDRE clocked by ap_clk  {rise@0.000ns fall@5.000ns period=10.000ns})
  Path Group:             ap_clk
  Path Type:              Setup (Max at Slow Process Corner)
  Requirement:            10.000ns  (ap_clk rise@10.000ns - ap_clk rise@0.000ns)
  Data Path Delay:        6.497ns  (logic 1.433ns (22.056%)  route 5.064ns (77.944%))
  Logic Levels:           6  (LUT3=1 LUT4=1 LUT5=1 LUT6=3)
  Clock Path Skew:        -0.049ns (DCD - SCD + CPR)
    Destination Clock Delay (DCD):    0.924ns = ( 10.924 - 10.000 ) 
    Source Clock Delay      (SCD):    0.973ns
    Clock Pessimism Removal (CPR):    0.000ns
  Clock Uncertainty:      0.035ns  ((TSJ^2 + TIJ^2)^1/2 + DJ) / 2 + PE
    Total System Jitter     (TSJ):    0.071ns
    Total Input Jitter      (TIJ):    0.000ns
    Discrete Jitter          (DJ):    0.000ns
    Phase Error              (PE):    0.000ns

    Location             Delay type                Incr(ns)  Path(ns)    Netlist Resource(s)
  -------------------------------------------------------------------    -------------------
                         (clock ap_clk rise edge)     0.000     0.000 r  
                                                      0.000     0.000 r  ap_clk (IN)
                         net (fo=9077, unset)         0.973     0.973    bd_0_i/hls_inst/inst/gmem2_m_axi_U/store_unit/ap_clk
                         FDRE                                         r  bd_0_i/hls_inst/inst/gmem2_m_axi_U/store_unit/bus_wide_gen.len_cnt_reg[5]/C
  -------------------------------------------------------------------    -------------------
                         FDRE (Prop_fdre_C_Q)         0.518     1.491 f  bd_0_i/hls_inst/inst/gmem2_m_axi_U/store_unit/bus_wide_gen.len_cnt_reg[5]/Q
                         net (fo=4, unplaced)         0.765     2.256    bd_0_i/hls_inst/inst/gmem2_m_axi_U/store_unit/bus_wide_gen.wreq_offset/U_fifo_srl/bus_wide_gen.len_cnt_reg[5]
                         LUT4 (Prop_lut4_I1_O)        0.295     2.551 r  bd_0_i/hls_inst/inst/gmem2_m_axi_U/store_unit/bus_wide_gen.wreq_offset/U_fifo_srl/bus_wide_gen.pad_oh_reg[3]_i_8/O
                         net (fo=1, unplaced)         0.902     3.453    bd_0_i/hls_inst/inst/gmem2_m_axi_U/store_unit/bus_wide_gen.wreq_offset/U_fifo_srl/bus_wide_gen.pad_oh_reg[3]_i_8_n_4
                         LUT6 (Prop_lut6_I3_O)        0.124     3.577 r  bd_0_i/hls_inst/inst/gmem2_m_axi_U/store_unit/bus_wide_gen.wreq_offset/U_fifo_srl/bus_wide_gen.pad_oh_reg[3]_i_5/O
                         net (fo=4, unplaced)         0.473     4.050    bd_0_i/hls_inst/inst/gmem2_m_axi_U/store_unit/bus_wide_gen.wreq_offset/U_fifo_srl/bus_wide_gen.pad_oh_reg[3]_i_5_n_4
                         LUT3 (Prop_lut3_I1_O)        0.124     4.174 r  bd_0_i/hls_inst/inst/gmem2_m_axi_U/store_unit/bus_wide_gen.wreq_offset/U_fifo_srl/bus_wide_gen.pad_oh_reg[3]_i_3/O
                         net (fo=9, unplaced)         0.490     4.664    bd_0_i/hls_inst/inst/gmem2_m_axi_U/store_unit/bus_wide_gen.wreq_offset/U_fifo_srl/bus_wide_gen.pad_oh2__0
                         LUT6 (Prop_lut6_I3_O)        0.124     4.788 r  bd_0_i/hls_inst/inst/gmem2_m_axi_U/store_unit/bus_wide_gen.wreq_offset/U_fifo_srl/bus_wide_gen.len_cnt[0]_i_6/O
                         net (fo=1, unplaced)         1.111     5.899    bd_0_i/hls_inst/inst/gmem2_m_axi_U/store_unit/bus_wide_gen.wreq_offset/U_fifo_srl/bus_wide_gen.len_cnt[0]_i_6_n_4
                         LUT6 (Prop_lut6_I0_O)        0.124     6.023 r  bd_0_i/hls_inst/inst/gmem2_m_axi_U/store_unit/bus_wide_gen.wreq_offset/U_fifo_srl/bus_wide_gen.len_cnt[0]_i_4/O
                         net (fo=5, unplaced)         0.477     6.500    bd_0_i/hls_inst/inst/gmem2_m_axi_U/store_unit/bus_wide_gen.wreq_offset/U_fifo_srl/dout_reg[31]_0
                         LUT5 (Prop_lut5_I0_O)        0.124     6.624 r  bd_0_i/hls_inst/inst/gmem2_m_axi_U/store_unit/bus_wide_gen.wreq_offset/U_fifo_srl/bus_wide_gen.len_cnt[0]_i_1/O
                         net (fo=30, unplaced)        0.846     7.470    bd_0_i/hls_inst/inst/gmem2_m_axi_U/store_unit/bus_wide_gen.wreq_offset_n_32
                         FDRE                                         r  bd_0_i/hls_inst/inst/gmem2_m_axi_U/store_unit/bus_wide_gen.len_cnt_reg[11]/R
  -------------------------------------------------------------------    -------------------

                         (clock ap_clk rise edge)    10.000    10.000 r  
                                                      0.000    10.000 r  ap_clk (IN)
                         net (fo=9077, unset)         0.924    10.924    bd_0_i/hls_inst/inst/gmem2_m_axi_U/store_unit/ap_clk
                         FDRE                                         r  bd_0_i/hls_inst/inst/gmem2_m_axi_U/store_unit/bus_wide_gen.len_cnt_reg[11]/C
                         clock pessimism              0.000    10.924    
                         clock uncertainty           -0.035    10.889    
                         FDRE (Setup_fdre_C_R)       -0.524    10.365    bd_0_i/hls_inst/inst/gmem2_m_axi_U/store_unit/bus_wide_gen.len_cnt_reg[11]
  -------------------------------------------------------------------
                         required time                         10.365    
                         arrival time                          -7.470    
  -------------------------------------------------------------------
                         slack                                  2.895    

Slack (MET) :             2.895ns  (required time - arrival time)
  Source:                 bd_0_i/hls_inst/inst/gmem2_m_axi_U/store_unit/bus_wide_gen.len_cnt_reg[5]/C
                            (rising edge-triggered cell FDRE clocked by ap_clk  {rise@0.000ns fall@5.000ns period=10.000ns})
  Destination:            bd_0_i/hls_inst/inst/gmem2_m_axi_U/store_unit/bus_wide_gen.len_cnt_reg[12]/R
                            (rising edge-triggered cell FDRE clocked by ap_clk  {rise@0.000ns fall@5.000ns period=10.000ns})
  Path Group:             ap_clk
  Path Type:              Setup (Max at Slow Process Corner)
  Requirement:            10.000ns  (ap_clk rise@10.000ns - ap_clk rise@0.000ns)
  Data Path Delay:        6.497ns  (logic 1.433ns (22.056%)  route 5.064ns (77.944%))
  Logic Levels:           6  (LUT3=1 LUT4=1 LUT5=1 LUT6=3)
  Clock Path Skew:        -0.049ns (DCD - SCD + CPR)
    Destination Clock Delay (DCD):    0.924ns = ( 10.924 - 10.000 ) 
    Source Clock Delay      (SCD):    0.973ns
    Clock Pessimism Removal (CPR):    0.000ns
  Clock Uncertainty:      0.035ns  ((TSJ^2 + TIJ^2)^1/2 + DJ) / 2 + PE
    Total System Jitter     (TSJ):    0.071ns
    Total Input Jitter      (TIJ):    0.000ns
    Discrete Jitter          (DJ):    0.000ns
    Phase Error              (PE):    0.000ns

    Location             Delay type                Incr(ns)  Path(ns)    Netlist Resource(s)
  -------------------------------------------------------------------    -------------------
                         (clock ap_clk rise edge)     0.000     0.000 r  
                                                      0.000     0.000 r  ap_clk (IN)
                         net (fo=9077, unset)         0.973     0.973    bd_0_i/hls_inst/inst/gmem2_m_axi_U/store_unit/ap_clk
                         FDRE                                         r  bd_0_i/hls_inst/inst/gmem2_m_axi_U/store_unit/bus_wide_gen.len_cnt_reg[5]/C
  -------------------------------------------------------------------    -------------------
                         FDRE (Prop_fdre_C_Q)         0.518     1.491 f  bd_0_i/hls_inst/inst/gmem2_m_axi_U/store_unit/bus_wide_gen.len_cnt_reg[5]/Q
                         net (fo=4, unplaced)         0.765     2.256    bd_0_i/hls_inst/inst/gmem2_m_axi_U/store_unit/bus_wide_gen.wreq_offset/U_fifo_srl/bus_wide_gen.len_cnt_reg[5]
                         LUT4 (Prop_lut4_I1_O)        0.295     2.551 r  bd_0_i/hls_inst/inst/gmem2_m_axi_U/store_unit/bus_wide_gen.wreq_offset/U_fifo_srl/bus_wide_gen.pad_oh_reg[3]_i_8/O
                         net (fo=1, unplaced)         0.902     3.453    bd_0_i/hls_inst/inst/gmem2_m_axi_U/store_unit/bus_wide_gen.wreq_offset/U_fifo_srl/bus_wide_gen.pad_oh_reg[3]_i_8_n_4
                         LUT6 (Prop_lut6_I3_O)        0.124     3.577 r  bd_0_i/hls_inst/inst/gmem2_m_axi_U/store_unit/bus_wide_gen.wreq_offset/U_fifo_srl/bus_wide_gen.pad_oh_reg[3]_i_5/O
                         net (fo=4, unplaced)         0.473     4.050    bd_0_i/hls_inst/inst/gmem2_m_axi_U/store_unit/bus_wide_gen.wreq_offset/U_fifo_srl/bus_wide_gen.pad_oh_reg[3]_i_5_n_4
                         LUT3 (Prop_lut3_I1_O)        0.124     4.174 r  bd_0_i/hls_inst/inst/gmem2_m_axi_U/store_unit/bus_wide_gen.wreq_offset/U_fifo_srl/bus_wide_gen.pad_oh_reg[3]_i_3/O
                         net (fo=9, unplaced)         0.490     4.664    bd_0_i/hls_inst/inst/gmem2_m_axi_U/store_unit/bus_wide_gen.wreq_offset/U_fifo_srl/bus_wide_gen.pad_oh2__0
                         LUT6 (Prop_lut6_I3_O)        0.124     4.788 r  bd_0_i/hls_inst/inst/gmem2_m_axi_U/store_unit/bus_wide_gen.wreq_offset/U_fifo_srl/bus_wide_gen.len_cnt[0]_i_6/O
                         net (fo=1, unplaced)         1.111     5.899    bd_0_i/hls_inst/inst/gmem2_m_axi_U/store_unit/bus_wide_gen.wreq_offset/U_fifo_srl/bus_wide_gen.len_cnt[0]_i_6_n_4
                         LUT6 (Prop_lut6_I0_O)        0.124     6.023 r  bd_0_i/hls_inst/inst/gmem2_m_axi_U/store_unit/bus_wide_gen.wreq_offset/U_fifo_srl/bus_wide_gen.len_cnt[0]_i_4/O
                         net (fo=5, unplaced)         0.477     6.500    bd_0_i/hls_inst/inst/gmem2_m_axi_U/store_unit/bus_wide_gen.wreq_offset/U_fifo_srl/dout_reg[31]_0
                         LUT5 (Prop_lut5_I0_O)        0.124     6.624 r  bd_0_i/hls_inst/inst/gmem2_m_axi_U/store_unit/bus_wide_gen.wreq_offset/U_fifo_srl/bus_wide_gen.len_cnt[0]_i_1/O
                         net (fo=30, unplaced)        0.846     7.470    bd_0_i/hls_inst/inst/gmem2_m_axi_U/store_unit/bus_wide_gen.wreq_offset_n_32
                         FDRE                                         r  bd_0_i/hls_inst/inst/gmem2_m_axi_U/store_unit/bus_wide_gen.len_cnt_reg[12]/R
  -------------------------------------------------------------------    -------------------

                         (clock ap_clk rise edge)    10.000    10.000 r  
                                                      0.000    10.000 r  ap_clk (IN)
                         net (fo=9077, unset)         0.924    10.924    bd_0_i/hls_inst/inst/gmem2_m_axi_U/store_unit/ap_clk
                         FDRE                                         r  bd_0_i/hls_inst/inst/gmem2_m_axi_U/store_unit/bus_wide_gen.len_cnt_reg[12]/C
                         clock pessimism              0.000    10.924    
                         clock uncertainty           -0.035    10.889    
                         FDRE (Setup_fdre_C_R)       -0.524    10.365    bd_0_i/hls_inst/inst/gmem2_m_axi_U/store_unit/bus_wide_gen.len_cnt_reg[12]
  -------------------------------------------------------------------
                         required time                         10.365    
                         arrival time                          -7.470    
  -------------------------------------------------------------------
                         slack                                  2.895    

Slack (MET) :             2.895ns  (required time - arrival time)
  Source:                 bd_0_i/hls_inst/inst/gmem2_m_axi_U/store_unit/bus_wide_gen.len_cnt_reg[5]/C
                            (rising edge-triggered cell FDRE clocked by ap_clk  {rise@0.000ns fall@5.000ns period=10.000ns})
  Destination:            bd_0_i/hls_inst/inst/gmem2_m_axi_U/store_unit/bus_wide_gen.len_cnt_reg[13]/R
                            (rising edge-triggered cell FDRE clocked by ap_clk  {rise@0.000ns fall@5.000ns period=10.000ns})
  Path Group:             ap_clk
  Path Type:              Setup (Max at Slow Process Corner)
  Requirement:            10.000ns  (ap_clk rise@10.000ns - ap_clk rise@0.000ns)
  Data Path Delay:        6.497ns  (logic 1.433ns (22.056%)  route 5.064ns (77.944%))
  Logic Levels:           6  (LUT3=1 LUT4=1 LUT5=1 LUT6=3)
  Clock Path Skew:        -0.049ns (DCD - SCD + CPR)
    Destination Clock Delay (DCD):    0.924ns = ( 10.924 - 10.000 ) 
    Source Clock Delay      (SCD):    0.973ns
    Clock Pessimism Removal (CPR):    0.000ns
  Clock Uncertainty:      0.035ns  ((TSJ^2 + TIJ^2)^1/2 + DJ) / 2 + PE
    Total System Jitter     (TSJ):    0.071ns
    Total Input Jitter      (TIJ):    0.000ns
    Discrete Jitter          (DJ):    0.000ns
    Phase Error              (PE):    0.000ns

    Location             Delay type                Incr(ns)  Path(ns)    Netlist Resource(s)
  -------------------------------------------------------------------    -------------------
                         (clock ap_clk rise edge)     0.000     0.000 r  
                                                      0.000     0.000 r  ap_clk (IN)
                         net (fo=9077, unset)         0.973     0.973    bd_0_i/hls_inst/inst/gmem2_m_axi_U/store_unit/ap_clk
                         FDRE                                         r  bd_0_i/hls_inst/inst/gmem2_m_axi_U/store_unit/bus_wide_gen.len_cnt_reg[5]/C
  -------------------------------------------------------------------    -------------------
                         FDRE (Prop_fdre_C_Q)         0.518     1.491 f  bd_0_i/hls_inst/inst/gmem2_m_axi_U/store_unit/bus_wide_gen.len_cnt_reg[5]/Q
                         net (fo=4, unplaced)         0.765     2.256    bd_0_i/hls_inst/inst/gmem2_m_axi_U/store_unit/bus_wide_gen.wreq_offset/U_fifo_srl/bus_wide_gen.len_cnt_reg[5]
                         LUT4 (Prop_lut4_I1_O)        0.295     2.551 r  bd_0_i/hls_inst/inst/gmem2_m_axi_U/store_unit/bus_wide_gen.wreq_offset/U_fifo_srl/bus_wide_gen.pad_oh_reg[3]_i_8/O
                         net (fo=1, unplaced)         0.902     3.453    bd_0_i/hls_inst/inst/gmem2_m_axi_U/store_unit/bus_wide_gen.wreq_offset/U_fifo_srl/bus_wide_gen.pad_oh_reg[3]_i_8_n_4
                         LUT6 (Prop_lut6_I3_O)        0.124     3.577 r  bd_0_i/hls_inst/inst/gmem2_m_axi_U/store_unit/bus_wide_gen.wreq_offset/U_fifo_srl/bus_wide_gen.pad_oh_reg[3]_i_5/O
                         net (fo=4, unplaced)         0.473     4.050    bd_0_i/hls_inst/inst/gmem2_m_axi_U/store_unit/bus_wide_gen.wreq_offset/U_fifo_srl/bus_wide_gen.pad_oh_reg[3]_i_5_n_4
                         LUT3 (Prop_lut3_I1_O)        0.124     4.174 r  bd_0_i/hls_inst/inst/gmem2_m_axi_U/store_unit/bus_wide_gen.wreq_offset/U_fifo_srl/bus_wide_gen.pad_oh_reg[3]_i_3/O
                         net (fo=9, unplaced)         0.490     4.664    bd_0_i/hls_inst/inst/gmem2_m_axi_U/store_unit/bus_wide_gen.wreq_offset/U_fifo_srl/bus_wide_gen.pad_oh2__0
                         LUT6 (Prop_lut6_I3_O)        0.124     4.788 r  bd_0_i/hls_inst/inst/gmem2_m_axi_U/store_unit/bus_wide_gen.wreq_offset/U_fifo_srl/bus_wide_gen.len_cnt[0]_i_6/O
                         net (fo=1, unplaced)         1.111     5.899    bd_0_i/hls_inst/inst/gmem2_m_axi_U/store_unit/bus_wide_gen.wreq_offset/U_fifo_srl/bus_wide_gen.len_cnt[0]_i_6_n_4
                         LUT6 (Prop_lut6_I0_O)        0.124     6.023 r  bd_0_i/hls_inst/inst/gmem2_m_axi_U/store_unit/bus_wide_gen.wreq_offset/U_fifo_srl/bus_wide_gen.len_cnt[0]_i_4/O
                         net (fo=5, unplaced)         0.477     6.500    bd_0_i/hls_inst/inst/gmem2_m_axi_U/store_unit/bus_wide_gen.wreq_offset/U_fifo_srl/dout_reg[31]_0
                         LUT5 (Prop_lut5_I0_O)        0.124     6.624 r  bd_0_i/hls_inst/inst/gmem2_m_axi_U/store_unit/bus_wide_gen.wreq_offset/U_fifo_srl/bus_wide_gen.len_cnt[0]_i_1/O
                         net (fo=30, unplaced)        0.846     7.470    bd_0_i/hls_inst/inst/gmem2_m_axi_U/store_unit/bus_wide_gen.wreq_offset_n_32
                         FDRE                                         r  bd_0_i/hls_inst/inst/gmem2_m_axi_U/store_unit/bus_wide_gen.len_cnt_reg[13]/R
  -------------------------------------------------------------------    -------------------

                         (clock ap_clk rise edge)    10.000    10.000 r  
                                                      0.000    10.000 r  ap_clk (IN)
                         net (fo=9077, unset)         0.924    10.924    bd_0_i/hls_inst/inst/gmem2_m_axi_U/store_unit/ap_clk
                         FDRE                                         r  bd_0_i/hls_inst/inst/gmem2_m_axi_U/store_unit/bus_wide_gen.len_cnt_reg[13]/C
                         clock pessimism              0.000    10.924    
                         clock uncertainty           -0.035    10.889    
                         FDRE (Setup_fdre_C_R)       -0.524    10.365    bd_0_i/hls_inst/inst/gmem2_m_axi_U/store_unit/bus_wide_gen.len_cnt_reg[13]
  -------------------------------------------------------------------
                         required time                         10.365    
                         arrival time                          -7.470    
  -------------------------------------------------------------------
                         slack                                  2.895    

Slack (MET) :             2.895ns  (required time - arrival time)
  Source:                 bd_0_i/hls_inst/inst/gmem2_m_axi_U/store_unit/bus_wide_gen.len_cnt_reg[5]/C
                            (rising edge-triggered cell FDRE clocked by ap_clk  {rise@0.000ns fall@5.000ns period=10.000ns})
  Destination:            bd_0_i/hls_inst/inst/gmem2_m_axi_U/store_unit/bus_wide_gen.len_cnt_reg[14]/R
                            (rising edge-triggered cell FDRE clocked by ap_clk  {rise@0.000ns fall@5.000ns period=10.000ns})
  Path Group:             ap_clk
  Path Type:              Setup (Max at Slow Process Corner)
  Requirement:            10.000ns  (ap_clk rise@10.000ns - ap_clk rise@0.000ns)
  Data Path Delay:        6.497ns  (logic 1.433ns (22.056%)  route 5.064ns (77.944%))
  Logic Levels:           6  (LUT3=1 LUT4=1 LUT5=1 LUT6=3)
  Clock Path Skew:        -0.049ns (DCD - SCD + CPR)
    Destination Clock Delay (DCD):    0.924ns = ( 10.924 - 10.000 ) 
    Source Clock Delay      (SCD):    0.973ns
    Clock Pessimism Removal (CPR):    0.000ns
  Clock Uncertainty:      0.035ns  ((TSJ^2 + TIJ^2)^1/2 + DJ) / 2 + PE
    Total System Jitter     (TSJ):    0.071ns
    Total Input Jitter      (TIJ):    0.000ns
    Discrete Jitter          (DJ):    0.000ns
    Phase Error              (PE):    0.000ns

    Location             Delay type                Incr(ns)  Path(ns)    Netlist Resource(s)
  -------------------------------------------------------------------    -------------------
                         (clock ap_clk rise edge)     0.000     0.000 r  
                                                      0.000     0.000 r  ap_clk (IN)
                         net (fo=9077, unset)         0.973     0.973    bd_0_i/hls_inst/inst/gmem2_m_axi_U/store_unit/ap_clk
                         FDRE                                         r  bd_0_i/hls_inst/inst/gmem2_m_axi_U/store_unit/bus_wide_gen.len_cnt_reg[5]/C
  -------------------------------------------------------------------    -------------------
                         FDRE (Prop_fdre_C_Q)         0.518     1.491 f  bd_0_i/hls_inst/inst/gmem2_m_axi_U/store_unit/bus_wide_gen.len_cnt_reg[5]/Q
                         net (fo=4, unplaced)         0.765     2.256    bd_0_i/hls_inst/inst/gmem2_m_axi_U/store_unit/bus_wide_gen.wreq_offset/U_fifo_srl/bus_wide_gen.len_cnt_reg[5]
                         LUT4 (Prop_lut4_I1_O)        0.295     2.551 r  bd_0_i/hls_inst/inst/gmem2_m_axi_U/store_unit/bus_wide_gen.wreq_offset/U_fifo_srl/bus_wide_gen.pad_oh_reg[3]_i_8/O
                         net (fo=1, unplaced)         0.902     3.453    bd_0_i/hls_inst/inst/gmem2_m_axi_U/store_unit/bus_wide_gen.wreq_offset/U_fifo_srl/bus_wide_gen.pad_oh_reg[3]_i_8_n_4
                         LUT6 (Prop_lut6_I3_O)        0.124     3.577 r  bd_0_i/hls_inst/inst/gmem2_m_axi_U/store_unit/bus_wide_gen.wreq_offset/U_fifo_srl/bus_wide_gen.pad_oh_reg[3]_i_5/O
                         net (fo=4, unplaced)         0.473     4.050    bd_0_i/hls_inst/inst/gmem2_m_axi_U/store_unit/bus_wide_gen.wreq_offset/U_fifo_srl/bus_wide_gen.pad_oh_reg[3]_i_5_n_4
                         LUT3 (Prop_lut3_I1_O)        0.124     4.174 r  bd_0_i/hls_inst/inst/gmem2_m_axi_U/store_unit/bus_wide_gen.wreq_offset/U_fifo_srl/bus_wide_gen.pad_oh_reg[3]_i_3/O
                         net (fo=9, unplaced)         0.490     4.664    bd_0_i/hls_inst/inst/gmem2_m_axi_U/store_unit/bus_wide_gen.wreq_offset/U_fifo_srl/bus_wide_gen.pad_oh2__0
                         LUT6 (Prop_lut6_I3_O)        0.124     4.788 r  bd_0_i/hls_inst/inst/gmem2_m_axi_U/store_unit/bus_wide_gen.wreq_offset/U_fifo_srl/bus_wide_gen.len_cnt[0]_i_6/O
                         net (fo=1, unplaced)         1.111     5.899    bd_0_i/hls_inst/inst/gmem2_m_axi_U/store_unit/bus_wide_gen.wreq_offset/U_fifo_srl/bus_wide_gen.len_cnt[0]_i_6_n_4
                         LUT6 (Prop_lut6_I0_O)        0.124     6.023 r  bd_0_i/hls_inst/inst/gmem2_m_axi_U/store_unit/bus_wide_gen.wreq_offset/U_fifo_srl/bus_wide_gen.len_cnt[0]_i_4/O
                         net (fo=5, unplaced)         0.477     6.500    bd_0_i/hls_inst/inst/gmem2_m_axi_U/store_unit/bus_wide_gen.wreq_offset/U_fifo_srl/dout_reg[31]_0
                         LUT5 (Prop_lut5_I0_O)        0.124     6.624 r  bd_0_i/hls_inst/inst/gmem2_m_axi_U/store_unit/bus_wide_gen.wreq_offset/U_fifo_srl/bus_wide_gen.len_cnt[0]_i_1/O
                         net (fo=30, unplaced)        0.846     7.470    bd_0_i/hls_inst/inst/gmem2_m_axi_U/store_unit/bus_wide_gen.wreq_offset_n_32
                         FDRE                                         r  bd_0_i/hls_inst/inst/gmem2_m_axi_U/store_unit/bus_wide_gen.len_cnt_reg[14]/R
  -------------------------------------------------------------------    -------------------

                         (clock ap_clk rise edge)    10.000    10.000 r  
                                                      0.000    10.000 r  ap_clk (IN)
                         net (fo=9077, unset)         0.924    10.924    bd_0_i/hls_inst/inst/gmem2_m_axi_U/store_unit/ap_clk
                         FDRE                                         r  bd_0_i/hls_inst/inst/gmem2_m_axi_U/store_unit/bus_wide_gen.len_cnt_reg[14]/C
                         clock pessimism              0.000    10.924    
                         clock uncertainty           -0.035    10.889    
                         FDRE (Setup_fdre_C_R)       -0.524    10.365    bd_0_i/hls_inst/inst/gmem2_m_axi_U/store_unit/bus_wide_gen.len_cnt_reg[14]
  -------------------------------------------------------------------
                         required time                         10.365    
                         arrival time                          -7.470    
  -------------------------------------------------------------------
                         slack                                  2.895    

Slack (MET) :             2.895ns  (required time - arrival time)
  Source:                 bd_0_i/hls_inst/inst/gmem2_m_axi_U/store_unit/bus_wide_gen.len_cnt_reg[5]/C
                            (rising edge-triggered cell FDRE clocked by ap_clk  {rise@0.000ns fall@5.000ns period=10.000ns})
  Destination:            bd_0_i/hls_inst/inst/gmem2_m_axi_U/store_unit/bus_wide_gen.len_cnt_reg[15]/R
                            (rising edge-triggered cell FDRE clocked by ap_clk  {rise@0.000ns fall@5.000ns period=10.000ns})
  Path Group:             ap_clk
  Path Type:              Setup (Max at Slow Process Corner)
  Requirement:            10.000ns  (ap_clk rise@10.000ns - ap_clk rise@0.000ns)
  Data Path Delay:        6.497ns  (logic 1.433ns (22.056%)  route 5.064ns (77.944%))
  Logic Levels:           6  (LUT3=1 LUT4=1 LUT5=1 LUT6=3)
  Clock Path Skew:        -0.049ns (DCD - SCD + CPR)
    Destination Clock Delay (DCD):    0.924ns = ( 10.924 - 10.000 ) 
    Source Clock Delay      (SCD):    0.973ns
    Clock Pessimism Removal (CPR):    0.000ns
  Clock Uncertainty:      0.035ns  ((TSJ^2 + TIJ^2)^1/2 + DJ) / 2 + PE
    Total System Jitter     (TSJ):    0.071ns
    Total Input Jitter      (TIJ):    0.000ns
    Discrete Jitter          (DJ):    0.000ns
    Phase Error              (PE):    0.000ns

    Location             Delay type                Incr(ns)  Path(ns)    Netlist Resource(s)
  -------------------------------------------------------------------    -------------------
                         (clock ap_clk rise edge)     0.000     0.000 r  
                                                      0.000     0.000 r  ap_clk (IN)
                         net (fo=9077, unset)         0.973     0.973    bd_0_i/hls_inst/inst/gmem2_m_axi_U/store_unit/ap_clk
                         FDRE                                         r  bd_0_i/hls_inst/inst/gmem2_m_axi_U/store_unit/bus_wide_gen.len_cnt_reg[5]/C
  -------------------------------------------------------------------    -------------------
                         FDRE (Prop_fdre_C_Q)         0.518     1.491 f  bd_0_i/hls_inst/inst/gmem2_m_axi_U/store_unit/bus_wide_gen.len_cnt_reg[5]/Q
                         net (fo=4, unplaced)         0.765     2.256    bd_0_i/hls_inst/inst/gmem2_m_axi_U/store_unit/bus_wide_gen.wreq_offset/U_fifo_srl/bus_wide_gen.len_cnt_reg[5]
                         LUT4 (Prop_lut4_I1_O)        0.295     2.551 r  bd_0_i/hls_inst/inst/gmem2_m_axi_U/store_unit/bus_wide_gen.wreq_offset/U_fifo_srl/bus_wide_gen.pad_oh_reg[3]_i_8/O
                         net (fo=1, unplaced)         0.902     3.453    bd_0_i/hls_inst/inst/gmem2_m_axi_U/store_unit/bus_wide_gen.wreq_offset/U_fifo_srl/bus_wide_gen.pad_oh_reg[3]_i_8_n_4
                         LUT6 (Prop_lut6_I3_O)        0.124     3.577 r  bd_0_i/hls_inst/inst/gmem2_m_axi_U/store_unit/bus_wide_gen.wreq_offset/U_fifo_srl/bus_wide_gen.pad_oh_reg[3]_i_5/O
                         net (fo=4, unplaced)         0.473     4.050    bd_0_i/hls_inst/inst/gmem2_m_axi_U/store_unit/bus_wide_gen.wreq_offset/U_fifo_srl/bus_wide_gen.pad_oh_reg[3]_i_5_n_4
                         LUT3 (Prop_lut3_I1_O)        0.124     4.174 r  bd_0_i/hls_inst/inst/gmem2_m_axi_U/store_unit/bus_wide_gen.wreq_offset/U_fifo_srl/bus_wide_gen.pad_oh_reg[3]_i_3/O
                         net (fo=9, unplaced)         0.490     4.664    bd_0_i/hls_inst/inst/gmem2_m_axi_U/store_unit/bus_wide_gen.wreq_offset/U_fifo_srl/bus_wide_gen.pad_oh2__0
                         LUT6 (Prop_lut6_I3_O)        0.124     4.788 r  bd_0_i/hls_inst/inst/gmem2_m_axi_U/store_unit/bus_wide_gen.wreq_offset/U_fifo_srl/bus_wide_gen.len_cnt[0]_i_6/O
                         net (fo=1, unplaced)         1.111     5.899    bd_0_i/hls_inst/inst/gmem2_m_axi_U/store_unit/bus_wide_gen.wreq_offset/U_fifo_srl/bus_wide_gen.len_cnt[0]_i_6_n_4
                         LUT6 (Prop_lut6_I0_O)        0.124     6.023 r  bd_0_i/hls_inst/inst/gmem2_m_axi_U/store_unit/bus_wide_gen.wreq_offset/U_fifo_srl/bus_wide_gen.len_cnt[0]_i_4/O
                         net (fo=5, unplaced)         0.477     6.500    bd_0_i/hls_inst/inst/gmem2_m_axi_U/store_unit/bus_wide_gen.wreq_offset/U_fifo_srl/dout_reg[31]_0
                         LUT5 (Prop_lut5_I0_O)        0.124     6.624 r  bd_0_i/hls_inst/inst/gmem2_m_axi_U/store_unit/bus_wide_gen.wreq_offset/U_fifo_srl/bus_wide_gen.len_cnt[0]_i_1/O
                         net (fo=30, unplaced)        0.846     7.470    bd_0_i/hls_inst/inst/gmem2_m_axi_U/store_unit/bus_wide_gen.wreq_offset_n_32
                         FDRE                                         r  bd_0_i/hls_inst/inst/gmem2_m_axi_U/store_unit/bus_wide_gen.len_cnt_reg[15]/R
  -------------------------------------------------------------------    -------------------

                         (clock ap_clk rise edge)    10.000    10.000 r  
                                                      0.000    10.000 r  ap_clk (IN)
                         net (fo=9077, unset)         0.924    10.924    bd_0_i/hls_inst/inst/gmem2_m_axi_U/store_unit/ap_clk
                         FDRE                                         r  bd_0_i/hls_inst/inst/gmem2_m_axi_U/store_unit/bus_wide_gen.len_cnt_reg[15]/C
                         clock pessimism              0.000    10.924    
                         clock uncertainty           -0.035    10.889    
                         FDRE (Setup_fdre_C_R)       -0.524    10.365    bd_0_i/hls_inst/inst/gmem2_m_axi_U/store_unit/bus_wide_gen.len_cnt_reg[15]
  -------------------------------------------------------------------
                         required time                         10.365    
                         arrival time                          -7.470    
  -------------------------------------------------------------------
                         slack                                  2.895    

Slack (MET) :             2.895ns  (required time - arrival time)
  Source:                 bd_0_i/hls_inst/inst/gmem2_m_axi_U/store_unit/bus_wide_gen.len_cnt_reg[5]/C
                            (rising edge-triggered cell FDRE clocked by ap_clk  {rise@0.000ns fall@5.000ns period=10.000ns})
  Destination:            bd_0_i/hls_inst/inst/gmem2_m_axi_U/store_unit/bus_wide_gen.len_cnt_reg[16]/R
                            (rising edge-triggered cell FDRE clocked by ap_clk  {rise@0.000ns fall@5.000ns period=10.000ns})
  Path Group:             ap_clk
  Path Type:              Setup (Max at Slow Process Corner)
  Requirement:            10.000ns  (ap_clk rise@10.000ns - ap_clk rise@0.000ns)
  Data Path Delay:        6.497ns  (logic 1.433ns (22.056%)  route 5.064ns (77.944%))
  Logic Levels:           6  (LUT3=1 LUT4=1 LUT5=1 LUT6=3)
  Clock Path Skew:        -0.049ns (DCD - SCD + CPR)
    Destination Clock Delay (DCD):    0.924ns = ( 10.924 - 10.000 ) 
    Source Clock Delay      (SCD):    0.973ns
    Clock Pessimism Removal (CPR):    0.000ns
  Clock Uncertainty:      0.035ns  ((TSJ^2 + TIJ^2)^1/2 + DJ) / 2 + PE
    Total System Jitter     (TSJ):    0.071ns
    Total Input Jitter      (TIJ):    0.000ns
    Discrete Jitter          (DJ):    0.000ns
    Phase Error              (PE):    0.000ns

    Location             Delay type                Incr(ns)  Path(ns)    Netlist Resource(s)
  -------------------------------------------------------------------    -------------------
                         (clock ap_clk rise edge)     0.000     0.000 r  
                                                      0.000     0.000 r  ap_clk (IN)
                         net (fo=9077, unset)         0.973     0.973    bd_0_i/hls_inst/inst/gmem2_m_axi_U/store_unit/ap_clk
                         FDRE                                         r  bd_0_i/hls_inst/inst/gmem2_m_axi_U/store_unit/bus_wide_gen.len_cnt_reg[5]/C
  -------------------------------------------------------------------    -------------------
                         FDRE (Prop_fdre_C_Q)         0.518     1.491 f  bd_0_i/hls_inst/inst/gmem2_m_axi_U/store_unit/bus_wide_gen.len_cnt_reg[5]/Q
                         net (fo=4, unplaced)         0.765     2.256    bd_0_i/hls_inst/inst/gmem2_m_axi_U/store_unit/bus_wide_gen.wreq_offset/U_fifo_srl/bus_wide_gen.len_cnt_reg[5]
                         LUT4 (Prop_lut4_I1_O)        0.295     2.551 r  bd_0_i/hls_inst/inst/gmem2_m_axi_U/store_unit/bus_wide_gen.wreq_offset/U_fifo_srl/bus_wide_gen.pad_oh_reg[3]_i_8/O
                         net (fo=1, unplaced)         0.902     3.453    bd_0_i/hls_inst/inst/gmem2_m_axi_U/store_unit/bus_wide_gen.wreq_offset/U_fifo_srl/bus_wide_gen.pad_oh_reg[3]_i_8_n_4
                         LUT6 (Prop_lut6_I3_O)        0.124     3.577 r  bd_0_i/hls_inst/inst/gmem2_m_axi_U/store_unit/bus_wide_gen.wreq_offset/U_fifo_srl/bus_wide_gen.pad_oh_reg[3]_i_5/O
                         net (fo=4, unplaced)         0.473     4.050    bd_0_i/hls_inst/inst/gmem2_m_axi_U/store_unit/bus_wide_gen.wreq_offset/U_fifo_srl/bus_wide_gen.pad_oh_reg[3]_i_5_n_4
                         LUT3 (Prop_lut3_I1_O)        0.124     4.174 r  bd_0_i/hls_inst/inst/gmem2_m_axi_U/store_unit/bus_wide_gen.wreq_offset/U_fifo_srl/bus_wide_gen.pad_oh_reg[3]_i_3/O
                         net (fo=9, unplaced)         0.490     4.664    bd_0_i/hls_inst/inst/gmem2_m_axi_U/store_unit/bus_wide_gen.wreq_offset/U_fifo_srl/bus_wide_gen.pad_oh2__0
                         LUT6 (Prop_lut6_I3_O)        0.124     4.788 r  bd_0_i/hls_inst/inst/gmem2_m_axi_U/store_unit/bus_wide_gen.wreq_offset/U_fifo_srl/bus_wide_gen.len_cnt[0]_i_6/O
                         net (fo=1, unplaced)         1.111     5.899    bd_0_i/hls_inst/inst/gmem2_m_axi_U/store_unit/bus_wide_gen.wreq_offset/U_fifo_srl/bus_wide_gen.len_cnt[0]_i_6_n_4
                         LUT6 (Prop_lut6_I0_O)        0.124     6.023 r  bd_0_i/hls_inst/inst/gmem2_m_axi_U/store_unit/bus_wide_gen.wreq_offset/U_fifo_srl/bus_wide_gen.len_cnt[0]_i_4/O
                         net (fo=5, unplaced)         0.477     6.500    bd_0_i/hls_inst/inst/gmem2_m_axi_U/store_unit/bus_wide_gen.wreq_offset/U_fifo_srl/dout_reg[31]_0
                         LUT5 (Prop_lut5_I0_O)        0.124     6.624 r  bd_0_i/hls_inst/inst/gmem2_m_axi_U/store_unit/bus_wide_gen.wreq_offset/U_fifo_srl/bus_wide_gen.len_cnt[0]_i_1/O
                         net (fo=30, unplaced)        0.846     7.470    bd_0_i/hls_inst/inst/gmem2_m_axi_U/store_unit/bus_wide_gen.wreq_offset_n_32
                         FDRE                                         r  bd_0_i/hls_inst/inst/gmem2_m_axi_U/store_unit/bus_wide_gen.len_cnt_reg[16]/R
  -------------------------------------------------------------------    -------------------

                         (clock ap_clk rise edge)    10.000    10.000 r  
                                                      0.000    10.000 r  ap_clk (IN)
                         net (fo=9077, unset)         0.924    10.924    bd_0_i/hls_inst/inst/gmem2_m_axi_U/store_unit/ap_clk
                         FDRE                                         r  bd_0_i/hls_inst/inst/gmem2_m_axi_U/store_unit/bus_wide_gen.len_cnt_reg[16]/C
                         clock pessimism              0.000    10.924    
                         clock uncertainty           -0.035    10.889    
                         FDRE (Setup_fdre_C_R)       -0.524    10.365    bd_0_i/hls_inst/inst/gmem2_m_axi_U/store_unit/bus_wide_gen.len_cnt_reg[16]
  -------------------------------------------------------------------
                         required time                         10.365    
                         arrival time                          -7.470    
  -------------------------------------------------------------------
                         slack                                  2.895    

Slack (MET) :             2.895ns  (required time - arrival time)
  Source:                 bd_0_i/hls_inst/inst/gmem2_m_axi_U/store_unit/bus_wide_gen.len_cnt_reg[5]/C
                            (rising edge-triggered cell FDRE clocked by ap_clk  {rise@0.000ns fall@5.000ns period=10.000ns})
  Destination:            bd_0_i/hls_inst/inst/gmem2_m_axi_U/store_unit/bus_wide_gen.len_cnt_reg[17]/R
                            (rising edge-triggered cell FDRE clocked by ap_clk  {rise@0.000ns fall@5.000ns period=10.000ns})
  Path Group:             ap_clk
  Path Type:              Setup (Max at Slow Process Corner)
  Requirement:            10.000ns  (ap_clk rise@10.000ns - ap_clk rise@0.000ns)
  Data Path Delay:        6.497ns  (logic 1.433ns (22.056%)  route 5.064ns (77.944%))
  Logic Levels:           6  (LUT3=1 LUT4=1 LUT5=1 LUT6=3)
  Clock Path Skew:        -0.049ns (DCD - SCD + CPR)
    Destination Clock Delay (DCD):    0.924ns = ( 10.924 - 10.000 ) 
    Source Clock Delay      (SCD):    0.973ns
    Clock Pessimism Removal (CPR):    0.000ns
  Clock Uncertainty:      0.035ns  ((TSJ^2 + TIJ^2)^1/2 + DJ) / 2 + PE
    Total System Jitter     (TSJ):    0.071ns
    Total Input Jitter      (TIJ):    0.000ns
    Discrete Jitter          (DJ):    0.000ns
    Phase Error              (PE):    0.000ns

    Location             Delay type                Incr(ns)  Path(ns)    Netlist Resource(s)
  -------------------------------------------------------------------    -------------------
                         (clock ap_clk rise edge)     0.000     0.000 r  
                                                      0.000     0.000 r  ap_clk (IN)
                         net (fo=9077, unset)         0.973     0.973    bd_0_i/hls_inst/inst/gmem2_m_axi_U/store_unit/ap_clk
                         FDRE                                         r  bd_0_i/hls_inst/inst/gmem2_m_axi_U/store_unit/bus_wide_gen.len_cnt_reg[5]/C
  -------------------------------------------------------------------    -------------------
                         FDRE (Prop_fdre_C_Q)         0.518     1.491 f  bd_0_i/hls_inst/inst/gmem2_m_axi_U/store_unit/bus_wide_gen.len_cnt_reg[5]/Q
                         net (fo=4, unplaced)         0.765     2.256    bd_0_i/hls_inst/inst/gmem2_m_axi_U/store_unit/bus_wide_gen.wreq_offset/U_fifo_srl/bus_wide_gen.len_cnt_reg[5]
                         LUT4 (Prop_lut4_I1_O)        0.295     2.551 r  bd_0_i/hls_inst/inst/gmem2_m_axi_U/store_unit/bus_wide_gen.wreq_offset/U_fifo_srl/bus_wide_gen.pad_oh_reg[3]_i_8/O
                         net (fo=1, unplaced)         0.902     3.453    bd_0_i/hls_inst/inst/gmem2_m_axi_U/store_unit/bus_wide_gen.wreq_offset/U_fifo_srl/bus_wide_gen.pad_oh_reg[3]_i_8_n_4
                         LUT6 (Prop_lut6_I3_O)        0.124     3.577 r  bd_0_i/hls_inst/inst/gmem2_m_axi_U/store_unit/bus_wide_gen.wreq_offset/U_fifo_srl/bus_wide_gen.pad_oh_reg[3]_i_5/O
                         net (fo=4, unplaced)         0.473     4.050    bd_0_i/hls_inst/inst/gmem2_m_axi_U/store_unit/bus_wide_gen.wreq_offset/U_fifo_srl/bus_wide_gen.pad_oh_reg[3]_i_5_n_4
                         LUT3 (Prop_lut3_I1_O)        0.124     4.174 r  bd_0_i/hls_inst/inst/gmem2_m_axi_U/store_unit/bus_wide_gen.wreq_offset/U_fifo_srl/bus_wide_gen.pad_oh_reg[3]_i_3/O
                         net (fo=9, unplaced)         0.490     4.664    bd_0_i/hls_inst/inst/gmem2_m_axi_U/store_unit/bus_wide_gen.wreq_offset/U_fifo_srl/bus_wide_gen.pad_oh2__0
                         LUT6 (Prop_lut6_I3_O)        0.124     4.788 r  bd_0_i/hls_inst/inst/gmem2_m_axi_U/store_unit/bus_wide_gen.wreq_offset/U_fifo_srl/bus_wide_gen.len_cnt[0]_i_6/O
                         net (fo=1, unplaced)         1.111     5.899    bd_0_i/hls_inst/inst/gmem2_m_axi_U/store_unit/bus_wide_gen.wreq_offset/U_fifo_srl/bus_wide_gen.len_cnt[0]_i_6_n_4
                         LUT6 (Prop_lut6_I0_O)        0.124     6.023 r  bd_0_i/hls_inst/inst/gmem2_m_axi_U/store_unit/bus_wide_gen.wreq_offset/U_fifo_srl/bus_wide_gen.len_cnt[0]_i_4/O
                         net (fo=5, unplaced)         0.477     6.500    bd_0_i/hls_inst/inst/gmem2_m_axi_U/store_unit/bus_wide_gen.wreq_offset/U_fifo_srl/dout_reg[31]_0
                         LUT5 (Prop_lut5_I0_O)        0.124     6.624 r  bd_0_i/hls_inst/inst/gmem2_m_axi_U/store_unit/bus_wide_gen.wreq_offset/U_fifo_srl/bus_wide_gen.len_cnt[0]_i_1/O
                         net (fo=30, unplaced)        0.846     7.470    bd_0_i/hls_inst/inst/gmem2_m_axi_U/store_unit/bus_wide_gen.wreq_offset_n_32
                         FDRE                                         r  bd_0_i/hls_inst/inst/gmem2_m_axi_U/store_unit/bus_wide_gen.len_cnt_reg[17]/R
  -------------------------------------------------------------------    -------------------

                         (clock ap_clk rise edge)    10.000    10.000 r  
                                                      0.000    10.000 r  ap_clk (IN)
                         net (fo=9077, unset)         0.924    10.924    bd_0_i/hls_inst/inst/gmem2_m_axi_U/store_unit/ap_clk
                         FDRE                                         r  bd_0_i/hls_inst/inst/gmem2_m_axi_U/store_unit/bus_wide_gen.len_cnt_reg[17]/C
                         clock pessimism              0.000    10.924    
                         clock uncertainty           -0.035    10.889    
                         FDRE (Setup_fdre_C_R)       -0.524    10.365    bd_0_i/hls_inst/inst/gmem2_m_axi_U/store_unit/bus_wide_gen.len_cnt_reg[17]
  -------------------------------------------------------------------
                         required time                         10.365    
                         arrival time                          -7.470    
  -------------------------------------------------------------------
                         slack                                  2.895    

Slack (MET) :             2.895ns  (required time - arrival time)
  Source:                 bd_0_i/hls_inst/inst/gmem2_m_axi_U/store_unit/bus_wide_gen.len_cnt_reg[5]/C
                            (rising edge-triggered cell FDRE clocked by ap_clk  {rise@0.000ns fall@5.000ns period=10.000ns})
  Destination:            bd_0_i/hls_inst/inst/gmem2_m_axi_U/store_unit/bus_wide_gen.len_cnt_reg[18]/R
                            (rising edge-triggered cell FDRE clocked by ap_clk  {rise@0.000ns fall@5.000ns period=10.000ns})
  Path Group:             ap_clk
  Path Type:              Setup (Max at Slow Process Corner)
  Requirement:            10.000ns  (ap_clk rise@10.000ns - ap_clk rise@0.000ns)
  Data Path Delay:        6.497ns  (logic 1.433ns (22.056%)  route 5.064ns (77.944%))
  Logic Levels:           6  (LUT3=1 LUT4=1 LUT5=1 LUT6=3)
  Clock Path Skew:        -0.049ns (DCD - SCD + CPR)
    Destination Clock Delay (DCD):    0.924ns = ( 10.924 - 10.000 ) 
    Source Clock Delay      (SCD):    0.973ns
    Clock Pessimism Removal (CPR):    0.000ns
  Clock Uncertainty:      0.035ns  ((TSJ^2 + TIJ^2)^1/2 + DJ) / 2 + PE
    Total System Jitter     (TSJ):    0.071ns
    Total Input Jitter      (TIJ):    0.000ns
    Discrete Jitter          (DJ):    0.000ns
    Phase Error              (PE):    0.000ns

    Location             Delay type                Incr(ns)  Path(ns)    Netlist Resource(s)
  -------------------------------------------------------------------    -------------------
                         (clock ap_clk rise edge)     0.000     0.000 r  
                                                      0.000     0.000 r  ap_clk (IN)
                         net (fo=9077, unset)         0.973     0.973    bd_0_i/hls_inst/inst/gmem2_m_axi_U/store_unit/ap_clk
                         FDRE                                         r  bd_0_i/hls_inst/inst/gmem2_m_axi_U/store_unit/bus_wide_gen.len_cnt_reg[5]/C
  -------------------------------------------------------------------    -------------------
                         FDRE (Prop_fdre_C_Q)         0.518     1.491 f  bd_0_i/hls_inst/inst/gmem2_m_axi_U/store_unit/bus_wide_gen.len_cnt_reg[5]/Q
                         net (fo=4, unplaced)         0.765     2.256    bd_0_i/hls_inst/inst/gmem2_m_axi_U/store_unit/bus_wide_gen.wreq_offset/U_fifo_srl/bus_wide_gen.len_cnt_reg[5]
                         LUT4 (Prop_lut4_I1_O)        0.295     2.551 r  bd_0_i/hls_inst/inst/gmem2_m_axi_U/store_unit/bus_wide_gen.wreq_offset/U_fifo_srl/bus_wide_gen.pad_oh_reg[3]_i_8/O
                         net (fo=1, unplaced)         0.902     3.453    bd_0_i/hls_inst/inst/gmem2_m_axi_U/store_unit/bus_wide_gen.wreq_offset/U_fifo_srl/bus_wide_gen.pad_oh_reg[3]_i_8_n_4
                         LUT6 (Prop_lut6_I3_O)        0.124     3.577 r  bd_0_i/hls_inst/inst/gmem2_m_axi_U/store_unit/bus_wide_gen.wreq_offset/U_fifo_srl/bus_wide_gen.pad_oh_reg[3]_i_5/O
                         net (fo=4, unplaced)         0.473     4.050    bd_0_i/hls_inst/inst/gmem2_m_axi_U/store_unit/bus_wide_gen.wreq_offset/U_fifo_srl/bus_wide_gen.pad_oh_reg[3]_i_5_n_4
                         LUT3 (Prop_lut3_I1_O)        0.124     4.174 r  bd_0_i/hls_inst/inst/gmem2_m_axi_U/store_unit/bus_wide_gen.wreq_offset/U_fifo_srl/bus_wide_gen.pad_oh_reg[3]_i_3/O
                         net (fo=9, unplaced)         0.490     4.664    bd_0_i/hls_inst/inst/gmem2_m_axi_U/store_unit/bus_wide_gen.wreq_offset/U_fifo_srl/bus_wide_gen.pad_oh2__0
                         LUT6 (Prop_lut6_I3_O)        0.124     4.788 r  bd_0_i/hls_inst/inst/gmem2_m_axi_U/store_unit/bus_wide_gen.wreq_offset/U_fifo_srl/bus_wide_gen.len_cnt[0]_i_6/O
                         net (fo=1, unplaced)         1.111     5.899    bd_0_i/hls_inst/inst/gmem2_m_axi_U/store_unit/bus_wide_gen.wreq_offset/U_fifo_srl/bus_wide_gen.len_cnt[0]_i_6_n_4
                         LUT6 (Prop_lut6_I0_O)        0.124     6.023 r  bd_0_i/hls_inst/inst/gmem2_m_axi_U/store_unit/bus_wide_gen.wreq_offset/U_fifo_srl/bus_wide_gen.len_cnt[0]_i_4/O
                         net (fo=5, unplaced)         0.477     6.500    bd_0_i/hls_inst/inst/gmem2_m_axi_U/store_unit/bus_wide_gen.wreq_offset/U_fifo_srl/dout_reg[31]_0
                         LUT5 (Prop_lut5_I0_O)        0.124     6.624 r  bd_0_i/hls_inst/inst/gmem2_m_axi_U/store_unit/bus_wide_gen.wreq_offset/U_fifo_srl/bus_wide_gen.len_cnt[0]_i_1/O
                         net (fo=30, unplaced)        0.846     7.470    bd_0_i/hls_inst/inst/gmem2_m_axi_U/store_unit/bus_wide_gen.wreq_offset_n_32
                         FDRE                                         r  bd_0_i/hls_inst/inst/gmem2_m_axi_U/store_unit/bus_wide_gen.len_cnt_reg[18]/R
  -------------------------------------------------------------------    -------------------

                         (clock ap_clk rise edge)    10.000    10.000 r  
                                                      0.000    10.000 r  ap_clk (IN)
                         net (fo=9077, unset)         0.924    10.924    bd_0_i/hls_inst/inst/gmem2_m_axi_U/store_unit/ap_clk
                         FDRE                                         r  bd_0_i/hls_inst/inst/gmem2_m_axi_U/store_unit/bus_wide_gen.len_cnt_reg[18]/C
                         clock pessimism              0.000    10.924    
                         clock uncertainty           -0.035    10.889    
                         FDRE (Setup_fdre_C_R)       -0.524    10.365    bd_0_i/hls_inst/inst/gmem2_m_axi_U/store_unit/bus_wide_gen.len_cnt_reg[18]
  -------------------------------------------------------------------
                         required time                         10.365    
                         arrival time                          -7.470    
  -------------------------------------------------------------------
                         slack                                  2.895    




