

================================================================
== Vitis HLS Report for 'Axi2AxiStream_Pipeline_VITIS_LOOP_1021_1'
================================================================
* Date:           Mon Jul 15 19:04:56 2024

* Version:        2023.2 (Build 4023990 on Oct 11 2023)
* Project:        sobel_resize_xf
* Solution:       sol2 (Vivado IP Flow Target)
* Product family: zynq
* Target device:  xc7z020-clg484-1


================================================================
== Performance Estimates
================================================================
+ Timing: 
    * Summary: 
    +--------+----------+----------+------------+
    |  Clock |  Target  | Estimated| Uncertainty|
    +--------+----------+----------+------------+
    |ap_clk  |  10.00 ns|  7.300 ns|     2.70 ns|
    +--------+----------+----------+------------+

+ Latency: 
    * Summary: 
    +---------+---------+-----------+----------+-----+-----+---------+
    |  Latency (cycles) |  Latency (absolute)  |  Interval | Pipeline|
    |   min   |   max   |    min    |    max   | min | max |   Type  |
    +---------+---------+-----------+----------+-----+-----+---------+
    |        4|      131|  40.000 ns|  1.310 us|    4|  131|       no|
    +---------+---------+-----------+----------+-----+-----+---------+

    + Detail: 
        * Instance: 
        N/A

        * Loop: 
        +---------------------+---------+---------+----------+-----------+-----------+---------+----------+
        |                     |  Latency (cycles) | Iteration|  Initiation Interval  |   Trip  |          |
        |      Loop Name      |   min   |   max   |  Latency |  achieved |   target  |  Count  | Pipelined|
        +---------------------+---------+---------+----------+-----------+-----------+---------+----------+
        |- VITIS_LOOP_1021_1  |        2|      129|         3|          1|          1|  1 ~ 128|       yes|
        +---------------------+---------+---------+----------+-----------+-----------+---------+----------+

============================================================
+ Verbose Summary: Synthesis Manager
============================================================
InlineROM: 1
ExposeGlobal: 0
============================================================
+ Verbose Summary: CDFG Model
============================================================
IsTopModel: 0
ResetActiveHigh: 1
IsCombinational: 0
IsDatapathOnly: 0
HasWiredReturn: 1
HasMFsm: 2
HasVarLatency: 1
IsPipeline: 0
IsRtlPipelined: 0
IsInstanceOverlapped: 0
IsDontTouch: 0
HasImplIP: 0
IsGatedGlobalClock: 0

+ Individual pipeline summary: 
  * Pipeline-0: initiation interval (II) = 1, depth = 3


============================================================
+ Verbose Summary: Schedule
============================================================
* Number of FSM states : 3
* Pipeline : 1
  Pipeline-0 : II = 1, D = 3, States = { 1 2 3 }
* Dataflow Pipeline: 0

* FSM state transitions: 
1 --> 2 
2 --> 3 
3 --> 

* FSM state operations: 

State 1 <SV = 0> <Delay = 5.12>
ST_1 : Operation 6 [1/1] (0.00ns)   --->   "%c = alloca i32 1" [/home/sxy/Desktop/Vitis_Libraries/vision/L1/include/common/xf_structs.hpp:1015->/home/sxy/Desktop/Vitis_Libraries/vision/L1/include/common/xf_structs.hpp:1155]   --->   Operation 6 'alloca' 'c' <Predicate = true> <Delay = 0.00>
ST_1 : Operation 7 [1/1] (0.00ns)   --->   "%specfucore_ln0 = specfucore void @_ssdm_op_SpecFUCore, i15 %mul_rows_cols, i64 12, i64 3, i64 2"   --->   Operation 7 'specfucore' 'specfucore_ln0' <Predicate = true> <Delay = 0.00>
ST_1 : Operation 8 [1/1] (0.00ns)   --->   "%specinterface_ln0 = specinterface void @_ssdm_op_SpecInterface, i8 %gmem1, void @empty_25, i32 0, i32 0, void @empty_19, i32 0, i32 16384, void @empty_26, void @empty_27, void @empty_19, i32 16, i32 16, i32 16, i32 16, void @empty_19, void @empty_19, i32 4294967295, i32 0"   --->   Operation 8 'specinterface' 'specinterface_ln0' <Predicate = true> <Delay = 0.00>
ST_1 : Operation 9 [1/1] (0.00ns)   --->   "%specinterface_ln0 = specinterface void @_ssdm_op_SpecInterface, i8 %ldata, void @empty_7, i32 0, i32 0, void @empty_19, i32 0, i32 0, void @empty_19, void @empty_19, void @empty_19, i32 0, i32 0, i32 0, i32 0, void @empty_19, void @empty_19, i32 4294967295, i32 0"   --->   Operation 9 'specinterface' 'specinterface_ln0' <Predicate = true> <Delay = 0.00>
ST_1 : Operation 10 [1/1] (0.00ns)   --->   "%din_read = read i64 @_ssdm_op_Read.ap_auto.i64, i64 %din" [/home/sxy/Desktop/Vitis_Libraries/vision/L1/include/common/xf_structs.hpp:943->/home/sxy/Desktop/Vitis_Libraries/vision/L1/include/common/xf_structs.hpp:1012->/home/sxy/Desktop/Vitis_Libraries/vision/L1/include/common/xf_structs.hpp:1155]   --->   Operation 10 'read' 'din_read' <Predicate = true> <Delay = 0.00>
ST_1 : Operation 11 [1/1] (0.00ns)   --->   "%mul_rows_cols_read = read i15 @_ssdm_op_Read.ap_auto.i15, i15 %mul_rows_cols" [/home/sxy/Desktop/Vitis_Libraries/vision/L1/include/common/xf_structs.hpp:943->/home/sxy/Desktop/Vitis_Libraries/vision/L1/include/common/xf_structs.hpp:1012->/home/sxy/Desktop/Vitis_Libraries/vision/L1/include/common/xf_structs.hpp:1155]   --->   Operation 11 'read' 'mul_rows_cols_read' <Predicate = true> <Delay = 0.00>
ST_1 : Operation 12 [1/1] (1.58ns)   --->   "%store_ln1015 = store i15 0, i15 %c" [/home/sxy/Desktop/Vitis_Libraries/vision/L1/include/common/xf_structs.hpp:1015->/home/sxy/Desktop/Vitis_Libraries/vision/L1/include/common/xf_structs.hpp:1155]   --->   Operation 12 'store' 'store_ln1015' <Predicate = true> <Delay = 1.58>
ST_1 : Operation 13 [1/1] (0.00ns)   --->   "%br_ln0 = br void %for.inc.i"   --->   Operation 13 'br' 'br_ln0' <Predicate = true> <Delay = 0.00>
ST_1 : Operation 14 [1/1] (0.00ns)   --->   "%c_1 = load i15 %c" [/home/sxy/Desktop/Vitis_Libraries/vision/L1/include/common/xf_structs.hpp:1021->/home/sxy/Desktop/Vitis_Libraries/vision/L1/include/common/xf_structs.hpp:1155]   --->   Operation 14 'load' 'c_1' <Predicate = true> <Delay = 0.00>
ST_1 : Operation 15 [1/1] (1.94ns)   --->   "%icmp_ln1021 = icmp_eq  i15 %c_1, i15 %mul_rows_cols_read" [/home/sxy/Desktop/Vitis_Libraries/vision/L1/include/common/xf_structs.hpp:1021->/home/sxy/Desktop/Vitis_Libraries/vision/L1/include/common/xf_structs.hpp:1155]   --->   Operation 15 'icmp' 'icmp_ln1021' <Predicate = true> <Delay = 1.94> <CoreInst = "Cmp">   --->   Core 9 'Cmp' <Latency = 0> <II = 1> <Delay = 1.94> <FuncUnit> <Opcode : 'icmp'> <InPorts = 2> <OutPorts = 1>
ST_1 : Operation 16 [1/1] (1.94ns)   --->   "%c_2 = add i15 %c_1, i15 1" [/home/sxy/Desktop/Vitis_Libraries/vision/L1/include/common/xf_structs.hpp:1021->/home/sxy/Desktop/Vitis_Libraries/vision/L1/include/common/xf_structs.hpp:1155]   --->   Operation 16 'add' 'c_2' <Predicate = true> <Delay = 1.94> <CoreInst = "Adder">   --->   Core 1 'Adder' <Latency = 0> <II = 1> <Delay = 1.94> <FuncUnit> <Opcode : 'add' 'sub'> <InPorts = 2> <OutPorts = 1>
ST_1 : Operation 17 [1/1] (0.00ns)   --->   "%br_ln1021 = br i1 %icmp_ln1021, void %for.inc.split.i, void %Axi2AxiStream.exit.exitStub" [/home/sxy/Desktop/Vitis_Libraries/vision/L1/include/common/xf_structs.hpp:1021->/home/sxy/Desktop/Vitis_Libraries/vision/L1/include/common/xf_structs.hpp:1155]   --->   Operation 17 'br' 'br_ln1021' <Predicate = true> <Delay = 0.00>
ST_1 : Operation 18 [1/1] (0.00ns)   --->   "%gmem1_addr = getelementptr i8 %gmem1, i64 %din_read" [/home/sxy/Desktop/Vitis_Libraries/vision/L1/include/common/xf_structs.hpp:1021->/home/sxy/Desktop/Vitis_Libraries/vision/L1/include/common/xf_structs.hpp:1155]   --->   Operation 18 'getelementptr' 'gmem1_addr' <Predicate = (!icmp_ln1021)> <Delay = 0.00>
ST_1 : Operation 19 [1/1] (1.58ns)   --->   "%store_ln1015 = store i15 %c_2, i15 %c" [/home/sxy/Desktop/Vitis_Libraries/vision/L1/include/common/xf_structs.hpp:1015->/home/sxy/Desktop/Vitis_Libraries/vision/L1/include/common/xf_structs.hpp:1155]   --->   Operation 19 'store' 'store_ln1015' <Predicate = (!icmp_ln1021)> <Delay = 1.58>

State 2 <SV = 1> <Delay = 7.30>
ST_2 : Operation 20 [1/1] (7.30ns)   --->   "%gmem1_addr_read = read i8 @_ssdm_op_Read.m_axi.p1i8, i8 %gmem1_addr" [/home/sxy/Desktop/Vitis_Libraries/vision/L1/include/common/xf_structs.hpp:1026->/home/sxy/Desktop/Vitis_Libraries/vision/L1/include/common/xf_structs.hpp:1155]   --->   Operation 20 'read' 'gmem1_addr_read' <Predicate = true> <Delay = 7.30> <CoreInst = "m_axi">   --->   Core 113 'm_axi' <Latency = 0> <II = 1> <Delay = 1.00> <Adapter> <Opcode : 'read' 'write' 'readreq' 'writereq' 'writeresp'>
ST_2 : Operation 26 [1/1] (0.00ns)   --->   "%ret_ln0 = ret"   --->   Operation 26 'ret' 'ret_ln0' <Predicate = (icmp_ln1021)> <Delay = 0.00>

State 3 <SV = 2> <Delay = 3.63>
ST_3 : Operation 21 [1/1] (0.00ns)   --->   "%specpipeline_ln1024 = specpipeline void @_ssdm_op_SpecPipeline, i32 1, i32 0, i32 0, i32 0, void @empty_19" [/home/sxy/Desktop/Vitis_Libraries/vision/L1/include/common/xf_structs.hpp:1024->/home/sxy/Desktop/Vitis_Libraries/vision/L1/include/common/xf_structs.hpp:1155]   --->   Operation 21 'specpipeline' 'specpipeline_ln1024' <Predicate = true> <Delay = 0.00>
ST_3 : Operation 22 [1/1] (0.00ns)   --->   "%speclooptripcount_ln1023 = speclooptripcount void @_ssdm_op_SpecLoopTripCount, i64 1, i64 128, i64 64" [/home/sxy/Desktop/Vitis_Libraries/vision/L1/include/common/xf_structs.hpp:1023->/home/sxy/Desktop/Vitis_Libraries/vision/L1/include/common/xf_structs.hpp:1155]   --->   Operation 22 'speclooptripcount' 'speclooptripcount_ln1023' <Predicate = true> <Delay = 0.00>
ST_3 : Operation 23 [1/1] (0.00ns)   --->   "%specloopname_ln1021 = specloopname void @_ssdm_op_SpecLoopName, void @empty_22" [/home/sxy/Desktop/Vitis_Libraries/vision/L1/include/common/xf_structs.hpp:1021->/home/sxy/Desktop/Vitis_Libraries/vision/L1/include/common/xf_structs.hpp:1155]   --->   Operation 23 'specloopname' 'specloopname_ln1021' <Predicate = true> <Delay = 0.00>
ST_3 : Operation 24 [1/1] (3.63ns)   --->   "%write_ln1026 = write void @_ssdm_op_Write.ap_fifo.volatile.i8P0A, i8 %ldata, i8 %gmem1_addr_read" [/home/sxy/Desktop/Vitis_Libraries/vision/L1/include/common/xf_structs.hpp:1026->/home/sxy/Desktop/Vitis_Libraries/vision/L1/include/common/xf_structs.hpp:1155]   --->   Operation 24 'write' 'write_ln1026' <Predicate = true> <Delay = 3.63> <CoreInst = "FIFO_SRL">   --->   Core 81 'FIFO_SRL' <Latency = 0> <II = 1> <Delay = 3.63> <Storage> <Opcode : 'read' 'write' 'nbread' 'nbwrite'> <Ports = 0> <Width = 8> <Depth = 2> <FIFO>
ST_3 : Operation 25 [1/1] (0.00ns)   --->   "%br_ln1021 = br void %for.inc.i" [/home/sxy/Desktop/Vitis_Libraries/vision/L1/include/common/xf_structs.hpp:1021->/home/sxy/Desktop/Vitis_Libraries/vision/L1/include/common/xf_structs.hpp:1155]   --->   Operation 25 'br' 'br_ln1021' <Predicate = true> <Delay = 0.00>


============================================================
+ Verbose Summary: Timing violations
============================================================
Target clock period: 10.000ns, clock uncertainty: 2.700ns.

 <State 1>: 5.120ns
The critical path consists of the following:
	'store' operation 0 bit ('store_ln1015', /home/sxy/Desktop/Vitis_Libraries/vision/L1/include/common/xf_structs.hpp:1015->/home/sxy/Desktop/Vitis_Libraries/vision/L1/include/common/xf_structs.hpp:1155) of constant 0 on local variable 'c', /home/sxy/Desktop/Vitis_Libraries/vision/L1/include/common/xf_structs.hpp:1015->/home/sxy/Desktop/Vitis_Libraries/vision/L1/include/common/xf_structs.hpp:1155 [11]  (1.588 ns)
	'load' operation 15 bit ('c', /home/sxy/Desktop/Vitis_Libraries/vision/L1/include/common/xf_structs.hpp:1021->/home/sxy/Desktop/Vitis_Libraries/vision/L1/include/common/xf_structs.hpp:1155) on local variable 'c', /home/sxy/Desktop/Vitis_Libraries/vision/L1/include/common/xf_structs.hpp:1015->/home/sxy/Desktop/Vitis_Libraries/vision/L1/include/common/xf_structs.hpp:1155 [14]  (0.000 ns)
	'add' operation 15 bit ('c', /home/sxy/Desktop/Vitis_Libraries/vision/L1/include/common/xf_structs.hpp:1021->/home/sxy/Desktop/Vitis_Libraries/vision/L1/include/common/xf_structs.hpp:1155) [16]  (1.944 ns)
	'store' operation 0 bit ('store_ln1015', /home/sxy/Desktop/Vitis_Libraries/vision/L1/include/common/xf_structs.hpp:1015->/home/sxy/Desktop/Vitis_Libraries/vision/L1/include/common/xf_structs.hpp:1155) of variable 'c', /home/sxy/Desktop/Vitis_Libraries/vision/L1/include/common/xf_structs.hpp:1021->/home/sxy/Desktop/Vitis_Libraries/vision/L1/include/common/xf_structs.hpp:1155 on local variable 'c', /home/sxy/Desktop/Vitis_Libraries/vision/L1/include/common/xf_structs.hpp:1015->/home/sxy/Desktop/Vitis_Libraries/vision/L1/include/common/xf_structs.hpp:1155 [25]  (1.588 ns)

 <State 2>: 7.300ns
The critical path consists of the following:
	bus read operation ('gmem1_addr_read', /home/sxy/Desktop/Vitis_Libraries/vision/L1/include/common/xf_structs.hpp:1026->/home/sxy/Desktop/Vitis_Libraries/vision/L1/include/common/xf_structs.hpp:1155) on port 'gmem1' (/home/sxy/Desktop/Vitis_Libraries/vision/L1/include/common/xf_structs.hpp:1026->/home/sxy/Desktop/Vitis_Libraries/vision/L1/include/common/xf_structs.hpp:1155) [23]  (7.300 ns)

 <State 3>: 3.634ns
The critical path consists of the following:
	fifo write operation ('write_ln1026', /home/sxy/Desktop/Vitis_Libraries/vision/L1/include/common/xf_structs.hpp:1026->/home/sxy/Desktop/Vitis_Libraries/vision/L1/include/common/xf_structs.hpp:1155) on port 'ldata' (/home/sxy/Desktop/Vitis_Libraries/vision/L1/include/common/xf_structs.hpp:1026->/home/sxy/Desktop/Vitis_Libraries/vision/L1/include/common/xf_structs.hpp:1155) [24]  (3.634 ns)


============================================================
+ Verbose Summary: Binding
============================================================
N/A
* FSMD analyzer results:
  - Output states:
 - Input state : 
  - Chain level:
	State 1
	State 2
	State 3


============================================================
+ Verbose Summary: Datapath Resource usage 
============================================================
N/A
