

================================================================
== Vitis HLS Report for 'AxiStream2MatStream_2_Pipeline_MMIterInLoopRow'
================================================================
* Date:           Mon Jul 15 19:04:56 2024

* Version:        2023.2 (Build 4023990 on Oct 11 2023)
* Project:        sobel_resize_xf
* Solution:       sol2 (Vivado IP Flow Target)
* Product family: zynq
* Target device:  xc7z020-clg484-1


================================================================
== Performance Estimates
================================================================
+ Timing: 
    * Summary: 
    +--------+----------+----------+------------+
    |  Clock |  Target  | Estimated| Uncertainty|
    +--------+----------+----------+------------+
    |ap_clk  |  10.00 ns|  7.200 ns|     2.70 ns|
    +--------+----------+----------+------------+

+ Latency: 
    * Summary: 
    +---------+---------+-----------+----------+-----+-------+---------+
    |  Latency (cycles) |  Latency (absolute)  |   Interval  | Pipeline|
    |   min   |   max   |    min    |    max   | min |  max  |   Type  |
    +---------+---------+-----------+----------+-----+-------+---------+
    |        6|    16389|  60.000 ns|  0.164 ms|    6|  16389|       no|
    +---------+---------+-----------+----------+-----+-------+---------+

    + Detail: 
        * Instance: 
        N/A

        * Loop: 
        +-------------------+---------+---------+----------+-----------+-----------+-----------+----------+
        |                   |  Latency (cycles) | Iteration|  Initiation Interval  |    Trip   |          |
        |     Loop Name     |   min   |   max   |  Latency |  achieved |   target  |   Count   | Pipelined|
        +-------------------+---------+---------+----------+-----------+-----------+-----------+----------+
        |- MMIterInLoopRow  |        4|    16387|         5|          1|          1|  1 ~ 16384|       yes|
        +-------------------+---------+---------+----------+-----------+-----------+-----------+----------+

============================================================
+ Verbose Summary: Synthesis Manager
============================================================
InlineROM: 1
ExposeGlobal: 0
============================================================
+ Verbose Summary: CDFG Model
============================================================
IsTopModel: 0
ResetActiveHigh: 1
IsCombinational: 0
IsDatapathOnly: 0
HasWiredReturn: 1
HasMFsm: 2
HasVarLatency: 1
IsPipeline: 0
IsRtlPipelined: 0
IsInstanceOverlapped: 0
IsDontTouch: 0
HasImplIP: 0
IsGatedGlobalClock: 0

+ Individual pipeline summary: 
  * Pipeline-0: initiation interval (II) = 1, depth = 6


============================================================
+ Verbose Summary: Schedule
============================================================
* Number of FSM states : 6
* Pipeline : 1
  Pipeline-0 : II = 1, D = 6, States = { 1 2 3 4 5 6 }
* Dataflow Pipeline: 0

* FSM state transitions: 
1 --> 2 
2 --> 3 
3 --> 4 
4 --> 5 
5 --> 6 
6 --> 

* FSM state operations: 

State 1 <SV = 0> <Delay = 1.70>
ST_1 : Operation 8 [1/1] (0.00ns)   --->   "%rem = alloca i32 1" [/home/sxy/Desktop/Vitis_Libraries/vision/L1/include/common/xf_structs.hpp:1048]   --->   Operation 8 'alloca' 'rem' <Predicate = true> <Delay = 0.00>
ST_1 : Operation 9 [1/1] (0.00ns)   --->   "%i = alloca i32 1"   --->   Operation 9 'alloca' 'i' <Predicate = true> <Delay = 0.00>
ST_1 : Operation 10 [1/1] (0.00ns)   --->   "%j = alloca i32 1" [/home/sxy/Desktop/Vitis_Libraries/vision/L1/include/common/xf_structs.hpp:1051]   --->   Operation 10 'alloca' 'j' <Predicate = true> <Delay = 0.00>
ST_1 : Operation 11 [1/1] (0.00ns)   --->   "%val = alloca i32 1" [/home/sxy/Desktop/Vitis_Libraries/vision/L1/include/common/xf_structs.hpp:1049]   --->   Operation 11 'alloca' 'val' <Predicate = true> <Delay = 0.00>
ST_1 : Operation 12 [1/1] (0.00ns)   --->   "%last_blk_width_cast3_read = read i4 @_ssdm_op_Read.ap_auto.i4, i4 %last_blk_width_cast3"   --->   Operation 12 'read' 'last_blk_width_cast3_read' <Predicate = true> <Delay = 0.00>
ST_1 : Operation 13 [1/1] (0.00ns)   --->   "%sub3_read = read i5 @_ssdm_op_Read.ap_auto.i5, i5 %sub3"   --->   Operation 13 'read' 'sub3_read' <Predicate = true> <Delay = 0.00>
ST_1 : Operation 14 [1/1] (0.00ns)   --->   "%last_blk_width_load_read = read i4 @_ssdm_op_Read.ap_auto.i4, i4 %last_blk_width_load"   --->   Operation 14 'read' 'last_blk_width_load_read' <Predicate = true> <Delay = 0.00>
ST_1 : Operation 15 [1/1] (0.00ns)   --->   "%sub_read = read i32 @_ssdm_op_Read.ap_auto.i32, i32 %sub"   --->   Operation 15 'read' 'sub_read' <Predicate = true> <Delay = 0.00>
ST_1 : Operation 16 [1/1] (0.00ns)   --->   "%cols_bound_per_npc_load_read = read i32 @_ssdm_op_Read.ap_auto.i32, i32 %cols_bound_per_npc_load"   --->   Operation 16 'read' 'cols_bound_per_npc_load_read' <Predicate = true> <Delay = 0.00>
ST_1 : Operation 17 [1/1] (0.00ns)   --->   "%tmp = read i3 @_ssdm_op_Read.ap_auto.i3, i3 %empty"   --->   Operation 17 'read' 'tmp' <Predicate = true> <Delay = 0.00>
ST_1 : Operation 18 [1/1] (0.00ns)   --->   "%bound_read = read i32 @_ssdm_op_Read.ap_auto.i32, i32 %bound"   --->   Operation 18 'read' 'bound_read' <Predicate = true> <Delay = 0.00>
ST_1 : Operation 19 [1/1] (0.00ns)   --->   "%last_blk_width_cast3_cast = zext i4 %last_blk_width_cast3_read"   --->   Operation 19 'zext' 'last_blk_width_cast3_cast' <Predicate = true> <Delay = 0.00>
ST_1 : Operation 20 [1/1] (0.00ns)   --->   "%specinterface_ln0 = specinterface void @_ssdm_op_SpecInterface, i8 %ldata, void @empty_7, i32 0, i32 0, void @empty_19, i32 0, i32 0, void @empty_19, void @empty_19, void @empty_19, i32 0, i32 0, i32 0, i32 0, void @empty_19, void @empty_19, i32 4294967295, i32 0"   --->   Operation 20 'specinterface' 'specinterface_ln0' <Predicate = true> <Delay = 0.00>
ST_1 : Operation 21 [1/1] (0.00ns)   --->   "%specinterface_ln0 = specinterface void @_ssdm_op_SpecInterface, i8 %in_mat_data, void @empty_7, i32 0, i32 0, void @empty_19, i32 0, i32 0, void @empty_19, void @empty_19, void @empty_19, i32 0, i32 0, i32 0, i32 0, void @empty_19, void @empty_19, i32 4294967295, i32 0"   --->   Operation 21 'specinterface' 'specinterface_ln0' <Predicate = true> <Delay = 0.00>
ST_1 : Operation 22 [1/1] (1.58ns)   --->   "%store_ln1049 = store i8 0, i8 %val" [/home/sxy/Desktop/Vitis_Libraries/vision/L1/include/common/xf_structs.hpp:1049]   --->   Operation 22 'store' 'store_ln1049' <Predicate = true> <Delay = 1.58>
ST_1 : Operation 23 [1/1] (1.58ns)   --->   "%store_ln1051 = store i32 0, i32 %j" [/home/sxy/Desktop/Vitis_Libraries/vision/L1/include/common/xf_structs.hpp:1051]   --->   Operation 23 'store' 'store_ln1051' <Predicate = true> <Delay = 1.58>
ST_1 : Operation 24 [1/1] (1.58ns)   --->   "%store_ln0 = store i31 0, i31 %i"   --->   Operation 24 'store' 'store_ln0' <Predicate = true> <Delay = 1.58>
ST_1 : Operation 25 [1/1] (1.70ns)   --->   "%store_ln1048 = store i32 0, i32 %rem" [/home/sxy/Desktop/Vitis_Libraries/vision/L1/include/common/xf_structs.hpp:1048]   --->   Operation 25 'store' 'store_ln1048' <Predicate = true> <Delay = 1.70>
ST_1 : Operation 26 [1/1] (0.00ns)   --->   "%br_ln0 = br void %for.body"   --->   Operation 26 'br' 'br_ln0' <Predicate = true> <Delay = 0.00>

State 2 <SV = 1> <Delay = 4.83>
ST_2 : Operation 27 [1/1] (0.00ns)   --->   "%i_load = load i31 %i" [/home/sxy/Desktop/Vitis_Libraries/vision/L1/include/common/xf_structs.hpp:1054]   --->   Operation 27 'load' 'i_load' <Predicate = true> <Delay = 0.00>
ST_2 : Operation 28 [1/1] (0.00ns)   --->   "%j_3 = load i32 %j" [/home/sxy/Desktop/Vitis_Libraries/vision/L1/include/common/xf_structs.hpp:1086]   --->   Operation 28 'load' 'j_3' <Predicate = true> <Delay = 0.00>
ST_2 : Operation 29 [1/1] (0.00ns)   --->   "%zext_ln1054 = zext i31 %i_load" [/home/sxy/Desktop/Vitis_Libraries/vision/L1/include/common/xf_structs.hpp:1054]   --->   Operation 29 'zext' 'zext_ln1054' <Predicate = true> <Delay = 0.00>
ST_2 : Operation 30 [1/1] (2.55ns)   --->   "%icmp_ln1054 = icmp_slt  i32 %zext_ln1054, i32 %bound_read" [/home/sxy/Desktop/Vitis_Libraries/vision/L1/include/common/xf_structs.hpp:1054]   --->   Operation 30 'icmp' 'icmp_ln1054' <Predicate = true> <Delay = 2.55> <CoreInst = "Cmp">   --->   Core 9 'Cmp' <Latency = 0> <II = 1> <Delay = 2.55> <FuncUnit> <Opcode : 'icmp'> <InPorts = 2> <OutPorts = 1>
ST_2 : Operation 31 [1/1] (2.52ns)   --->   "%add_ln1054 = add i31 %i_load, i31 1" [/home/sxy/Desktop/Vitis_Libraries/vision/L1/include/common/xf_structs.hpp:1054]   --->   Operation 31 'add' 'add_ln1054' <Predicate = true> <Delay = 2.52> <CoreInst = "Adder">   --->   Core 1 'Adder' <Latency = 0> <II = 1> <Delay = 2.52> <FuncUnit> <Opcode : 'add' 'sub'> <InPorts = 2> <OutPorts = 1>
ST_2 : Operation 32 [1/1] (0.00ns)   --->   "%br_ln1054 = br i1 %icmp_ln1054, void %for.end.loopexit.exitStub, void %for.body.split" [/home/sxy/Desktop/Vitis_Libraries/vision/L1/include/common/xf_structs.hpp:1054]   --->   Operation 32 'br' 'br_ln1054' <Predicate = true> <Delay = 0.00>
ST_2 : Operation 33 [1/1] (2.55ns)   --->   "%bLast_width = icmp_eq  i32 %j_3, i32 %sub_read" [/home/sxy/Desktop/Vitis_Libraries/vision/L1/include/common/xf_structs.hpp:1059]   --->   Operation 33 'icmp' 'bLast_width' <Predicate = (icmp_ln1054)> <Delay = 2.55> <CoreInst = "Cmp">   --->   Core 9 'Cmp' <Latency = 0> <II = 1> <Delay = 2.55> <FuncUnit> <Opcode : 'icmp'> <InPorts = 2> <OutPorts = 1>
ST_2 : Operation 34 [1/1] (2.55ns)   --->   "%icmp_ln1084 = icmp_slt  i32 %j_3, i32 %cols_bound_per_npc_load_read" [/home/sxy/Desktop/Vitis_Libraries/vision/L1/include/common/xf_structs.hpp:1084]   --->   Operation 34 'icmp' 'icmp_ln1084' <Predicate = (icmp_ln1054)> <Delay = 2.55> <CoreInst = "Cmp">   --->   Core 9 'Cmp' <Latency = 0> <II = 1> <Delay = 2.55> <FuncUnit> <Opcode : 'icmp'> <InPorts = 2> <OutPorts = 1>
ST_2 : Operation 35 [1/1] (0.00ns)   --->   "%br_ln1084 = br i1 %icmp_ln1084, void %if.end42, void %if.then41" [/home/sxy/Desktop/Vitis_Libraries/vision/L1/include/common/xf_structs.hpp:1084]   --->   Operation 35 'br' 'br_ln1084' <Predicate = (icmp_ln1054)> <Delay = 0.00>
ST_2 : Operation 36 [1/1] (2.55ns)   --->   "%add_ln1086 = add i32 %j_3, i32 1" [/home/sxy/Desktop/Vitis_Libraries/vision/L1/include/common/xf_structs.hpp:1086]   --->   Operation 36 'add' 'add_ln1086' <Predicate = (icmp_ln1054)> <Delay = 2.55> <CoreInst = "Adder">   --->   Core 1 'Adder' <Latency = 0> <II = 1> <Delay = 2.55> <FuncUnit> <Opcode : 'add' 'sub'> <InPorts = 2> <OutPorts = 1>
ST_2 : Operation 37 [1/1] (0.69ns)   --->   "%j_4 = select i1 %bLast_width, i32 0, i32 %add_ln1086" [/home/sxy/Desktop/Vitis_Libraries/vision/L1/include/common/xf_structs.hpp:1086]   --->   Operation 37 'select' 'j_4' <Predicate = (icmp_ln1054)> <Delay = 0.69> <CoreInst = "Sel">   --->   Core 73 'Sel' <Latency = 0> <II = 1> <Delay = 0.69> <FuncUnit> <Opcode : 'select'> <InPorts = 3> <OutPorts = 1>
ST_2 : Operation 38 [1/1] (1.58ns)   --->   "%store_ln1051 = store i32 %j_4, i32 %j" [/home/sxy/Desktop/Vitis_Libraries/vision/L1/include/common/xf_structs.hpp:1051]   --->   Operation 38 'store' 'store_ln1051' <Predicate = (icmp_ln1054)> <Delay = 1.58>
ST_2 : Operation 39 [1/1] (1.58ns)   --->   "%store_ln1054 = store i31 %add_ln1054, i31 %i" [/home/sxy/Desktop/Vitis_Libraries/vision/L1/include/common/xf_structs.hpp:1054]   --->   Operation 39 'store' 'store_ln1054' <Predicate = (icmp_ln1054)> <Delay = 1.58>
ST_2 : Operation 40 [1/1] (0.00ns)   --->   "%br_ln1054 = br void %for.body" [/home/sxy/Desktop/Vitis_Libraries/vision/L1/include/common/xf_structs.hpp:1054]   --->   Operation 40 'br' 'br_ln1054' <Predicate = (icmp_ln1054)> <Delay = 0.00>

State 3 <SV = 2> <Delay = 6.83>
ST_3 : Operation 41 [1/1] (0.00ns)   --->   "%rem_1 = load i32 %rem" [/home/sxy/Desktop/Vitis_Libraries/vision/L1/include/common/xf_structs.hpp:1067]   --->   Operation 41 'load' 'rem_1' <Predicate = true> <Delay = 0.00>
ST_3 : Operation 42 [1/1] (1.02ns)   --->   "%xf_bits_per_clock = select i1 %bLast_width, i4 %last_blk_width_load_read, i4 8" [/home/sxy/Desktop/Vitis_Libraries/vision/L1/include/common/xf_structs.hpp:1060]   --->   Operation 42 'select' 'xf_bits_per_clock' <Predicate = (icmp_ln1054)> <Delay = 1.02> <CoreInst = "Sel">   --->   Core 73 'Sel' <Latency = 0> <II = 1> <Delay = 1.02> <FuncUnit> <Opcode : 'select'> <InPorts = 3> <OutPorts = 1>
ST_3 : Operation 43 [1/1] (0.00ns)   --->   "%zext_ln1060 = zext i4 %xf_bits_per_clock" [/home/sxy/Desktop/Vitis_Libraries/vision/L1/include/common/xf_structs.hpp:1060]   --->   Operation 43 'zext' 'zext_ln1060' <Predicate = (icmp_ln1054)> <Delay = 0.00>
ST_3 : Operation 44 [1/1] (0.00ns)   --->   "%zext_ln1060_1 = zext i4 %xf_bits_per_clock" [/home/sxy/Desktop/Vitis_Libraries/vision/L1/include/common/xf_structs.hpp:1060]   --->   Operation 44 'zext' 'zext_ln1060_1' <Predicate = (icmp_ln1054)> <Delay = 0.00>
ST_3 : Operation 45 [1/1] (1.21ns)   --->   "%ptr_width_minus = select i1 %bLast_width, i5 %sub3_read, i5 0" [/home/sxy/Desktop/Vitis_Libraries/vision/L1/include/common/xf_structs.hpp:1061]   --->   Operation 45 'select' 'ptr_width_minus' <Predicate = (icmp_ln1054)> <Delay = 1.21> <CoreInst = "Sel">   --->   Core 73 'Sel' <Latency = 0> <II = 1> <Delay = 1.21> <FuncUnit> <Opcode : 'select'> <InPorts = 3> <OutPorts = 1>
ST_3 : Operation 46 [1/1] (0.00ns)   --->   "%sext_ln1061 = sext i5 %ptr_width_minus" [/home/sxy/Desktop/Vitis_Libraries/vision/L1/include/common/xf_structs.hpp:1061]   --->   Operation 46 'sext' 'sext_ln1061' <Predicate = (icmp_ln1054)> <Delay = 0.00>
ST_3 : Operation 47 [1/1] (2.55ns)   --->   "%icmp_ln1065 = icmp_slt  i32 %rem_1, i32 %zext_ln1060" [/home/sxy/Desktop/Vitis_Libraries/vision/L1/include/common/xf_structs.hpp:1065]   --->   Operation 47 'icmp' 'icmp_ln1065' <Predicate = (icmp_ln1054)> <Delay = 2.55> <CoreInst = "Cmp">   --->   Core 9 'Cmp' <Latency = 0> <II = 1> <Delay = 2.55> <FuncUnit> <Opcode : 'icmp'> <InPorts = 2> <OutPorts = 1>
ST_3 : Operation 48 [1/1] (0.00ns)   --->   "%br_ln1065 = br i1 %icmp_ln1065, void %if.else, void %if.then_ifconv" [/home/sxy/Desktop/Vitis_Libraries/vision/L1/include/common/xf_structs.hpp:1065]   --->   Operation 48 'br' 'br_ln1065' <Predicate = (icmp_ln1054)> <Delay = 0.00>
ST_3 : Operation 49 [1/1] (1.73ns)   --->   "%add_ln1074 = add i5 %last_blk_width_cast3_cast, i5 7" [/home/sxy/Desktop/Vitis_Libraries/vision/L1/include/common/xf_structs.hpp:1074]   --->   Operation 49 'add' 'add_ln1074' <Predicate = (icmp_ln1054 & !icmp_ln1065 & bLast_width)> <Delay = 1.73> <CoreInst = "Adder">   --->   Core 1 'Adder' <Latency = 0> <II = 1> <Delay = 1.73> <FuncUnit> <Opcode : 'add' 'sub'> <InPorts = 2> <OutPorts = 1>
ST_3 : Operation 50 [1/1] (0.00ns) (grouped into LUT with out node sub_ln1074)   --->   "%select_ln1074 = select i1 %bLast_width, i5 %add_ln1074, i5 15" [/home/sxy/Desktop/Vitis_Libraries/vision/L1/include/common/xf_structs.hpp:1074]   --->   Operation 50 'select' 'select_ln1074' <Predicate = (icmp_ln1054 & !icmp_ln1065)> <Delay = 0.00> <CoreInst = "Sel">   --->   Core 73 'Sel' <Latency = 0> <II = 1> <Delay = 1.21> <FuncUnit> <Opcode : 'select'> <InPorts = 3> <OutPorts = 1>
ST_3 : Operation 51 [1/1] (0.00ns) (grouped into LUT with out node sub_ln1074)   --->   "%zext_ln1074 = zext i5 %select_ln1074" [/home/sxy/Desktop/Vitis_Libraries/vision/L1/include/common/xf_structs.hpp:1074]   --->   Operation 51 'zext' 'zext_ln1074' <Predicate = (icmp_ln1054 & !icmp_ln1065)> <Delay = 0.00>
ST_3 : Operation 52 [1/1] (2.55ns) (out node of the LUT)   --->   "%sub_ln1074 = sub i32 %zext_ln1074, i32 %rem_1" [/home/sxy/Desktop/Vitis_Libraries/vision/L1/include/common/xf_structs.hpp:1074]   --->   Operation 52 'sub' 'sub_ln1074' <Predicate = (icmp_ln1054 & !icmp_ln1065)> <Delay = 2.55> <CoreInst = "Adder">   --->   Core 1 'Adder' <Latency = 0> <II = 1> <Delay = 2.55> <FuncUnit> <Opcode : 'add' 'sub'> <InPorts = 2> <OutPorts = 1>
ST_3 : Operation 53 [1/1] (2.55ns)   --->   "%sub_ln1074_1 = sub i32 8, i32 %rem_1" [/home/sxy/Desktop/Vitis_Libraries/vision/L1/include/common/xf_structs.hpp:1074]   --->   Operation 53 'sub' 'sub_ln1074_1' <Predicate = (icmp_ln1054 & !icmp_ln1065)> <Delay = 2.55> <CoreInst = "Adder">   --->   Core 1 'Adder' <Latency = 0> <II = 1> <Delay = 2.55> <FuncUnit> <Opcode : 'add' 'sub'> <InPorts = 2> <OutPorts = 1>
ST_3 : Operation 54 [1/1] (2.55ns)   --->   "%icmp_ln1074 = icmp_ugt  i32 %sub_ln1074_1, i32 %sub_ln1074" [/home/sxy/Desktop/Vitis_Libraries/vision/L1/include/common/xf_structs.hpp:1074]   --->   Operation 54 'icmp' 'icmp_ln1074' <Predicate = (icmp_ln1054 & !icmp_ln1065)> <Delay = 2.55> <CoreInst = "Cmp">   --->   Core 9 'Cmp' <Latency = 0> <II = 1> <Delay = 2.55> <FuncUnit> <Opcode : 'icmp'> <InPorts = 2> <OutPorts = 1>
ST_3 : Operation 55 [1/1] (0.00ns)   --->   "%trunc_ln1074 = trunc i32 %sub_ln1074_1" [/home/sxy/Desktop/Vitis_Libraries/vision/L1/include/common/xf_structs.hpp:1074]   --->   Operation 55 'trunc' 'trunc_ln1074' <Predicate = (icmp_ln1054 & !icmp_ln1065)> <Delay = 0.00>
ST_3 : Operation 56 [1/1] (0.00ns)   --->   "%trunc_ln1074_1 = trunc i32 %sub_ln1074" [/home/sxy/Desktop/Vitis_Libraries/vision/L1/include/common/xf_structs.hpp:1074]   --->   Operation 56 'trunc' 'trunc_ln1074_1' <Predicate = (icmp_ln1054 & !icmp_ln1065)> <Delay = 0.00>
ST_3 : Operation 57 [1/1] (2.55ns)   --->   "%rem_3 = sub i32 %rem_1, i32 %zext_ln1060" [/home/sxy/Desktop/Vitis_Libraries/vision/L1/include/common/xf_structs.hpp:1075]   --->   Operation 57 'sub' 'rem_3' <Predicate = (icmp_ln1054 & !icmp_ln1065)> <Delay = 2.55> <CoreInst = "Adder">   --->   Core 1 'Adder' <Latency = 0> <II = 1> <Delay = 2.55> <FuncUnit> <Opcode : 'add' 'sub'> <InPorts = 2> <OutPorts = 1>
ST_3 : Operation 58 [1/1] (1.70ns)   --->   "%store_ln1048 = store i32 %rem_3, i32 %rem" [/home/sxy/Desktop/Vitis_Libraries/vision/L1/include/common/xf_structs.hpp:1048]   --->   Operation 58 'store' 'store_ln1048' <Predicate = (icmp_ln1054 & !icmp_ln1065)> <Delay = 1.70>
ST_3 : Operation 59 [1/1] (2.55ns)   --->   "%icmp_ln1066 = icmp_eq  i32 %rem_1, i32 0" [/home/sxy/Desktop/Vitis_Libraries/vision/L1/include/common/xf_structs.hpp:1066]   --->   Operation 59 'icmp' 'icmp_ln1066' <Predicate = (icmp_ln1054 & icmp_ln1065)> <Delay = 2.55> <CoreInst = "Cmp">   --->   Core 9 'Cmp' <Latency = 0> <II = 1> <Delay = 2.55> <FuncUnit> <Opcode : 'icmp'> <InPorts = 2> <OutPorts = 1>
ST_3 : Operation 60 [1/1] (0.00ns)   --->   "%trunc_ln1067 = trunc i32 %rem_1" [/home/sxy/Desktop/Vitis_Libraries/vision/L1/include/common/xf_structs.hpp:1067]   --->   Operation 60 'trunc' 'trunc_ln1067' <Predicate = (icmp_ln1054 & icmp_ln1065)> <Delay = 0.00>
ST_3 : Operation 61 [1/1] (1.73ns)   --->   "%add_ln1071 = add i5 %zext_ln1060_1, i5 31" [/home/sxy/Desktop/Vitis_Libraries/vision/L1/include/common/xf_structs.hpp:1071]   --->   Operation 61 'add' 'add_ln1071' <Predicate = (icmp_ln1054 & icmp_ln1065)> <Delay = 1.73> <CoreInst = "Adder">   --->   Core 1 'Adder' <Latency = 0> <II = 1> <Delay = 1.73> <FuncUnit> <Opcode : 'add' 'sub'> <InPorts = 2> <OutPorts = 1>
ST_3 : Operation 62 [1/1] (0.00ns)   --->   "%sext_ln1071 = sext i5 %add_ln1071" [/home/sxy/Desktop/Vitis_Libraries/vision/L1/include/common/xf_structs.hpp:1071]   --->   Operation 62 'sext' 'sext_ln1071' <Predicate = (icmp_ln1054 & icmp_ln1065)> <Delay = 0.00>
ST_3 : Operation 63 [1/1] (0.00ns)   --->   "%trunc_ln1071 = trunc i5 %add_ln1071" [/home/sxy/Desktop/Vitis_Libraries/vision/L1/include/common/xf_structs.hpp:1071]   --->   Operation 63 'trunc' 'trunc_ln1071' <Predicate = (icmp_ln1054 & icmp_ln1065)> <Delay = 0.00>
ST_3 : Operation 64 [1/1] (2.55ns)   --->   "%icmp_ln1071 = icmp_ugt  i32 %rem_1, i32 %sext_ln1071" [/home/sxy/Desktop/Vitis_Libraries/vision/L1/include/common/xf_structs.hpp:1071]   --->   Operation 64 'icmp' 'icmp_ln1071' <Predicate = (icmp_ln1054 & icmp_ln1065)> <Delay = 2.55> <CoreInst = "Cmp">   --->   Core 9 'Cmp' <Latency = 0> <II = 1> <Delay = 2.55> <FuncUnit> <Opcode : 'icmp'> <InPorts = 2> <OutPorts = 1>
ST_3 : Operation 65 [1/1] (2.55ns)   --->   "%rem_2 = add i32 %rem_1, i32 %sext_ln1061" [/home/sxy/Desktop/Vitis_Libraries/vision/L1/include/common/xf_structs.hpp:1072]   --->   Operation 65 'add' 'rem_2' <Predicate = (icmp_ln1054 & icmp_ln1065)> <Delay = 2.55> <CoreInst = "Adder">   --->   Core 1 'Adder' <Latency = 0> <II = 1> <Delay = 2.55> <FuncUnit> <Opcode : 'add' 'sub'> <InPorts = 2> <OutPorts = 1>
ST_3 : Operation 66 [1/1] (1.70ns)   --->   "%store_ln1048 = store i32 %rem_2, i32 %rem" [/home/sxy/Desktop/Vitis_Libraries/vision/L1/include/common/xf_structs.hpp:1048]   --->   Operation 66 'store' 'store_ln1048' <Predicate = (icmp_ln1054 & icmp_ln1065)> <Delay = 1.70>

State 4 <SV = 3> <Delay = 6.92>
ST_4 : Operation 67 [1/1] (0.00ns)   --->   "%specpipeline_ln1057 = specpipeline void @_ssdm_op_SpecPipeline, i32 4294967295, i32 0, i32 0, i32 0, void @empty_19" [/home/sxy/Desktop/Vitis_Libraries/vision/L1/include/common/xf_structs.hpp:1057]   --->   Operation 67 'specpipeline' 'specpipeline_ln1057' <Predicate = (icmp_ln1054)> <Delay = 0.00>
ST_4 : Operation 68 [1/1] (0.00ns)   --->   "%speclooptripcount_ln1056 = speclooptripcount void @_ssdm_op_SpecLoopTripCount, i64 1, i64 16384, i64 8192" [/home/sxy/Desktop/Vitis_Libraries/vision/L1/include/common/xf_structs.hpp:1056]   --->   Operation 68 'speclooptripcount' 'speclooptripcount_ln1056' <Predicate = (icmp_ln1054)> <Delay = 0.00>
ST_4 : Operation 69 [1/1] (0.00ns)   --->   "%specloopname_ln1054 = specloopname void @_ssdm_op_SpecLoopName, void @empty_20" [/home/sxy/Desktop/Vitis_Libraries/vision/L1/include/common/xf_structs.hpp:1054]   --->   Operation 69 'specloopname' 'specloopname_ln1054' <Predicate = (icmp_ln1054)> <Delay = 0.00>
ST_4 : Operation 70 [1/1] (0.00ns)   --->   "%val_load = load i8 %val" [/home/sxy/Desktop/Vitis_Libraries/vision/L1/include/common/xf_structs.hpp:1067]   --->   Operation 70 'load' 'val_load' <Predicate = (icmp_ln1054)> <Delay = 0.00>
ST_4 : Operation 71 [1/1] (0.00ns) (grouped into LUT with out node lshr_ln1074)   --->   "%tmp_15 = partselect i8 @llvm.part.select.i8, i8 %val_load, i32 7, i32 0" [/home/sxy/Desktop/Vitis_Libraries/vision/L1/include/common/xf_structs.hpp:1074]   --->   Operation 71 'partselect' 'tmp_15' <Predicate = (icmp_ln1054 & !icmp_ln1065 & icmp_ln1074)> <Delay = 0.00>
ST_4 : Operation 72 [1/1] (0.00ns) (grouped into LUT with out node lshr_ln1074)   --->   "%xor_ln1074 = xor i3 %trunc_ln1074, i3 7" [/home/sxy/Desktop/Vitis_Libraries/vision/L1/include/common/xf_structs.hpp:1074]   --->   Operation 72 'xor' 'xor_ln1074' <Predicate = (icmp_ln1054 & !icmp_ln1065 & icmp_ln1074)> <Delay = 0.00> <CoreInst = "LogicGate">   --->   Core 74 'LogicGate' <Latency = 0> <II = 1> <Delay = 0.96> <FuncUnit> <Opcode : 'and' 'or' 'xor'> <InPorts = 2> <OutPorts = 1>
ST_4 : Operation 73 [1/1] (0.00ns) (grouped into LUT with out node lshr_ln1074)   --->   "%select_ln1074_2 = select i1 %icmp_ln1074, i8 %tmp_15, i8 %val_load" [/home/sxy/Desktop/Vitis_Libraries/vision/L1/include/common/xf_structs.hpp:1074]   --->   Operation 73 'select' 'select_ln1074_2' <Predicate = (icmp_ln1054 & !icmp_ln1065)> <Delay = 0.00> <CoreInst = "Sel">   --->   Core 73 'Sel' <Latency = 0> <II = 1> <Delay = 1.24> <FuncUnit> <Opcode : 'select'> <InPorts = 3> <OutPorts = 1>
ST_4 : Operation 74 [1/1] (0.00ns) (grouped into LUT with out node lshr_ln1074)   --->   "%select_ln1074_3 = select i1 %icmp_ln1074, i3 %xor_ln1074, i3 %trunc_ln1074" [/home/sxy/Desktop/Vitis_Libraries/vision/L1/include/common/xf_structs.hpp:1074]   --->   Operation 74 'select' 'select_ln1074_3' <Predicate = (icmp_ln1054 & !icmp_ln1065)> <Delay = 0.00> <CoreInst = "Sel">   --->   Core 73 'Sel' <Latency = 0> <II = 1> <Delay = 0.98> <FuncUnit> <Opcode : 'select'> <InPorts = 3> <OutPorts = 1>
ST_4 : Operation 75 [1/1] (0.00ns) (grouped into LUT with out node lshr_ln1074)   --->   "%zext_ln1074_1 = zext i3 %select_ln1074_3" [/home/sxy/Desktop/Vitis_Libraries/vision/L1/include/common/xf_structs.hpp:1074]   --->   Operation 75 'zext' 'zext_ln1074_1' <Predicate = (icmp_ln1054 & !icmp_ln1065)> <Delay = 0.00>
ST_4 : Operation 76 [1/1] (3.14ns) (out node of the LUT)   --->   "%lshr_ln1074 = lshr i8 %select_ln1074_2, i8 %zext_ln1074_1" [/home/sxy/Desktop/Vitis_Libraries/vision/L1/include/common/xf_structs.hpp:1074]   --->   Operation 76 'lshr' 'lshr_ln1074' <Predicate = (icmp_ln1054 & !icmp_ln1065)> <Delay = 3.14> <CoreInst = "Shifter">   --->   Core 75 'Shifter' <Latency = 0> <II = 1> <Delay = 3.14> <FuncUnit> <Opcode : 'shl' 'lshr' 'ashr'> <InPorts = 2> <OutPorts = 1>
ST_4 : Operation 77 [1/1] (1.65ns)   --->   "%sub_ln1067 = sub i3 0, i3 %trunc_ln1067" [/home/sxy/Desktop/Vitis_Libraries/vision/L1/include/common/xf_structs.hpp:1067]   --->   Operation 77 'sub' 'sub_ln1067' <Predicate = (icmp_ln1054 & icmp_ln1065 & !icmp_ln1066)> <Delay = 1.65> <CoreInst = "Adder">   --->   Core 1 'Adder' <Latency = 0> <II = 1> <Delay = 1.65> <FuncUnit> <Opcode : 'add' 'sub'> <InPorts = 2> <OutPorts = 1>
ST_4 : Operation 78 [1/1] (0.00ns)   --->   "%zext_ln1067 = zext i3 %sub_ln1067" [/home/sxy/Desktop/Vitis_Libraries/vision/L1/include/common/xf_structs.hpp:1067]   --->   Operation 78 'zext' 'zext_ln1067' <Predicate = (icmp_ln1054 & icmp_ln1065 & !icmp_ln1066)> <Delay = 0.00>
ST_4 : Operation 79 [1/1] (3.14ns)   --->   "%localbuffer = lshr i8 %val_load, i8 %zext_ln1067" [/home/sxy/Desktop/Vitis_Libraries/vision/L1/include/common/xf_structs.hpp:1067]   --->   Operation 79 'lshr' 'localbuffer' <Predicate = (icmp_ln1054 & icmp_ln1065 & !icmp_ln1066)> <Delay = 3.14> <CoreInst = "Shifter">   --->   Core 75 'Shifter' <Latency = 0> <II = 1> <Delay = 3.14> <FuncUnit> <Opcode : 'shl' 'lshr' 'ashr'> <InPorts = 2> <OutPorts = 1>
ST_4 : Operation 80 [1/1] (3.63ns)   --->   "%val_2 = read i8 @_ssdm_op_Read.ap_fifo.volatile.i8P0A, i8 %ldata" [/home/sxy/Desktop/Vitis_Libraries/vision/L1/include/common/xf_structs.hpp:1069]   --->   Operation 80 'read' 'val_2' <Predicate = (icmp_ln1054 & icmp_ln1065)> <Delay = 3.63> <CoreInst = "FIFO_SRL">   --->   Core 81 'FIFO_SRL' <Latency = 0> <II = 1> <Delay = 3.63> <Storage> <Opcode : 'read' 'write' 'nbread' 'nbwrite'> <Ports = 0> <Width = 8> <Depth = 2> <FIFO>
ST_4 : Operation 81 [1/1] (1.65ns)   --->   "%sub_ln1071 = sub i3 %trunc_ln1071, i3 %trunc_ln1067" [/home/sxy/Desktop/Vitis_Libraries/vision/L1/include/common/xf_structs.hpp:1071]   --->   Operation 81 'sub' 'sub_ln1071' <Predicate = (icmp_ln1054 & icmp_ln1065)> <Delay = 1.65> <CoreInst = "Adder">   --->   Core 1 'Adder' <Latency = 0> <II = 1> <Delay = 1.65> <FuncUnit> <Opcode : 'add' 'sub'> <InPorts = 2> <OutPorts = 1>
ST_4 : Operation 82 [1/1] (0.00ns) (grouped into LUT with out node lshr_ln1071)   --->   "%xor_ln1071 = xor i3 %sub_ln1071, i3 7" [/home/sxy/Desktop/Vitis_Libraries/vision/L1/include/common/xf_structs.hpp:1071]   --->   Operation 82 'xor' 'xor_ln1071' <Predicate = (icmp_ln1054 & icmp_ln1065)> <Delay = 0.00> <CoreInst = "LogicGate">   --->   Core 74 'LogicGate' <Latency = 0> <II = 1> <Delay = 0.96> <FuncUnit> <Opcode : 'and' 'or' 'xor'> <InPorts = 2> <OutPorts = 1>
ST_4 : Operation 83 [1/1] (0.00ns) (grouped into LUT with out node lshr_ln1071)   --->   "%zext_ln1071 = zext i3 %xor_ln1071" [/home/sxy/Desktop/Vitis_Libraries/vision/L1/include/common/xf_structs.hpp:1071]   --->   Operation 83 'zext' 'zext_ln1071' <Predicate = (icmp_ln1054 & icmp_ln1065)> <Delay = 0.00>
ST_4 : Operation 84 [1/1] (2.12ns) (out node of the LUT)   --->   "%lshr_ln1071 = lshr i8 255, i8 %zext_ln1071" [/home/sxy/Desktop/Vitis_Libraries/vision/L1/include/common/xf_structs.hpp:1071]   --->   Operation 84 'lshr' 'lshr_ln1071' <Predicate = (icmp_ln1054 & icmp_ln1065)> <Delay = 2.12> <CoreInst = "Shifter">   --->   Core 75 'Shifter' <Latency = 0> <II = 1> <Delay = 2.12> <FuncUnit> <Opcode : 'shl' 'lshr' 'ashr'> <InPorts = 2> <OutPorts = 1>
ST_4 : Operation 85 [1/1] (0.00ns) (grouped into LUT with out node shl_ln1071)   --->   "%and_ln1071 = and i8 %val_2, i8 %lshr_ln1071" [/home/sxy/Desktop/Vitis_Libraries/vision/L1/include/common/xf_structs.hpp:1071]   --->   Operation 85 'and' 'and_ln1071' <Predicate = (icmp_ln1054 & icmp_ln1065)> <Delay = 0.00> <CoreInst = "LogicGate">   --->   Core 74 'LogicGate' <Latency = 0> <II = 1> <Delay = 0.99> <FuncUnit> <Opcode : 'and' 'or' 'xor'> <InPorts = 2> <OutPorts = 1>
ST_4 : Operation 86 [1/1] (0.00ns) (grouped into LUT with out node shl_ln1071)   --->   "%xor_ln1071_1 = xor i3 %trunc_ln1067, i3 7" [/home/sxy/Desktop/Vitis_Libraries/vision/L1/include/common/xf_structs.hpp:1071]   --->   Operation 86 'xor' 'xor_ln1071_1' <Predicate = (icmp_ln1054 & icmp_ln1065 & icmp_ln1071)> <Delay = 0.00> <CoreInst = "LogicGate">   --->   Core 74 'LogicGate' <Latency = 0> <II = 1> <Delay = 0.96> <FuncUnit> <Opcode : 'and' 'or' 'xor'> <InPorts = 2> <OutPorts = 1>
ST_4 : Operation 87 [1/1] (0.00ns) (grouped into LUT with out node shl_ln1071)   --->   "%select_ln1071_2 = select i1 %icmp_ln1071, i3 %xor_ln1071_1, i3 %trunc_ln1067" [/home/sxy/Desktop/Vitis_Libraries/vision/L1/include/common/xf_structs.hpp:1071]   --->   Operation 87 'select' 'select_ln1071_2' <Predicate = (icmp_ln1054 & icmp_ln1065)> <Delay = 0.00> <CoreInst = "Sel">   --->   Core 73 'Sel' <Latency = 0> <II = 1> <Delay = 0.98> <FuncUnit> <Opcode : 'select'> <InPorts = 3> <OutPorts = 1>
ST_4 : Operation 88 [1/1] (0.00ns) (grouped into LUT with out node shl_ln1071)   --->   "%zext_ln1071_1 = zext i3 %select_ln1071_2" [/home/sxy/Desktop/Vitis_Libraries/vision/L1/include/common/xf_structs.hpp:1071]   --->   Operation 88 'zext' 'zext_ln1071_1' <Predicate = (icmp_ln1054 & icmp_ln1065)> <Delay = 0.00>
ST_4 : Operation 89 [1/1] (3.14ns) (out node of the LUT)   --->   "%shl_ln1071 = shl i8 %and_ln1071, i8 %zext_ln1071_1" [/home/sxy/Desktop/Vitis_Libraries/vision/L1/include/common/xf_structs.hpp:1071]   --->   Operation 89 'shl' 'shl_ln1071' <Predicate = (icmp_ln1054 & icmp_ln1065)> <Delay = 3.14> <CoreInst = "Shifter">   --->   Core 75 'Shifter' <Latency = 0> <II = 1> <Delay = 3.14> <FuncUnit> <Opcode : 'shl' 'lshr' 'ashr'> <InPorts = 2> <OutPorts = 1>
ST_4 : Operation 90 [1/1] (1.58ns)   --->   "%store_ln1049 = store i8 %val_2, i8 %val" [/home/sxy/Desktop/Vitis_Libraries/vision/L1/include/common/xf_structs.hpp:1049]   --->   Operation 90 'store' 'store_ln1049' <Predicate = (icmp_ln1054 & icmp_ln1065)> <Delay = 1.58>

State 5 <SV = 4> <Delay = 7.20>
ST_5 : Operation 91 [1/1] (1.65ns)   --->   "%sub_ln1074_2 = sub i3 %trunc_ln1074, i3 %trunc_ln1074_1" [/home/sxy/Desktop/Vitis_Libraries/vision/L1/include/common/xf_structs.hpp:1074]   --->   Operation 91 'sub' 'sub_ln1074_2' <Predicate = (icmp_ln1054 & !icmp_ln1065 & icmp_ln1074)> <Delay = 1.65> <CoreInst = "Adder">   --->   Core 1 'Adder' <Latency = 0> <II = 1> <Delay = 1.65> <FuncUnit> <Opcode : 'add' 'sub'> <InPorts = 2> <OutPorts = 1>
ST_5 : Operation 92 [1/1] (1.65ns)   --->   "%sub_ln1074_3 = sub i3 %trunc_ln1074_1, i3 %trunc_ln1074" [/home/sxy/Desktop/Vitis_Libraries/vision/L1/include/common/xf_structs.hpp:1074]   --->   Operation 92 'sub' 'sub_ln1074_3' <Predicate = (icmp_ln1054 & !icmp_ln1065 & !icmp_ln1074)> <Delay = 1.65> <CoreInst = "Adder">   --->   Core 1 'Adder' <Latency = 0> <II = 1> <Delay = 1.65> <FuncUnit> <Opcode : 'add' 'sub'> <InPorts = 2> <OutPorts = 1>
ST_5 : Operation 93 [1/1] (0.00ns) (grouped into LUT with out node lshr_ln1074_1)   --->   "%select_ln1074_1 = select i1 %icmp_ln1074, i3 %sub_ln1074_2, i3 %sub_ln1074_3" [/home/sxy/Desktop/Vitis_Libraries/vision/L1/include/common/xf_structs.hpp:1074]   --->   Operation 93 'select' 'select_ln1074_1' <Predicate = (icmp_ln1054 & !icmp_ln1065)> <Delay = 0.00> <CoreInst = "Sel">   --->   Core 73 'Sel' <Latency = 0> <II = 1> <Delay = 0.98> <FuncUnit> <Opcode : 'select'> <InPorts = 3> <OutPorts = 1>
ST_5 : Operation 94 [1/1] (0.00ns) (grouped into LUT with out node lshr_ln1074_1)   --->   "%xor_ln1074_1 = xor i3 %select_ln1074_1, i3 7" [/home/sxy/Desktop/Vitis_Libraries/vision/L1/include/common/xf_structs.hpp:1074]   --->   Operation 94 'xor' 'xor_ln1074_1' <Predicate = (icmp_ln1054 & !icmp_ln1065)> <Delay = 0.00> <CoreInst = "LogicGate">   --->   Core 74 'LogicGate' <Latency = 0> <II = 1> <Delay = 0.96> <FuncUnit> <Opcode : 'and' 'or' 'xor'> <InPorts = 2> <OutPorts = 1>
ST_5 : Operation 95 [1/1] (0.00ns) (grouped into LUT with out node lshr_ln1074_1)   --->   "%zext_ln1074_2 = zext i3 %xor_ln1074_1" [/home/sxy/Desktop/Vitis_Libraries/vision/L1/include/common/xf_structs.hpp:1074]   --->   Operation 95 'zext' 'zext_ln1074_2' <Predicate = (icmp_ln1054 & !icmp_ln1065)> <Delay = 0.00>
ST_5 : Operation 96 [1/1] (2.12ns) (out node of the LUT)   --->   "%lshr_ln1074_1 = lshr i8 255, i8 %zext_ln1074_2" [/home/sxy/Desktop/Vitis_Libraries/vision/L1/include/common/xf_structs.hpp:1074]   --->   Operation 96 'lshr' 'lshr_ln1074_1' <Predicate = (icmp_ln1054 & !icmp_ln1065)> <Delay = 2.12> <CoreInst = "Shifter">   --->   Core 75 'Shifter' <Latency = 0> <II = 1> <Delay = 2.12> <FuncUnit> <Opcode : 'shl' 'lshr' 'ashr'> <InPorts = 2> <OutPorts = 1>
ST_5 : Operation 97 [1/1] (0.99ns)   --->   "%localbuffer_5 = and i8 %lshr_ln1074, i8 %lshr_ln1074_1" [/home/sxy/Desktop/Vitis_Libraries/vision/L1/include/common/xf_structs.hpp:1074]   --->   Operation 97 'and' 'localbuffer_5' <Predicate = (icmp_ln1054 & !icmp_ln1065)> <Delay = 0.99> <CoreInst = "LogicGate">   --->   Core 74 'LogicGate' <Latency = 0> <II = 1> <Delay = 0.99> <FuncUnit> <Opcode : 'and' 'or' 'xor'> <InPorts = 2> <OutPorts = 1>
ST_5 : Operation 98 [1/1] (1.58ns)   --->   "%br_ln0 = br void %if.end30_ifconv"   --->   Operation 98 'br' 'br_ln0' <Predicate = (icmp_ln1054 & !icmp_ln1065)> <Delay = 1.58>
ST_5 : Operation 99 [1/1] (0.00ns) (grouped into LUT with out node localbuffer_4)   --->   "%localbuffer_3 = select i1 %icmp_ln1066, i8 0, i8 %localbuffer" [/home/sxy/Desktop/Vitis_Libraries/vision/L1/include/common/xf_structs.hpp:1066]   --->   Operation 99 'select' 'localbuffer_3' <Predicate = (icmp_ln1054 & icmp_ln1065)> <Delay = 0.00> <CoreInst = "Sel">   --->   Core 73 'Sel' <Latency = 0> <II = 1> <Delay = 1.24> <FuncUnit> <Opcode : 'select'> <InPorts = 3> <OutPorts = 1>
ST_5 : Operation 100 [1/1] (0.00ns) (grouped into LUT with out node lshr_ln1071_1)   --->   "%select_ln1071 = select i1 %icmp_ln1071, i3 %trunc_ln1067, i3 %trunc_ln1071" [/home/sxy/Desktop/Vitis_Libraries/vision/L1/include/common/xf_structs.hpp:1071]   --->   Operation 100 'select' 'select_ln1071' <Predicate = (icmp_ln1054 & icmp_ln1065)> <Delay = 0.00> <CoreInst = "Sel">   --->   Core 73 'Sel' <Latency = 0> <II = 1> <Delay = 0.98> <FuncUnit> <Opcode : 'select'> <InPorts = 3> <OutPorts = 1>
ST_5 : Operation 101 [1/1] (0.00ns) (grouped into LUT with out node shl_ln1071_1)   --->   "%select_ln1071_1 = select i1 %icmp_ln1071, i3 %trunc_ln1071, i3 %trunc_ln1067" [/home/sxy/Desktop/Vitis_Libraries/vision/L1/include/common/xf_structs.hpp:1071]   --->   Operation 101 'select' 'select_ln1071_1' <Predicate = (icmp_ln1054 & icmp_ln1065)> <Delay = 0.00> <CoreInst = "Sel">   --->   Core 73 'Sel' <Latency = 0> <II = 1> <Delay = 0.98> <FuncUnit> <Opcode : 'select'> <InPorts = 3> <OutPorts = 1>
ST_5 : Operation 102 [1/1] (0.00ns) (grouped into LUT with out node lshr_ln1071_1)   --->   "%xor_ln1071_2 = xor i3 %select_ln1071, i3 7" [/home/sxy/Desktop/Vitis_Libraries/vision/L1/include/common/xf_structs.hpp:1071]   --->   Operation 102 'xor' 'xor_ln1071_2' <Predicate = (icmp_ln1054 & icmp_ln1065)> <Delay = 0.00> <CoreInst = "LogicGate">   --->   Core 74 'LogicGate' <Latency = 0> <II = 1> <Delay = 0.96> <FuncUnit> <Opcode : 'and' 'or' 'xor'> <InPorts = 2> <OutPorts = 1>
ST_5 : Operation 103 [1/1] (0.00ns) (grouped into LUT with out node shl_ln1071_1)   --->   "%zext_ln1071_2 = zext i3 %select_ln1071_1" [/home/sxy/Desktop/Vitis_Libraries/vision/L1/include/common/xf_structs.hpp:1071]   --->   Operation 103 'zext' 'zext_ln1071_2' <Predicate = (icmp_ln1054 & icmp_ln1065)> <Delay = 0.00>
ST_5 : Operation 104 [1/1] (0.00ns) (grouped into LUT with out node lshr_ln1071_1)   --->   "%zext_ln1071_3 = zext i3 %xor_ln1071_2" [/home/sxy/Desktop/Vitis_Libraries/vision/L1/include/common/xf_structs.hpp:1071]   --->   Operation 104 'zext' 'zext_ln1071_3' <Predicate = (icmp_ln1054 & icmp_ln1065)> <Delay = 0.00>
ST_5 : Operation 105 [1/1] (0.00ns) (grouped into LUT with out node and_ln1071_3)   --->   "%tmp_14 = partselect i8 @llvm.part.select.i8, i8 %shl_ln1071, i32 7, i32 0" [/home/sxy/Desktop/Vitis_Libraries/vision/L1/include/common/xf_structs.hpp:1071]   --->   Operation 105 'partselect' 'tmp_14' <Predicate = (icmp_ln1054 & icmp_ln1065 & icmp_ln1071)> <Delay = 0.00>
ST_5 : Operation 106 [1/1] (0.00ns) (grouped into LUT with out node and_ln1071_3)   --->   "%select_ln1071_3 = select i1 %icmp_ln1071, i8 %tmp_14, i8 %shl_ln1071" [/home/sxy/Desktop/Vitis_Libraries/vision/L1/include/common/xf_structs.hpp:1071]   --->   Operation 106 'select' 'select_ln1071_3' <Predicate = (icmp_ln1054 & icmp_ln1065)> <Delay = 0.00> <CoreInst = "Sel">   --->   Core 73 'Sel' <Latency = 0> <II = 1> <Delay = 1.24> <FuncUnit> <Opcode : 'select'> <InPorts = 3> <OutPorts = 1>
ST_5 : Operation 107 [1/1] (2.12ns) (out node of the LUT)   --->   "%shl_ln1071_1 = shl i8 255, i8 %zext_ln1071_2" [/home/sxy/Desktop/Vitis_Libraries/vision/L1/include/common/xf_structs.hpp:1071]   --->   Operation 107 'shl' 'shl_ln1071_1' <Predicate = (icmp_ln1054 & icmp_ln1065)> <Delay = 2.12> <CoreInst = "Shifter">   --->   Core 75 'Shifter' <Latency = 0> <II = 1> <Delay = 2.12> <FuncUnit> <Opcode : 'shl' 'lshr' 'ashr'> <InPorts = 2> <OutPorts = 1>
ST_5 : Operation 108 [1/1] (2.12ns) (out node of the LUT)   --->   "%lshr_ln1071_1 = lshr i8 255, i8 %zext_ln1071_3" [/home/sxy/Desktop/Vitis_Libraries/vision/L1/include/common/xf_structs.hpp:1071]   --->   Operation 108 'lshr' 'lshr_ln1071_1' <Predicate = (icmp_ln1054 & icmp_ln1065)> <Delay = 2.12> <CoreInst = "Shifter">   --->   Core 75 'Shifter' <Latency = 0> <II = 1> <Delay = 2.12> <FuncUnit> <Opcode : 'shl' 'lshr' 'ashr'> <InPorts = 2> <OutPorts = 1>
ST_5 : Operation 109 [1/1] (0.99ns)   --->   "%and_ln1071_1 = and i8 %shl_ln1071_1, i8 %lshr_ln1071_1" [/home/sxy/Desktop/Vitis_Libraries/vision/L1/include/common/xf_structs.hpp:1071]   --->   Operation 109 'and' 'and_ln1071_1' <Predicate = (icmp_ln1054 & icmp_ln1065)> <Delay = 0.99> <CoreInst = "LogicGate">   --->   Core 74 'LogicGate' <Latency = 0> <II = 1> <Delay = 0.99> <FuncUnit> <Opcode : 'and' 'or' 'xor'> <InPorts = 2> <OutPorts = 1>
ST_5 : Operation 110 [1/1] (0.00ns) (grouped into LUT with out node localbuffer_4)   --->   "%xor_ln1071_3 = xor i8 %and_ln1071_1, i8 255" [/home/sxy/Desktop/Vitis_Libraries/vision/L1/include/common/xf_structs.hpp:1071]   --->   Operation 110 'xor' 'xor_ln1071_3' <Predicate = (icmp_ln1054 & icmp_ln1065)> <Delay = 0.00> <CoreInst = "LogicGate">   --->   Core 74 'LogicGate' <Latency = 0> <II = 1> <Delay = 0.99> <FuncUnit> <Opcode : 'and' 'or' 'xor'> <InPorts = 2> <OutPorts = 1>
ST_5 : Operation 111 [1/1] (0.00ns) (grouped into LUT with out node localbuffer_4)   --->   "%and_ln1071_2 = and i8 %localbuffer_3, i8 %xor_ln1071_3" [/home/sxy/Desktop/Vitis_Libraries/vision/L1/include/common/xf_structs.hpp:1071]   --->   Operation 111 'and' 'and_ln1071_2' <Predicate = (icmp_ln1054 & icmp_ln1065)> <Delay = 0.00> <CoreInst = "LogicGate">   --->   Core 74 'LogicGate' <Latency = 0> <II = 1> <Delay = 0.99> <FuncUnit> <Opcode : 'and' 'or' 'xor'> <InPorts = 2> <OutPorts = 1>
ST_5 : Operation 112 [1/1] (1.24ns) (out node of the LUT)   --->   "%and_ln1071_3 = and i8 %select_ln1071_3, i8 %and_ln1071_1" [/home/sxy/Desktop/Vitis_Libraries/vision/L1/include/common/xf_structs.hpp:1071]   --->   Operation 112 'and' 'and_ln1071_3' <Predicate = (icmp_ln1054 & icmp_ln1065)> <Delay = 1.24> <CoreInst = "LogicGate">   --->   Core 74 'LogicGate' <Latency = 0> <II = 1> <Delay = 0.99> <FuncUnit> <Opcode : 'and' 'or' 'xor'> <InPorts = 2> <OutPorts = 1>
ST_5 : Operation 113 [1/1] (1.24ns) (out node of the LUT)   --->   "%localbuffer_4 = or i8 %and_ln1071_2, i8 %and_ln1071_3" [/home/sxy/Desktop/Vitis_Libraries/vision/L1/include/common/xf_structs.hpp:1071]   --->   Operation 113 'or' 'localbuffer_4' <Predicate = (icmp_ln1054 & icmp_ln1065)> <Delay = 1.24> <CoreInst = "LogicGate">   --->   Core 74 'LogicGate' <Latency = 0> <II = 1> <Delay = 0.99> <FuncUnit> <Opcode : 'and' 'or' 'xor'> <InPorts = 2> <OutPorts = 1>
ST_5 : Operation 114 [1/1] (1.58ns)   --->   "%br_ln1073 = br void %if.end30_ifconv" [/home/sxy/Desktop/Vitis_Libraries/vision/L1/include/common/xf_structs.hpp:1073]   --->   Operation 114 'br' 'br_ln1073' <Predicate = (icmp_ln1054 & icmp_ln1065)> <Delay = 1.58>
ST_5 : Operation 115 [1/1] (1.65ns)   --->   "%sub_ln1082 = sub i3 0, i3 %tmp" [/home/sxy/Desktop/Vitis_Libraries/vision/L1/include/common/xf_structs.hpp:1082]   --->   Operation 115 'sub' 'sub_ln1082' <Predicate = (bLast_width)> <Delay = 1.65> <CoreInst = "Adder">   --->   Core 1 'Adder' <Latency = 0> <II = 1> <Delay = 1.65> <FuncUnit> <Opcode : 'add' 'sub'> <InPorts = 2> <OutPorts = 1>
ST_5 : Operation 123 [1/1] (0.00ns)   --->   "%ret_ln0 = ret"   --->   Operation 123 'ret' 'ret_ln0' <Predicate = (!icmp_ln1054)> <Delay = 0.00>

State 6 <SV = 5> <Delay = 7.00>
ST_6 : Operation 116 [1/1] (0.00ns) (grouped into LUT with out node localbuffer2)   --->   "%localbuffer_1 = phi i8 %localbuffer_4, void %if.then_ifconv, i8 %localbuffer_5, void %if.else"   --->   Operation 116 'phi' 'localbuffer_1' <Predicate = true> <Delay = 0.00>
ST_6 : Operation 117 [1/1] (0.00ns)   --->   "%zext_ln1082 = zext i3 %sub_ln1082" [/home/sxy/Desktop/Vitis_Libraries/vision/L1/include/common/xf_structs.hpp:1082]   --->   Operation 117 'zext' 'zext_ln1082' <Predicate = (bLast_width)> <Delay = 0.00>
ST_6 : Operation 118 [1/1] (2.12ns)   --->   "%lshr_ln1082 = lshr i8 255, i8 %zext_ln1082" [/home/sxy/Desktop/Vitis_Libraries/vision/L1/include/common/xf_structs.hpp:1082]   --->   Operation 118 'lshr' 'lshr_ln1082' <Predicate = (bLast_width)> <Delay = 2.12> <CoreInst = "Shifter">   --->   Core 75 'Shifter' <Latency = 0> <II = 1> <Delay = 2.12> <FuncUnit> <Opcode : 'shl' 'lshr' 'ashr'> <InPorts = 2> <OutPorts = 1>
ST_6 : Operation 119 [1/1] (0.00ns) (grouped into LUT with out node localbuffer2)   --->   "%select_ln1059 = select i1 %bLast_width, i8 %lshr_ln1082, i8 255" [/home/sxy/Desktop/Vitis_Libraries/vision/L1/include/common/xf_structs.hpp:1059]   --->   Operation 119 'select' 'select_ln1059' <Predicate = true> <Delay = 0.00> <CoreInst = "Sel">   --->   Core 73 'Sel' <Latency = 0> <II = 1> <Delay = 1.24> <FuncUnit> <Opcode : 'select'> <InPorts = 3> <OutPorts = 1>
ST_6 : Operation 120 [1/1] (1.24ns) (out node of the LUT)   --->   "%localbuffer2 = and i8 %localbuffer_1, i8 %select_ln1059" [/home/sxy/Desktop/Vitis_Libraries/vision/L1/include/common/xf_structs.hpp:1059]   --->   Operation 120 'and' 'localbuffer2' <Predicate = true> <Delay = 1.24> <CoreInst = "LogicGate">   --->   Core 74 'LogicGate' <Latency = 0> <II = 1> <Delay = 0.99> <FuncUnit> <Opcode : 'and' 'or' 'xor'> <InPorts = 2> <OutPorts = 1>
ST_6 : Operation 121 [1/1] (3.63ns)   --->   "%write_ln1084 = write void @_ssdm_op_Write.ap_fifo.volatile.i8P0A, i8 %in_mat_data, i8 %localbuffer2" [/home/sxy/Desktop/Vitis_Libraries/vision/L1/include/common/xf_structs.hpp:1084]   --->   Operation 121 'write' 'write_ln1084' <Predicate = (icmp_ln1084)> <Delay = 3.63> <CoreInst = "FIFO_SRL">   --->   Core 81 'FIFO_SRL' <Latency = 0> <II = 1> <Delay = 3.63> <Storage> <Opcode : 'read' 'write' 'nbread' 'nbwrite'> <Ports = 0> <Width = 8> <Depth = 2> <FIFO>
ST_6 : Operation 122 [1/1] (0.00ns)   --->   "%br_ln1084 = br void %if.end42" [/home/sxy/Desktop/Vitis_Libraries/vision/L1/include/common/xf_structs.hpp:1084]   --->   Operation 122 'br' 'br_ln1084' <Predicate = (icmp_ln1084)> <Delay = 0.00>


============================================================
+ Verbose Summary: Timing violations
============================================================
Target clock period: 10.000ns, clock uncertainty: 2.700ns.

 <State 1>: 1.707ns
The critical path consists of the following:
	'alloca' operation 32 bit ('rem', /home/sxy/Desktop/Vitis_Libraries/vision/L1/include/common/xf_structs.hpp:1048) [10]  (0.000 ns)
	'store' operation 0 bit ('store_ln1048', /home/sxy/Desktop/Vitis_Libraries/vision/L1/include/common/xf_structs.hpp:1048) of constant 0 on local variable 'rem', /home/sxy/Desktop/Vitis_Libraries/vision/L1/include/common/xf_structs.hpp:1048 [27]  (1.707 ns)

 <State 2>: 4.838ns
The critical path consists of the following:
	'load' operation 32 bit ('j', /home/sxy/Desktop/Vitis_Libraries/vision/L1/include/common/xf_structs.hpp:1086) on local variable 'j', /home/sxy/Desktop/Vitis_Libraries/vision/L1/include/common/xf_structs.hpp:1051 [32]  (0.000 ns)
	'icmp' operation 1 bit ('bLast', /home/sxy/Desktop/Vitis_Libraries/vision/L1/include/common/xf_structs.hpp:1059) [41]  (2.552 ns)
	'select' operation 32 bit ('j', /home/sxy/Desktop/Vitis_Libraries/vision/L1/include/common/xf_structs.hpp:1086) [128]  (0.698 ns)
	'store' operation 0 bit ('store_ln1051', /home/sxy/Desktop/Vitis_Libraries/vision/L1/include/common/xf_structs.hpp:1051) of variable 'j', /home/sxy/Desktop/Vitis_Libraries/vision/L1/include/common/xf_structs.hpp:1086 on local variable 'j', /home/sxy/Desktop/Vitis_Libraries/vision/L1/include/common/xf_structs.hpp:1051 [129]  (1.588 ns)

 <State 3>: 6.839ns
The critical path consists of the following:
	'add' operation 5 bit ('add_ln1074', /home/sxy/Desktop/Vitis_Libraries/vision/L1/include/common/xf_structs.hpp:1074) [51]  (1.735 ns)
	'select' operation 5 bit ('select_ln1074', /home/sxy/Desktop/Vitis_Libraries/vision/L1/include/common/xf_structs.hpp:1074) [52]  (0.000 ns)
	'sub' operation 32 bit ('sub_ln1074', /home/sxy/Desktop/Vitis_Libraries/vision/L1/include/common/xf_structs.hpp:1074) [54]  (2.552 ns)
	'icmp' operation 1 bit ('icmp_ln1074', /home/sxy/Desktop/Vitis_Libraries/vision/L1/include/common/xf_structs.hpp:1074) [56]  (2.552 ns)

 <State 4>: 6.926ns
The critical path consists of the following:
	'sub' operation 3 bit ('sub_ln1071', /home/sxy/Desktop/Vitis_Libraries/vision/L1/include/common/xf_structs.hpp:1071) [86]  (1.650 ns)
	'xor' operation 3 bit ('xor_ln1071', /home/sxy/Desktop/Vitis_Libraries/vision/L1/include/common/xf_structs.hpp:1071) [87]  (0.000 ns)
	'lshr' operation 8 bit ('lshr_ln1071', /home/sxy/Desktop/Vitis_Libraries/vision/L1/include/common/xf_structs.hpp:1071) [89]  (2.126 ns)
	'and' operation 8 bit ('and_ln1071', /home/sxy/Desktop/Vitis_Libraries/vision/L1/include/common/xf_structs.hpp:1071) [90]  (0.000 ns)
	'shl' operation 8 bit ('shl_ln1071', /home/sxy/Desktop/Vitis_Libraries/vision/L1/include/common/xf_structs.hpp:1071) [100]  (3.150 ns)

 <State 5>: 7.200ns
The critical path consists of the following:
	'select' operation 3 bit ('select_ln1071', /home/sxy/Desktop/Vitis_Libraries/vision/L1/include/common/xf_structs.hpp:1071) [93]  (0.000 ns)
	'xor' operation 3 bit ('xor_ln1071_2', /home/sxy/Desktop/Vitis_Libraries/vision/L1/include/common/xf_structs.hpp:1071) [96]  (0.000 ns)
	'lshr' operation 8 bit ('lshr_ln1071_1', /home/sxy/Desktop/Vitis_Libraries/vision/L1/include/common/xf_structs.hpp:1071) [104]  (2.126 ns)
	'and' operation 8 bit ('and_ln1071_1', /home/sxy/Desktop/Vitis_Libraries/vision/L1/include/common/xf_structs.hpp:1071) [105]  (0.990 ns)
	'and' operation 8 bit ('and_ln1071_3', /home/sxy/Desktop/Vitis_Libraries/vision/L1/include/common/xf_structs.hpp:1071) [108]  (1.248 ns)
	'or' operation 8 bit ('localbuffer', /home/sxy/Desktop/Vitis_Libraries/vision/L1/include/common/xf_structs.hpp:1071) [109]  (1.248 ns)
	blocking operation 1.588 ns on control path)

 <State 6>: 7.008ns
The critical path consists of the following:
	'lshr' operation 8 bit ('lshr_ln1082', /home/sxy/Desktop/Vitis_Libraries/vision/L1/include/common/xf_structs.hpp:1082) [118]  (2.126 ns)
	'select' operation 8 bit ('select_ln1059', /home/sxy/Desktop/Vitis_Libraries/vision/L1/include/common/xf_structs.hpp:1059) [119]  (0.000 ns)
	'and' operation 8 bit ('localbuffer2', /home/sxy/Desktop/Vitis_Libraries/vision/L1/include/common/xf_structs.hpp:1059) [120]  (1.248 ns)
	fifo write operation ('write_ln1084', /home/sxy/Desktop/Vitis_Libraries/vision/L1/include/common/xf_structs.hpp:1084) on port 'in_mat_data' (/home/sxy/Desktop/Vitis_Libraries/vision/L1/include/common/xf_structs.hpp:1084) [124]  (3.634 ns)


============================================================
+ Verbose Summary: Binding
============================================================
N/A
* FSMD analyzer results:
  - Output states:
 - Input state : 
  - Chain level:
	State 1
	State 2
	State 3
	State 4
	State 5
	State 6


============================================================
+ Verbose Summary: Datapath Resource usage 
============================================================
N/A
