

================================================================
== Vitis HLS Report for 'AxiStream2Axi_Pipeline_MMIterOutLoop2'
================================================================
* Date:           Mon Jul 15 19:04:58 2024

* Version:        2023.2 (Build 4023990 on Oct 11 2023)
* Project:        sobel_resize_xf
* Solution:       sol2 (Vivado IP Flow Target)
* Product family: zynq
* Target device:  xc7z020-clg484-1


================================================================
== Performance Estimates
================================================================
+ Timing: 
    * Summary: 
    +--------+----------+----------+------------+
    |  Clock |  Target  | Estimated| Uncertainty|
    +--------+----------+----------+------------+
    |ap_clk  |  10.00 ns|  7.300 ns|     2.70 ns|
    +--------+----------+----------+------------+

+ Latency: 
    * Summary: 
    +---------+---------+-----------+-----------+-----+------+---------+
    |  Latency (cycles) |   Latency (absolute)  |  Interval  | Pipeline|
    |   min   |   max   |    min    |    max    | min |  max |   Type  |
    +---------+---------+-----------+-----------+-----+------+---------+
    |        4|     4099|  40.000 ns|  40.990 us|    4|  4099|       no|
    +---------+---------+-----------+-----------+-----+------+---------+

    + Detail: 
        * Instance: 
        N/A

        * Loop: 
        +------------------+---------+---------+----------+-----------+-----------+----------+----------+
        |                  |  Latency (cycles) | Iteration|  Initiation Interval  |   Trip   |          |
        |     Loop Name    |   min   |   max   |  Latency |  achieved |   target  |   Count  | Pipelined|
        +------------------+---------+---------+----------+-----------+-----------+----------+----------+
        |- MMIterOutLoop2  |        2|     4097|         3|          1|          1|  1 ~ 4096|       yes|
        +------------------+---------+---------+----------+-----------+-----------+----------+----------+

============================================================
+ Verbose Summary: Synthesis Manager
============================================================
InlineROM: 1
ExposeGlobal: 0
============================================================
+ Verbose Summary: CDFG Model
============================================================
IsTopModel: 0
ResetActiveHigh: 1
IsCombinational: 0
IsDatapathOnly: 0
HasWiredReturn: 1
HasMFsm: 2
HasVarLatency: 1
IsPipeline: 0
IsRtlPipelined: 0
IsInstanceOverlapped: 0
IsDontTouch: 0
HasImplIP: 0
IsGatedGlobalClock: 0

+ Individual pipeline summary: 
  * Pipeline-0: initiation interval (II) = 1, depth = 3


============================================================
+ Verbose Summary: Schedule
============================================================
* Number of FSM states : 3
* Pipeline : 1
  Pipeline-0 : II = 1, D = 3, States = { 1 2 3 }
* Dataflow Pipeline: 0

* FSM state transitions: 
1 --> 2 
2 --> 3 
3 --> 

* FSM state operations: 

State 1 <SV = 0> <Delay = 4.85>
ST_1 : Operation 6 [1/1] (0.00ns)   --->   "%i = alloca i32 1" [/home/sxy/Desktop/Vitis_Libraries/vision/L1/include/common/xf_structs.hpp:1376]   --->   Operation 6 'alloca' 'i' <Predicate = true> <Delay = 0.00>
ST_1 : Operation 7 [1/1] (0.00ns)   --->   "%specinterface_ln0 = specinterface void @_ssdm_op_SpecInterface, i8 %gmem2, void @empty_25, i32 0, i32 0, void @empty_19, i32 0, i32 4096, void @empty_2, void @empty_27, void @empty_19, i32 16, i32 16, i32 16, i32 16, void @empty_19, void @empty_19, i32 4294967295, i32 0"   --->   Operation 7 'specinterface' 'specinterface_ln0' <Predicate = true> <Delay = 0.00>
ST_1 : Operation 8 [1/1] (0.00ns)   --->   "%specinterface_ln0 = specinterface void @_ssdm_op_SpecInterface, i8 %ldata, void @empty_7, i32 0, i32 0, void @empty_19, i32 0, i32 0, void @empty_19, void @empty_19, void @empty_19, i32 0, i32 0, i32 0, i32 0, void @empty_19, void @empty_19, i32 4294967295, i32 0"   --->   Operation 8 'specinterface' 'specinterface_ln0' <Predicate = true> <Delay = 0.00>
ST_1 : Operation 9 [1/1] (0.00ns)   --->   "%dout_load_read = read i64 @_ssdm_op_Read.ap_auto.i64, i64 %dout_load"   --->   Operation 9 'read' 'dout_load_read' <Predicate = true> <Delay = 0.00>
ST_1 : Operation 10 [1/1] (0.00ns)   --->   "%p_read_6 = read i13 @_ssdm_op_Read.ap_auto.i13, i13 %p_read"   --->   Operation 10 'read' 'p_read_6' <Predicate = true> <Delay = 0.00>
ST_1 : Operation 11 [1/1] (1.58ns)   --->   "%store_ln1376 = store i13 0, i13 %i" [/home/sxy/Desktop/Vitis_Libraries/vision/L1/include/common/xf_structs.hpp:1376]   --->   Operation 11 'store' 'store_ln1376' <Predicate = true> <Delay = 1.58>
ST_1 : Operation 12 [1/1] (0.00ns)   --->   "%br_ln0 = br void %for.inc"   --->   Operation 12 'br' 'br_ln0' <Predicate = true> <Delay = 0.00>
ST_1 : Operation 13 [1/1] (0.00ns)   --->   "%i_1 = load i13 %i" [/home/sxy/Desktop/Vitis_Libraries/vision/L1/include/common/xf_structs.hpp:1379]   --->   Operation 13 'load' 'i_1' <Predicate = true> <Delay = 0.00>
ST_1 : Operation 14 [1/1] (1.67ns)   --->   "%icmp_ln1379 = icmp_eq  i13 %i_1, i13 %p_read_6" [/home/sxy/Desktop/Vitis_Libraries/vision/L1/include/common/xf_structs.hpp:1379]   --->   Operation 14 'icmp' 'icmp_ln1379' <Predicate = true> <Delay = 1.67> <CoreInst = "Cmp">   --->   Core 9 'Cmp' <Latency = 0> <II = 1> <Delay = 1.67> <FuncUnit> <Opcode : 'icmp'> <InPorts = 2> <OutPorts = 1>
ST_1 : Operation 15 [1/1] (1.67ns)   --->   "%add_ln1379 = add i13 %i_1, i13 1" [/home/sxy/Desktop/Vitis_Libraries/vision/L1/include/common/xf_structs.hpp:1379]   --->   Operation 15 'add' 'add_ln1379' <Predicate = true> <Delay = 1.67> <CoreInst = "Adder">   --->   Core 1 'Adder' <Latency = 0> <II = 1> <Delay = 1.67> <FuncUnit> <Opcode : 'add' 'sub'> <InPorts = 2> <OutPorts = 1>
ST_1 : Operation 16 [1/1] (0.00ns)   --->   "%br_ln1379 = br i1 %icmp_ln1379, void %for.inc.split, void %for.end.loopexit.exitStub" [/home/sxy/Desktop/Vitis_Libraries/vision/L1/include/common/xf_structs.hpp:1379]   --->   Operation 16 'br' 'br_ln1379' <Predicate = true> <Delay = 0.00>
ST_1 : Operation 17 [1/1] (0.00ns)   --->   "%gmem2_addr = getelementptr i8 %gmem2, i64 %dout_load_read" [/home/sxy/Desktop/Vitis_Libraries/vision/L1/include/common/xf_structs.hpp:1379]   --->   Operation 17 'getelementptr' 'gmem2_addr' <Predicate = (!icmp_ln1379)> <Delay = 0.00>
ST_1 : Operation 18 [1/1] (1.58ns)   --->   "%store_ln1376 = store i13 %add_ln1379, i13 %i" [/home/sxy/Desktop/Vitis_Libraries/vision/L1/include/common/xf_structs.hpp:1376]   --->   Operation 18 'store' 'store_ln1376' <Predicate = (!icmp_ln1379)> <Delay = 1.58>

State 2 <SV = 1> <Delay = 3.63>
ST_2 : Operation 19 [1/1] (3.63ns)   --->   "%ldata_read = read i8 @_ssdm_op_Read.ap_fifo.volatile.i8P0A, i8 %ldata" [/home/sxy/Desktop/Vitis_Libraries/vision/L1/include/common/xf_structs.hpp:1384]   --->   Operation 19 'read' 'ldata_read' <Predicate = true> <Delay = 3.63> <CoreInst = "FIFO_SRL">   --->   Core 81 'FIFO_SRL' <Latency = 0> <II = 1> <Delay = 3.63> <Storage> <Opcode : 'read' 'write' 'nbread' 'nbwrite'> <Ports = 0> <Width = 8> <Depth = 2> <FIFO>
ST_2 : Operation 25 [1/1] (0.00ns)   --->   "%ret_ln0 = ret"   --->   Operation 25 'ret' 'ret_ln0' <Predicate = (icmp_ln1379)> <Delay = 0.00>

State 3 <SV = 2> <Delay = 7.30>
ST_3 : Operation 20 [1/1] (0.00ns)   --->   "%specpipeline_ln1382 = specpipeline void @_ssdm_op_SpecPipeline, i32 4294967295, i32 0, i32 0, i32 0, void @empty_19" [/home/sxy/Desktop/Vitis_Libraries/vision/L1/include/common/xf_structs.hpp:1382]   --->   Operation 20 'specpipeline' 'specpipeline_ln1382' <Predicate = true> <Delay = 0.00>
ST_3 : Operation 21 [1/1] (0.00ns)   --->   "%speclooptripcount_ln1381 = speclooptripcount void @_ssdm_op_SpecLoopTripCount, i64 1, i64 4096, i64 2048" [/home/sxy/Desktop/Vitis_Libraries/vision/L1/include/common/xf_structs.hpp:1381]   --->   Operation 21 'speclooptripcount' 'speclooptripcount_ln1381' <Predicate = true> <Delay = 0.00>
ST_3 : Operation 22 [1/1] (0.00ns)   --->   "%specloopname_ln1379 = specloopname void @_ssdm_op_SpecLoopName, void @empty_16" [/home/sxy/Desktop/Vitis_Libraries/vision/L1/include/common/xf_structs.hpp:1379]   --->   Operation 22 'specloopname' 'specloopname_ln1379' <Predicate = true> <Delay = 0.00>
ST_3 : Operation 23 [1/1] (7.30ns)   --->   "%write_ln1384 = write void @_ssdm_op_Write.m_axi.p1i8, i8 %gmem2_addr, i8 %ldata_read, i1 1" [/home/sxy/Desktop/Vitis_Libraries/vision/L1/include/common/xf_structs.hpp:1384]   --->   Operation 23 'write' 'write_ln1384' <Predicate = true> <Delay = 7.30> <CoreInst = "m_axi">   --->   Core 113 'm_axi' <Latency = 0> <II = 1> <Delay = 1.00> <Adapter> <Opcode : 'read' 'write' 'readreq' 'writereq' 'writeresp'>
ST_3 : Operation 24 [1/1] (0.00ns)   --->   "%br_ln1379 = br void %for.inc" [/home/sxy/Desktop/Vitis_Libraries/vision/L1/include/common/xf_structs.hpp:1379]   --->   Operation 24 'br' 'br_ln1379' <Predicate = true> <Delay = 0.00>


============================================================
+ Verbose Summary: Timing violations
============================================================
Target clock period: 10.000ns, clock uncertainty: 2.700ns.

 <State 1>: 4.856ns
The critical path consists of the following:
	'store' operation 0 bit ('store_ln1376', /home/sxy/Desktop/Vitis_Libraries/vision/L1/include/common/xf_structs.hpp:1376) of constant 0 on local variable 'i', /home/sxy/Desktop/Vitis_Libraries/vision/L1/include/common/xf_structs.hpp:1376 [10]  (1.588 ns)
	'load' operation 13 bit ('i', /home/sxy/Desktop/Vitis_Libraries/vision/L1/include/common/xf_structs.hpp:1379) on local variable 'i', /home/sxy/Desktop/Vitis_Libraries/vision/L1/include/common/xf_structs.hpp:1376 [13]  (0.000 ns)
	'add' operation 13 bit ('add_ln1379', /home/sxy/Desktop/Vitis_Libraries/vision/L1/include/common/xf_structs.hpp:1379) [15]  (1.679 ns)
	'store' operation 0 bit ('store_ln1376', /home/sxy/Desktop/Vitis_Libraries/vision/L1/include/common/xf_structs.hpp:1376) of variable 'add_ln1379', /home/sxy/Desktop/Vitis_Libraries/vision/L1/include/common/xf_structs.hpp:1379 on local variable 'i', /home/sxy/Desktop/Vitis_Libraries/vision/L1/include/common/xf_structs.hpp:1376 [24]  (1.588 ns)

 <State 2>: 3.634ns
The critical path consists of the following:
	fifo read operation ('ldata_read', /home/sxy/Desktop/Vitis_Libraries/vision/L1/include/common/xf_structs.hpp:1384) on port 'ldata' (/home/sxy/Desktop/Vitis_Libraries/vision/L1/include/common/xf_structs.hpp:1384) [22]  (3.634 ns)

 <State 3>: 7.300ns
The critical path consists of the following:
	bus write operation ('write_ln1384', /home/sxy/Desktop/Vitis_Libraries/vision/L1/include/common/xf_structs.hpp:1384) on port 'gmem2' (/home/sxy/Desktop/Vitis_Libraries/vision/L1/include/common/xf_structs.hpp:1384) [23]  (7.300 ns)


============================================================
+ Verbose Summary: Binding
============================================================
N/A
* FSMD analyzer results:
  - Output states:
 - Input state : 
  - Chain level:
	State 1
	State 2
	State 3


============================================================
+ Verbose Summary: Datapath Resource usage 
============================================================
N/A
