

================================================================
== Vitis HLS Report for 'Mat2Axi'
================================================================
* Date:           Mon Jul 15 19:04:58 2024

* Version:        2023.2 (Build 4023990 on Oct 11 2023)
* Project:        sobel_resize_xf
* Solution:       sol2 (Vivado IP Flow Target)
* Product family: zynq
* Target device:  xc7z020-clg484-1


================================================================
== Performance Estimates
================================================================
+ Timing: 
    * Summary: 
    +--------+----------+----------+------------+
    |  Clock |  Target  | Estimated| Uncertainty|
    +--------+----------+----------+------------+
    |ap_clk  |  10.00 ns|  7.300 ns|     2.70 ns|
    +--------+----------+----------+------------+

+ Latency: 
    * Summary: 
    +---------+---------+----------+-----------+-----+------+----------+
    |  Latency (cycles) |  Latency (absolute)  |  Interval  | Pipeline |
    |   min   |   max   |    min   |    max    | min |  max |   Type   |
    +---------+---------+----------+-----------+-----+------+----------+
    |       15|     4110|  0.150 us|  41.100 us|   13|  4108|  dataflow|
    +---------+---------+----------+-----------+-----+------+----------+

    + Detail: 
        * Instance: 
        N/A

        * Loop: 
        N/A

============================================================
+ Verbose Summary: Synthesis Manager
============================================================
InlineROM: 1
ExposeGlobal: 0
============================================================
+ Verbose Summary: CDFG Model
============================================================
IsTopModel: 0
ResetActiveHigh: 1
IsCombinational: 2
IsDatapathOnly: 0
HasWiredReturn: 1
HasMFsm: 0
HasVarLatency: 1
IsPipeline: 0
IsRtlPipelined: 0
IsInstanceOverlapped: 0
IsDontTouch: 0
HasImplIP: 0
IsGatedGlobalClock: 0


============================================================
+ Verbose Summary: Schedule
============================================================
* Number of FSM states : 4
* Pipeline : 0
* Dataflow Pipeline: 1
  DF-Pipeline-0: Size = 4, States = { 1 2 3 4 }

* FSM state transitions: 
1 --> 2 
2 --> 3 
3 --> 4 
4 --> 

* FSM state operations: 

State 1 <SV = 0> <Delay = 6.67>
ST_1 : Operation 5 [1/1] (0.00ns)   --->   "%cols_read = read i32 @_ssdm_op_Read.ap_auto.i32, i32 %cols"   --->   Operation 5 'read' 'cols_read' <Predicate = true> <Delay = 0.00>
ST_1 : Operation 6 [1/1] (0.00ns)   --->   "%rows_read = read i16 @_ssdm_op_Read.ap_auto.i16, i16 %rows"   --->   Operation 6 'read' 'rows_read' <Predicate = true> <Delay = 0.00>
ST_1 : Operation 7 [1/1] (0.00ns)   --->   "%empty = trunc i32 %cols_read"   --->   Operation 7 'trunc' 'empty' <Predicate = true> <Delay = 0.00>
ST_1 : Operation 8 [1/1] (0.00ns)   --->   "%empty_126 = trunc i16 %rows_read"   --->   Operation 8 'trunc' 'empty_126' <Predicate = true> <Delay = 0.00>
ST_1 : Operation 9 [1/1] (0.00ns)   --->   "%p_channel = alloca i64 1"   --->   Operation 9 'alloca' 'p_channel' <Predicate = true> <Delay = 0.00> <CoreInst = "FIFO_SRL">   --->   Core 81 'FIFO_SRL' <Latency = 0> <II = 1> <Delay = 3.63> <Storage> <Opcode : 'read' 'write' 'nbread' 'nbwrite'> <Ports = 0> <Width = 13> <Depth = 2> <FIFO>
ST_1 : Operation 10 [1/1] (0.00ns)   --->   "%dout_c = alloca i64 1"   --->   Operation 10 'alloca' 'dout_c' <Predicate = true> <Delay = 0.00> <CoreInst = "FIFO_SRL">   --->   Core 81 'FIFO_SRL' <Latency = 0> <II = 1> <Delay = 3.63> <Storage> <Opcode : 'read' 'write' 'nbread' 'nbwrite'> <Ports = 0> <Width = 64> <Depth = 4> <FIFO>
ST_1 : Operation 11 [1/1] (0.00ns)   --->   "%ldata = alloca i64 1" [/home/sxy/Desktop/Vitis_Libraries/vision/L1/include/common/xf_structs.hpp:1420]   --->   Operation 11 'alloca' 'ldata' <Predicate = true> <Delay = 0.00> <CoreInst = "FIFO_SRL">   --->   Core 81 'FIFO_SRL' <Latency = 0> <II = 1> <Delay = 3.63> <Storage> <Opcode : 'read' 'write' 'nbread' 'nbwrite'> <Ports = 0> <Width = 8> <Depth = 2> <FIFO>
ST_1 : Operation 12 [2/2] (6.67ns)   --->   "%call_ln1421 = call void @addrbound, i13 %p_channel, i13 %empty_126, i13 %empty" [/home/sxy/Desktop/Vitis_Libraries/vision/L1/include/common/xf_structs.hpp:1421]   --->   Operation 12 'call' 'call_ln1421' <Predicate = true> <Delay = 6.67> <CoreType = "Generic">   --->   Core 0 '' <Latency = 0> <II = 1> <Delay = 1.00> <Generic> <Opcode : >
ST_1 : Operation 13 [2/2] (0.00ns)   --->   "%call_ln1423 = call void @Mat2AxiStream, i8 %p_dstgy_data, i8 %ldata, i16 %rows_read, i32 %cols_read" [/home/sxy/Desktop/Vitis_Libraries/vision/L1/include/common/xf_structs.hpp:1423]   --->   Operation 13 'call' 'call_ln1423' <Predicate = true> <Delay = 0.00> <CoreType = "Generic">   --->   Core 0 '' <Latency = 0> <II = 1> <Delay = 1.00> <Generic> <Opcode : >

State 2 <SV = 1> <Delay = 6.67>
ST_2 : Operation 14 [1/1] (0.00ns)   --->   "%dout_read = read i64 @_ssdm_op_Read.ap_auto.i64, i64 %dout"   --->   Operation 14 'read' 'dout_read' <Predicate = true> <Delay = 0.00>
ST_2 : Operation 15 [1/1] (3.63ns)   --->   "%call_ln0 = call void @entry_proc12, i64 %dout_read, i64 %dout_c"   --->   Operation 15 'call' 'call_ln0' <Predicate = true> <Delay = 3.63> <CoreType = "Generic">   --->   Core 0 '' <Latency = 0> <II = 1> <Delay = 1.00> <Generic> <Opcode : >
ST_2 : Operation 16 [1/2] (6.67ns)   --->   "%call_ln1421 = call void @addrbound, i13 %p_channel, i13 %empty_126, i13 %empty" [/home/sxy/Desktop/Vitis_Libraries/vision/L1/include/common/xf_structs.hpp:1421]   --->   Operation 16 'call' 'call_ln1421' <Predicate = true> <Delay = 6.67> <CoreType = "Generic">   --->   Core 0 '' <Latency = 0> <II = 1> <Delay = 1.00> <Generic> <Opcode : >
ST_2 : Operation 17 [1/2] (0.00ns)   --->   "%call_ln1423 = call void @Mat2AxiStream, i8 %p_dstgy_data, i8 %ldata, i16 %rows_read, i32 %cols_read" [/home/sxy/Desktop/Vitis_Libraries/vision/L1/include/common/xf_structs.hpp:1423]   --->   Operation 17 'call' 'call_ln1423' <Predicate = true> <Delay = 0.00> <CoreType = "Generic">   --->   Core 0 '' <Latency = 0> <II = 1> <Delay = 1.00> <Generic> <Opcode : >

State 3 <SV = 2> <Delay = 3.63>
ST_3 : Operation 18 [1/1] (3.63ns)   --->   "%axibound = call i13 @Mat2Axi_Block_entry24_proc, i13 %p_channel"   --->   Operation 18 'call' 'axibound' <Predicate = true> <Delay = 3.63> <CoreInst = "FIFO_SRL">   --->   Core 81 'FIFO_SRL' <Latency = 0> <II = 1> <Delay = 3.63> <Storage> <Opcode : 'read' 'write' 'nbread' 'nbwrite'> <Ports = 0> <Width = 13> <Depth = 2> <FIFO>
ST_3 : Operation 19 [2/2] (3.63ns)   --->   "%call_ln1425 = call void @AxiStream2Axi, i8 %ldata, i8 %gmem3, i64 %dout_c, i13 %axibound" [/home/sxy/Desktop/Vitis_Libraries/vision/L1/include/common/xf_structs.hpp:1425]   --->   Operation 19 'call' 'call_ln1425' <Predicate = true> <Delay = 3.63> <CoreType = "Generic">   --->   Core 0 '' <Latency = 0> <II = 1> <Delay = 1.00> <Generic> <Opcode : >

State 4 <SV = 3> <Delay = 0.00>
ST_4 : Operation 20 [1/1] (0.00ns)   --->   "%empty_127 = specchannel i32 @_ssdm_op_SpecChannel, void @dout_c_str, i32 1, void @p_str, void @p_str, i32 4, i32 0, i64 %dout_c, i64 %dout_c"   --->   Operation 20 'specchannel' 'empty_127' <Predicate = true> <Delay = 0.00>
ST_4 : Operation 21 [1/1] (0.00ns)   --->   "%specinterface_ln0 = specinterface void @_ssdm_op_SpecInterface, i64 %dout_c, void @ap_fifo_str, i32 0, i32 0, void @p_str, i32 0, i32 0, void @p_str, void @p_str, void @p_str, i32 2, i32 2, i32 16, i32 16, void @p_str, void @p_str, i32 4294967295, i32 0"   --->   Operation 21 'specinterface' 'specinterface_ln0' <Predicate = true> <Delay = 0.00>
ST_4 : Operation 22 [1/1] (0.00ns)   --->   "%specdataflowpipeline_ln0 = specdataflowpipeline void @_ssdm_op_SpecDataflowPipeline, i32 4294967295, i32 0, void @empty_19"   --->   Operation 22 'specdataflowpipeline' 'specdataflowpipeline_ln0' <Predicate = true> <Delay = 0.00>
ST_4 : Operation 23 [1/1] (0.00ns)   --->   "%specinterface_ln0 = specinterface void @_ssdm_op_SpecInterface, i8 %gmem3, void @empty_25, i32 0, i32 0, void @empty_19, i32 0, i32 4096, void @empty_2, void @empty_27, void @empty_19, i32 16, i32 16, i32 16, i32 16, void @empty_19, void @empty_19, i32 4294967295, i32 0"   --->   Operation 23 'specinterface' 'specinterface_ln0' <Predicate = true> <Delay = 0.00>
ST_4 : Operation 24 [1/1] (0.00ns)   --->   "%specinterface_ln0 = specinterface void @_ssdm_op_SpecInterface, i8 %p_dstgy_data, void @empty_7, i32 0, i32 0, void @empty_19, i32 0, i32 0, void @empty_19, void @empty_19, void @empty_19, i32 0, i32 0, i32 0, i32 0, void @empty_19, void @empty_19, i32 4294967295, i32 0"   --->   Operation 24 'specinterface' 'specinterface_ln0' <Predicate = true> <Delay = 0.00>
ST_4 : Operation 25 [1/1] (0.00ns)   --->   "%empty_128 = specchannel i32 @_ssdm_op_SpecChannel, void @ldata_str, i32 1, void @p_str, void @p_str, i32 2, i32 2, i8 %ldata, i8 %ldata"   --->   Operation 25 'specchannel' 'empty_128' <Predicate = true> <Delay = 0.00>
ST_4 : Operation 26 [1/1] (0.00ns)   --->   "%specinterface_ln0 = specinterface void @_ssdm_op_SpecInterface, i8 %ldata, void @empty_7, i32 0, i32 0, void @empty_19, i32 0, i32 0, void @empty_19, void @empty_19, void @empty_19, i32 0, i32 0, i32 0, i32 0, void @empty_19, void @empty_19, i32 4294967295, i32 0"   --->   Operation 26 'specinterface' 'specinterface_ln0' <Predicate = true> <Delay = 0.00>
ST_4 : Operation 27 [1/2] (0.00ns)   --->   "%call_ln1425 = call void @AxiStream2Axi, i8 %ldata, i8 %gmem3, i64 %dout_c, i13 %axibound" [/home/sxy/Desktop/Vitis_Libraries/vision/L1/include/common/xf_structs.hpp:1425]   --->   Operation 27 'call' 'call_ln1425' <Predicate = true> <Delay = 0.00> <CoreType = "Generic">   --->   Core 0 '' <Latency = 0> <II = 1> <Delay = 1.00> <Generic> <Opcode : >
ST_4 : Operation 28 [1/1] (0.00ns)   --->   "%ret_ln1433 = ret" [/home/sxy/Desktop/Vitis_Libraries/vision/L1/include/common/xf_structs.hpp:1433]   --->   Operation 28 'ret' 'ret_ln1433' <Predicate = true> <Delay = 0.00>


============================================================
+ Verbose Summary: Timing violations
============================================================
Target clock period: 10.000ns, clock uncertainty: 2.700ns.

 <State 1>: 6.676ns
The critical path consists of the following:
	wire read operation ('cols_read') on port 'cols' [6]  (0.000 ns)
	'call' operation 0 bit ('call_ln1421', /home/sxy/Desktop/Vitis_Libraries/vision/L1/include/common/xf_structs.hpp:1421) to 'addrbound' [22]  (6.676 ns)

 <State 2>: 6.676ns
The critical path consists of the following:
	'call' operation 0 bit ('call_ln1421', /home/sxy/Desktop/Vitis_Libraries/vision/L1/include/common/xf_structs.hpp:1421) to 'addrbound' [22]  (6.676 ns)

 <State 3>: 3.634ns
The critical path consists of the following:
	'call' operation 13 bit ('axibound') to 'Mat2Axi_Block_entry24_proc' [23]  (3.634 ns)

 <State 4>: 0.000ns
The critical path consists of the following:


============================================================
+ Verbose Summary: Binding
============================================================
N/A
* FSMD analyzer results:
  - Output states:
 - Input state : 
  - Chain level:
	State 1
	State 2
	State 3
	State 4


============================================================
+ Verbose Summary: Datapath Resource usage 
============================================================
N/A
