

================================================================
== Vitis HLS Report for 'MatStream2AxiStream_2_Pipeline_MMIterOutRow_MMIterOutCol'
================================================================
* Date:           Mon Jul 15 19:04:58 2024

* Version:        2023.2 (Build 4023990 on Oct 11 2023)
* Project:        sobel_resize_xf
* Solution:       sol2 (Vivado IP Flow Target)
* Product family: zynq
* Target device:  xc7z020-clg484-1


================================================================
== Performance Estimates
================================================================
+ Timing: 
    * Summary: 
    +--------+----------+----------+------------+
    |  Clock |  Target  | Estimated| Uncertainty|
    +--------+----------+----------+------------+
    |ap_clk  |  10.00 ns|  7.022 ns|     2.70 ns|
    +--------+----------+----------+------------+

+ Latency: 
    * Summary: 
    +---------+---------+-----------+-----------+-----+------+---------+
    |  Latency (cycles) |   Latency (absolute)  |  Interval  | Pipeline|
    |   min   |   max   |    min    |    max    | min |  max |   Type  |
    +---------+---------+-----------+-----------+-----+------+---------+
    |        5|     4100|  50.000 ns|  41.000 us|    5|  4100|       no|
    +---------+---------+-----------+-----------+-----+------+---------+

    + Detail: 
        * Instance: 
        N/A

        * Loop: 
        +-----------------------------+---------+---------+----------+-----------+-----------+----------+----------+
        |                             |  Latency (cycles) | Iteration|  Initiation Interval  |   Trip   |          |
        |          Loop Name          |   min   |   max   |  Latency |  achieved |   target  |   Count  | Pipelined|
        +-----------------------------+---------+---------+----------+-----------+-----------+----------+----------+
        |- MMIterOutRow_MMIterOutCol  |        3|     4098|         4|          1|          1|  1 ~ 4096|       yes|
        +-----------------------------+---------+---------+----------+-----------+-----------+----------+----------+

============================================================
+ Verbose Summary: Synthesis Manager
============================================================
InlineROM: 1
ExposeGlobal: 0
============================================================
+ Verbose Summary: CDFG Model
============================================================
IsTopModel: 0
ResetActiveHigh: 1
IsCombinational: 0
IsDatapathOnly: 0
HasWiredReturn: 1
HasMFsm: 2
HasVarLatency: 1
IsPipeline: 0
IsRtlPipelined: 0
IsInstanceOverlapped: 0
IsDontTouch: 0
HasImplIP: 0
IsGatedGlobalClock: 0

+ Individual pipeline summary: 
  * Pipeline-0: initiation interval (II) = 1, depth = 5


============================================================
+ Verbose Summary: Schedule
============================================================
* Number of FSM states : 5
* Pipeline : 1
  Pipeline-0 : II = 1, D = 5, States = { 1 2 3 4 5 }
* Dataflow Pipeline: 0

* FSM state transitions: 
1 --> 2 
2 --> 3 
3 --> 4 
4 --> 5 
5 --> 

* FSM state operations: 

State 1 <SV = 0> <Delay = 1.70>
ST_1 : Operation 7 [1/1] (0.00ns)   --->   "%filled = alloca i32 1" [/home/sxy/Desktop/Vitis_Libraries/vision/L1/include/common/xf_structs.hpp:1294]   --->   Operation 7 'alloca' 'filled' <Predicate = true> <Delay = 0.00>
ST_1 : Operation 8 [1/1] (0.00ns)   --->   "%localbuffer = alloca i32 1" [/home/sxy/Desktop/Vitis_Libraries/vision/L1/include/common/xf_structs.hpp:1295]   --->   Operation 8 'alloca' 'localbuffer' <Predicate = true> <Delay = 0.00>
ST_1 : Operation 9 [1/1] (0.00ns)   --->   "%j = alloca i32 1" [/home/sxy/Desktop/Vitis_Libraries/vision/L1/include/common/xf_structs.hpp:1298]   --->   Operation 9 'alloca' 'j' <Predicate = true> <Delay = 0.00>
ST_1 : Operation 10 [1/1] (0.00ns)   --->   "%indvar_flatten = alloca i32 1"   --->   Operation 10 'alloca' 'indvar_flatten' <Predicate = true> <Delay = 0.00>
ST_1 : Operation 11 [1/1] (0.00ns)   --->   "%specinterface_ln0 = specinterface void @_ssdm_op_SpecInterface, i8 %ldata, void @empty_7, i32 0, i32 0, void @empty_19, i32 0, i32 0, void @empty_19, void @empty_19, void @empty_19, i32 0, i32 0, i32 0, i32 0, void @empty_19, void @empty_19, i32 4294967295, i32 0"   --->   Operation 11 'specinterface' 'specinterface_ln0' <Predicate = true> <Delay = 0.00>
ST_1 : Operation 12 [1/1] (0.00ns)   --->   "%specinterface_ln0 = specinterface void @_ssdm_op_SpecInterface, i8 %p_dstgx_data, void @empty_7, i32 0, i32 0, void @empty_19, i32 0, i32 0, void @empty_19, void @empty_19, void @empty_19, i32 0, i32 0, i32 0, i32 0, void @empty_19, void @empty_19, i32 4294967295, i32 0"   --->   Operation 12 'specinterface' 'specinterface_ln0' <Predicate = true> <Delay = 0.00>
ST_1 : Operation 13 [1/1] (0.00ns)   --->   "%cols_bound_per_npc_load_read = read i32 @_ssdm_op_Read.ap_auto.i32, i32 %cols_bound_per_npc_load" [/home/sxy/Desktop/Vitis_Libraries/vision/L1/include/common/xf_structs.hpp:1289]   --->   Operation 13 'read' 'cols_bound_per_npc_load_read' <Predicate = true> <Delay = 0.00>
ST_1 : Operation 14 [1/1] (0.00ns)   --->   "%last_blk_width_load_read = read i4 @_ssdm_op_Read.ap_auto.i4, i4 %last_blk_width_load" [/home/sxy/Desktop/Vitis_Libraries/vision/L1/include/common/xf_structs.hpp:1289]   --->   Operation 14 'read' 'last_blk_width_load_read' <Predicate = true> <Delay = 0.00>
ST_1 : Operation 15 [1/1] (0.00ns)   --->   "%sub_read = read i32 @_ssdm_op_Read.ap_auto.i32, i32 %sub" [/home/sxy/Desktop/Vitis_Libraries/vision/L1/include/common/xf_structs.hpp:1289]   --->   Operation 15 'read' 'sub_read' <Predicate = true> <Delay = 0.00>
ST_1 : Operation 16 [1/1] (0.00ns)   --->   "%tmp = read i16 @_ssdm_op_Read.ap_auto.i16, i16 %empty" [/home/sxy/Desktop/Vitis_Libraries/vision/L1/include/common/xf_structs.hpp:1289]   --->   Operation 16 'read' 'tmp' <Predicate = true> <Delay = 0.00>
ST_1 : Operation 17 [1/1] (0.00ns)   --->   "%bound_read = read i32 @_ssdm_op_Read.ap_auto.i32, i32 %bound" [/home/sxy/Desktop/Vitis_Libraries/vision/L1/include/common/xf_structs.hpp:1289]   --->   Operation 17 'read' 'bound_read' <Predicate = true> <Delay = 0.00>
ST_1 : Operation 18 [1/1] (1.58ns)   --->   "%store_ln0 = store i32 0, i32 %indvar_flatten"   --->   Operation 18 'store' 'store_ln0' <Predicate = true> <Delay = 1.58>
ST_1 : Operation 19 [1/1] (1.58ns)   --->   "%store_ln1298 = store i16 0, i16 %j" [/home/sxy/Desktop/Vitis_Libraries/vision/L1/include/common/xf_structs.hpp:1298]   --->   Operation 19 'store' 'store_ln1298' <Predicate = true> <Delay = 1.58>
ST_1 : Operation 20 [1/1] (1.70ns)   --->   "%store_ln1295 = store i8 0, i8 %localbuffer" [/home/sxy/Desktop/Vitis_Libraries/vision/L1/include/common/xf_structs.hpp:1295]   --->   Operation 20 'store' 'store_ln1295' <Predicate = true> <Delay = 1.70>
ST_1 : Operation 21 [1/1] (1.58ns)   --->   "%store_ln1294 = store i4 0, i4 %filled" [/home/sxy/Desktop/Vitis_Libraries/vision/L1/include/common/xf_structs.hpp:1294]   --->   Operation 21 'store' 'store_ln1294' <Predicate = true> <Delay = 1.58>
ST_1 : Operation 22 [1/1] (0.00ns)   --->   "%br_ln0 = br void %for.body7"   --->   Operation 22 'br' 'br_ln0' <Predicate = true> <Delay = 0.00>

State 2 <SV = 1> <Delay = 7.02>
ST_2 : Operation 23 [1/1] (0.00ns)   --->   "%indvar_flatten_load = load i32 %indvar_flatten" [/home/sxy/Desktop/Vitis_Libraries/vision/L1/include/common/xf_structs.hpp:1301]   --->   Operation 23 'load' 'indvar_flatten_load' <Predicate = true> <Delay = 0.00>
ST_2 : Operation 24 [1/1] (2.55ns)   --->   "%icmp_ln1301 = icmp_eq  i32 %indvar_flatten_load, i32 %bound_read" [/home/sxy/Desktop/Vitis_Libraries/vision/L1/include/common/xf_structs.hpp:1301]   --->   Operation 24 'icmp' 'icmp_ln1301' <Predicate = true> <Delay = 2.55> <CoreInst = "Cmp">   --->   Core 9 'Cmp' <Latency = 0> <II = 1> <Delay = 2.55> <FuncUnit> <Opcode : 'icmp'> <InPorts = 2> <OutPorts = 1>
ST_2 : Operation 25 [1/1] (2.55ns)   --->   "%add_ln1301 = add i32 %indvar_flatten_load, i32 1" [/home/sxy/Desktop/Vitis_Libraries/vision/L1/include/common/xf_structs.hpp:1301]   --->   Operation 25 'add' 'add_ln1301' <Predicate = true> <Delay = 2.55> <CoreInst = "Adder">   --->   Core 1 'Adder' <Latency = 0> <II = 1> <Delay = 2.55> <FuncUnit> <Opcode : 'add' 'sub'> <InPorts = 2> <OutPorts = 1>
ST_2 : Operation 26 [1/1] (0.00ns)   --->   "%br_ln1301 = br i1 %icmp_ln1301, void %for.inc35.loopexit, void %for.end37.loopexit.exitStub" [/home/sxy/Desktop/Vitis_Libraries/vision/L1/include/common/xf_structs.hpp:1301]   --->   Operation 26 'br' 'br_ln1301' <Predicate = true> <Delay = 0.00>
ST_2 : Operation 27 [1/1] (0.00ns)   --->   "%j_load = load i16 %j" [/home/sxy/Desktop/Vitis_Libraries/vision/L1/include/common/xf_structs.hpp:1306]   --->   Operation 27 'load' 'j_load' <Predicate = (!icmp_ln1301)> <Delay = 0.00>
ST_2 : Operation 28 [1/1] (2.07ns)   --->   "%icmp_ln1306 = icmp_eq  i16 %j_load, i16 %tmp" [/home/sxy/Desktop/Vitis_Libraries/vision/L1/include/common/xf_structs.hpp:1306]   --->   Operation 28 'icmp' 'icmp_ln1306' <Predicate = (!icmp_ln1301)> <Delay = 2.07> <CoreInst = "Cmp">   --->   Core 9 'Cmp' <Latency = 0> <II = 1> <Delay = 2.07> <FuncUnit> <Opcode : 'icmp'> <InPorts = 2> <OutPorts = 1>
ST_2 : Operation 29 [1/1] (0.80ns)   --->   "%select_ln1294 = select i1 %icmp_ln1306, i16 0, i16 %j_load" [/home/sxy/Desktop/Vitis_Libraries/vision/L1/include/common/xf_structs.hpp:1294]   --->   Operation 29 'select' 'select_ln1294' <Predicate = (!icmp_ln1301)> <Delay = 0.80> <CoreInst = "Sel">   --->   Core 73 'Sel' <Latency = 0> <II = 1> <Delay = 0.80> <FuncUnit> <Opcode : 'select'> <InPorts = 3> <OutPorts = 1>
ST_2 : Operation 30 [1/1] (0.00ns)   --->   "%zext_ln1306 = zext i16 %select_ln1294" [/home/sxy/Desktop/Vitis_Libraries/vision/L1/include/common/xf_structs.hpp:1306]   --->   Operation 30 'zext' 'zext_ln1306' <Predicate = (!icmp_ln1301)> <Delay = 0.00>
ST_2 : Operation 31 [1/1] (2.55ns)   --->   "%bLast = icmp_eq  i32 %sub_read, i32 %zext_ln1306" [/home/sxy/Desktop/Vitis_Libraries/vision/L1/include/common/xf_structs.hpp:1312]   --->   Operation 31 'icmp' 'bLast' <Predicate = (!icmp_ln1301)> <Delay = 2.55> <CoreInst = "Cmp">   --->   Core 9 'Cmp' <Latency = 0> <II = 1> <Delay = 2.55> <FuncUnit> <Opcode : 'icmp'> <InPorts = 2> <OutPorts = 1>
ST_2 : Operation 32 [1/1] (2.55ns)   --->   "%icmp_ln1315 = icmp_slt  i32 %zext_ln1306, i32 %cols_bound_per_npc_load_read" [/home/sxy/Desktop/Vitis_Libraries/vision/L1/include/common/xf_structs.hpp:1315]   --->   Operation 32 'icmp' 'icmp_ln1315' <Predicate = (!icmp_ln1301)> <Delay = 2.55> <CoreInst = "Cmp">   --->   Core 9 'Cmp' <Latency = 0> <II = 1> <Delay = 2.55> <FuncUnit> <Opcode : 'icmp'> <InPorts = 2> <OutPorts = 1>
ST_2 : Operation 33 [1/1] (1.58ns)   --->   "%br_ln1315 = br i1 %icmp_ln1315, void %if.end14, void %if.then10" [/home/sxy/Desktop/Vitis_Libraries/vision/L1/include/common/xf_structs.hpp:1315]   --->   Operation 33 'br' 'br_ln1315' <Predicate = (!icmp_ln1301)> <Delay = 1.58>
ST_2 : Operation 34 [1/1] (2.07ns)   --->   "%add_ln1306 = add i16 %select_ln1294, i16 1" [/home/sxy/Desktop/Vitis_Libraries/vision/L1/include/common/xf_structs.hpp:1306]   --->   Operation 34 'add' 'add_ln1306' <Predicate = (!icmp_ln1301)> <Delay = 2.07> <CoreInst = "Adder">   --->   Core 1 'Adder' <Latency = 0> <II = 1> <Delay = 2.07> <FuncUnit> <Opcode : 'add' 'sub'> <InPorts = 2> <OutPorts = 1>
ST_2 : Operation 35 [1/1] (1.58ns)   --->   "%store_ln1301 = store i32 %add_ln1301, i32 %indvar_flatten" [/home/sxy/Desktop/Vitis_Libraries/vision/L1/include/common/xf_structs.hpp:1301]   --->   Operation 35 'store' 'store_ln1301' <Predicate = (!icmp_ln1301)> <Delay = 1.58>
ST_2 : Operation 36 [1/1] (1.58ns)   --->   "%store_ln1298 = store i16 %add_ln1306, i16 %j" [/home/sxy/Desktop/Vitis_Libraries/vision/L1/include/common/xf_structs.hpp:1298]   --->   Operation 36 'store' 'store_ln1298' <Predicate = (!icmp_ln1301)> <Delay = 1.58>

State 3 <SV = 2> <Delay = 6.91>
ST_3 : Operation 37 [1/1] (0.00ns)   --->   "%filled_1 = load i4 %filled" [/home/sxy/Desktop/Vitis_Libraries/vision/L1/include/common/xf_structs.hpp:1333]   --->   Operation 37 'load' 'filled_1' <Predicate = true> <Delay = 0.00>
ST_3 : Operation 38 [1/1] (0.00ns)   --->   "%specloopname_ln0 = specloopname void @_ssdm_op_SpecLoopName, void @MMIterOutRow_MMIterOutCol_str"   --->   Operation 38 'specloopname' 'specloopname_ln0' <Predicate = (!icmp_ln1301)> <Delay = 0.00>
ST_3 : Operation 39 [1/1] (0.00ns)   --->   "%speclooptripcount_ln0 = speclooptripcount void @_ssdm_op_SpecLoopTripCount, i64 1, i64 4096, i64 1024"   --->   Operation 39 'speclooptripcount' 'speclooptripcount_ln0' <Predicate = (!icmp_ln1301)> <Delay = 0.00>
ST_3 : Operation 40 [1/1] (0.00ns)   --->   "%specpipeline_ln1309 = specpipeline void @_ssdm_op_SpecPipeline, i32 4294967295, i32 0, i32 0, i32 0, void @empty_19" [/home/sxy/Desktop/Vitis_Libraries/vision/L1/include/common/xf_structs.hpp:1309]   --->   Operation 40 'specpipeline' 'specpipeline_ln1309' <Predicate = (!icmp_ln1301)> <Delay = 0.00>
ST_3 : Operation 41 [1/1] (1.02ns)   --->   "%xf_bits_per_clock = select i1 %bLast, i4 %last_blk_width_load_read, i4 8" [/home/sxy/Desktop/Vitis_Libraries/vision/L1/include/common/xf_structs.hpp:1333]   --->   Operation 41 'select' 'xf_bits_per_clock' <Predicate = (!icmp_ln1301)> <Delay = 1.02> <CoreInst = "Sel">   --->   Core 73 'Sel' <Latency = 0> <II = 1> <Delay = 1.02> <FuncUnit> <Opcode : 'select'> <InPorts = 3> <OutPorts = 1>
ST_3 : Operation 42 [1/1] (0.00ns)   --->   "%zext_ln1313 = zext i4 %xf_bits_per_clock" [/home/sxy/Desktop/Vitis_Libraries/vision/L1/include/common/xf_structs.hpp:1313]   --->   Operation 42 'zext' 'zext_ln1313' <Predicate = (!icmp_ln1301)> <Delay = 0.00>
ST_3 : Operation 43 [1/1] (3.63ns)   --->   "%val = read i8 @_ssdm_op_Read.ap_fifo.volatile.i8P0A, i8 %p_dstgx_data" [/home/sxy/Desktop/Vitis_Libraries/vision/L1/include/common/xf_structs.hpp:1316]   --->   Operation 43 'read' 'val' <Predicate = (!icmp_ln1301 & icmp_ln1315)> <Delay = 3.63> <CoreInst = "FIFO_SRL">   --->   Core 81 'FIFO_SRL' <Latency = 0> <II = 1> <Delay = 3.63> <Storage> <Opcode : 'read' 'write' 'nbread' 'nbwrite'> <Ports = 0> <Width = 8> <Depth = 2> <FIFO>
ST_3 : Operation 44 [1/1] (1.58ns)   --->   "%br_ln1316 = br void %if.end14" [/home/sxy/Desktop/Vitis_Libraries/vision/L1/include/common/xf_structs.hpp:1316]   --->   Operation 44 'br' 'br_ln1316' <Predicate = (!icmp_ln1301 & icmp_ln1315)> <Delay = 1.58>
ST_3 : Operation 45 [1/1] (0.00ns)   --->   "%zext_ln1320_2 = zext i4 %filled_1" [/home/sxy/Desktop/Vitis_Libraries/vision/L1/include/common/xf_structs.hpp:1320]   --->   Operation 45 'zext' 'zext_ln1320_2' <Predicate = (!icmp_ln1301)> <Delay = 0.00>
ST_3 : Operation 46 [1/1] (1.78ns)   --->   "%sub_ln1324 = sub i5 8, i5 %zext_ln1313" [/home/sxy/Desktop/Vitis_Libraries/vision/L1/include/common/xf_structs.hpp:1324]   --->   Operation 46 'sub' 'sub_ln1324' <Predicate = (!icmp_ln1301)> <Delay = 1.78> <CoreInst = "Adder">   --->   Core 1 'Adder' <Latency = 0> <II = 1> <Delay = 1.78> <FuncUnit> <Opcode : 'add' 'sub'> <InPorts = 2> <OutPorts = 1>
ST_3 : Operation 47 [1/1] (1.78ns)   --->   "%icmp_ln1324 = icmp_sgt  i5 %sub_ln1324, i5 %zext_ln1320_2" [/home/sxy/Desktop/Vitis_Libraries/vision/L1/include/common/xf_structs.hpp:1324]   --->   Operation 47 'icmp' 'icmp_ln1324' <Predicate = (!icmp_ln1301)> <Delay = 1.78> <CoreInst = "Cmp">   --->   Core 9 'Cmp' <Latency = 0> <II = 1> <Delay = 1.78> <FuncUnit> <Opcode : 'icmp'> <InPorts = 2> <OutPorts = 1>
ST_3 : Operation 48 [1/1] (0.00ns)   --->   "%br_ln1324 = br i1 %icmp_ln1324, void %if.else21_ifconv, void %if.end14.for.inc_crit_edge" [/home/sxy/Desktop/Vitis_Libraries/vision/L1/include/common/xf_structs.hpp:1324]   --->   Operation 48 'br' 'br_ln1324' <Predicate = (!icmp_ln1301)> <Delay = 0.00>
ST_3 : Operation 49 [1/1] (0.97ns)   --->   "%xor_ln1333 = xor i4 %xf_bits_per_clock, i4 8" [/home/sxy/Desktop/Vitis_Libraries/vision/L1/include/common/xf_structs.hpp:1333]   --->   Operation 49 'xor' 'xor_ln1333' <Predicate = (!icmp_ln1301 & !icmp_ln1324)> <Delay = 0.97> <CoreInst = "LogicGate">   --->   Core 74 'LogicGate' <Latency = 0> <II = 1> <Delay = 0.97> <FuncUnit> <Opcode : 'and' 'or' 'xor'> <InPorts = 2> <OutPorts = 1>
ST_3 : Operation 50 [1/1] (1.58ns)   --->   "%br_ln0 = br void %for.inc"   --->   Operation 50 'br' 'br_ln0' <Predicate = (!icmp_ln1301 & !icmp_ln1324)> <Delay = 1.58>
ST_3 : Operation 51 [1/1] (1.58ns)   --->   "%br_ln1324 = br void %for.inc" [/home/sxy/Desktop/Vitis_Libraries/vision/L1/include/common/xf_structs.hpp:1324]   --->   Operation 51 'br' 'br_ln1324' <Predicate = (!icmp_ln1301 & icmp_ln1324)> <Delay = 1.58>
ST_3 : Operation 52 [1/1] (0.00ns) (grouped into LUT with out node filled_next)   --->   "%conv3_i12_i_i933_pn = phi i4 %xor_ln1333, void %if.else21_ifconv, i4 %xf_bits_per_clock, void %if.end14.for.inc_crit_edge"   --->   Operation 52 'phi' 'conv3_i12_i_i933_pn' <Predicate = (!icmp_ln1301)> <Delay = 0.00>
ST_3 : Operation 53 [1/1] (1.73ns) (out node of the LUT)   --->   "%filled_next = add i4 %conv3_i12_i_i933_pn, i4 %filled_1" [/home/sxy/Desktop/Vitis_Libraries/vision/L1/include/common/xf_structs.hpp:1333]   --->   Operation 53 'add' 'filled_next' <Predicate = (!icmp_ln1301)> <Delay = 1.73> <CoreInst = "Adder">   --->   Core 1 'Adder' <Latency = 0> <II = 1> <Delay = 1.73> <FuncUnit> <Opcode : 'add' 'sub'> <InPorts = 2> <OutPorts = 1>
ST_3 : Operation 54 [1/1] (1.58ns)   --->   "%store_ln1294 = store i4 %filled_next, i4 %filled" [/home/sxy/Desktop/Vitis_Libraries/vision/L1/include/common/xf_structs.hpp:1294]   --->   Operation 54 'store' 'store_ln1294' <Predicate = (!icmp_ln1301)> <Delay = 1.58>
ST_3 : Operation 55 [1/1] (0.00ns)   --->   "%br_ln1306 = br void %for.body7" [/home/sxy/Desktop/Vitis_Libraries/vision/L1/include/common/xf_structs.hpp:1306]   --->   Operation 55 'br' 'br_ln1306' <Predicate = (!icmp_ln1301)> <Delay = 0.00>

State 4 <SV = 3> <Delay = 3.43>
ST_4 : Operation 56 [1/1] (0.00ns)   --->   "%val_1 = phi i8 %val, void %if.then10, i8 0, void %for.inc35.loopexit"   --->   Operation 56 'phi' 'val_1' <Predicate = true> <Delay = 0.00>
ST_4 : Operation 57 [1/1] (0.00ns)   --->   "%filled_1cast = zext i4 %filled_1" [/home/sxy/Desktop/Vitis_Libraries/vision/L1/include/common/xf_structs.hpp:1320]   --->   Operation 57 'zext' 'filled_1cast' <Predicate = true> <Delay = 0.00>
ST_4 : Operation 58 [1/1] (3.14ns)   --->   "%shl_ln1320 = shl i8 %val_1, i8 %filled_1cast" [/home/sxy/Desktop/Vitis_Libraries/vision/L1/include/common/xf_structs.hpp:1320]   --->   Operation 58 'shl' 'shl_ln1320' <Predicate = true> <Delay = 3.14> <CoreInst = "Shifter">   --->   Core 75 'Shifter' <Latency = 0> <II = 1> <Delay = 3.14> <FuncUnit> <Opcode : 'shl' 'lshr' 'ashr'> <InPorts = 2> <OutPorts = 1>
ST_4 : Operation 59 [1/1] (1.78ns)   --->   "%sub_ln1332 = sub i5 8, i5 %zext_ln1320_2" [/home/sxy/Desktop/Vitis_Libraries/vision/L1/include/common/xf_structs.hpp:1332]   --->   Operation 59 'sub' 'sub_ln1332' <Predicate = (!icmp_ln1301 & !icmp_ln1324)> <Delay = 1.78> <CoreInst = "Adder">   --->   Core 1 'Adder' <Latency = 0> <II = 1> <Delay = 1.78> <FuncUnit> <Opcode : 'add' 'sub'> <InPorts = 2> <OutPorts = 1>
ST_4 : Operation 60 [1/1] (0.00ns)   --->   "%trunc_ln1332 = trunc i5 %sub_ln1332" [/home/sxy/Desktop/Vitis_Libraries/vision/L1/include/common/xf_structs.hpp:1332]   --->   Operation 60 'trunc' 'trunc_ln1332' <Predicate = (!icmp_ln1301 & !icmp_ln1324)> <Delay = 0.00>
ST_4 : Operation 61 [1/1] (0.00ns)   --->   "%tmp_13 = bitselect i1 @_ssdm_op_BitSelect.i1.i5.i32, i5 %sub_ln1332, i32 4" [/home/sxy/Desktop/Vitis_Libraries/vision/L1/include/common/xf_structs.hpp:1332]   --->   Operation 61 'bitselect' 'tmp_13' <Predicate = (!icmp_ln1301 & !icmp_ln1324)> <Delay = 0.00>
ST_4 : Operation 62 [1/1] (1.65ns)   --->   "%sub_ln1332_1 = sub i3 0, i3 %trunc_ln1332" [/home/sxy/Desktop/Vitis_Libraries/vision/L1/include/common/xf_structs.hpp:1332]   --->   Operation 62 'sub' 'sub_ln1332_1' <Predicate = (!icmp_ln1301 & !icmp_ln1324)> <Delay = 1.65> <CoreInst = "Adder">   --->   Core 1 'Adder' <Latency = 0> <II = 1> <Delay = 1.65> <FuncUnit> <Opcode : 'add' 'sub'> <InPorts = 2> <OutPorts = 1>
ST_4 : Operation 74 [1/1] (0.00ns)   --->   "%localbuffer_load_1 = load i8 %localbuffer"   --->   Operation 74 'load' 'localbuffer_load_1' <Predicate = (icmp_ln1301)> <Delay = 0.00>
ST_4 : Operation 75 [1/1] (0.00ns)   --->   "%write_ln0 = write void @_ssdm_op_Write.ap_auto.i8P0A, i8 %localbuffer_out, i8 %localbuffer_load_1"   --->   Operation 75 'write' 'write_ln0' <Predicate = (icmp_ln1301)> <Delay = 0.00>
ST_4 : Operation 76 [1/1] (0.00ns)   --->   "%write_ln1333 = write void @_ssdm_op_Write.ap_auto.i4P0A, i4 %filled_out, i4 %filled_1" [/home/sxy/Desktop/Vitis_Libraries/vision/L1/include/common/xf_structs.hpp:1333]   --->   Operation 76 'write' 'write_ln1333' <Predicate = (icmp_ln1301)> <Delay = 0.00>
ST_4 : Operation 77 [1/1] (0.00ns)   --->   "%ret_ln0 = ret"   --->   Operation 77 'ret' 'ret_ln0' <Predicate = (icmp_ln1301)> <Delay = 0.00>

State 5 <SV = 4> <Delay = 6.10>
ST_5 : Operation 63 [1/1] (0.00ns)   --->   "%localbuffer_load = load i8 %localbuffer" [/home/sxy/Desktop/Vitis_Libraries/vision/L1/include/common/xf_structs.hpp:1321]   --->   Operation 63 'load' 'localbuffer_load' <Predicate = true> <Delay = 0.00>
ST_5 : Operation 64 [1/1] (0.99ns)   --->   "%localbuffer_1 = or i8 %shl_ln1320, i8 %localbuffer_load" [/home/sxy/Desktop/Vitis_Libraries/vision/L1/include/common/xf_structs.hpp:1321]   --->   Operation 64 'or' 'localbuffer_1' <Predicate = true> <Delay = 0.99> <CoreInst = "LogicGate">   --->   Core 74 'LogicGate' <Latency = 0> <II = 1> <Delay = 0.99> <FuncUnit> <Opcode : 'and' 'or' 'xor'> <InPorts = 2> <OutPorts = 1>
ST_5 : Operation 65 [1/1] (3.63ns)   --->   "%write_ln1331 = write void @_ssdm_op_Write.ap_fifo.volatile.i8P0A, i8 %ldata, i8 %localbuffer_1" [/home/sxy/Desktop/Vitis_Libraries/vision/L1/include/common/xf_structs.hpp:1331]   --->   Operation 65 'write' 'write_ln1331' <Predicate = (!icmp_ln1301 & !icmp_ln1324)> <Delay = 3.63> <CoreInst = "FIFO_SRL">   --->   Core 81 'FIFO_SRL' <Latency = 0> <II = 1> <Delay = 3.63> <Storage> <Opcode : 'read' 'write' 'nbread' 'nbwrite'> <Ports = 0> <Width = 8> <Depth = 2> <FIFO>
ST_5 : Operation 66 [1/1] (0.00ns)   --->   "%sext_ln1332 = sext i5 %sub_ln1332" [/home/sxy/Desktop/Vitis_Libraries/vision/L1/include/common/xf_structs.hpp:1332]   --->   Operation 66 'sext' 'sext_ln1332' <Predicate = (!icmp_ln1301 & !icmp_ln1324 & !tmp_13)> <Delay = 0.00>
ST_5 : Operation 67 [1/1] (0.00ns)   --->   "%zext_ln1332 = zext i3 %sub_ln1332_1" [/home/sxy/Desktop/Vitis_Libraries/vision/L1/include/common/xf_structs.hpp:1332]   --->   Operation 67 'zext' 'zext_ln1332' <Predicate = (!icmp_ln1301 & !icmp_ln1324 & tmp_13)> <Delay = 0.00>
ST_5 : Operation 68 [1/1] (3.14ns)   --->   "%shl_ln1332 = shl i8 %val_1, i8 %zext_ln1332" [/home/sxy/Desktop/Vitis_Libraries/vision/L1/include/common/xf_structs.hpp:1332]   --->   Operation 68 'shl' 'shl_ln1332' <Predicate = (!icmp_ln1301 & !icmp_ln1324 & tmp_13)> <Delay = 3.14> <CoreInst = "Shifter">   --->   Core 75 'Shifter' <Latency = 0> <II = 1> <Delay = 3.14> <FuncUnit> <Opcode : 'shl' 'lshr' 'ashr'> <InPorts = 2> <OutPorts = 1>
ST_5 : Operation 69 [1/1] (0.00ns)   --->   "%sext_ln1332cast = trunc i32 %sext_ln1332" [/home/sxy/Desktop/Vitis_Libraries/vision/L1/include/common/xf_structs.hpp:1332]   --->   Operation 69 'trunc' 'sext_ln1332cast' <Predicate = (!icmp_ln1301 & !icmp_ln1324 & !tmp_13)> <Delay = 0.00>
ST_5 : Operation 70 [1/1] (3.14ns)   --->   "%lshr_ln1332 = lshr i8 %val_1, i8 %sext_ln1332cast" [/home/sxy/Desktop/Vitis_Libraries/vision/L1/include/common/xf_structs.hpp:1332]   --->   Operation 70 'lshr' 'lshr_ln1332' <Predicate = (!icmp_ln1301 & !icmp_ln1324 & !tmp_13)> <Delay = 3.14> <CoreInst = "Shifter">   --->   Core 75 'Shifter' <Latency = 0> <II = 1> <Delay = 3.14> <FuncUnit> <Opcode : 'shl' 'lshr' 'ashr'> <InPorts = 2> <OutPorts = 1>
ST_5 : Operation 71 [1/1] (1.24ns)   --->   "%localbuffer_2 = select i1 %tmp_13, i8 %shl_ln1332, i8 %lshr_ln1332" [/home/sxy/Desktop/Vitis_Libraries/vision/L1/include/common/xf_structs.hpp:1332]   --->   Operation 71 'select' 'localbuffer_2' <Predicate = (!icmp_ln1301 & !icmp_ln1324)> <Delay = 1.24> <CoreInst = "Sel">   --->   Core 73 'Sel' <Latency = 0> <II = 1> <Delay = 1.24> <FuncUnit> <Opcode : 'select'> <InPorts = 3> <OutPorts = 1>
ST_5 : Operation 72 [1/1] (1.70ns)   --->   "%store_ln1295 = store i8 %localbuffer_2, i8 %localbuffer" [/home/sxy/Desktop/Vitis_Libraries/vision/L1/include/common/xf_structs.hpp:1295]   --->   Operation 72 'store' 'store_ln1295' <Predicate = (!icmp_ln1301 & !icmp_ln1324)> <Delay = 1.70>
ST_5 : Operation 73 [1/1] (1.70ns)   --->   "%store_ln1295 = store i8 %localbuffer_1, i8 %localbuffer" [/home/sxy/Desktop/Vitis_Libraries/vision/L1/include/common/xf_structs.hpp:1295]   --->   Operation 73 'store' 'store_ln1295' <Predicate = (!icmp_ln1301 & icmp_ln1324)> <Delay = 1.70>


============================================================
+ Verbose Summary: Timing violations
============================================================
Target clock period: 10.000ns, clock uncertainty: 2.700ns.

 <State 1>: 1.707ns
The critical path consists of the following:
	'alloca' operation 8 bit ('localbuffer', /home/sxy/Desktop/Vitis_Libraries/vision/L1/include/common/xf_structs.hpp:1295) [11]  (0.000 ns)
	'store' operation 0 bit ('store_ln1295', /home/sxy/Desktop/Vitis_Libraries/vision/L1/include/common/xf_structs.hpp:1295) of constant 0 on local variable 'localbuffer', /home/sxy/Desktop/Vitis_Libraries/vision/L1/include/common/xf_structs.hpp:1295 [23]  (1.707 ns)

 <State 2>: 7.022ns
The critical path consists of the following:
	'load' operation 16 bit ('j_load', /home/sxy/Desktop/Vitis_Libraries/vision/L1/include/common/xf_structs.hpp:1306) on local variable 'j', /home/sxy/Desktop/Vitis_Libraries/vision/L1/include/common/xf_structs.hpp:1298 [33]  (0.000 ns)
	'icmp' operation 1 bit ('icmp_ln1306', /home/sxy/Desktop/Vitis_Libraries/vision/L1/include/common/xf_structs.hpp:1306) [36]  (2.077 ns)
	'select' operation 16 bit ('select_ln1294', /home/sxy/Desktop/Vitis_Libraries/vision/L1/include/common/xf_structs.hpp:1294) [37]  (0.805 ns)
	'icmp' operation 1 bit ('icmp_ln1315', /home/sxy/Desktop/Vitis_Libraries/vision/L1/include/common/xf_structs.hpp:1315) [43]  (2.552 ns)
	multiplexor before 'phi' operation 8 bit ('val') with incoming values : ('val', /home/sxy/Desktop/Vitis_Libraries/vision/L1/include/common/xf_structs.hpp:1316) [49]  (1.588 ns)

 <State 3>: 6.910ns
The critical path consists of the following:
	'select' operation 4 bit ('xf_bits_per_clock', /home/sxy/Desktop/Vitis_Libraries/vision/L1/include/common/xf_structs.hpp:1333) [41]  (1.024 ns)
	'xor' operation 4 bit ('xor_ln1333', /home/sxy/Desktop/Vitis_Libraries/vision/L1/include/common/xf_structs.hpp:1333) [70]  (0.975 ns)
	multiplexor before 'phi' operation 4 bit ('xf_bits_per_clock') with incoming values : ('xf_bits_per_clock', /home/sxy/Desktop/Vitis_Libraries/vision/L1/include/common/xf_structs.hpp:1333) ('xor_ln1333', /home/sxy/Desktop/Vitis_Libraries/vision/L1/include/common/xf_structs.hpp:1333) [77]  (1.588 ns)
	'phi' operation 4 bit ('xf_bits_per_clock') with incoming values : ('xf_bits_per_clock', /home/sxy/Desktop/Vitis_Libraries/vision/L1/include/common/xf_structs.hpp:1333) ('xor_ln1333', /home/sxy/Desktop/Vitis_Libraries/vision/L1/include/common/xf_structs.hpp:1333) [77]  (0.000 ns)
	'add' operation 4 bit ('filled_next', /home/sxy/Desktop/Vitis_Libraries/vision/L1/include/common/xf_structs.hpp:1333) [78]  (1.735 ns)
	'store' operation 0 bit ('store_ln1294', /home/sxy/Desktop/Vitis_Libraries/vision/L1/include/common/xf_structs.hpp:1294) of variable 'filled_next', /home/sxy/Desktop/Vitis_Libraries/vision/L1/include/common/xf_structs.hpp:1333 on local variable 'filled', /home/sxy/Desktop/Vitis_Libraries/vision/L1/include/common/xf_structs.hpp:1294 [82]  (1.588 ns)

 <State 4>: 3.430ns
The critical path consists of the following:
	'sub' operation 5 bit ('sub_ln1332', /home/sxy/Desktop/Vitis_Libraries/vision/L1/include/common/xf_structs.hpp:1332) [60]  (1.780 ns)
	'sub' operation 3 bit ('sub_ln1332_1', /home/sxy/Desktop/Vitis_Libraries/vision/L1/include/common/xf_structs.hpp:1332) [64]  (1.650 ns)

 <State 5>: 6.105ns
The critical path consists of the following:
	'lshr' operation 8 bit ('lshr_ln1332', /home/sxy/Desktop/Vitis_Libraries/vision/L1/include/common/xf_structs.hpp:1332) [68]  (3.150 ns)
	'select' operation 8 bit ('localbuffer', /home/sxy/Desktop/Vitis_Libraries/vision/L1/include/common/xf_structs.hpp:1332) [69]  (1.248 ns)
	'store' operation 0 bit ('store_ln1295', /home/sxy/Desktop/Vitis_Libraries/vision/L1/include/common/xf_structs.hpp:1295) of variable 'localbuffer', /home/sxy/Desktop/Vitis_Libraries/vision/L1/include/common/xf_structs.hpp:1332 on local variable 'localbuffer', /home/sxy/Desktop/Vitis_Libraries/vision/L1/include/common/xf_structs.hpp:1295 [71]  (1.707 ns)


============================================================
+ Verbose Summary: Binding
============================================================
N/A
* FSMD analyzer results:
  - Output states:
 - Input state : 
  - Chain level:
	State 1
	State 2
	State 3
	State 4
	State 5


============================================================
+ Verbose Summary: Datapath Resource usage 
============================================================
N/A
