

================================================================
== Vitis HLS Report for 'xFGradientX3x3_0_0_s'
================================================================
* Date:           Mon Jul 15 19:04:57 2024

* Version:        2023.2 (Build 4023990 on Oct 11 2023)
* Project:        sobel_resize_xf
* Solution:       sol2 (Vivado IP Flow Target)
* Product family: zynq
* Target device:  xc7z020-clg484-1


================================================================
== Performance Estimates
================================================================
+ Timing: 
    * Summary: 
    +--------+----------+----------+------------+
    |  Clock |  Target  | Estimated| Uncertainty|
    +--------+----------+----------+------------+
    |ap_clk  |  10.00 ns|  6.655 ns|     2.70 ns|
    +--------+----------+----------+------------+

+ Latency: 
    * Summary: 
    +---------+---------+-----------+-----------+-----+-----+---------+
    |  Latency (cycles) |   Latency (absolute)  |  Interval | Pipeline|
    |   min   |   max   |    min    |    max    | min | max |   Type  |
    +---------+---------+-----------+-----------+-----+-----+---------+
    |        1|        1|  10.000 ns|  10.000 ns|    1|    1|      yes|
    +---------+---------+-----------+-----------+-----+-----+---------+

    + Detail: 
        * Instance: 
        N/A

        * Loop: 
        N/A

============================================================
+ Verbose Summary: Synthesis Manager
============================================================
InlineROM: 1
ExposeGlobal: 0
============================================================
+ Verbose Summary: CDFG Model
============================================================
IsTopModel: 0
ResetActiveHigh: 1
IsCombinational: 0
IsDatapathOnly: 0
HasWiredReturn: 1
HasMFsm: 2
HasVarLatency: 0
IsPipeline: 1
IsRtlPipelined: 1
IsInstanceOverlapped: 0
IsDontTouch: 0
HasImplIP: 0
IsGatedGlobalClock: 0

+ Individual pipeline summary: 
  * Pipeline-0: initiation interval (II) = 1, depth = 2


============================================================
+ Verbose Summary: Schedule
============================================================
* Number of FSM states : 2
* Pipeline : 1
  Pipeline-0 : II = 1, D = 2, States = { 1 2 }
* Dataflow Pipeline: 0

* FSM state transitions: 
1 --> 2 
2 --> 

* FSM state operations: 

State 1 <SV = 0> <Delay = 1.91>
ST_1 : Operation 3 [1/1] (0.00ns)   --->   "%b2_val_read = read i8 @_ssdm_op_Read.ap_auto.i8, i8 %b2_val" [/home/sxy/Desktop/Vitis_Libraries/vision/L1/include/imgproc/xf_sobel.hpp:59]   --->   Operation 3 'read' 'b2_val_read' <Predicate = true> <Delay = 0.00>
ST_1 : Operation 4 [1/1] (0.00ns)   --->   "%b0_val_read = read i8 @_ssdm_op_Read.ap_auto.i8, i8 %b0_val" [/home/sxy/Desktop/Vitis_Libraries/vision/L1/include/imgproc/xf_sobel.hpp:59]   --->   Operation 4 'read' 'b0_val_read' <Predicate = true> <Delay = 0.00>
ST_1 : Operation 5 [1/1] (0.00ns)   --->   "%m2_val_read = read i8 @_ssdm_op_Read.ap_auto.i8, i8 %m2_val" [/home/sxy/Desktop/Vitis_Libraries/vision/L1/include/imgproc/xf_sobel.hpp:59]   --->   Operation 5 'read' 'm2_val_read' <Predicate = true> <Delay = 0.00>
ST_1 : Operation 6 [1/1] (0.00ns)   --->   "%m0_val_read = read i8 @_ssdm_op_Read.ap_auto.i8, i8 %m0_val" [/home/sxy/Desktop/Vitis_Libraries/vision/L1/include/imgproc/xf_sobel.hpp:59]   --->   Operation 6 'read' 'm0_val_read' <Predicate = true> <Delay = 0.00>
ST_1 : Operation 7 [1/1] (0.00ns)   --->   "%t2_val_read = read i8 @_ssdm_op_Read.ap_auto.i8, i8 %t2_val" [/home/sxy/Desktop/Vitis_Libraries/vision/L1/include/imgproc/xf_sobel.hpp:59]   --->   Operation 7 'read' 't2_val_read' <Predicate = true> <Delay = 0.00>
ST_1 : Operation 8 [1/1] (0.00ns)   --->   "%t0_val_read = read i8 @_ssdm_op_Read.ap_auto.i8, i8 %t0_val" [/home/sxy/Desktop/Vitis_Libraries/vision/L1/include/imgproc/xf_sobel.hpp:59]   --->   Operation 8 'read' 't0_val_read' <Predicate = true> <Delay = 0.00>
ST_1 : Operation 9 [1/1] (0.00ns)   --->   "%M00 = bitconcatenate i9 @_ssdm_op_BitConcatenate.i9.i8.i1, i8 %m0_val_read, i1 0" [/home/sxy/Desktop/Vitis_Libraries/vision/L1/include/imgproc/xf_sobel.hpp:59]   --->   Operation 9 'bitconcatenate' 'M00' <Predicate = true> <Delay = 0.00>
ST_1 : Operation 10 [1/1] (0.00ns)   --->   "%zext_ln59 = zext i9 %M00" [/home/sxy/Desktop/Vitis_Libraries/vision/L1/include/imgproc/xf_sobel.hpp:59]   --->   Operation 10 'zext' 'zext_ln59' <Predicate = true> <Delay = 0.00>
ST_1 : Operation 11 [1/1] (0.00ns)   --->   "%M01 = bitconcatenate i9 @_ssdm_op_BitConcatenate.i9.i8.i1, i8 %m2_val_read, i1 0" [/home/sxy/Desktop/Vitis_Libraries/vision/L1/include/imgproc/xf_sobel.hpp:60]   --->   Operation 11 'bitconcatenate' 'M01' <Predicate = true> <Delay = 0.00>
ST_1 : Operation 12 [1/1] (0.00ns)   --->   "%zext_ln60 = zext i9 %M01" [/home/sxy/Desktop/Vitis_Libraries/vision/L1/include/imgproc/xf_sobel.hpp:60]   --->   Operation 12 'zext' 'zext_ln60' <Predicate = true> <Delay = 0.00>
ST_1 : Operation 13 [1/1] (0.00ns)   --->   "%zext_ln61 = zext i8 %t2_val_read" [/home/sxy/Desktop/Vitis_Libraries/vision/L1/include/imgproc/xf_sobel.hpp:61]   --->   Operation 13 'zext' 'zext_ln61' <Predicate = true> <Delay = 0.00>
ST_1 : Operation 14 [1/1] (0.00ns)   --->   "%zext_ln61_1 = zext i8 %b2_val_read" [/home/sxy/Desktop/Vitis_Libraries/vision/L1/include/imgproc/xf_sobel.hpp:61]   --->   Operation 14 'zext' 'zext_ln61_1' <Predicate = true> <Delay = 0.00>
ST_1 : Operation 15 [1/1] (1.91ns)   --->   "%A00 = add i9 %zext_ln61_1, i9 %zext_ln61" [/home/sxy/Desktop/Vitis_Libraries/vision/L1/include/imgproc/xf_sobel.hpp:61]   --->   Operation 15 'add' 'A00' <Predicate = true> <Delay = 1.91> <CoreInst = "Adder">   --->   Core 1 'Adder' <Latency = 0> <II = 1> <Delay = 1.91> <FuncUnit> <Opcode : 'add' 'sub'> <InPorts = 2> <OutPorts = 1>
ST_1 : Operation 16 [1/1] (0.00ns)   --->   "%zext_ln62 = zext i8 %t0_val_read" [/home/sxy/Desktop/Vitis_Libraries/vision/L1/include/imgproc/xf_sobel.hpp:62]   --->   Operation 16 'zext' 'zext_ln62' <Predicate = true> <Delay = 0.00>
ST_1 : Operation 17 [1/1] (0.00ns)   --->   "%zext_ln62_1 = zext i8 %b0_val_read" [/home/sxy/Desktop/Vitis_Libraries/vision/L1/include/imgproc/xf_sobel.hpp:62]   --->   Operation 17 'zext' 'zext_ln62_1' <Predicate = true> <Delay = 0.00>
ST_1 : Operation 18 [1/1] (1.91ns)   --->   "%S00 = add i9 %zext_ln62_1, i9 %zext_ln62" [/home/sxy/Desktop/Vitis_Libraries/vision/L1/include/imgproc/xf_sobel.hpp:62]   --->   Operation 18 'add' 'S00' <Predicate = true> <Delay = 1.91> <CoreInst = "Adder">   --->   Core 1 'Adder' <Latency = 0> <II = 1> <Delay = 1.91> <FuncUnit> <Opcode : 'add' 'sub'> <InPorts = 2> <OutPorts = 1>
ST_1 : Operation 19 [1/1] (1.82ns)   --->   "%out_pix = sub i10 %zext_ln60, i10 %zext_ln59" [/home/sxy/Desktop/Vitis_Libraries/vision/L1/include/imgproc/xf_sobel.hpp:65]   --->   Operation 19 'sub' 'out_pix' <Predicate = true> <Delay = 1.82> <CoreInst = "Adder">   --->   Core 1 'Adder' <Latency = 0> <II = 1> <Delay = 1.82> <FuncUnit> <Opcode : 'add' 'sub'> <InPorts = 2> <OutPorts = 1>

State 2 <SV = 1> <Delay = 6.65>
ST_2 : Operation 20 [1/1] (0.00ns)   --->   "%zext_ln61_2 = zext i9 %A00" [/home/sxy/Desktop/Vitis_Libraries/vision/L1/include/imgproc/xf_sobel.hpp:61]   --->   Operation 20 'zext' 'zext_ln61_2' <Predicate = true> <Delay = 0.00>
ST_2 : Operation 21 [1/1] (0.00ns)   --->   "%zext_ln62_2 = zext i9 %S00" [/home/sxy/Desktop/Vitis_Libraries/vision/L1/include/imgproc/xf_sobel.hpp:62]   --->   Operation 21 'zext' 'zext_ln62_2' <Predicate = true> <Delay = 0.00>
ST_2 : Operation 22 [1/1] (0.00ns)   --->   "%sext_ln64 = sext i10 %out_pix" [/home/sxy/Desktop/Vitis_Libraries/vision/L1/include/imgproc/xf_sobel.hpp:64]   --->   Operation 22 'sext' 'sext_ln64' <Predicate = true> <Delay = 0.00>
ST_2 : Operation 23 [1/1] (0.00ns) (grouped into TernaryAdder)   --->   "%out_pix_5 = sub i11 %sext_ln64, i11 %zext_ln62_2" [/home/sxy/Desktop/Vitis_Libraries/vision/L1/include/imgproc/xf_sobel.hpp:66]   --->   Operation 23 'sub' 'out_pix_5' <Predicate = true> <Delay = 0.00> <CoreInst = "TAddSub">   --->   Core 10 'TAddSub' <Latency = 0> <II = 1> <Delay = 1.87> <IPBlock> <Opcode : '' 'add' 'sub'> <InPorts = 3> <OutPorts = 1> <Sync> <CReg>
ST_2 : Operation 24 [1/1] (3.75ns) (root node of TernaryAdder)   --->   "%out_pix_4 = add i11 %out_pix_5, i11 %zext_ln61_2" [/home/sxy/Desktop/Vitis_Libraries/vision/L1/include/imgproc/xf_sobel.hpp:67]   --->   Operation 24 'add' 'out_pix_4' <Predicate = true> <Delay = 3.75> <CoreInst = "TAddSub">   --->   Core 10 'TAddSub' <Latency = 0> <II = 1> <Delay = 1.87> <IPBlock> <Opcode : '' 'add' 'sub'> <InPorts = 3> <OutPorts = 1> <Sync> <CReg>
ST_2 : Operation 25 [1/1] (0.00ns) (grouped into LUT with out node select_ln72_1)   --->   "%trunc_ln69 = trunc i11 %out_pix_4" [/home/sxy/Desktop/Vitis_Libraries/vision/L1/include/imgproc/xf_sobel.hpp:69]   --->   Operation 25 'trunc' 'trunc_ln69' <Predicate = true> <Delay = 0.00>
ST_2 : Operation 26 [1/1] (0.00ns)   --->   "%tmp = bitselect i1 @_ssdm_op_BitSelect.i1.i11.i32, i11 %out_pix_4, i32 10" [/home/sxy/Desktop/Vitis_Libraries/vision/L1/include/imgproc/xf_sobel.hpp:72]   --->   Operation 26 'bitselect' 'tmp' <Predicate = true> <Delay = 0.00>
ST_2 : Operation 27 [1/1] (0.00ns)   --->   "%tmp_2 = partselect i3 @_ssdm_op_PartSelect.i3.i11.i32.i32, i11 %out_pix_4, i32 8, i32 10" [/home/sxy/Desktop/Vitis_Libraries/vision/L1/include/imgproc/xf_sobel.hpp:74]   --->   Operation 27 'partselect' 'tmp_2' <Predicate = true> <Delay = 0.00>
ST_2 : Operation 28 [1/1] (1.65ns)   --->   "%icmp_ln74 = icmp_sgt  i3 %tmp_2, i3 0" [/home/sxy/Desktop/Vitis_Libraries/vision/L1/include/imgproc/xf_sobel.hpp:74]   --->   Operation 28 'icmp' 'icmp_ln74' <Predicate = true> <Delay = 1.65> <CoreInst = "Cmp">   --->   Core 9 'Cmp' <Latency = 0> <II = 1> <Delay = 1.65> <FuncUnit> <Opcode : 'icmp'> <InPorts = 2> <OutPorts = 1>
ST_2 : Operation 29 [1/1] (0.00ns) (grouped into LUT with out node select_ln72_1)   --->   "%xor_ln72 = xor i1 %tmp, i1 1" [/home/sxy/Desktop/Vitis_Libraries/vision/L1/include/imgproc/xf_sobel.hpp:72]   --->   Operation 29 'xor' 'xor_ln72' <Predicate = true> <Delay = 0.00> <CoreInst = "LogicGate">   --->   Core 74 'LogicGate' <Latency = 0> <II = 1> <Delay = 0.97> <FuncUnit> <Opcode : 'and' 'or' 'xor'> <InPorts = 2> <OutPorts = 1>
ST_2 : Operation 30 [1/1] (0.00ns) (grouped into LUT with out node select_ln72_1)   --->   "%select_ln72 = select i1 %xor_ln72, i8 255, i8 0" [/home/sxy/Desktop/Vitis_Libraries/vision/L1/include/imgproc/xf_sobel.hpp:72]   --->   Operation 30 'select' 'select_ln72' <Predicate = true> <Delay = 0.00> <CoreInst = "Sel">   --->   Core 73 'Sel' <Latency = 0> <II = 1> <Delay = 0.99> <FuncUnit> <Opcode : 'select'> <InPorts = 3> <OutPorts = 1>
ST_2 : Operation 31 [1/1] (0.00ns) (grouped into LUT with out node select_ln72_1)   --->   "%or_ln72 = or i1 %tmp, i1 %icmp_ln74" [/home/sxy/Desktop/Vitis_Libraries/vision/L1/include/imgproc/xf_sobel.hpp:72]   --->   Operation 31 'or' 'or_ln72' <Predicate = true> <Delay = 0.00> <CoreInst = "LogicGate">   --->   Core 74 'LogicGate' <Latency = 0> <II = 1> <Delay = 0.97> <FuncUnit> <Opcode : 'and' 'or' 'xor'> <InPorts = 2> <OutPorts = 1>
ST_2 : Operation 32 [1/1] (1.24ns) (out node of the LUT)   --->   "%select_ln72_1 = select i1 %or_ln72, i8 %select_ln72, i8 %trunc_ln69" [/home/sxy/Desktop/Vitis_Libraries/vision/L1/include/imgproc/xf_sobel.hpp:72]   --->   Operation 32 'select' 'select_ln72_1' <Predicate = true> <Delay = 1.24> <CoreInst = "Sel">   --->   Core 73 'Sel' <Latency = 0> <II = 1> <Delay = 1.24> <FuncUnit> <Opcode : 'select'> <InPorts = 3> <OutPorts = 1>
ST_2 : Operation 33 [1/1] (0.00ns)   --->   "%ret_ln80 = ret i8 %select_ln72_1" [/home/sxy/Desktop/Vitis_Libraries/vision/L1/include/imgproc/xf_sobel.hpp:80]   --->   Operation 33 'ret' 'ret_ln80' <Predicate = true> <Delay = 0.00>


============================================================
+ Verbose Summary: Timing violations
============================================================
Target clock period: 10.000ns, clock uncertainty: 2.700ns.

 <State 1>: 1.915ns
The critical path consists of the following:
	wire read operation ('b2_val_read', /home/sxy/Desktop/Vitis_Libraries/vision/L1/include/imgproc/xf_sobel.hpp:59) on port 'b2_val' (/home/sxy/Desktop/Vitis_Libraries/vision/L1/include/imgproc/xf_sobel.hpp:59) [7]  (0.000 ns)
	'add' operation 9 bit ('A00', /home/sxy/Desktop/Vitis_Libraries/vision/L1/include/imgproc/xf_sobel.hpp:61) [19]  (1.915 ns)

 <State 2>: 6.655ns
The critical path consists of the following:
	'add' operation 11 bit ('out_pix', /home/sxy/Desktop/Vitis_Libraries/vision/L1/include/imgproc/xf_sobel.hpp:67) [28]  (3.757 ns)
	'icmp' operation 1 bit ('icmp_ln74', /home/sxy/Desktop/Vitis_Libraries/vision/L1/include/imgproc/xf_sobel.hpp:74) [32]  (1.650 ns)
	'or' operation 1 bit ('or_ln72', /home/sxy/Desktop/Vitis_Libraries/vision/L1/include/imgproc/xf_sobel.hpp:72) [35]  (0.000 ns)
	'select' operation 8 bit ('select_ln72_1', /home/sxy/Desktop/Vitis_Libraries/vision/L1/include/imgproc/xf_sobel.hpp:72) [36]  (1.248 ns)


============================================================
+ Verbose Summary: Binding
============================================================
N/A
* FSMD analyzer results:
  - Output states:
 - Input state : 
  - Chain level:
	State 1
	State 2


============================================================
+ Verbose Summary: Datapath Resource usage 
============================================================
N/A
