

================================================================
== Vitis HLS Report for 'xFGradientX3x3_0_0_s'
================================================================
* Date:           Mon Jul 15 19:05:00 2024

* Version:        2023.2 (Build 4023990 on Oct 11 2023)
* Project:        sobel_resize_xf
* Solution:       sol2 (Vivado IP Flow Target)
* Product family: zynq
* Target device:  xc7z020-clg484-1


================================================================
== Performance Estimates
================================================================
+ Timing: 
    * Summary: 
    +--------+----------+----------+------------+
    |  Clock |  Target  | Estimated| Uncertainty|
    +--------+----------+----------+------------+
    |ap_clk  |  10.00 ns|  6.655 ns|     2.70 ns|
    +--------+----------+----------+------------+

+ Latency: 
    * Summary: 
    +---------+---------+-----------+-----------+-----+-----+---------+
    |  Latency (cycles) |   Latency (absolute)  |  Interval | Pipeline|
    |   min   |   max   |    min    |    max    | min | max |   Type  |
    +---------+---------+-----------+-----------+-----+-----+---------+
    |        1|        1|  10.000 ns|  10.000 ns|    1|    1|      yes|
    +---------+---------+-----------+-----------+-----+-----+---------+

    + Detail: 
        * Instance: 
        N/A

        * Loop: 
        N/A



================================================================
== Utilization Estimates
================================================================
* Summary: 
+-----------------+---------+-----+--------+-------+-----+
|       Name      | BRAM_18K| DSP |   FF   |  LUT  | URAM|
+-----------------+---------+-----+--------+-------+-----+
|DSP              |        -|    -|       -|      -|    -|
|Expression       |        -|    -|       0|     88|    -|
|FIFO             |        -|    -|       -|      -|    -|
|Instance         |        -|    -|       -|      -|    -|
|Memory           |        -|    -|       -|      -|    -|
|Multiplexer      |        -|    -|       -|     14|    -|
|Register         |        -|    -|      36|      -|    -|
+-----------------+---------+-----+--------+-------+-----+
|Total            |        0|    0|      36|    102|    0|
+-----------------+---------+-----+--------+-------+-----+
|Available        |      280|  220|  106400|  53200|    0|
+-----------------+---------+-----+--------+-------+-----+
|Utilization (%)  |        0|    0|      ~0|     ~0|    0|
+-----------------+---------+-----+--------+-------+-----+

+ Detail: 
    * Instance: 
    N/A

    * DSP: 
    N/A

    * Memory: 
    N/A

    * FIFO: 
    N/A

    * Expression: 
    +-------------------------+----------+----+---+----+------------+------------+
    |      Variable Name      | Operation| DSP| FF| LUT| Bitwidth P0| Bitwidth P1|
    +-------------------------+----------+----+---+----+------------+------------+
    |A00_fu_102_p2            |         +|   0|  0|  14|           9|           9|
    |S00_fu_116_p2            |         +|   0|  0|  14|           9|           9|
    |out_pix_4_fu_143_p2      |         +|   0|  0|  11|          11|          11|
    |out_pix_5_fu_137_p2      |         -|   0|  0|  11|          11|          11|
    |out_pix_fu_122_p2        |         -|   0|  0|  13|          10|          10|
    |icmp_ln74_fu_171_p2      |      icmp|   0|  0|  11|           3|           1|
    |or_ln72_fu_191_p2        |        or|   0|  0|   2|           1|           1|
    |select_ln72_1_fu_197_p3  |    select|   0|  0|   8|           1|           8|
    |select_ln72_fu_183_p3    |    select|   0|  0|   2|           1|           2|
    |xor_ln72_fu_177_p2       |       xor|   0|  0|   2|           1|           2|
    +-------------------------+----------+----+---+----+------------+------------+
    |Total                    |          |   0|  0|  88|          57|          64|
    +-------------------------+----------+----+---+----+------------+------------+

    * Multiplexer: 
    +-----------+----+-----------+-----+-----------+
    |    Name   | LUT| Input Size| Bits| Total Bits|
    +-----------+----+-----------+-----+-----------+
    |ap_return  |  14|          3|    8|         24|
    +-----------+----+-----------+-----+-----------+
    |Total      |  14|          3|    8|         24|
    +-----------+----+-----------+-----+-----------+

    * Register: 
    +-------------------+---+----+-----+-----------+
    |        Name       | FF| LUT| Bits| Const Bits|
    +-------------------+---+----+-----+-----------+
    |A00_reg_205        |  9|   0|    9|          0|
    |S00_reg_210        |  9|   0|    9|          0|
    |ap_ce_reg          |  1|   0|    1|          0|
    |ap_return_int_reg  |  8|   0|    8|          0|
    |out_pix_reg_215    |  9|   0|   10|          1|
    +-------------------+---+----+-----+-----------+
    |Total              | 36|   0|   37|          1|
    +-------------------+---+----+-----+-----------+



================================================================
== Interface
================================================================
* Summary: 
+-----------+-----+-----+------------+----------------------+--------------+
| RTL Ports | Dir | Bits|  Protocol  |     Source Object    |    C Type    |
+-----------+-----+-----+------------+----------------------+--------------+
|ap_clk     |   in|    1|  ap_ctrl_hs|  xFGradientX3x3<0, 0>|  return value|
|ap_rst     |   in|    1|  ap_ctrl_hs|  xFGradientX3x3<0, 0>|  return value|
|ap_return  |  out|    8|  ap_ctrl_hs|  xFGradientX3x3<0, 0>|  return value|
|ap_ce      |   in|    1|  ap_ctrl_hs|  xFGradientX3x3<0, 0>|  return value|
|t0_val     |   in|    8|     ap_none|                t0_val|        scalar|
|t2_val     |   in|    8|     ap_none|                t2_val|        scalar|
|m0_val     |   in|    8|     ap_none|                m0_val|        scalar|
|m2_val     |   in|    8|     ap_none|                m2_val|        scalar|
|b0_val     |   in|    8|     ap_none|                b0_val|        scalar|
|b2_val     |   in|    8|     ap_none|                b2_val|        scalar|
+-----------+-----+-----+------------+----------------------+--------------+

============================================================
+ Verbose Summary: Synthesis Manager
============================================================
InlineROM: 1
ExposeGlobal: 0
============================================================
+ Verbose Summary: CDFG Model
============================================================
IsTopModel: 0
ResetActiveHigh: 1
IsCombinational: 2
IsDatapathOnly: 1
HasWiredReturn: 1
HasMFsm: 2
HasVarLatency: 0
IsPipeline: 1
IsRtlPipelined: 1
IsInstanceOverlapped: 0
IsDontTouch: 0
HasImplIP: 0
IsGatedGlobalClock: 0

+ Individual pipeline summary: 
  * Pipeline-0: initiation interval (II) = 1, depth = 2


============================================================
+ Verbose Summary: Schedule
============================================================
* Number of FSM states : 2
* Pipeline : 1
  Pipeline-0 : II = 1, D = 2, States = { 1 2 }
* Dataflow Pipeline: 0

* FSM state transitions: 
1 --> 2 
2 --> 

* FSM state operations: 

State 1 <SV = 0> <Delay = 1.91>
ST_1 : Operation 3 [1/1] (0.00ns)   --->   "%b2_val_read = read i8 @_ssdm_op_Read.ap_auto.i8, i8 %b2_val" [/home/sxy/Desktop/Vitis_Libraries/vision/L1/include/imgproc/xf_sobel.hpp:59]   --->   Operation 3 'read' 'b2_val_read' <Predicate = true> <Delay = 0.00>
ST_1 : Operation 4 [1/1] (0.00ns)   --->   "%b0_val_read = read i8 @_ssdm_op_Read.ap_auto.i8, i8 %b0_val" [/home/sxy/Desktop/Vitis_Libraries/vision/L1/include/imgproc/xf_sobel.hpp:59]   --->   Operation 4 'read' 'b0_val_read' <Predicate = true> <Delay = 0.00>
ST_1 : Operation 5 [1/1] (0.00ns)   --->   "%m2_val_read = read i8 @_ssdm_op_Read.ap_auto.i8, i8 %m2_val" [/home/sxy/Desktop/Vitis_Libraries/vision/L1/include/imgproc/xf_sobel.hpp:59]   --->   Operation 5 'read' 'm2_val_read' <Predicate = true> <Delay = 0.00>
ST_1 : Operation 6 [1/1] (0.00ns)   --->   "%m0_val_read = read i8 @_ssdm_op_Read.ap_auto.i8, i8 %m0_val" [/home/sxy/Desktop/Vitis_Libraries/vision/L1/include/imgproc/xf_sobel.hpp:59]   --->   Operation 6 'read' 'm0_val_read' <Predicate = true> <Delay = 0.00>
ST_1 : Operation 7 [1/1] (0.00ns)   --->   "%t2_val_read = read i8 @_ssdm_op_Read.ap_auto.i8, i8 %t2_val" [/home/sxy/Desktop/Vitis_Libraries/vision/L1/include/imgproc/xf_sobel.hpp:59]   --->   Operation 7 'read' 't2_val_read' <Predicate = true> <Delay = 0.00>
ST_1 : Operation 8 [1/1] (0.00ns)   --->   "%t0_val_read = read i8 @_ssdm_op_Read.ap_auto.i8, i8 %t0_val" [/home/sxy/Desktop/Vitis_Libraries/vision/L1/include/imgproc/xf_sobel.hpp:59]   --->   Operation 8 'read' 't0_val_read' <Predicate = true> <Delay = 0.00>
ST_1 : Operation 9 [1/1] (0.00ns)   --->   "%M00 = bitconcatenate i9 @_ssdm_op_BitConcatenate.i9.i8.i1, i8 %m0_val_read, i1 0" [/home/sxy/Desktop/Vitis_Libraries/vision/L1/include/imgproc/xf_sobel.hpp:59]   --->   Operation 9 'bitconcatenate' 'M00' <Predicate = true> <Delay = 0.00>
ST_1 : Operation 10 [1/1] (0.00ns)   --->   "%zext_ln59 = zext i9 %M00" [/home/sxy/Desktop/Vitis_Libraries/vision/L1/include/imgproc/xf_sobel.hpp:59]   --->   Operation 10 'zext' 'zext_ln59' <Predicate = true> <Delay = 0.00>
ST_1 : Operation 11 [1/1] (0.00ns)   --->   "%M01 = bitconcatenate i9 @_ssdm_op_BitConcatenate.i9.i8.i1, i8 %m2_val_read, i1 0" [/home/sxy/Desktop/Vitis_Libraries/vision/L1/include/imgproc/xf_sobel.hpp:60]   --->   Operation 11 'bitconcatenate' 'M01' <Predicate = true> <Delay = 0.00>
ST_1 : Operation 12 [1/1] (0.00ns)   --->   "%zext_ln60 = zext i9 %M01" [/home/sxy/Desktop/Vitis_Libraries/vision/L1/include/imgproc/xf_sobel.hpp:60]   --->   Operation 12 'zext' 'zext_ln60' <Predicate = true> <Delay = 0.00>
ST_1 : Operation 13 [1/1] (0.00ns)   --->   "%zext_ln61 = zext i8 %t2_val_read" [/home/sxy/Desktop/Vitis_Libraries/vision/L1/include/imgproc/xf_sobel.hpp:61]   --->   Operation 13 'zext' 'zext_ln61' <Predicate = true> <Delay = 0.00>
ST_1 : Operation 14 [1/1] (0.00ns)   --->   "%zext_ln61_1 = zext i8 %b2_val_read" [/home/sxy/Desktop/Vitis_Libraries/vision/L1/include/imgproc/xf_sobel.hpp:61]   --->   Operation 14 'zext' 'zext_ln61_1' <Predicate = true> <Delay = 0.00>
ST_1 : Operation 15 [1/1] (1.91ns)   --->   "%A00 = add i9 %zext_ln61_1, i9 %zext_ln61" [/home/sxy/Desktop/Vitis_Libraries/vision/L1/include/imgproc/xf_sobel.hpp:61]   --->   Operation 15 'add' 'A00' <Predicate = true> <Delay = 1.91> <CoreInst = "Adder">   --->   Core 1 'Adder' <Latency = 0> <II = 1> <Delay = 1.82> <FuncUnit> <Opcode : 'add' 'sub'> <InPorts = 2> <OutPorts = 1>
ST_1 : Operation 16 [1/1] (0.00ns)   --->   "%zext_ln62 = zext i8 %t0_val_read" [/home/sxy/Desktop/Vitis_Libraries/vision/L1/include/imgproc/xf_sobel.hpp:62]   --->   Operation 16 'zext' 'zext_ln62' <Predicate = true> <Delay = 0.00>
ST_1 : Operation 17 [1/1] (0.00ns)   --->   "%zext_ln62_1 = zext i8 %b0_val_read" [/home/sxy/Desktop/Vitis_Libraries/vision/L1/include/imgproc/xf_sobel.hpp:62]   --->   Operation 17 'zext' 'zext_ln62_1' <Predicate = true> <Delay = 0.00>
ST_1 : Operation 18 [1/1] (1.91ns)   --->   "%S00 = add i9 %zext_ln62_1, i9 %zext_ln62" [/home/sxy/Desktop/Vitis_Libraries/vision/L1/include/imgproc/xf_sobel.hpp:62]   --->   Operation 18 'add' 'S00' <Predicate = true> <Delay = 1.91> <CoreInst = "Adder">   --->   Core 1 'Adder' <Latency = 0> <II = 1> <Delay = 1.82> <FuncUnit> <Opcode : 'add' 'sub'> <InPorts = 2> <OutPorts = 1>
ST_1 : Operation 19 [1/1] (1.82ns)   --->   "%out_pix = sub i10 %zext_ln60, i10 %zext_ln59" [/home/sxy/Desktop/Vitis_Libraries/vision/L1/include/imgproc/xf_sobel.hpp:65]   --->   Operation 19 'sub' 'out_pix' <Predicate = true> <Delay = 1.82> <CoreInst = "Adder">   --->   Core 1 'Adder' <Latency = 0> <II = 1> <Delay = 1.73> <FuncUnit> <Opcode : 'add' 'sub'> <InPorts = 2> <OutPorts = 1>

State 2 <SV = 1> <Delay = 6.65>
ST_2 : Operation 20 [1/1] (0.00ns)   --->   "%zext_ln61_2 = zext i9 %A00" [/home/sxy/Desktop/Vitis_Libraries/vision/L1/include/imgproc/xf_sobel.hpp:61]   --->   Operation 20 'zext' 'zext_ln61_2' <Predicate = true> <Delay = 0.00>
ST_2 : Operation 21 [1/1] (0.00ns)   --->   "%zext_ln62_2 = zext i9 %S00" [/home/sxy/Desktop/Vitis_Libraries/vision/L1/include/imgproc/xf_sobel.hpp:62]   --->   Operation 21 'zext' 'zext_ln62_2' <Predicate = true> <Delay = 0.00>
ST_2 : Operation 22 [1/1] (0.00ns)   --->   "%sext_ln64 = sext i10 %out_pix" [/home/sxy/Desktop/Vitis_Libraries/vision/L1/include/imgproc/xf_sobel.hpp:64]   --->   Operation 22 'sext' 'sext_ln64' <Predicate = true> <Delay = 0.00>
ST_2 : Operation 23 [1/1] (0.00ns) (grouped into TernaryAdder)   --->   "%out_pix_5 = sub i11 %sext_ln64, i11 %zext_ln62_2" [/home/sxy/Desktop/Vitis_Libraries/vision/L1/include/imgproc/xf_sobel.hpp:66]   --->   Operation 23 'sub' 'out_pix_5' <Predicate = true> <Delay = 0.00> <CoreInst = "TAddSub">   --->   Core 10 'TAddSub' <Latency = 0> <II = 1> <Delay = 1.87> <IPBlock> <Opcode : '' 'add' 'sub'> <InPorts = 3> <OutPorts = 1> <Sync> <CReg>
ST_2 : Operation 24 [1/1] (3.75ns) (root node of TernaryAdder)   --->   "%out_pix_4 = add i11 %out_pix_5, i11 %zext_ln61_2" [/home/sxy/Desktop/Vitis_Libraries/vision/L1/include/imgproc/xf_sobel.hpp:67]   --->   Operation 24 'add' 'out_pix_4' <Predicate = true> <Delay = 3.75> <CoreInst = "TAddSub">   --->   Core 10 'TAddSub' <Latency = 0> <II = 1> <Delay = 1.87> <IPBlock> <Opcode : '' 'add' 'sub'> <InPorts = 3> <OutPorts = 1> <Sync> <CReg>
ST_2 : Operation 25 [1/1] (0.00ns) (grouped into LUT with out node select_ln72_1)   --->   "%trunc_ln69 = trunc i11 %out_pix_4" [/home/sxy/Desktop/Vitis_Libraries/vision/L1/include/imgproc/xf_sobel.hpp:69]   --->   Operation 25 'trunc' 'trunc_ln69' <Predicate = true> <Delay = 0.00>
ST_2 : Operation 26 [1/1] (0.00ns)   --->   "%tmp = bitselect i1 @_ssdm_op_BitSelect.i1.i11.i32, i11 %out_pix_4, i32 10" [/home/sxy/Desktop/Vitis_Libraries/vision/L1/include/imgproc/xf_sobel.hpp:72]   --->   Operation 26 'bitselect' 'tmp' <Predicate = true> <Delay = 0.00>
ST_2 : Operation 27 [1/1] (0.00ns)   --->   "%tmp_2 = partselect i3 @_ssdm_op_PartSelect.i3.i11.i32.i32, i11 %out_pix_4, i32 8, i32 10" [/home/sxy/Desktop/Vitis_Libraries/vision/L1/include/imgproc/xf_sobel.hpp:74]   --->   Operation 27 'partselect' 'tmp_2' <Predicate = true> <Delay = 0.00>
ST_2 : Operation 28 [1/1] (1.65ns)   --->   "%icmp_ln74 = icmp_sgt  i3 %tmp_2, i3 0" [/home/sxy/Desktop/Vitis_Libraries/vision/L1/include/imgproc/xf_sobel.hpp:74]   --->   Operation 28 'icmp' 'icmp_ln74' <Predicate = true> <Delay = 1.65> <CoreInst = "Cmp">   --->   Core 9 'Cmp' <Latency = 0> <II = 1> <Delay = 1.65> <FuncUnit> <Opcode : 'icmp'> <InPorts = 2> <OutPorts = 1>
ST_2 : Operation 29 [1/1] (0.00ns) (grouped into LUT with out node select_ln72_1)   --->   "%xor_ln72 = xor i1 %tmp, i1 1" [/home/sxy/Desktop/Vitis_Libraries/vision/L1/include/imgproc/xf_sobel.hpp:72]   --->   Operation 29 'xor' 'xor_ln72' <Predicate = true> <Delay = 0.00> <CoreInst = "LogicGate">   --->   Core 74 'LogicGate' <Latency = 0> <II = 1> <Delay = 0.97> <FuncUnit> <Opcode : 'and' 'or' 'xor'> <InPorts = 2> <OutPorts = 1>
ST_2 : Operation 30 [1/1] (0.00ns) (grouped into LUT with out node select_ln72_1)   --->   "%select_ln72 = select i1 %xor_ln72, i8 255, i8 0" [/home/sxy/Desktop/Vitis_Libraries/vision/L1/include/imgproc/xf_sobel.hpp:72]   --->   Operation 30 'select' 'select_ln72' <Predicate = true> <Delay = 0.00> <CoreInst = "Sel">   --->   Core 73 'Sel' <Latency = 0> <II = 1> <Delay = 0.99> <FuncUnit> <Opcode : 'select'> <InPorts = 3> <OutPorts = 1>
ST_2 : Operation 31 [1/1] (0.00ns) (grouped into LUT with out node select_ln72_1)   --->   "%or_ln72 = or i1 %tmp, i1 %icmp_ln74" [/home/sxy/Desktop/Vitis_Libraries/vision/L1/include/imgproc/xf_sobel.hpp:72]   --->   Operation 31 'or' 'or_ln72' <Predicate = true> <Delay = 0.00> <CoreInst = "LogicGate">   --->   Core 74 'LogicGate' <Latency = 0> <II = 1> <Delay = 0.97> <FuncUnit> <Opcode : 'and' 'or' 'xor'> <InPorts = 2> <OutPorts = 1>
ST_2 : Operation 32 [1/1] (1.24ns) (out node of the LUT)   --->   "%select_ln72_1 = select i1 %or_ln72, i8 %select_ln72, i8 %trunc_ln69" [/home/sxy/Desktop/Vitis_Libraries/vision/L1/include/imgproc/xf_sobel.hpp:72]   --->   Operation 32 'select' 'select_ln72_1' <Predicate = true> <Delay = 1.24> <CoreInst = "Sel">   --->   Core 73 'Sel' <Latency = 0> <II = 1> <Delay = 1.24> <FuncUnit> <Opcode : 'select'> <InPorts = 3> <OutPorts = 1>
ST_2 : Operation 33 [1/1] (0.00ns)   --->   "%ret_ln80 = ret i8 %select_ln72_1" [/home/sxy/Desktop/Vitis_Libraries/vision/L1/include/imgproc/xf_sobel.hpp:80]   --->   Operation 33 'ret' 'ret_ln80' <Predicate = true> <Delay = 0.00>


============================================================
+ Verbose Summary: Binding
============================================================
STG Binding: 
---------------- STG Properties BEGIN ----------------
- Is combinational: 0
- Is one-state seq: 0
- Is datapath-only: 1
- Is pipelined: 1
- Is top level: 0
Port [ Return ] is wired: 1; IO mode=ap_ctrl_hs:ce=0
Port [ t0_val]:  wired=1; compound=0; hidden=0; nouse=0; global=0; static=0; extern=0; dir=0; type=0; pingpong=0; private_global=0; IO mode=ap_none:ce=0
Port [ t2_val]:  wired=1; compound=0; hidden=0; nouse=0; global=0; static=0; extern=0; dir=0; type=0; pingpong=0; private_global=0; IO mode=ap_none:ce=0
Port [ m0_val]:  wired=1; compound=0; hidden=0; nouse=0; global=0; static=0; extern=0; dir=0; type=0; pingpong=0; private_global=0; IO mode=ap_none:ce=0
Port [ m2_val]:  wired=1; compound=0; hidden=0; nouse=0; global=0; static=0; extern=0; dir=0; type=0; pingpong=0; private_global=0; IO mode=ap_none:ce=0
Port [ b0_val]:  wired=1; compound=0; hidden=0; nouse=0; global=0; static=0; extern=0; dir=0; type=0; pingpong=0; private_global=0; IO mode=ap_none:ce=0
Port [ b2_val]:  wired=1; compound=0; hidden=0; nouse=0; global=0; static=0; extern=0; dir=0; type=0; pingpong=0; private_global=0; IO mode=ap_none:ce=0
---------------- STG Properties END ------------------

---------------- Datapath Model BEGIN ----------------

<LifeTime>
<method=bitvector/>
b2_val_read   (read          ) [ 000]
b0_val_read   (read          ) [ 000]
m2_val_read   (read          ) [ 000]
m0_val_read   (read          ) [ 000]
t2_val_read   (read          ) [ 000]
t0_val_read   (read          ) [ 000]
M00           (bitconcatenate) [ 000]
zext_ln59     (zext          ) [ 000]
M01           (bitconcatenate) [ 000]
zext_ln60     (zext          ) [ 000]
zext_ln61     (zext          ) [ 000]
zext_ln61_1   (zext          ) [ 000]
A00           (add           ) [ 011]
zext_ln62     (zext          ) [ 000]
zext_ln62_1   (zext          ) [ 000]
S00           (add           ) [ 011]
out_pix       (sub           ) [ 011]
zext_ln61_2   (zext          ) [ 000]
zext_ln62_2   (zext          ) [ 000]
sext_ln64     (sext          ) [ 000]
out_pix_5     (sub           ) [ 000]
out_pix_4     (add           ) [ 000]
trunc_ln69    (trunc         ) [ 000]
tmp           (bitselect     ) [ 000]
tmp_2         (partselect    ) [ 000]
icmp_ln74     (icmp          ) [ 000]
xor_ln72      (xor           ) [ 000]
select_ln72   (select        ) [ 000]
or_ln72       (or            ) [ 000]
select_ln72_1 (select        ) [ 000]
ret_ln80      (ret           ) [ 000]
</LifeTime>

<model>

<comp_list>
<comp id="0" class="1000" name="t0_val">
<pin_list>
<pin id="1" dir="1" index="0" bw="1" slack="0"/>
</pin_list>
<bind>
<StgValue><ssdm name="t0_val"/></StgValue>
</bind>
</comp>

<comp id="2" class="1000" name="t2_val">
<pin_list>
<pin id="3" dir="1" index="0" bw="1" slack="0"/>
</pin_list>
<bind>
<StgValue><ssdm name="t2_val"/></StgValue>
</bind>
</comp>

<comp id="4" class="1000" name="m0_val">
<pin_list>
<pin id="5" dir="1" index="0" bw="1" slack="0"/>
</pin_list>
<bind>
<StgValue><ssdm name="m0_val"/></StgValue>
</bind>
</comp>

<comp id="6" class="1000" name="m2_val">
<pin_list>
<pin id="7" dir="1" index="0" bw="1" slack="0"/>
</pin_list>
<bind>
<StgValue><ssdm name="m2_val"/></StgValue>
</bind>
</comp>

<comp id="8" class="1000" name="b0_val">
<pin_list>
<pin id="9" dir="1" index="0" bw="1" slack="0"/>
</pin_list>
<bind>
<StgValue><ssdm name="b0_val"/></StgValue>
</bind>
</comp>

<comp id="10" class="1000" name="b2_val">
<pin_list>
<pin id="11" dir="1" index="0" bw="1" slack="0"/>
</pin_list>
<bind>
<StgValue><ssdm name="b2_val"/></StgValue>
</bind>
</comp>

<comp id="12" class="1001" name="const_12">
<pin_list>
<pin id="13" dir="1" index="0" bw="1" slack="0"/>
</pin_list>
<bind>
<StgValue><ssdm name="_ssdm_op_Read.ap_auto.i8"/></StgValue>
</bind>
</comp>

<comp id="14" class="1001" name="const_14">
<pin_list>
<pin id="15" dir="1" index="0" bw="1" slack="0"/>
</pin_list>
<bind>
<StgValue><ssdm name="_ssdm_op_BitConcatenate.i9.i8.i1"/></StgValue>
</bind>
</comp>

<comp id="16" class="1001" name="const_16">
<pin_list>
<pin id="17" dir="1" index="0" bw="1" slack="0"/>
</pin_list>
<bind>
<StgValue><ssdm name=""/></StgValue>
</bind>
</comp>

<comp id="18" class="1001" name="const_18">
<pin_list>
<pin id="19" dir="1" index="0" bw="1" slack="0"/>
</pin_list>
<bind>
<StgValue><ssdm name="_ssdm_op_BitSelect.i1.i11.i32"/></StgValue>
</bind>
</comp>

<comp id="20" class="1001" name="const_20">
<pin_list>
<pin id="21" dir="1" index="0" bw="1" slack="0"/>
</pin_list>
<bind>
<StgValue><ssdm name=""/></StgValue>
</bind>
</comp>

<comp id="22" class="1001" name="const_22">
<pin_list>
<pin id="23" dir="1" index="0" bw="1" slack="0"/>
</pin_list>
<bind>
<StgValue><ssdm name="_ssdm_op_PartSelect.i3.i11.i32.i32"/></StgValue>
</bind>
</comp>

<comp id="24" class="1001" name="const_24">
<pin_list>
<pin id="25" dir="1" index="0" bw="1" slack="0"/>
</pin_list>
<bind>
<StgValue><ssdm name=""/></StgValue>
</bind>
</comp>

<comp id="26" class="1001" name="const_26">
<pin_list>
<pin id="27" dir="1" index="0" bw="1" slack="0"/>
</pin_list>
<bind>
<StgValue><ssdm name=""/></StgValue>
</bind>
</comp>

<comp id="28" class="1001" name="const_28">
<pin_list>
<pin id="29" dir="1" index="0" bw="1" slack="0"/>
</pin_list>
<bind>
<StgValue><ssdm name=""/></StgValue>
</bind>
</comp>

<comp id="30" class="1001" name="const_30">
<pin_list>
<pin id="31" dir="1" index="0" bw="1" slack="0"/>
</pin_list>
<bind>
<StgValue><ssdm name=""/></StgValue>
</bind>
</comp>

<comp id="32" class="1001" name="const_32">
<pin_list>
<pin id="33" dir="1" index="0" bw="1" slack="0"/>
</pin_list>
<bind>
<StgValue><ssdm name=""/></StgValue>
</bind>
</comp>

<comp id="34" class="1004" name="b2_val_read_read_fu_34">
<pin_list>
<pin id="35" dir="0" index="0" bw="8" slack="0"/>
<pin id="36" dir="0" index="1" bw="8" slack="0"/>
<pin id="37" dir="1" index="2" bw="8" slack="0"/>
</pin_list>
<bind>
<opcode="read(1150) " fcode="read"/>
<opset="b2_val_read/1 "/>
</bind>
</comp>

<comp id="40" class="1004" name="b0_val_read_read_fu_40">
<pin_list>
<pin id="41" dir="0" index="0" bw="8" slack="0"/>
<pin id="42" dir="0" index="1" bw="8" slack="0"/>
<pin id="43" dir="1" index="2" bw="8" slack="0"/>
</pin_list>
<bind>
<opcode="read(1150) " fcode="read"/>
<opset="b0_val_read/1 "/>
</bind>
</comp>

<comp id="46" class="1004" name="m2_val_read_read_fu_46">
<pin_list>
<pin id="47" dir="0" index="0" bw="8" slack="0"/>
<pin id="48" dir="0" index="1" bw="8" slack="0"/>
<pin id="49" dir="1" index="2" bw="8" slack="0"/>
</pin_list>
<bind>
<opcode="read(1150) " fcode="read"/>
<opset="m2_val_read/1 "/>
</bind>
</comp>

<comp id="52" class="1004" name="m0_val_read_read_fu_52">
<pin_list>
<pin id="53" dir="0" index="0" bw="8" slack="0"/>
<pin id="54" dir="0" index="1" bw="8" slack="0"/>
<pin id="55" dir="1" index="2" bw="8" slack="0"/>
</pin_list>
<bind>
<opcode="read(1150) " fcode="read"/>
<opset="m0_val_read/1 "/>
</bind>
</comp>

<comp id="58" class="1004" name="t2_val_read_read_fu_58">
<pin_list>
<pin id="59" dir="0" index="0" bw="8" slack="0"/>
<pin id="60" dir="0" index="1" bw="8" slack="0"/>
<pin id="61" dir="1" index="2" bw="8" slack="0"/>
</pin_list>
<bind>
<opcode="read(1150) " fcode="read"/>
<opset="t2_val_read/1 "/>
</bind>
</comp>

<comp id="64" class="1004" name="t0_val_read_read_fu_64">
<pin_list>
<pin id="65" dir="0" index="0" bw="8" slack="0"/>
<pin id="66" dir="0" index="1" bw="8" slack="0"/>
<pin id="67" dir="1" index="2" bw="8" slack="0"/>
</pin_list>
<bind>
<opcode="read(1150) " fcode="read"/>
<opset="t0_val_read/1 "/>
</bind>
</comp>

<comp id="70" class="1004" name="M00_fu_70">
<pin_list>
<pin id="71" dir="0" index="0" bw="9" slack="0"/>
<pin id="72" dir="0" index="1" bw="8" slack="0"/>
<pin id="73" dir="0" index="2" bw="1" slack="0"/>
<pin id="74" dir="1" index="3" bw="9" slack="0"/>
</pin_list>
<bind>
<opcode="bitconcatenate(1004) " fcode="bitconcatenate"/>
<opset="M00/1 "/>
</bind>
</comp>

<comp id="78" class="1004" name="zext_ln59_fu_78">
<pin_list>
<pin id="79" dir="0" index="0" bw="9" slack="0"/>
<pin id="80" dir="1" index="1" bw="10" slack="0"/>
</pin_list>
<bind>
<opcode="zext(34) " fcode="zext"/>
<opset="zext_ln59/1 "/>
</bind>
</comp>

<comp id="82" class="1004" name="M01_fu_82">
<pin_list>
<pin id="83" dir="0" index="0" bw="9" slack="0"/>
<pin id="84" dir="0" index="1" bw="8" slack="0"/>
<pin id="85" dir="0" index="2" bw="1" slack="0"/>
<pin id="86" dir="1" index="3" bw="9" slack="0"/>
</pin_list>
<bind>
<opcode="bitconcatenate(1004) " fcode="bitconcatenate"/>
<opset="M01/1 "/>
</bind>
</comp>

<comp id="90" class="1004" name="zext_ln60_fu_90">
<pin_list>
<pin id="91" dir="0" index="0" bw="9" slack="0"/>
<pin id="92" dir="1" index="1" bw="10" slack="0"/>
</pin_list>
<bind>
<opcode="zext(34) " fcode="zext"/>
<opset="zext_ln60/1 "/>
</bind>
</comp>

<comp id="94" class="1004" name="zext_ln61_fu_94">
<pin_list>
<pin id="95" dir="0" index="0" bw="8" slack="0"/>
<pin id="96" dir="1" index="1" bw="9" slack="0"/>
</pin_list>
<bind>
<opcode="zext(34) " fcode="zext"/>
<opset="zext_ln61/1 "/>
</bind>
</comp>

<comp id="98" class="1004" name="zext_ln61_1_fu_98">
<pin_list>
<pin id="99" dir="0" index="0" bw="8" slack="0"/>
<pin id="100" dir="1" index="1" bw="9" slack="0"/>
</pin_list>
<bind>
<opcode="zext(34) " fcode="zext"/>
<opset="zext_ln61_1/1 "/>
</bind>
</comp>

<comp id="102" class="1004" name="A00_fu_102">
<pin_list>
<pin id="103" dir="0" index="0" bw="8" slack="0"/>
<pin id="104" dir="0" index="1" bw="8" slack="0"/>
<pin id="105" dir="1" index="2" bw="9" slack="1"/>
</pin_list>
<bind>
<opcode="add(8) " fcode="add"/>
<opset="A00/1 "/>
</bind>
</comp>

<comp id="108" class="1004" name="zext_ln62_fu_108">
<pin_list>
<pin id="109" dir="0" index="0" bw="8" slack="0"/>
<pin id="110" dir="1" index="1" bw="9" slack="0"/>
</pin_list>
<bind>
<opcode="zext(34) " fcode="zext"/>
<opset="zext_ln62/1 "/>
</bind>
</comp>

<comp id="112" class="1004" name="zext_ln62_1_fu_112">
<pin_list>
<pin id="113" dir="0" index="0" bw="8" slack="0"/>
<pin id="114" dir="1" index="1" bw="9" slack="0"/>
</pin_list>
<bind>
<opcode="zext(34) " fcode="zext"/>
<opset="zext_ln62_1/1 "/>
</bind>
</comp>

<comp id="116" class="1004" name="S00_fu_116">
<pin_list>
<pin id="117" dir="0" index="0" bw="8" slack="0"/>
<pin id="118" dir="0" index="1" bw="8" slack="0"/>
<pin id="119" dir="1" index="2" bw="9" slack="1"/>
</pin_list>
<bind>
<opcode="add(8) " fcode="add"/>
<opset="S00/1 "/>
</bind>
</comp>

<comp id="122" class="1004" name="out_pix_fu_122">
<pin_list>
<pin id="123" dir="0" index="0" bw="9" slack="0"/>
<pin id="124" dir="0" index="1" bw="9" slack="0"/>
<pin id="125" dir="1" index="2" bw="10" slack="1"/>
</pin_list>
<bind>
<opcode="sub(10) " fcode="sub"/>
<opset="out_pix/1 "/>
</bind>
</comp>

<comp id="128" class="1004" name="zext_ln61_2_fu_128">
<pin_list>
<pin id="129" dir="0" index="0" bw="9" slack="1"/>
<pin id="130" dir="1" index="1" bw="11" slack="0"/>
</pin_list>
<bind>
<opcode="zext(34) " fcode="zext"/>
<opset="zext_ln61_2/2 "/>
</bind>
</comp>

<comp id="131" class="1004" name="zext_ln62_2_fu_131">
<pin_list>
<pin id="132" dir="0" index="0" bw="9" slack="1"/>
<pin id="133" dir="1" index="1" bw="11" slack="0"/>
</pin_list>
<bind>
<opcode="zext(34) " fcode="zext"/>
<opset="zext_ln62_2/2 "/>
</bind>
</comp>

<comp id="134" class="1004" name="sext_ln64_fu_134">
<pin_list>
<pin id="135" dir="0" index="0" bw="10" slack="1"/>
<pin id="136" dir="1" index="1" bw="11" slack="0"/>
</pin_list>
<bind>
<opcode="sext(35) " fcode="sext"/>
<opset="sext_ln64/2 "/>
</bind>
</comp>

<comp id="137" class="1004" name="out_pix_5_fu_137">
<pin_list>
<pin id="138" dir="0" index="0" bw="10" slack="0"/>
<pin id="139" dir="0" index="1" bw="9" slack="0"/>
<pin id="140" dir="1" index="2" bw="11" slack="0"/>
</pin_list>
<bind>
<opcode="sub(10) " fcode="sub"/>
<opset="out_pix_5/2 "/>
</bind>
</comp>

<comp id="143" class="1004" name="out_pix_4_fu_143">
<pin_list>
<pin id="144" dir="0" index="0" bw="11" slack="0"/>
<pin id="145" dir="0" index="1" bw="9" slack="0"/>
<pin id="146" dir="1" index="2" bw="11" slack="0"/>
</pin_list>
<bind>
<opcode="add(8) " fcode="add"/>
<opset="out_pix_4/2 "/>
</bind>
</comp>

<comp id="149" class="1004" name="trunc_ln69_fu_149">
<pin_list>
<pin id="150" dir="0" index="0" bw="11" slack="0"/>
<pin id="151" dir="1" index="1" bw="8" slack="0"/>
</pin_list>
<bind>
<opcode="trunc(33) " fcode="trunc"/>
<opset="trunc_ln69/2 "/>
</bind>
</comp>

<comp id="153" class="1004" name="tmp_fu_153">
<pin_list>
<pin id="154" dir="0" index="0" bw="1" slack="0"/>
<pin id="155" dir="0" index="1" bw="11" slack="0"/>
<pin id="156" dir="0" index="2" bw="5" slack="0"/>
<pin id="157" dir="1" index="3" bw="1" slack="0"/>
</pin_list>
<bind>
<opcode="bitselect(1000) " fcode="bitselect"/>
<opset="tmp/2 "/>
</bind>
</comp>

<comp id="161" class="1004" name="tmp_2_fu_161">
<pin_list>
<pin id="162" dir="0" index="0" bw="3" slack="0"/>
<pin id="163" dir="0" index="1" bw="11" slack="0"/>
<pin id="164" dir="0" index="2" bw="5" slack="0"/>
<pin id="165" dir="0" index="3" bw="5" slack="0"/>
<pin id="166" dir="1" index="4" bw="3" slack="0"/>
</pin_list>
<bind>
<opcode="partselect(1002) " fcode="partselect"/>
<opset="tmp_2/2 "/>
</bind>
</comp>

<comp id="171" class="1004" name="icmp_ln74_fu_171">
<pin_list>
<pin id="172" dir="0" index="0" bw="3" slack="0"/>
<pin id="173" dir="0" index="1" bw="3" slack="0"/>
<pin id="174" dir="1" index="2" bw="1" slack="0"/>
</pin_list>
<bind>
<opcode="icmp(45) " fcode="icmp"/>
<opset="icmp_ln74/2 "/>
</bind>
</comp>

<comp id="177" class="1004" name="xor_ln72_fu_177">
<pin_list>
<pin id="178" dir="0" index="0" bw="1" slack="0"/>
<pin id="179" dir="0" index="1" bw="1" slack="0"/>
<pin id="180" dir="1" index="2" bw="1" slack="0"/>
</pin_list>
<bind>
<opcode="xor(25) " fcode="xor"/>
<opset="xor_ln72/2 "/>
</bind>
</comp>

<comp id="183" class="1004" name="select_ln72_fu_183">
<pin_list>
<pin id="184" dir="0" index="0" bw="1" slack="0"/>
<pin id="185" dir="0" index="1" bw="8" slack="0"/>
<pin id="186" dir="0" index="2" bw="8" slack="0"/>
<pin id="187" dir="1" index="3" bw="8" slack="0"/>
</pin_list>
<bind>
<opcode="select(49) " fcode="select"/>
<opset="select_ln72/2 "/>
</bind>
</comp>

<comp id="191" class="1004" name="or_ln72_fu_191">
<pin_list>
<pin id="192" dir="0" index="0" bw="1" slack="0"/>
<pin id="193" dir="0" index="1" bw="1" slack="0"/>
<pin id="194" dir="1" index="2" bw="1" slack="0"/>
</pin_list>
<bind>
<opcode="or(24) " fcode="or"/>
<opset="or_ln72/2 "/>
</bind>
</comp>

<comp id="197" class="1004" name="select_ln72_1_fu_197">
<pin_list>
<pin id="198" dir="0" index="0" bw="1" slack="0"/>
<pin id="199" dir="0" index="1" bw="8" slack="0"/>
<pin id="200" dir="0" index="2" bw="8" slack="0"/>
<pin id="201" dir="1" index="3" bw="8" slack="2147483647"/>
</pin_list>
<bind>
<opcode="select(49) " fcode="select"/>
<opset="select_ln72_1/2 "/>
</bind>
</comp>

<comp id="205" class="1005" name="A00_reg_205">
<pin_list>
<pin id="206" dir="0" index="0" bw="9" slack="1"/>
<pin id="207" dir="1" index="1" bw="9" slack="1"/>
</pin_list>
<bind>
<opset="A00 "/>
</bind>
</comp>

<comp id="210" class="1005" name="S00_reg_210">
<pin_list>
<pin id="211" dir="0" index="0" bw="9" slack="1"/>
<pin id="212" dir="1" index="1" bw="9" slack="1"/>
</pin_list>
<bind>
<opset="S00 "/>
</bind>
</comp>

<comp id="215" class="1005" name="out_pix_reg_215">
<pin_list>
<pin id="216" dir="0" index="0" bw="10" slack="1"/>
<pin id="217" dir="1" index="1" bw="10" slack="1"/>
</pin_list>
<bind>
<opset="out_pix "/>
</bind>
</comp>

</comp_list>

<net_list>
<net id="38"><net_src comp="12" pin="0"/><net_sink comp="34" pin=0"/></net>

<net id="39"><net_src comp="10" pin="0"/><net_sink comp="34" pin=1"/></net>

<net id="44"><net_src comp="12" pin="0"/><net_sink comp="40" pin=0"/></net>

<net id="45"><net_src comp="8" pin="0"/><net_sink comp="40" pin=1"/></net>

<net id="50"><net_src comp="12" pin="0"/><net_sink comp="46" pin=0"/></net>

<net id="51"><net_src comp="6" pin="0"/><net_sink comp="46" pin=1"/></net>

<net id="56"><net_src comp="12" pin="0"/><net_sink comp="52" pin=0"/></net>

<net id="57"><net_src comp="4" pin="0"/><net_sink comp="52" pin=1"/></net>

<net id="62"><net_src comp="12" pin="0"/><net_sink comp="58" pin=0"/></net>

<net id="63"><net_src comp="2" pin="0"/><net_sink comp="58" pin=1"/></net>

<net id="68"><net_src comp="12" pin="0"/><net_sink comp="64" pin=0"/></net>

<net id="69"><net_src comp="0" pin="0"/><net_sink comp="64" pin=1"/></net>

<net id="75"><net_src comp="14" pin="0"/><net_sink comp="70" pin=0"/></net>

<net id="76"><net_src comp="52" pin="2"/><net_sink comp="70" pin=1"/></net>

<net id="77"><net_src comp="16" pin="0"/><net_sink comp="70" pin=2"/></net>

<net id="81"><net_src comp="70" pin="3"/><net_sink comp="78" pin=0"/></net>

<net id="87"><net_src comp="14" pin="0"/><net_sink comp="82" pin=0"/></net>

<net id="88"><net_src comp="46" pin="2"/><net_sink comp="82" pin=1"/></net>

<net id="89"><net_src comp="16" pin="0"/><net_sink comp="82" pin=2"/></net>

<net id="93"><net_src comp="82" pin="3"/><net_sink comp="90" pin=0"/></net>

<net id="97"><net_src comp="58" pin="2"/><net_sink comp="94" pin=0"/></net>

<net id="101"><net_src comp="34" pin="2"/><net_sink comp="98" pin=0"/></net>

<net id="106"><net_src comp="98" pin="1"/><net_sink comp="102" pin=0"/></net>

<net id="107"><net_src comp="94" pin="1"/><net_sink comp="102" pin=1"/></net>

<net id="111"><net_src comp="64" pin="2"/><net_sink comp="108" pin=0"/></net>

<net id="115"><net_src comp="40" pin="2"/><net_sink comp="112" pin=0"/></net>

<net id="120"><net_src comp="112" pin="1"/><net_sink comp="116" pin=0"/></net>

<net id="121"><net_src comp="108" pin="1"/><net_sink comp="116" pin=1"/></net>

<net id="126"><net_src comp="90" pin="1"/><net_sink comp="122" pin=0"/></net>

<net id="127"><net_src comp="78" pin="1"/><net_sink comp="122" pin=1"/></net>

<net id="141"><net_src comp="134" pin="1"/><net_sink comp="137" pin=0"/></net>

<net id="142"><net_src comp="131" pin="1"/><net_sink comp="137" pin=1"/></net>

<net id="147"><net_src comp="137" pin="2"/><net_sink comp="143" pin=0"/></net>

<net id="148"><net_src comp="128" pin="1"/><net_sink comp="143" pin=1"/></net>

<net id="152"><net_src comp="143" pin="2"/><net_sink comp="149" pin=0"/></net>

<net id="158"><net_src comp="18" pin="0"/><net_sink comp="153" pin=0"/></net>

<net id="159"><net_src comp="143" pin="2"/><net_sink comp="153" pin=1"/></net>

<net id="160"><net_src comp="20" pin="0"/><net_sink comp="153" pin=2"/></net>

<net id="167"><net_src comp="22" pin="0"/><net_sink comp="161" pin=0"/></net>

<net id="168"><net_src comp="143" pin="2"/><net_sink comp="161" pin=1"/></net>

<net id="169"><net_src comp="24" pin="0"/><net_sink comp="161" pin=2"/></net>

<net id="170"><net_src comp="20" pin="0"/><net_sink comp="161" pin=3"/></net>

<net id="175"><net_src comp="161" pin="4"/><net_sink comp="171" pin=0"/></net>

<net id="176"><net_src comp="26" pin="0"/><net_sink comp="171" pin=1"/></net>

<net id="181"><net_src comp="153" pin="3"/><net_sink comp="177" pin=0"/></net>

<net id="182"><net_src comp="28" pin="0"/><net_sink comp="177" pin=1"/></net>

<net id="188"><net_src comp="177" pin="2"/><net_sink comp="183" pin=0"/></net>

<net id="189"><net_src comp="30" pin="0"/><net_sink comp="183" pin=1"/></net>

<net id="190"><net_src comp="32" pin="0"/><net_sink comp="183" pin=2"/></net>

<net id="195"><net_src comp="153" pin="3"/><net_sink comp="191" pin=0"/></net>

<net id="196"><net_src comp="171" pin="2"/><net_sink comp="191" pin=1"/></net>

<net id="202"><net_src comp="191" pin="2"/><net_sink comp="197" pin=0"/></net>

<net id="203"><net_src comp="183" pin="3"/><net_sink comp="197" pin=1"/></net>

<net id="204"><net_src comp="149" pin="1"/><net_sink comp="197" pin=2"/></net>

<net id="208"><net_src comp="102" pin="2"/><net_sink comp="205" pin=0"/></net>

<net id="209"><net_src comp="205" pin="1"/><net_sink comp="128" pin=0"/></net>

<net id="213"><net_src comp="116" pin="2"/><net_sink comp="210" pin=0"/></net>

<net id="214"><net_src comp="210" pin="1"/><net_sink comp="131" pin=0"/></net>

<net id="218"><net_src comp="122" pin="2"/><net_sink comp="215" pin=0"/></net>

<net id="219"><net_src comp="215" pin="1"/><net_sink comp="134" pin=0"/></net>

</net_list>

</model> 
---------------- Datapath Model END ------------------

* FSMD analyzer results:
  - Output states:
	Port: t0_val | {}
	Port: t2_val | {}
	Port: m0_val | {}
	Port: m2_val | {}
	Port: b0_val | {}
	Port: b2_val | {}
 - Input state : 
	Port: xFGradientX3x3<0, 0> : t0_val | {1 }
	Port: xFGradientX3x3<0, 0> : t2_val | {1 }
	Port: xFGradientX3x3<0, 0> : m0_val | {1 }
	Port: xFGradientX3x3<0, 0> : m2_val | {1 }
	Port: xFGradientX3x3<0, 0> : b0_val | {1 }
	Port: xFGradientX3x3<0, 0> : b2_val | {1 }
  - Chain level:
	State 1
		zext_ln59 : 1
		zext_ln60 : 1
		A00 : 1
		S00 : 1
		out_pix : 2
	State 2
		out_pix_5 : 1
		out_pix_4 : 2
		trunc_ln69 : 3
		tmp : 3
		tmp_2 : 3
		icmp_ln74 : 4
		xor_ln72 : 4
		select_ln72 : 4
		or_ln72 : 5
		select_ln72_1 : 5
		ret_ln80 : 6


============================================================
+ Verbose Summary: Datapath Resource usage 
============================================================

* Functional unit list:
|----------|------------------------|---------|---------|
| Operation|     Functional Unit    |    FF   |   LUT   |
|----------|------------------------|---------|---------|
|          |       A00_fu_102       |    0    |    15   |
|    add   |       S00_fu_116       |    0    |    15   |
|          |    out_pix_4_fu_143    |    0    |    11   |
|----------|------------------------|---------|---------|
|    sub   |     out_pix_fu_122     |    0    |    14   |
|          |    out_pix_5_fu_137    |    0    |    10   |
|----------|------------------------|---------|---------|
|  select  |   select_ln72_fu_183   |    0    |    8    |
|          |  select_ln72_1_fu_197  |    0    |    8    |
|----------|------------------------|---------|---------|
|   icmp   |    icmp_ln74_fu_171    |    0    |    11   |
|----------|------------------------|---------|---------|
|    xor   |     xor_ln72_fu_177    |    0    |    2    |
|----------|------------------------|---------|---------|
|    or    |     or_ln72_fu_191     |    0    |    2    |
|----------|------------------------|---------|---------|
|          | b2_val_read_read_fu_34 |    0    |    0    |
|          | b0_val_read_read_fu_40 |    0    |    0    |
|   read   | m2_val_read_read_fu_46 |    0    |    0    |
|          | m0_val_read_read_fu_52 |    0    |    0    |
|          | t2_val_read_read_fu_58 |    0    |    0    |
|          | t0_val_read_read_fu_64 |    0    |    0    |
|----------|------------------------|---------|---------|
|bitconcatenate|        M00_fu_70       |    0    |    0    |
|          |        M01_fu_82       |    0    |    0    |
|----------|------------------------|---------|---------|
|          |     zext_ln59_fu_78    |    0    |    0    |
|          |     zext_ln60_fu_90    |    0    |    0    |
|          |     zext_ln61_fu_94    |    0    |    0    |
|   zext   |    zext_ln61_1_fu_98   |    0    |    0    |
|          |    zext_ln62_fu_108    |    0    |    0    |
|          |   zext_ln62_1_fu_112   |    0    |    0    |
|          |   zext_ln61_2_fu_128   |    0    |    0    |
|          |   zext_ln62_2_fu_131   |    0    |    0    |
|----------|------------------------|---------|---------|
|   sext   |    sext_ln64_fu_134    |    0    |    0    |
|----------|------------------------|---------|---------|
|   trunc  |    trunc_ln69_fu_149   |    0    |    0    |
|----------|------------------------|---------|---------|
| bitselect|       tmp_fu_153       |    0    |    0    |
|----------|------------------------|---------|---------|
|partselect|      tmp_2_fu_161      |    0    |    0    |
|----------|------------------------|---------|---------|
|   Total  |                        |    0    |    96   |
|----------|------------------------|---------|---------|

Memories:
N/A

* Register list:
+---------------+--------+
|               |   FF   |
+---------------+--------+
|  A00_reg_205  |    9   |
|  S00_reg_210  |    9   |
|out_pix_reg_215|   10   |
+---------------+--------+
|     Total     |   28   |
+---------------+--------+

* Multiplexer (MUX) list: 
|--------|------|------|------|--------|
|  Comp  |  Pin | Size |  BW  | S x BW |
|--------|------|------|------|--------|
|  Total |      |      |      |    0   |
|--------|------|------|------|--------|



* Summary:
+-----------+--------+--------+
|           |   FF   |   LUT  |
+-----------+--------+--------+
|  Function |    0   |   96   |
|   Memory  |    -   |    -   |
|Multiplexer|    -   |    -   |
|  Register |   28   |    -   |
+-----------+--------+--------+
|   Total   |   28   |   96   |
+-----------+--------+--------+
