

================================================================
== Vitis HLS Report for 'xFSobelFilter3x3_0_0_64_64_1_0_0_1_2_2_2_1_1_64_false_s'
================================================================
* Date:           Mon Jul 15 19:04:57 2024

* Version:        2023.2 (Build 4023990 on Oct 11 2023)
* Project:        sobel_resize_xf
* Solution:       sol2 (Vivado IP Flow Target)
* Product family: zynq
* Target device:  xc7z020-clg484-1


================================================================
== Performance Estimates
================================================================
+ Timing: 
    * Summary: 
    +--------+----------+----------+------------+
    |  Clock |  Target  | Estimated| Uncertainty|
    +--------+----------+----------+------------+
    |ap_clk  |  10.00 ns|  6.919 ns|     2.70 ns|
    +--------+----------+----------+------------+

+ Latency: 
    * Summary: 
    +---------+---------+-----------+-----------+------+------+---------+
    |  Latency (cycles) |   Latency (absolute)  |   Interval  | Pipeline|
    |   min   |   max   |    min    |    max    |  min |  max |   Type  |
    +---------+---------+-----------+-----------+------+------+---------+
    |     4934|     4934|  49.340 us|  49.340 us|  4934|  4934|       no|
    +---------+---------+-----------+-----------+------+------+---------+

    + Detail: 
        * Instance: 
        +-----------------------------------------------------+------------------------------------------+---------+---------+-----------+-----------+-----+-----+---------+
        |                                                     |                                          |  Latency (cycles) |   Latency (absolute)  |  Interval | Pipeline|
        |                       Instance                      |                  Module                  |   min   |   max   |    min    |    max    | min | max |   Type  |
        +-----------------------------------------------------+------------------------------------------+---------+---------+-----------+-----------+-----+-----+---------+
        |grp_xFSobelFilter3x3_Pipeline_Clear_Row_Loop_fu_150  |xFSobelFilter3x3_Pipeline_Clear_Row_Loop  |       66|       66|   0.660 us|   0.660 us|   66|   66|       no|
        |grp_xFSobelFilter3x3_Pipeline_Col_Loop_fu_159        |xFSobelFilter3x3_Pipeline_Col_Loop        |       71|       71|   0.710 us|   0.710 us|   71|   71|       no|
        |grp_xFGradientX3x3_0_0_s_fu_183                      |xFGradientX3x3_0_0_s                      |        1|        1|  10.000 ns|  10.000 ns|    1|    1|      yes|
        |grp_xFGradientY3x3_0_0_s_fu_196                      |xFGradientY3x3_0_0_s                      |        1|        1|  10.000 ns|  10.000 ns|    1|    1|      yes|
        +-----------------------------------------------------+------------------------------------------+---------+---------+-----------+-----------+-----+-----+---------+

        * Loop: 
        +------------+---------+---------+----------+-----------+-----------+------+----------+
        |            |  Latency (cycles) | Iteration|  Initiation Interval  | Trip |          |
        |  Loop Name |   min   |   max   |  Latency |  achieved |   target  | Count| Pipelined|
        +------------+---------+---------+----------+-----------+-----------+------+----------+
        |- Row_Loop  |     4864|     4864|        76|          -|          -|    64|        no|
        +------------+---------+---------+----------+-----------+-----------+------+----------+

============================================================
+ Verbose Summary: Synthesis Manager
============================================================
InlineROM: 1
ExposeGlobal: 0
============================================================
+ Verbose Summary: CDFG Model
============================================================
IsTopModel: 0
ResetActiveHigh: 1
IsCombinational: 0
IsDatapathOnly: 0
HasWiredReturn: 1
HasMFsm: 0
HasVarLatency: 1
IsPipeline: 0
IsRtlPipelined: 0
IsInstanceOverlapped: 0
IsDontTouch: 0
HasImplIP: 0
IsGatedGlobalClock: 0


============================================================
+ Verbose Summary: Schedule
============================================================
* Number of FSM states : 9
* Pipeline : 0
* Dataflow Pipeline: 0

* FSM state transitions: 
1 --> 2 
2 --> 3 
3 --> 4 
4 --> 5 
5 --> 6 
6 --> 7 
7 --> 8 
8 --> 9 
9 --> 5 

* FSM state operations: 

State 1 <SV = 0> <Delay = 3.25>
ST_1 : Operation 10 [1/1] (0.00ns)   --->   "%row_ind = alloca i32 1" [/home/sxy/Desktop/Vitis_Libraries/vision/L1/include/imgproc/xf_sobel.hpp:207->/home/sxy/Desktop/Vitis_Libraries/vision/L1/include/imgproc/xf_sobel.hpp:392]   --->   Operation 10 'alloca' 'row_ind' <Predicate = true> <Delay = 0.00>
ST_1 : Operation 11 [1/1] (0.00ns)   --->   "%row = alloca i32 1" [/home/sxy/Desktop/Vitis_Libraries/vision/L1/include/imgproc/xf_sobel.hpp:213->/home/sxy/Desktop/Vitis_Libraries/vision/L1/include/imgproc/xf_sobel.hpp:392]   --->   Operation 11 'alloca' 'row' <Predicate = true> <Delay = 0.00>
ST_1 : Operation 12 [1/1] (0.00ns)   --->   "%tp = alloca i32 1" [/home/sxy/Desktop/Vitis_Libraries/vision/L1/include/imgproc/xf_sobel.hpp:312]   --->   Operation 12 'alloca' 'tp' <Predicate = true> <Delay = 0.00>
ST_1 : Operation 13 [1/1] (0.00ns)   --->   "%mid = alloca i32 1" [/home/sxy/Desktop/Vitis_Libraries/vision/L1/include/imgproc/xf_sobel.hpp:312]   --->   Operation 13 'alloca' 'mid' <Predicate = true> <Delay = 0.00>
ST_1 : Operation 14 [1/1] (0.00ns)   --->   "%bottom = alloca i32 1" [/home/sxy/Desktop/Vitis_Libraries/vision/L1/include/imgproc/xf_sobel.hpp:312]   --->   Operation 14 'alloca' 'bottom' <Predicate = true> <Delay = 0.00>
ST_1 : Operation 15 [1/1] (0.00ns)   --->   "%img_width_read = read i16 @_ssdm_op_Read.ap_auto.i16, i16 %img_width"   --->   Operation 15 'read' 'img_width_read' <Predicate = true> <Delay = 0.00>
ST_1 : Operation 16 [1/1] (0.00ns)   --->   "%img_height_read = read i16 @_ssdm_op_Read.ap_auto.i16, i16 %img_height"   --->   Operation 16 'read' 'img_height_read' <Predicate = true> <Delay = 0.00>
ST_1 : Operation 17 [1/1] (0.00ns)   --->   "%src_buf1_1_loc = alloca i64 1"   --->   Operation 17 'alloca' 'src_buf1_1_loc' <Predicate = true> <Delay = 0.00>
ST_1 : Operation 18 [1/1] (0.00ns)   --->   "%src_buf1_loc = alloca i64 1"   --->   Operation 18 'alloca' 'src_buf1_loc' <Predicate = true> <Delay = 0.00>
ST_1 : Operation 19 [1/1] (0.00ns)   --->   "%src_buf3_1_loc = alloca i64 1"   --->   Operation 19 'alloca' 'src_buf3_1_loc' <Predicate = true> <Delay = 0.00>
ST_1 : Operation 20 [1/1] (0.00ns)   --->   "%src_buf2_loc = alloca i64 1"   --->   Operation 20 'alloca' 'src_buf2_loc' <Predicate = true> <Delay = 0.00>
ST_1 : Operation 21 [1/1] (0.00ns)   --->   "%src_buf3_loc = alloca i64 1"   --->   Operation 21 'alloca' 'src_buf3_loc' <Predicate = true> <Delay = 0.00>
ST_1 : Operation 22 [1/1] (3.25ns)   --->   "%buf = alloca i64 1" [/home/sxy/Desktop/Vitis_Libraries/vision/L1/include/imgproc/xf_sobel.hpp:339]   --->   Operation 22 'alloca' 'buf' <Predicate = true> <Delay = 3.25> <CoreInst = "RAM_S2P_BRAM">   --->   Core 93 'RAM_S2P_BRAM' <Latency = 1> <II = 1> <Delay = 3.25> <Storage> <Opcode : 'load' 'store'> <Ports = 2> <Width = 8> <Depth = 64> <RAM>
ST_1 : Operation 23 [1/1] (3.25ns)   --->   "%buf_1 = alloca i64 1" [/home/sxy/Desktop/Vitis_Libraries/vision/L1/include/imgproc/xf_sobel.hpp:339]   --->   Operation 23 'alloca' 'buf_1' <Predicate = true> <Delay = 3.25> <CoreInst = "RAM_S2P_BRAM">   --->   Core 93 'RAM_S2P_BRAM' <Latency = 1> <II = 1> <Delay = 3.25> <Storage> <Opcode : 'load' 'store'> <Ports = 2> <Width = 8> <Depth = 64> <RAM>
ST_1 : Operation 24 [1/1] (3.25ns)   --->   "%buf_2 = alloca i64 1" [/home/sxy/Desktop/Vitis_Libraries/vision/L1/include/imgproc/xf_sobel.hpp:339]   --->   Operation 24 'alloca' 'buf_2' <Predicate = true> <Delay = 3.25> <CoreInst = "RAM_S2P_BRAM">   --->   Core 93 'RAM_S2P_BRAM' <Latency = 1> <II = 1> <Delay = 3.25> <Storage> <Opcode : 'load' 'store'> <Ports = 2> <Width = 8> <Depth = 64> <RAM>
ST_1 : Operation 25 [1/1] (1.58ns)   --->   "%store_ln213 = store i13 1, i13 %row" [/home/sxy/Desktop/Vitis_Libraries/vision/L1/include/imgproc/xf_sobel.hpp:213->/home/sxy/Desktop/Vitis_Libraries/vision/L1/include/imgproc/xf_sobel.hpp:392]   --->   Operation 25 'store' 'store_ln213' <Predicate = true> <Delay = 1.58>
ST_1 : Operation 26 [1/1] (1.58ns)   --->   "%store_ln207 = store i13 2, i13 %row_ind" [/home/sxy/Desktop/Vitis_Libraries/vision/L1/include/imgproc/xf_sobel.hpp:207->/home/sxy/Desktop/Vitis_Libraries/vision/L1/include/imgproc/xf_sobel.hpp:392]   --->   Operation 26 'store' 'store_ln207' <Predicate = true> <Delay = 1.58>

State 2 <SV = 1> <Delay = 5.33>
ST_2 : Operation 27 [1/1] (0.00ns)   --->   "%empty = wait i32 @_ssdm_op_Wait"   --->   Operation 27 'wait' 'empty' <Predicate = true> <Delay = 0.00>
ST_2 : Operation 28 [2/2] (5.33ns)   --->   "%call_ln0 = call void @xFSobelFilter3x3_Pipeline_Clear_Row_Loop, i16 %img_width_read, i8 %buf_1, i8 %buf, i8 %out_resize_mat_data"   --->   Operation 28 'call' 'call_ln0' <Predicate = true> <Delay = 5.33> <CoreType = "Generic">   --->   Core 0 '' <Latency = 0> <II = 1> <Delay = 1.00> <Generic> <Opcode : >

State 3 <SV = 2> <Delay = 0.00>
ST_3 : Operation 29 [1/2] (0.00ns)   --->   "%call_ln0 = call void @xFSobelFilter3x3_Pipeline_Clear_Row_Loop, i16 %img_width_read, i8 %buf_1, i8 %buf, i8 %out_resize_mat_data"   --->   Operation 29 'call' 'call_ln0' <Predicate = true> <Delay = 0.00> <CoreType = "Generic">   --->   Core 0 '' <Latency = 0> <II = 1> <Delay = 1.00> <Generic> <Opcode : >

State 4 <SV = 3> <Delay = 0.00>
ST_4 : Operation 30 [1/1] (0.00ns)   --->   "%specinterface_ln0 = specinterface void @_ssdm_op_SpecInterface, i8 %out_resize_mat_data, void @empty_7, i32 0, i32 0, void @empty_19, i32 0, i32 0, void @empty_19, void @empty_19, void @empty_19, i32 0, i32 0, i32 0, i32 0, void @empty_19, void @empty_19, i32 4294967295, i32 0"   --->   Operation 30 'specinterface' 'specinterface_ln0' <Predicate = true> <Delay = 0.00>
ST_4 : Operation 31 [1/1] (0.00ns)   --->   "%specinterface_ln0 = specinterface void @_ssdm_op_SpecInterface, i8 %p_dstgx_data, void @empty_7, i32 0, i32 0, void @empty_19, i32 0, i32 0, void @empty_19, void @empty_19, void @empty_19, i32 0, i32 0, i32 0, i32 0, void @empty_19, void @empty_19, i32 4294967295, i32 0"   --->   Operation 31 'specinterface' 'specinterface_ln0' <Predicate = true> <Delay = 0.00>
ST_4 : Operation 32 [1/1] (0.00ns)   --->   "%specinterface_ln0 = specinterface void @_ssdm_op_SpecInterface, i8 %p_dstgy_data, void @empty_7, i32 0, i32 0, void @empty_19, i32 0, i32 0, void @empty_19, void @empty_19, void @empty_19, i32 0, i32 0, i32 0, i32 0, void @empty_19, void @empty_19, i32 4294967295, i32 0"   --->   Operation 32 'specinterface' 'specinterface_ln0' <Predicate = true> <Delay = 0.00>
ST_4 : Operation 33 [1/1] (0.00ns)   --->   "%specmemcore_ln347 = specmemcore void @_ssdm_op_SpecMemCore, i8 %buf_2, i64 666, i64 25, i64 18446744073709551615" [/home/sxy/Desktop/Vitis_Libraries/vision/L1/include/imgproc/xf_sobel.hpp:347]   --->   Operation 33 'specmemcore' 'specmemcore_ln347' <Predicate = true> <Delay = 0.00>
ST_4 : Operation 34 [1/1] (0.00ns)   --->   "%specmemcore_ln347 = specmemcore void @_ssdm_op_SpecMemCore, i8 %buf_1, i64 666, i64 25, i64 18446744073709551615" [/home/sxy/Desktop/Vitis_Libraries/vision/L1/include/imgproc/xf_sobel.hpp:347]   --->   Operation 34 'specmemcore' 'specmemcore_ln347' <Predicate = true> <Delay = 0.00>
ST_4 : Operation 35 [1/1] (0.00ns)   --->   "%specmemcore_ln347 = specmemcore void @_ssdm_op_SpecMemCore, i8 %buf, i64 666, i64 25, i64 18446744073709551615" [/home/sxy/Desktop/Vitis_Libraries/vision/L1/include/imgproc/xf_sobel.hpp:347]   --->   Operation 35 'specmemcore' 'specmemcore_ln347' <Predicate = true> <Delay = 0.00>
ST_4 : Operation 36 [1/1] (0.00ns)   --->   "%empty_54 = wait i32 @_ssdm_op_Wait"   --->   Operation 36 'wait' 'empty_54' <Predicate = true> <Delay = 0.00>
ST_4 : Operation 37 [1/1] (0.00ns)   --->   "%br_ln366 = br void %for.body14" [/home/sxy/Desktop/Vitis_Libraries/vision/L1/include/imgproc/xf_sobel.hpp:366]   --->   Operation 37 'br' 'br_ln366' <Predicate = true> <Delay = 0.00>

State 5 <SV = 4> <Delay = 5.74>
ST_5 : Operation 38 [1/1] (0.00ns)   --->   "%row_2 = load i13 %row" [/home/sxy/Desktop/Vitis_Libraries/vision/L1/include/imgproc/xf_sobel.hpp:366]   --->   Operation 38 'load' 'row_2' <Predicate = true> <Delay = 0.00>
ST_5 : Operation 39 [1/1] (0.00ns)   --->   "%zext_ln366 = zext i13 %row_2" [/home/sxy/Desktop/Vitis_Libraries/vision/L1/include/imgproc/xf_sobel.hpp:366]   --->   Operation 39 'zext' 'zext_ln366' <Predicate = true> <Delay = 0.00>
ST_5 : Operation 40 [1/1] (2.07ns)   --->   "%icmp_ln366 = icmp_ugt  i16 %zext_ln366, i16 %img_height_read" [/home/sxy/Desktop/Vitis_Libraries/vision/L1/include/imgproc/xf_sobel.hpp:366]   --->   Operation 40 'icmp' 'icmp_ln366' <Predicate = true> <Delay = 2.07> <CoreInst = "Cmp">   --->   Core 9 'Cmp' <Latency = 0> <II = 1> <Delay = 2.07> <FuncUnit> <Opcode : 'icmp'> <InPorts = 2> <OutPorts = 1>
ST_5 : Operation 41 [1/1] (0.00ns)   --->   "%br_ln366 = br i1 %icmp_ln366, void %for.body14.split, void %for.end293.loopexit" [/home/sxy/Desktop/Vitis_Libraries/vision/L1/include/imgproc/xf_sobel.hpp:366]   --->   Operation 41 'br' 'br_ln366' <Predicate = true> <Delay = 0.00>
ST_5 : Operation 42 [1/1] (0.00ns)   --->   "%row_ind_load = load i13 %row_ind" [/home/sxy/Desktop/Vitis_Libraries/vision/L1/include/imgproc/xf_sobel.hpp:311]   --->   Operation 42 'load' 'row_ind_load' <Predicate = (!icmp_ln366)> <Delay = 0.00>
ST_5 : Operation 43 [1/1] (0.00ns)   --->   "%tp_load = load i2 %tp"   --->   Operation 43 'load' 'tp_load' <Predicate = (!icmp_ln366)> <Delay = 0.00>
ST_5 : Operation 44 [1/1] (0.00ns)   --->   "%mid_load = load i2 %mid"   --->   Operation 44 'load' 'mid_load' <Predicate = (!icmp_ln366)> <Delay = 0.00>
ST_5 : Operation 45 [1/1] (0.00ns)   --->   "%bottom_load = load i2 %bottom"   --->   Operation 45 'load' 'bottom_load' <Predicate = (!icmp_ln366)> <Delay = 0.00>
ST_5 : Operation 46 [1/1] (0.00ns)   --->   "%trunc_ln311 = trunc i13 %row_ind_load" [/home/sxy/Desktop/Vitis_Libraries/vision/L1/include/imgproc/xf_sobel.hpp:311]   --->   Operation 46 'trunc' 'trunc_ln311' <Predicate = (!icmp_ln366)> <Delay = 0.00>
ST_5 : Operation 47 [1/1] (1.70ns)   --->   "%bottom_1 = sparsemux i2 @_ssdm_op_SparseMux.ap_auto.3i2.i2.i13, i13 2, i2 2, i13 0, i2 0, i13 1, i2 1, i2 %bottom_load, i13 %row_ind_load" [/home/sxy/Desktop/Vitis_Libraries/vision/L1/include/imgproc/xf_sobel.hpp:311]   --->   Operation 47 'sparsemux' 'bottom_1' <Predicate = (!icmp_ln366)> <Delay = 1.70> <CoreInst = "SparseMux">   --->   Core 135 'SparseMux' <Latency = 0> <II = 1> <Delay = 1.70> <FuncUnit> <Opcode : 'sparsemux'> <InPorts = 2> <OutPorts = 1>
ST_5 : Operation 48 [1/1] (1.70ns)   --->   "%mid_1 = sparsemux i2 @_ssdm_op_SparseMux.ap_auto.3i2.i2.i13, i13 2, i2 1, i13 0, i2 2, i13 1, i2 0, i2 %mid_load, i13 %row_ind_load" [/home/sxy/Desktop/Vitis_Libraries/vision/L1/include/imgproc/xf_sobel.hpp:311]   --->   Operation 48 'sparsemux' 'mid_1' <Predicate = (!icmp_ln366)> <Delay = 1.70> <CoreInst = "SparseMux">   --->   Core 135 'SparseMux' <Latency = 0> <II = 1> <Delay = 1.70> <FuncUnit> <Opcode : 'sparsemux'> <InPorts = 2> <OutPorts = 1>
ST_5 : Operation 49 [1/1] (1.70ns)   --->   "%tp_1 = sparsemux i2 @_ssdm_op_SparseMux.ap_auto.3i2.i2.i13, i13 2, i2 0, i13 0, i2 1, i13 1, i2 2, i2 %tp_load, i13 %row_ind_load" [/home/sxy/Desktop/Vitis_Libraries/vision/L1/include/imgproc/xf_sobel.hpp:311]   --->   Operation 49 'sparsemux' 'tp_1' <Predicate = (!icmp_ln366)> <Delay = 1.70> <CoreInst = "SparseMux">   --->   Core 135 'SparseMux' <Latency = 0> <II = 1> <Delay = 1.70> <FuncUnit> <Opcode : 'sparsemux'> <InPorts = 2> <OutPorts = 1>
ST_5 : Operation 50 [1/1] (2.07ns)   --->   "%cmp_i_i603_i = icmp_ult  i16 %zext_ln366, i16 %img_height_read" [/home/sxy/Desktop/Vitis_Libraries/vision/L1/include/imgproc/xf_sobel.hpp:366]   --->   Operation 50 'icmp' 'cmp_i_i603_i' <Predicate = (!icmp_ln366)> <Delay = 2.07> <CoreInst = "Cmp">   --->   Core 9 'Cmp' <Latency = 0> <II = 1> <Delay = 2.07> <FuncUnit> <Opcode : 'icmp'> <InPorts = 2> <OutPorts = 1>
ST_5 : Operation 51 [1/1] (0.00ns)   --->   "%empty_55 = wait i32 @_ssdm_op_Wait"   --->   Operation 51 'wait' 'empty_55' <Predicate = (!icmp_ln366)> <Delay = 0.00>
ST_5 : Operation 52 [2/2] (3.66ns)   --->   "%call_ln311 = call void @xFSobelFilter3x3_Pipeline_Col_Loop, i16 %img_width_read, i8 %buf, i8 %buf_1, i8 %buf_2, i2 %tp_1, i2 %mid_1, i2 %bottom_1, i8 %out_resize_mat_data, i2 %trunc_ln311, i1 %cmp_i_i603_i, i8 %p_dstgx_data, i8 %p_dstgy_data, i8 %src_buf3_loc, i8 %src_buf2_loc, i8 %src_buf3_1_loc, i8 %src_buf1_loc, i8 %src_buf1_1_loc" [/home/sxy/Desktop/Vitis_Libraries/vision/L1/include/imgproc/xf_sobel.hpp:311]   --->   Operation 52 'call' 'call_ln311' <Predicate = (!icmp_ln366)> <Delay = 3.66> <CoreType = "Generic">   --->   Core 0 '' <Latency = 0> <II = 1> <Delay = 1.00> <Generic> <Opcode : >
ST_5 : Operation 53 [1/1] (1.67ns)   --->   "%row_ind_1 = add i13 %row_ind_load, i13 1" [/home/sxy/Desktop/Vitis_Libraries/vision/L1/include/imgproc/xf_sobel.hpp:457]   --->   Operation 53 'add' 'row_ind_1' <Predicate = (!icmp_ln366)> <Delay = 1.67> <CoreInst = "Adder">   --->   Core 1 'Adder' <Latency = 0> <II = 1> <Delay = 1.67> <FuncUnit> <Opcode : 'add' 'sub'> <InPorts = 2> <OutPorts = 1>
ST_5 : Operation 54 [1/1] (1.67ns)   --->   "%icmp_ln458 = icmp_eq  i13 %row_ind_1, i13 3" [/home/sxy/Desktop/Vitis_Libraries/vision/L1/include/imgproc/xf_sobel.hpp:458]   --->   Operation 54 'icmp' 'icmp_ln458' <Predicate = (!icmp_ln366)> <Delay = 1.67> <CoreInst = "Cmp">   --->   Core 9 'Cmp' <Latency = 0> <II = 1> <Delay = 1.67> <FuncUnit> <Opcode : 'icmp'> <InPorts = 2> <OutPorts = 1>
ST_5 : Operation 55 [1/1] (0.69ns)   --->   "%row_ind_2 = select i1 %icmp_ln458, i13 0, i13 %row_ind_1" [/home/sxy/Desktop/Vitis_Libraries/vision/L1/include/imgproc/xf_sobel.hpp:458]   --->   Operation 55 'select' 'row_ind_2' <Predicate = (!icmp_ln366)> <Delay = 0.69> <CoreInst = "Sel">   --->   Core 73 'Sel' <Latency = 0> <II = 1> <Delay = 0.69> <FuncUnit> <Opcode : 'select'> <InPorts = 3> <OutPorts = 1>
ST_5 : Operation 56 [1/1] (1.67ns)   --->   "%row_3 = add i13 %row_2, i13 1" [/home/sxy/Desktop/Vitis_Libraries/vision/L1/include/imgproc/xf_sobel.hpp:366]   --->   Operation 56 'add' 'row_3' <Predicate = (!icmp_ln366)> <Delay = 1.67> <CoreInst = "Adder">   --->   Core 1 'Adder' <Latency = 0> <II = 1> <Delay = 1.67> <FuncUnit> <Opcode : 'add' 'sub'> <InPorts = 2> <OutPorts = 1>
ST_5 : Operation 57 [1/1] (0.00ns)   --->   "%store_ln312 = store i2 %bottom_1, i2 %bottom" [/home/sxy/Desktop/Vitis_Libraries/vision/L1/include/imgproc/xf_sobel.hpp:312]   --->   Operation 57 'store' 'store_ln312' <Predicate = (!icmp_ln366)> <Delay = 0.00>
ST_5 : Operation 58 [1/1] (0.00ns)   --->   "%store_ln312 = store i2 %mid_1, i2 %mid" [/home/sxy/Desktop/Vitis_Libraries/vision/L1/include/imgproc/xf_sobel.hpp:312]   --->   Operation 58 'store' 'store_ln312' <Predicate = (!icmp_ln366)> <Delay = 0.00>
ST_5 : Operation 59 [1/1] (0.00ns)   --->   "%store_ln312 = store i2 %tp_1, i2 %tp" [/home/sxy/Desktop/Vitis_Libraries/vision/L1/include/imgproc/xf_sobel.hpp:312]   --->   Operation 59 'store' 'store_ln312' <Predicate = (!icmp_ln366)> <Delay = 0.00>
ST_5 : Operation 60 [1/1] (1.58ns)   --->   "%store_ln213 = store i13 %row_3, i13 %row" [/home/sxy/Desktop/Vitis_Libraries/vision/L1/include/imgproc/xf_sobel.hpp:213->/home/sxy/Desktop/Vitis_Libraries/vision/L1/include/imgproc/xf_sobel.hpp:392]   --->   Operation 60 'store' 'store_ln213' <Predicate = (!icmp_ln366)> <Delay = 1.58>
ST_5 : Operation 61 [1/1] (1.58ns)   --->   "%store_ln207 = store i13 %row_ind_2, i13 %row_ind" [/home/sxy/Desktop/Vitis_Libraries/vision/L1/include/imgproc/xf_sobel.hpp:207->/home/sxy/Desktop/Vitis_Libraries/vision/L1/include/imgproc/xf_sobel.hpp:392]   --->   Operation 61 'store' 'store_ln207' <Predicate = (!icmp_ln366)> <Delay = 1.58>
ST_5 : Operation 62 [1/1] (0.00ns)   --->   "%ret_ln462 = ret" [/home/sxy/Desktop/Vitis_Libraries/vision/L1/include/imgproc/xf_sobel.hpp:462]   --->   Operation 62 'ret' 'ret_ln462' <Predicate = (icmp_ln366)> <Delay = 0.00>

State 6 <SV = 5> <Delay = 0.00>
ST_6 : Operation 63 [1/2] (0.00ns)   --->   "%call_ln311 = call void @xFSobelFilter3x3_Pipeline_Col_Loop, i16 %img_width_read, i8 %buf, i8 %buf_1, i8 %buf_2, i2 %tp_1, i2 %mid_1, i2 %bottom_1, i8 %out_resize_mat_data, i2 %trunc_ln311, i1 %cmp_i_i603_i, i8 %p_dstgx_data, i8 %p_dstgy_data, i8 %src_buf3_loc, i8 %src_buf2_loc, i8 %src_buf3_1_loc, i8 %src_buf1_loc, i8 %src_buf1_1_loc" [/home/sxy/Desktop/Vitis_Libraries/vision/L1/include/imgproc/xf_sobel.hpp:311]   --->   Operation 63 'call' 'call_ln311' <Predicate = true> <Delay = 0.00> <CoreType = "Generic">   --->   Core 0 '' <Latency = 0> <II = 1> <Delay = 1.00> <Generic> <Opcode : >

State 7 <SV = 6> <Delay = 3.73>
ST_7 : Operation 64 [1/1] (0.00ns)   --->   "%src_buf3_loc_load = load i8 %src_buf3_loc"   --->   Operation 64 'load' 'src_buf3_loc_load' <Predicate = true> <Delay = 0.00>
ST_7 : Operation 65 [1/1] (0.00ns)   --->   "%src_buf2_loc_load = load i8 %src_buf2_loc"   --->   Operation 65 'load' 'src_buf2_loc_load' <Predicate = true> <Delay = 0.00>
ST_7 : Operation 66 [1/1] (0.00ns)   --->   "%src_buf3_1_loc_load = load i8 %src_buf3_1_loc"   --->   Operation 66 'load' 'src_buf3_1_loc_load' <Predicate = true> <Delay = 0.00>
ST_7 : Operation 67 [1/1] (0.00ns)   --->   "%src_buf1_loc_load = load i8 %src_buf1_loc"   --->   Operation 67 'load' 'src_buf1_loc_load' <Predicate = true> <Delay = 0.00>
ST_7 : Operation 68 [1/1] (0.00ns)   --->   "%src_buf1_1_loc_load = load i8 %src_buf1_1_loc"   --->   Operation 68 'load' 'src_buf1_1_loc_load' <Predicate = true> <Delay = 0.00>
ST_7 : Operation 69 [1/1] (0.00ns)   --->   "%empty_56 = wait i32 @_ssdm_op_Wait"   --->   Operation 69 'wait' 'empty_56' <Predicate = true> <Delay = 0.00>
ST_7 : Operation 70 [2/2] (1.91ns)   --->   "%ref_tmp = call i8 @xFGradientX3x3<0, 0>, i8 %src_buf1_1_loc_load, i8 0, i8 %src_buf2_loc_load, i8 0, i8 %src_buf3_loc_load, i8 0" [/home/sxy/Desktop/Vitis_Libraries/vision/L1/include/imgproc/xf_sobel.hpp:433]   --->   Operation 70 'call' 'ref_tmp' <Predicate = true> <Delay = 1.91> <CoreType = "Generic">   --->   Core 0 '' <Latency = 0> <II = 1> <Delay = 1.00> <Generic> <Opcode : >
ST_7 : Operation 71 [2/2] (3.73ns)   --->   "%ref_tmp1 = call i8 @xFGradientY3x3<0, 0>, i8 %src_buf1_1_loc_load, i8 %src_buf1_loc_load, i8 0, i8 %src_buf3_loc_load, i8 %src_buf3_1_loc_load, i8 0" [/home/sxy/Desktop/Vitis_Libraries/vision/L1/include/imgproc/xf_sobel.hpp:438]   --->   Operation 71 'call' 'ref_tmp1' <Predicate = true> <Delay = 3.73> <CoreType = "Generic">   --->   Core 0 '' <Latency = 0> <II = 1> <Delay = 1.00> <Generic> <Opcode : >

State 8 <SV = 7> <Delay = 6.65>
ST_8 : Operation 72 [1/2] (6.65ns)   --->   "%ref_tmp = call i8 @xFGradientX3x3<0, 0>, i8 %src_buf1_1_loc_load, i8 0, i8 %src_buf2_loc_load, i8 0, i8 %src_buf3_loc_load, i8 0" [/home/sxy/Desktop/Vitis_Libraries/vision/L1/include/imgproc/xf_sobel.hpp:433]   --->   Operation 72 'call' 'ref_tmp' <Predicate = true> <Delay = 6.65> <CoreType = "Generic">   --->   Core 0 '' <Latency = 0> <II = 1> <Delay = 1.00> <Generic> <Opcode : >
ST_8 : Operation 73 [1/2] (6.65ns)   --->   "%ref_tmp1 = call i8 @xFGradientY3x3<0, 0>, i8 %src_buf1_1_loc_load, i8 %src_buf1_loc_load, i8 0, i8 %src_buf3_loc_load, i8 %src_buf3_1_loc_load, i8 0" [/home/sxy/Desktop/Vitis_Libraries/vision/L1/include/imgproc/xf_sobel.hpp:438]   --->   Operation 73 'call' 'ref_tmp1' <Predicate = true> <Delay = 6.65> <CoreType = "Generic">   --->   Core 0 '' <Latency = 0> <II = 1> <Delay = 1.00> <Generic> <Opcode : >

State 9 <SV = 8> <Delay = 3.63>
ST_9 : Operation 74 [1/1] (0.00ns)   --->   "%speclooptripcount_ln368 = speclooptripcount void @_ssdm_op_SpecLoopTripCount, i64 64, i64 64, i64 64" [/home/sxy/Desktop/Vitis_Libraries/vision/L1/include/imgproc/xf_sobel.hpp:368]   --->   Operation 74 'speclooptripcount' 'speclooptripcount_ln368' <Predicate = true> <Delay = 0.00>
ST_9 : Operation 75 [1/1] (0.00ns)   --->   "%specloopname_ln366 = specloopname void @_ssdm_op_SpecLoopName, void @empty_5" [/home/sxy/Desktop/Vitis_Libraries/vision/L1/include/imgproc/xf_sobel.hpp:366]   --->   Operation 75 'specloopname' 'specloopname_ln366' <Predicate = true> <Delay = 0.00>
ST_9 : Operation 76 [1/1] (3.63ns)   --->   "%write_ln553 = write void @_ssdm_op_Write.ap_fifo.volatile.i8P0A, i8 %p_dstgx_data, i8 %ref_tmp" [/home/sxy/Desktop/Vitis_Libraries/vision/L1/include/common/xf_structs.hpp:553->/home/sxy/Desktop/Vitis_Libraries/vision/L1/include/imgproc/xf_sobel.hpp:449]   --->   Operation 76 'write' 'write_ln553' <Predicate = true> <Delay = 3.63> <CoreInst = "FIFO_SRL">   --->   Core 81 'FIFO_SRL' <Latency = 0> <II = 1> <Delay = 3.63> <Storage> <Opcode : 'read' 'write' 'nbread' 'nbwrite'> <Ports = 0> <Width = 8> <Depth = 2> <FIFO>
ST_9 : Operation 77 [1/1] (3.63ns)   --->   "%write_ln553 = write void @_ssdm_op_Write.ap_fifo.volatile.i8P0A, i8 %p_dstgy_data, i8 %ref_tmp1" [/home/sxy/Desktop/Vitis_Libraries/vision/L1/include/common/xf_structs.hpp:553->/home/sxy/Desktop/Vitis_Libraries/vision/L1/include/imgproc/xf_sobel.hpp:450]   --->   Operation 77 'write' 'write_ln553' <Predicate = true> <Delay = 3.63> <CoreInst = "FIFO_SRL">   --->   Core 81 'FIFO_SRL' <Latency = 0> <II = 1> <Delay = 3.63> <Storage> <Opcode : 'read' 'write' 'nbread' 'nbwrite'> <Ports = 0> <Width = 8> <Depth = 2> <FIFO>
ST_9 : Operation 78 [1/1] (0.00ns)   --->   "%br_ln366 = br void %for.body14" [/home/sxy/Desktop/Vitis_Libraries/vision/L1/include/imgproc/xf_sobel.hpp:366]   --->   Operation 78 'br' 'br_ln366' <Predicate = true> <Delay = 0.00>


============================================================
+ Verbose Summary: Binding
============================================================
STG Binding: 
---------------- STG Properties BEGIN ----------------
- Is combinational: 0
- Is one-state seq: 0
- Is datapath-only: 0
- Is pipelined: 0
- Is top level: 0
Port [ Return ] is wired: 1; IO mode=ap_ctrl_hs:ce=0
Port [ out_resize_mat_data]:  wired=1; compound=1; hidden=0; nouse=0; global=0; static=0; extern=0; dir=0; type=3; pingpong=0; private_global=0; IO mode=ap_fifo:ce=0
Port [ p_dstgx_data]:  wired=1; compound=1; hidden=0; nouse=0; global=0; static=0; extern=0; dir=1; type=3; pingpong=0; private_global=0; IO mode=ap_fifo:ce=0
Port [ p_dstgy_data]:  wired=1; compound=1; hidden=0; nouse=0; global=0; static=0; extern=0; dir=1; type=3; pingpong=0; private_global=0; IO mode=ap_fifo:ce=0
Port [ img_height]:  wired=1; compound=0; hidden=0; nouse=0; global=0; static=0; extern=0; dir=0; type=0; pingpong=0; private_global=0; IO mode=ap_none:ce=0
Port [ img_width]:  wired=1; compound=0; hidden=0; nouse=0; global=0; static=0; extern=0; dir=0; type=0; pingpong=0; private_global=0; IO mode=ap_none:ce=0
---------------- STG Properties END ------------------

---------------- Datapath Model BEGIN ----------------

<LifeTime>
<method=bitvector/>
row_ind                 (alloca           ) [ 0111111111]
row                     (alloca           ) [ 0111111111]
tp                      (alloca           ) [ 0011111111]
mid                     (alloca           ) [ 0011111111]
bottom                  (alloca           ) [ 0011111111]
img_width_read          (read             ) [ 0011111111]
img_height_read         (read             ) [ 0011111111]
src_buf1_1_loc          (alloca           ) [ 0011111111]
src_buf1_loc            (alloca           ) [ 0011111111]
src_buf3_1_loc          (alloca           ) [ 0011111111]
src_buf2_loc            (alloca           ) [ 0011111111]
src_buf3_loc            (alloca           ) [ 0011111111]
buf                     (alloca           ) [ 0011111111]
buf_1                   (alloca           ) [ 0011111111]
buf_2                   (alloca           ) [ 0011111111]
store_ln213             (store            ) [ 0000000000]
store_ln207             (store            ) [ 0000000000]
empty                   (wait             ) [ 0000000000]
call_ln0                (call             ) [ 0000000000]
specinterface_ln0       (specinterface    ) [ 0000000000]
specinterface_ln0       (specinterface    ) [ 0000000000]
specinterface_ln0       (specinterface    ) [ 0000000000]
specmemcore_ln347       (specmemcore      ) [ 0000000000]
specmemcore_ln347       (specmemcore      ) [ 0000000000]
specmemcore_ln347       (specmemcore      ) [ 0000000000]
empty_54                (wait             ) [ 0000000000]
br_ln366                (br               ) [ 0000000000]
row_2                   (load             ) [ 0000000000]
zext_ln366              (zext             ) [ 0000000000]
icmp_ln366              (icmp             ) [ 0000011111]
br_ln366                (br               ) [ 0000000000]
row_ind_load            (load             ) [ 0000000000]
tp_load                 (load             ) [ 0000000000]
mid_load                (load             ) [ 0000000000]
bottom_load             (load             ) [ 0000000000]
trunc_ln311             (trunc            ) [ 0000001000]
bottom_1                (sparsemux        ) [ 0000001000]
mid_1                   (sparsemux        ) [ 0000001000]
tp_1                    (sparsemux        ) [ 0000001000]
cmp_i_i603_i            (icmp             ) [ 0000001000]
empty_55                (wait             ) [ 0000000000]
row_ind_1               (add              ) [ 0000000000]
icmp_ln458              (icmp             ) [ 0000000000]
row_ind_2               (select           ) [ 0000000000]
row_3                   (add              ) [ 0000000000]
store_ln312             (store            ) [ 0000000000]
store_ln312             (store            ) [ 0000000000]
store_ln312             (store            ) [ 0000000000]
store_ln213             (store            ) [ 0000000000]
store_ln207             (store            ) [ 0000000000]
ret_ln462               (ret              ) [ 0000000000]
call_ln311              (call             ) [ 0000000000]
src_buf3_loc_load       (load             ) [ 0000000000]
src_buf2_loc_load       (load             ) [ 0000000000]
src_buf3_1_loc_load     (load             ) [ 0000000000]
src_buf1_loc_load       (load             ) [ 0000000000]
src_buf1_1_loc_load     (load             ) [ 0000000000]
empty_56                (wait             ) [ 0000000000]
ref_tmp                 (call             ) [ 0000000001]
ref_tmp1                (call             ) [ 0000000001]
speclooptripcount_ln368 (speclooptripcount) [ 0000000000]
specloopname_ln366      (specloopname     ) [ 0000000000]
write_ln553             (write            ) [ 0000000000]
write_ln553             (write            ) [ 0000000000]
br_ln366                (br               ) [ 0000000000]
</LifeTime>

<model>

<comp_list>
<comp id="0" class="1000" name="out_resize_mat_data">
<pin_list>
<pin id="1" dir="1" index="0" bw="1" slack="0"/>
</pin_list>
<bind>
<StgValue><ssdm name="out_resize_mat_data"/></StgValue>
</bind>
</comp>

<comp id="2" class="1000" name="p_dstgx_data">
<pin_list>
<pin id="3" dir="1" index="0" bw="1" slack="0"/>
</pin_list>
<bind>
<StgValue><ssdm name="p_dstgx_data"/></StgValue>
</bind>
</comp>

<comp id="4" class="1000" name="p_dstgy_data">
<pin_list>
<pin id="5" dir="1" index="0" bw="1" slack="0"/>
</pin_list>
<bind>
<StgValue><ssdm name="p_dstgy_data"/></StgValue>
</bind>
</comp>

<comp id="6" class="1000" name="img_height">
<pin_list>
<pin id="7" dir="1" index="0" bw="1" slack="0"/>
</pin_list>
<bind>
<StgValue><ssdm name="img_height"/></StgValue>
</bind>
</comp>

<comp id="8" class="1000" name="img_width">
<pin_list>
<pin id="9" dir="1" index="0" bw="1" slack="0"/>
</pin_list>
<bind>
<StgValue><ssdm name="img_width"/></StgValue>
</bind>
</comp>

<comp id="10" class="1001" name="const_10">
<pin_list>
<pin id="11" dir="1" index="0" bw="1" slack="0"/>
</pin_list>
<bind>
<StgValue><ssdm name=""/></StgValue>
</bind>
</comp>

<comp id="12" class="1001" name="const_12">
<pin_list>
<pin id="13" dir="1" index="0" bw="1" slack="0"/>
</pin_list>
<bind>
<StgValue><ssdm name="_ssdm_op_Read.ap_auto.i16"/></StgValue>
</bind>
</comp>

<comp id="14" class="1001" name="const_14">
<pin_list>
<pin id="15" dir="1" index="0" bw="1" slack="0"/>
</pin_list>
<bind>
<StgValue><ssdm name=""/></StgValue>
</bind>
</comp>

<comp id="16" class="1001" name="const_16">
<pin_list>
<pin id="17" dir="1" index="0" bw="1" slack="0"/>
</pin_list>
<bind>
<StgValue><ssdm name=""/></StgValue>
</bind>
</comp>

<comp id="18" class="1001" name="const_18">
<pin_list>
<pin id="19" dir="1" index="0" bw="1" slack="0"/>
</pin_list>
<bind>
<StgValue><ssdm name=""/></StgValue>
</bind>
</comp>

<comp id="20" class="1001" name="const_20">
<pin_list>
<pin id="21" dir="1" index="0" bw="1" slack="2147483647"/>
</pin_list>
<bind>
<StgValue><ssdm name="_ssdm_op_Wait"/></StgValue>
</bind>
</comp>

<comp id="22" class="1001" name="const_22">
<pin_list>
<pin id="23" dir="1" index="0" bw="1" slack="0"/>
</pin_list>
<bind>
<StgValue><ssdm name="xFSobelFilter3x3_Pipeline_Clear_Row_Loop"/></StgValue>
</bind>
</comp>

<comp id="24" class="1001" name="const_24">
<pin_list>
<pin id="25" dir="1" index="0" bw="1" slack="2147483647"/>
</pin_list>
<bind>
<StgValue><ssdm name="_ssdm_op_SpecInterface"/></StgValue>
</bind>
</comp>

<comp id="26" class="1001" name="const_26">
<pin_list>
<pin id="27" dir="1" index="0" bw="1" slack="2147483647"/>
</pin_list>
<bind>
<StgValue><ssdm name="empty_7"/></StgValue>
</bind>
</comp>

<comp id="28" class="1001" name="const_28">
<pin_list>
<pin id="29" dir="1" index="0" bw="1" slack="2147483647"/>
</pin_list>
<bind>
<StgValue><ssdm name=""/></StgValue>
</bind>
</comp>

<comp id="30" class="1001" name="const_30">
<pin_list>
<pin id="31" dir="1" index="0" bw="1" slack="2147483647"/>
</pin_list>
<bind>
<StgValue><ssdm name="empty_19"/></StgValue>
</bind>
</comp>

<comp id="32" class="1001" name="const_32">
<pin_list>
<pin id="33" dir="1" index="0" bw="1" slack="2147483647"/>
</pin_list>
<bind>
<StgValue><ssdm name=""/></StgValue>
</bind>
</comp>

<comp id="34" class="1001" name="const_34">
<pin_list>
<pin id="35" dir="1" index="0" bw="1" slack="2147483647"/>
</pin_list>
<bind>
<StgValue><ssdm name="_ssdm_op_SpecMemCore"/></StgValue>
</bind>
</comp>

<comp id="36" class="1001" name="const_36">
<pin_list>
<pin id="37" dir="1" index="0" bw="1" slack="2147483647"/>
</pin_list>
<bind>
<StgValue><ssdm name=""/></StgValue>
</bind>
</comp>

<comp id="38" class="1001" name="const_38">
<pin_list>
<pin id="39" dir="1" index="0" bw="1" slack="2147483647"/>
</pin_list>
<bind>
<StgValue><ssdm name=""/></StgValue>
</bind>
</comp>

<comp id="40" class="1001" name="const_40">
<pin_list>
<pin id="41" dir="1" index="0" bw="1" slack="2147483647"/>
</pin_list>
<bind>
<StgValue><ssdm name=""/></StgValue>
</bind>
</comp>

<comp id="42" class="1001" name="const_42">
<pin_list>
<pin id="43" dir="1" index="0" bw="1" slack="0"/>
</pin_list>
<bind>
<StgValue><ssdm name="_ssdm_op_SparseMux.ap_auto.3i2.i2.i13"/></StgValue>
</bind>
</comp>

<comp id="44" class="1001" name="const_44">
<pin_list>
<pin id="45" dir="1" index="0" bw="1" slack="0"/>
</pin_list>
<bind>
<StgValue><ssdm name=""/></StgValue>
</bind>
</comp>

<comp id="46" class="1001" name="const_46">
<pin_list>
<pin id="47" dir="1" index="0" bw="1" slack="0"/>
</pin_list>
<bind>
<StgValue><ssdm name=""/></StgValue>
</bind>
</comp>

<comp id="48" class="1001" name="const_48">
<pin_list>
<pin id="49" dir="1" index="0" bw="1" slack="0"/>
</pin_list>
<bind>
<StgValue><ssdm name=""/></StgValue>
</bind>
</comp>

<comp id="50" class="1001" name="const_50">
<pin_list>
<pin id="51" dir="1" index="0" bw="1" slack="0"/>
</pin_list>
<bind>
<StgValue><ssdm name=""/></StgValue>
</bind>
</comp>

<comp id="52" class="1001" name="const_52">
<pin_list>
<pin id="53" dir="1" index="0" bw="1" slack="0"/>
</pin_list>
<bind>
<StgValue><ssdm name="xFSobelFilter3x3_Pipeline_Col_Loop"/></StgValue>
</bind>
</comp>

<comp id="54" class="1001" name="const_54">
<pin_list>
<pin id="55" dir="1" index="0" bw="1" slack="0"/>
</pin_list>
<bind>
<StgValue><ssdm name=""/></StgValue>
</bind>
</comp>

<comp id="56" class="1001" name="const_56">
<pin_list>
<pin id="57" dir="1" index="0" bw="1" slack="0"/>
</pin_list>
<bind>
<StgValue><ssdm name="xFGradientX3x3<0, 0>"/></StgValue>
</bind>
</comp>

<comp id="58" class="1001" name="const_58">
<pin_list>
<pin id="59" dir="1" index="0" bw="1" slack="0"/>
</pin_list>
<bind>
<StgValue><ssdm name=""/></StgValue>
</bind>
</comp>

<comp id="60" class="1001" name="const_60">
<pin_list>
<pin id="61" dir="1" index="0" bw="1" slack="0"/>
</pin_list>
<bind>
<StgValue><ssdm name="xFGradientY3x3<0, 0>"/></StgValue>
</bind>
</comp>

<comp id="62" class="1001" name="const_62">
<pin_list>
<pin id="63" dir="1" index="0" bw="1" slack="2147483647"/>
</pin_list>
<bind>
<StgValue><ssdm name="_ssdm_op_SpecLoopTripCount"/></StgValue>
</bind>
</comp>

<comp id="64" class="1001" name="const_64">
<pin_list>
<pin id="65" dir="1" index="0" bw="1" slack="2147483647"/>
</pin_list>
<bind>
<StgValue><ssdm name=""/></StgValue>
</bind>
</comp>

<comp id="66" class="1001" name="const_66">
<pin_list>
<pin id="67" dir="1" index="0" bw="1" slack="2147483647"/>
</pin_list>
<bind>
<StgValue><ssdm name="_ssdm_op_SpecLoopName"/></StgValue>
</bind>
</comp>

<comp id="68" class="1001" name="const_68">
<pin_list>
<pin id="69" dir="1" index="0" bw="1" slack="2147483647"/>
</pin_list>
<bind>
<StgValue><ssdm name="empty_5"/></StgValue>
</bind>
</comp>

<comp id="70" class="1001" name="const_70">
<pin_list>
<pin id="71" dir="1" index="0" bw="1" slack="0"/>
</pin_list>
<bind>
<StgValue><ssdm name="_ssdm_op_Write.ap_fifo.volatile.i8P0A"/></StgValue>
</bind>
</comp>

<comp id="72" class="1004" name="row_ind_fu_72">
<pin_list>
<pin id="73" dir="0" index="0" bw="1" slack="0"/>
<pin id="74" dir="1" index="1" bw="13" slack="0"/>
</pin_list>
<bind>
<opcode="alloca(26) " fcode="alloca"/>
<opset="row_ind/1 "/>
</bind>
</comp>

<comp id="76" class="1004" name="row_fu_76">
<pin_list>
<pin id="77" dir="0" index="0" bw="1" slack="0"/>
<pin id="78" dir="1" index="1" bw="13" slack="0"/>
</pin_list>
<bind>
<opcode="alloca(26) " fcode="alloca"/>
<opset="row/1 "/>
</bind>
</comp>

<comp id="80" class="1004" name="tp_fu_80">
<pin_list>
<pin id="81" dir="0" index="0" bw="1" slack="0"/>
<pin id="82" dir="1" index="1" bw="2" slack="4"/>
</pin_list>
<bind>
<opcode="alloca(26) " fcode="alloca"/>
<opset="tp/1 "/>
</bind>
</comp>

<comp id="84" class="1004" name="mid_fu_84">
<pin_list>
<pin id="85" dir="0" index="0" bw="1" slack="0"/>
<pin id="86" dir="1" index="1" bw="2" slack="4"/>
</pin_list>
<bind>
<opcode="alloca(26) " fcode="alloca"/>
<opset="mid/1 "/>
</bind>
</comp>

<comp id="88" class="1004" name="bottom_fu_88">
<pin_list>
<pin id="89" dir="0" index="0" bw="1" slack="0"/>
<pin id="90" dir="1" index="1" bw="2" slack="4"/>
</pin_list>
<bind>
<opcode="alloca(26) " fcode="alloca"/>
<opset="bottom/1 "/>
</bind>
</comp>

<comp id="92" class="1004" name="src_buf1_1_loc_fu_92">
<pin_list>
<pin id="93" dir="0" index="0" bw="1" slack="0"/>
<pin id="94" dir="1" index="1" bw="8" slack="4"/>
</pin_list>
<bind>
<opcode="alloca(26) " fcode="alloca"/>
<opset="src_buf1_1_loc/1 "/>
</bind>
</comp>

<comp id="96" class="1004" name="src_buf1_loc_fu_96">
<pin_list>
<pin id="97" dir="0" index="0" bw="1" slack="0"/>
<pin id="98" dir="1" index="1" bw="8" slack="4"/>
</pin_list>
<bind>
<opcode="alloca(26) " fcode="alloca"/>
<opset="src_buf1_loc/1 "/>
</bind>
</comp>

<comp id="100" class="1004" name="src_buf3_1_loc_fu_100">
<pin_list>
<pin id="101" dir="0" index="0" bw="1" slack="0"/>
<pin id="102" dir="1" index="1" bw="8" slack="4"/>
</pin_list>
<bind>
<opcode="alloca(26) " fcode="alloca"/>
<opset="src_buf3_1_loc/1 "/>
</bind>
</comp>

<comp id="104" class="1004" name="src_buf2_loc_fu_104">
<pin_list>
<pin id="105" dir="0" index="0" bw="1" slack="0"/>
<pin id="106" dir="1" index="1" bw="8" slack="4"/>
</pin_list>
<bind>
<opcode="alloca(26) " fcode="alloca"/>
<opset="src_buf2_loc/1 "/>
</bind>
</comp>

<comp id="108" class="1004" name="src_buf3_loc_fu_108">
<pin_list>
<pin id="109" dir="0" index="0" bw="1" slack="0"/>
<pin id="110" dir="1" index="1" bw="8" slack="4"/>
</pin_list>
<bind>
<opcode="alloca(26) " fcode="alloca"/>
<opset="src_buf3_loc/1 "/>
</bind>
</comp>

<comp id="112" class="1004" name="buf_alloca_fu_112">
<pin_list>
<pin id="113" dir="0" index="0" bw="1" slack="0"/>
<pin id="114" dir="1" index="1" bw="8" slack="2147483647"/>
</pin_list>
<bind>
<opcode="alloca(26) " fcode="alloca"/>
<opset="buf/1 "/>
</bind>
</comp>

<comp id="116" class="1004" name="buf_1_alloca_fu_116">
<pin_list>
<pin id="117" dir="0" index="0" bw="1" slack="0"/>
<pin id="118" dir="1" index="1" bw="8" slack="2147483647"/>
</pin_list>
<bind>
<opcode="alloca(26) " fcode="alloca"/>
<opset="buf_1/1 "/>
</bind>
</comp>

<comp id="120" class="1004" name="buf_2_alloca_fu_120">
<pin_list>
<pin id="121" dir="0" index="0" bw="1" slack="0"/>
<pin id="122" dir="1" index="1" bw="8" slack="2147483647"/>
</pin_list>
<bind>
<opcode="alloca(26) " fcode="alloca"/>
<opset="buf_2/1 "/>
</bind>
</comp>

<comp id="124" class="1004" name="img_width_read_read_fu_124">
<pin_list>
<pin id="125" dir="0" index="0" bw="16" slack="0"/>
<pin id="126" dir="0" index="1" bw="16" slack="0"/>
<pin id="127" dir="1" index="2" bw="16" slack="1"/>
</pin_list>
<bind>
<opcode="read(1150) " fcode="read"/>
<opset="img_width_read/1 "/>
</bind>
</comp>

<comp id="130" class="1004" name="img_height_read_read_fu_130">
<pin_list>
<pin id="131" dir="0" index="0" bw="16" slack="0"/>
<pin id="132" dir="0" index="1" bw="16" slack="0"/>
<pin id="133" dir="1" index="2" bw="16" slack="4"/>
</pin_list>
<bind>
<opcode="read(1150) " fcode="read"/>
<opset="img_height_read/1 "/>
</bind>
</comp>

<comp id="136" class="1004" name="write_ln553_write_fu_136">
<pin_list>
<pin id="137" dir="0" index="0" bw="0" slack="0"/>
<pin id="138" dir="0" index="1" bw="8" slack="0"/>
<pin id="139" dir="0" index="2" bw="8" slack="1"/>
<pin id="140" dir="1" index="3" bw="0" slack="2147483647"/>
</pin_list>
<bind>
<opcode="write(1151) " fcode="write"/>
<opset="write_ln553/9 "/>
</bind>
</comp>

<comp id="143" class="1004" name="write_ln553_write_fu_143">
<pin_list>
<pin id="144" dir="0" index="0" bw="0" slack="0"/>
<pin id="145" dir="0" index="1" bw="8" slack="0"/>
<pin id="146" dir="0" index="2" bw="8" slack="1"/>
<pin id="147" dir="1" index="3" bw="0" slack="2147483647"/>
</pin_list>
<bind>
<opcode="write(1151) " fcode="write"/>
<opset="write_ln553/9 "/>
</bind>
</comp>

<comp id="150" class="1004" name="grp_xFSobelFilter3x3_Pipeline_Clear_Row_Loop_fu_150">
<pin_list>
<pin id="151" dir="0" index="0" bw="0" slack="0"/>
<pin id="152" dir="0" index="1" bw="16" slack="1"/>
<pin id="153" dir="0" index="2" bw="8" slack="2147483647"/>
<pin id="154" dir="0" index="3" bw="8" slack="2147483647"/>
<pin id="155" dir="0" index="4" bw="8" slack="0"/>
<pin id="156" dir="1" index="5" bw="0" slack="2147483647"/>
</pin_list>
<bind>
<opcode="call(48) " fcode="call"/>
<opset="call_ln0/2 "/>
</bind>
</comp>

<comp id="159" class="1004" name="grp_xFSobelFilter3x3_Pipeline_Col_Loop_fu_159">
<pin_list>
<pin id="160" dir="0" index="0" bw="0" slack="0"/>
<pin id="161" dir="0" index="1" bw="16" slack="4"/>
<pin id="162" dir="0" index="2" bw="8" slack="2147483647"/>
<pin id="163" dir="0" index="3" bw="8" slack="2147483647"/>
<pin id="164" dir="0" index="4" bw="8" slack="2147483647"/>
<pin id="165" dir="0" index="5" bw="2" slack="0"/>
<pin id="166" dir="0" index="6" bw="2" slack="0"/>
<pin id="167" dir="0" index="7" bw="2" slack="0"/>
<pin id="168" dir="0" index="8" bw="8" slack="0"/>
<pin id="169" dir="0" index="9" bw="2" slack="0"/>
<pin id="170" dir="0" index="10" bw="1" slack="0"/>
<pin id="171" dir="0" index="11" bw="8" slack="0"/>
<pin id="172" dir="0" index="12" bw="8" slack="0"/>
<pin id="173" dir="0" index="13" bw="8" slack="4"/>
<pin id="174" dir="0" index="14" bw="8" slack="4"/>
<pin id="175" dir="0" index="15" bw="8" slack="4"/>
<pin id="176" dir="0" index="16" bw="8" slack="4"/>
<pin id="177" dir="0" index="17" bw="8" slack="4"/>
<pin id="178" dir="1" index="18" bw="0" slack="2147483647"/>
</pin_list>
<bind>
<opcode="call(48) " fcode="call"/>
<opset="call_ln311/5 "/>
</bind>
</comp>

<comp id="183" class="1004" name="grp_xFGradientX3x3_0_0_s_fu_183">
<pin_list>
<pin id="184" dir="0" index="0" bw="8" slack="0"/>
<pin id="185" dir="0" index="1" bw="8" slack="0"/>
<pin id="186" dir="0" index="2" bw="1" slack="0"/>
<pin id="187" dir="0" index="3" bw="8" slack="0"/>
<pin id="188" dir="0" index="4" bw="1" slack="0"/>
<pin id="189" dir="0" index="5" bw="8" slack="0"/>
<pin id="190" dir="0" index="6" bw="1" slack="0"/>
<pin id="191" dir="1" index="7" bw="8" slack="1"/>
</pin_list>
<bind>
<opcode="call(48) " fcode="call"/>
<opset="ref_tmp/7 "/>
</bind>
</comp>

<comp id="196" class="1004" name="grp_xFGradientY3x3_0_0_s_fu_196">
<pin_list>
<pin id="197" dir="0" index="0" bw="8" slack="0"/>
<pin id="198" dir="0" index="1" bw="8" slack="0"/>
<pin id="199" dir="0" index="2" bw="8" slack="0"/>
<pin id="200" dir="0" index="3" bw="1" slack="0"/>
<pin id="201" dir="0" index="4" bw="8" slack="0"/>
<pin id="202" dir="0" index="5" bw="8" slack="0"/>
<pin id="203" dir="0" index="6" bw="1" slack="0"/>
<pin id="204" dir="1" index="7" bw="8" slack="1"/>
</pin_list>
<bind>
<opcode="call(48) " fcode="call"/>
<opset="ref_tmp1/7 "/>
</bind>
</comp>

<comp id="208" class="1004" name="store_ln213_store_fu_208">
<pin_list>
<pin id="209" dir="0" index="0" bw="1" slack="0"/>
<pin id="210" dir="0" index="1" bw="13" slack="0"/>
<pin id="211" dir="1" index="2" bw="0" slack="2147483647"/>
</pin_list>
<bind>
<opcode="store(28) " fcode="store"/>
<opset="store_ln213/1 "/>
</bind>
</comp>

<comp id="213" class="1004" name="store_ln207_store_fu_213">
<pin_list>
<pin id="214" dir="0" index="0" bw="3" slack="0"/>
<pin id="215" dir="0" index="1" bw="13" slack="0"/>
<pin id="216" dir="1" index="2" bw="0" slack="2147483647"/>
</pin_list>
<bind>
<opcode="store(28) " fcode="store"/>
<opset="store_ln207/1 "/>
</bind>
</comp>

<comp id="218" class="1004" name="row_2_load_fu_218">
<pin_list>
<pin id="219" dir="0" index="0" bw="13" slack="4"/>
<pin id="220" dir="1" index="1" bw="13" slack="0"/>
</pin_list>
<bind>
<opcode="load(27) " fcode="load"/>
<opset="row_2/5 "/>
</bind>
</comp>

<comp id="221" class="1004" name="zext_ln366_fu_221">
<pin_list>
<pin id="222" dir="0" index="0" bw="13" slack="0"/>
<pin id="223" dir="1" index="1" bw="16" slack="0"/>
</pin_list>
<bind>
<opcode="zext(34) " fcode="zext"/>
<opset="zext_ln366/5 "/>
</bind>
</comp>

<comp id="225" class="1004" name="icmp_ln366_fu_225">
<pin_list>
<pin id="226" dir="0" index="0" bw="13" slack="0"/>
<pin id="227" dir="0" index="1" bw="16" slack="4"/>
<pin id="228" dir="1" index="2" bw="1" slack="2147483647"/>
</pin_list>
<bind>
<opcode="icmp(45) " fcode="icmp"/>
<opset="icmp_ln366/5 "/>
</bind>
</comp>

<comp id="230" class="1004" name="row_ind_load_load_fu_230">
<pin_list>
<pin id="231" dir="0" index="0" bw="13" slack="4"/>
<pin id="232" dir="1" index="1" bw="13" slack="0"/>
</pin_list>
<bind>
<opcode="load(27) " fcode="load"/>
<opset="row_ind_load/5 "/>
</bind>
</comp>

<comp id="233" class="1004" name="tp_load_load_fu_233">
<pin_list>
<pin id="234" dir="0" index="0" bw="2" slack="4"/>
<pin id="235" dir="1" index="1" bw="2" slack="0"/>
</pin_list>
<bind>
<opcode="load(27) " fcode="load"/>
<opset="tp_load/5 "/>
</bind>
</comp>

<comp id="236" class="1004" name="mid_load_load_fu_236">
<pin_list>
<pin id="237" dir="0" index="0" bw="2" slack="4"/>
<pin id="238" dir="1" index="1" bw="2" slack="0"/>
</pin_list>
<bind>
<opcode="load(27) " fcode="load"/>
<opset="mid_load/5 "/>
</bind>
</comp>

<comp id="239" class="1004" name="bottom_load_load_fu_239">
<pin_list>
<pin id="240" dir="0" index="0" bw="2" slack="4"/>
<pin id="241" dir="1" index="1" bw="2" slack="0"/>
</pin_list>
<bind>
<opcode="load(27) " fcode="load"/>
<opset="bottom_load/5 "/>
</bind>
</comp>

<comp id="242" class="1004" name="trunc_ln311_fu_242">
<pin_list>
<pin id="243" dir="0" index="0" bw="13" slack="0"/>
<pin id="244" dir="1" index="1" bw="2" slack="0"/>
</pin_list>
<bind>
<opcode="trunc(33) " fcode="trunc"/>
<opset="trunc_ln311/5 "/>
</bind>
</comp>

<comp id="247" class="1004" name="bottom_1_fu_247">
<pin_list>
<pin id="248" dir="0" index="0" bw="2" slack="0"/>
<pin id="249" dir="0" index="1" bw="3" slack="0"/>
<pin id="250" dir="0" index="2" bw="2" slack="0"/>
<pin id="251" dir="0" index="3" bw="1" slack="0"/>
<pin id="252" dir="0" index="4" bw="1" slack="0"/>
<pin id="253" dir="0" index="5" bw="1" slack="0"/>
<pin id="254" dir="0" index="6" bw="1" slack="0"/>
<pin id="255" dir="0" index="7" bw="2" slack="0"/>
<pin id="256" dir="0" index="8" bw="13" slack="0"/>
<pin id="257" dir="1" index="9" bw="2" slack="0"/>
</pin_list>
<bind>
<opcode="sparsemux(1197) " fcode="sparsemux"/>
<opset="bottom_1/5 "/>
</bind>
</comp>

<comp id="268" class="1004" name="mid_1_fu_268">
<pin_list>
<pin id="269" dir="0" index="0" bw="2" slack="0"/>
<pin id="270" dir="0" index="1" bw="3" slack="0"/>
<pin id="271" dir="0" index="2" bw="1" slack="0"/>
<pin id="272" dir="0" index="3" bw="1" slack="0"/>
<pin id="273" dir="0" index="4" bw="2" slack="0"/>
<pin id="274" dir="0" index="5" bw="1" slack="0"/>
<pin id="275" dir="0" index="6" bw="1" slack="0"/>
<pin id="276" dir="0" index="7" bw="2" slack="0"/>
<pin id="277" dir="0" index="8" bw="13" slack="0"/>
<pin id="278" dir="1" index="9" bw="2" slack="0"/>
</pin_list>
<bind>
<opcode="sparsemux(1197) " fcode="sparsemux"/>
<opset="mid_1/5 "/>
</bind>
</comp>

<comp id="289" class="1004" name="tp_1_fu_289">
<pin_list>
<pin id="290" dir="0" index="0" bw="2" slack="0"/>
<pin id="291" dir="0" index="1" bw="3" slack="0"/>
<pin id="292" dir="0" index="2" bw="1" slack="0"/>
<pin id="293" dir="0" index="3" bw="1" slack="0"/>
<pin id="294" dir="0" index="4" bw="1" slack="0"/>
<pin id="295" dir="0" index="5" bw="1" slack="0"/>
<pin id="296" dir="0" index="6" bw="2" slack="0"/>
<pin id="297" dir="0" index="7" bw="2" slack="0"/>
<pin id="298" dir="0" index="8" bw="13" slack="0"/>
<pin id="299" dir="1" index="9" bw="2" slack="0"/>
</pin_list>
<bind>
<opcode="sparsemux(1197) " fcode="sparsemux"/>
<opset="tp_1/5 "/>
</bind>
</comp>

<comp id="310" class="1004" name="cmp_i_i603_i_fu_310">
<pin_list>
<pin id="311" dir="0" index="0" bw="13" slack="0"/>
<pin id="312" dir="0" index="1" bw="16" slack="4"/>
<pin id="313" dir="1" index="2" bw="1" slack="0"/>
</pin_list>
<bind>
<opcode="icmp(45) " fcode="icmp"/>
<opset="cmp_i_i603_i/5 "/>
</bind>
</comp>

<comp id="316" class="1004" name="row_ind_1_fu_316">
<pin_list>
<pin id="317" dir="0" index="0" bw="13" slack="0"/>
<pin id="318" dir="0" index="1" bw="1" slack="0"/>
<pin id="319" dir="1" index="2" bw="13" slack="0"/>
</pin_list>
<bind>
<opcode="add(8) " fcode="add"/>
<opset="row_ind_1/5 "/>
</bind>
</comp>

<comp id="322" class="1004" name="icmp_ln458_fu_322">
<pin_list>
<pin id="323" dir="0" index="0" bw="13" slack="0"/>
<pin id="324" dir="0" index="1" bw="3" slack="0"/>
<pin id="325" dir="1" index="2" bw="1" slack="0"/>
</pin_list>
<bind>
<opcode="icmp(45) " fcode="icmp"/>
<opset="icmp_ln458/5 "/>
</bind>
</comp>

<comp id="328" class="1004" name="row_ind_2_fu_328">
<pin_list>
<pin id="329" dir="0" index="0" bw="1" slack="0"/>
<pin id="330" dir="0" index="1" bw="1" slack="0"/>
<pin id="331" dir="0" index="2" bw="13" slack="0"/>
<pin id="332" dir="1" index="3" bw="13" slack="0"/>
</pin_list>
<bind>
<opcode="select(49) " fcode="select"/>
<opset="row_ind_2/5 "/>
</bind>
</comp>

<comp id="336" class="1004" name="row_3_fu_336">
<pin_list>
<pin id="337" dir="0" index="0" bw="13" slack="0"/>
<pin id="338" dir="0" index="1" bw="1" slack="0"/>
<pin id="339" dir="1" index="2" bw="13" slack="0"/>
</pin_list>
<bind>
<opcode="add(8) " fcode="add"/>
<opset="row_3/5 "/>
</bind>
</comp>

<comp id="342" class="1004" name="store_ln312_store_fu_342">
<pin_list>
<pin id="343" dir="0" index="0" bw="2" slack="0"/>
<pin id="344" dir="0" index="1" bw="2" slack="4"/>
<pin id="345" dir="1" index="2" bw="0" slack="2147483647"/>
</pin_list>
<bind>
<opcode="store(28) " fcode="store"/>
<opset="store_ln312/5 "/>
</bind>
</comp>

<comp id="347" class="1004" name="store_ln312_store_fu_347">
<pin_list>
<pin id="348" dir="0" index="0" bw="2" slack="0"/>
<pin id="349" dir="0" index="1" bw="2" slack="4"/>
<pin id="350" dir="1" index="2" bw="0" slack="2147483647"/>
</pin_list>
<bind>
<opcode="store(28) " fcode="store"/>
<opset="store_ln312/5 "/>
</bind>
</comp>

<comp id="352" class="1004" name="store_ln312_store_fu_352">
<pin_list>
<pin id="353" dir="0" index="0" bw="2" slack="0"/>
<pin id="354" dir="0" index="1" bw="2" slack="4"/>
<pin id="355" dir="1" index="2" bw="0" slack="2147483647"/>
</pin_list>
<bind>
<opcode="store(28) " fcode="store"/>
<opset="store_ln312/5 "/>
</bind>
</comp>

<comp id="357" class="1004" name="store_ln213_store_fu_357">
<pin_list>
<pin id="358" dir="0" index="0" bw="13" slack="0"/>
<pin id="359" dir="0" index="1" bw="13" slack="4"/>
<pin id="360" dir="1" index="2" bw="0" slack="2147483647"/>
</pin_list>
<bind>
<opcode="store(28) " fcode="store"/>
<opset="store_ln213/5 "/>
</bind>
</comp>

<comp id="362" class="1004" name="store_ln207_store_fu_362">
<pin_list>
<pin id="363" dir="0" index="0" bw="13" slack="0"/>
<pin id="364" dir="0" index="1" bw="13" slack="4"/>
<pin id="365" dir="1" index="2" bw="0" slack="2147483647"/>
</pin_list>
<bind>
<opcode="store(28) " fcode="store"/>
<opset="store_ln207/5 "/>
</bind>
</comp>

<comp id="367" class="1004" name="src_buf3_loc_load_load_fu_367">
<pin_list>
<pin id="368" dir="0" index="0" bw="8" slack="6"/>
<pin id="369" dir="1" index="1" bw="8" slack="0"/>
</pin_list>
<bind>
<opcode="load(27) " fcode="load"/>
<opset="src_buf3_loc_load/7 "/>
</bind>
</comp>

<comp id="372" class="1004" name="src_buf2_loc_load_load_fu_372">
<pin_list>
<pin id="373" dir="0" index="0" bw="8" slack="6"/>
<pin id="374" dir="1" index="1" bw="8" slack="0"/>
</pin_list>
<bind>
<opcode="load(27) " fcode="load"/>
<opset="src_buf2_loc_load/7 "/>
</bind>
</comp>

<comp id="376" class="1004" name="src_buf3_1_loc_load_load_fu_376">
<pin_list>
<pin id="377" dir="0" index="0" bw="8" slack="6"/>
<pin id="378" dir="1" index="1" bw="8" slack="0"/>
</pin_list>
<bind>
<opcode="load(27) " fcode="load"/>
<opset="src_buf3_1_loc_load/7 "/>
</bind>
</comp>

<comp id="380" class="1004" name="src_buf1_loc_load_load_fu_380">
<pin_list>
<pin id="381" dir="0" index="0" bw="8" slack="6"/>
<pin id="382" dir="1" index="1" bw="8" slack="0"/>
</pin_list>
<bind>
<opcode="load(27) " fcode="load"/>
<opset="src_buf1_loc_load/7 "/>
</bind>
</comp>

<comp id="384" class="1004" name="src_buf1_1_loc_load_load_fu_384">
<pin_list>
<pin id="385" dir="0" index="0" bw="8" slack="6"/>
<pin id="386" dir="1" index="1" bw="8" slack="0"/>
</pin_list>
<bind>
<opcode="load(27) " fcode="load"/>
<opset="src_buf1_1_loc_load/7 "/>
</bind>
</comp>

<comp id="389" class="1005" name="row_ind_reg_389">
<pin_list>
<pin id="390" dir="0" index="0" bw="13" slack="0"/>
<pin id="391" dir="1" index="1" bw="13" slack="0"/>
</pin_list>
<bind>
<opset="row_ind "/>
</bind>
</comp>

<comp id="396" class="1005" name="row_reg_396">
<pin_list>
<pin id="397" dir="0" index="0" bw="13" slack="0"/>
<pin id="398" dir="1" index="1" bw="13" slack="0"/>
</pin_list>
<bind>
<opset="row "/>
</bind>
</comp>

<comp id="403" class="1005" name="tp_reg_403">
<pin_list>
<pin id="404" dir="0" index="0" bw="2" slack="4"/>
<pin id="405" dir="1" index="1" bw="2" slack="4"/>
</pin_list>
<bind>
<opset="tp "/>
</bind>
</comp>

<comp id="409" class="1005" name="mid_reg_409">
<pin_list>
<pin id="410" dir="0" index="0" bw="2" slack="4"/>
<pin id="411" dir="1" index="1" bw="2" slack="4"/>
</pin_list>
<bind>
<opset="mid "/>
</bind>
</comp>

<comp id="415" class="1005" name="bottom_reg_415">
<pin_list>
<pin id="416" dir="0" index="0" bw="2" slack="4"/>
<pin id="417" dir="1" index="1" bw="2" slack="4"/>
</pin_list>
<bind>
<opset="bottom "/>
</bind>
</comp>

<comp id="421" class="1005" name="img_width_read_reg_421">
<pin_list>
<pin id="422" dir="0" index="0" bw="16" slack="1"/>
<pin id="423" dir="1" index="1" bw="16" slack="1"/>
</pin_list>
<bind>
<opset="img_width_read "/>
</bind>
</comp>

<comp id="427" class="1005" name="img_height_read_reg_427">
<pin_list>
<pin id="428" dir="0" index="0" bw="16" slack="4"/>
<pin id="429" dir="1" index="1" bw="16" slack="4"/>
</pin_list>
<bind>
<opset="img_height_read "/>
</bind>
</comp>

<comp id="433" class="1005" name="src_buf1_1_loc_reg_433">
<pin_list>
<pin id="434" dir="0" index="0" bw="8" slack="4"/>
<pin id="435" dir="1" index="1" bw="8" slack="4"/>
</pin_list>
<bind>
<opset="src_buf1_1_loc "/>
</bind>
</comp>

<comp id="439" class="1005" name="src_buf1_loc_reg_439">
<pin_list>
<pin id="440" dir="0" index="0" bw="8" slack="4"/>
<pin id="441" dir="1" index="1" bw="8" slack="4"/>
</pin_list>
<bind>
<opset="src_buf1_loc "/>
</bind>
</comp>

<comp id="445" class="1005" name="src_buf3_1_loc_reg_445">
<pin_list>
<pin id="446" dir="0" index="0" bw="8" slack="4"/>
<pin id="447" dir="1" index="1" bw="8" slack="4"/>
</pin_list>
<bind>
<opset="src_buf3_1_loc "/>
</bind>
</comp>

<comp id="451" class="1005" name="src_buf2_loc_reg_451">
<pin_list>
<pin id="452" dir="0" index="0" bw="8" slack="4"/>
<pin id="453" dir="1" index="1" bw="8" slack="4"/>
</pin_list>
<bind>
<opset="src_buf2_loc "/>
</bind>
</comp>

<comp id="457" class="1005" name="src_buf3_loc_reg_457">
<pin_list>
<pin id="458" dir="0" index="0" bw="8" slack="4"/>
<pin id="459" dir="1" index="1" bw="8" slack="4"/>
</pin_list>
<bind>
<opset="src_buf3_loc "/>
</bind>
</comp>

<comp id="466" class="1005" name="trunc_ln311_reg_466">
<pin_list>
<pin id="467" dir="0" index="0" bw="2" slack="1"/>
<pin id="468" dir="1" index="1" bw="2" slack="1"/>
</pin_list>
<bind>
<opset="trunc_ln311 "/>
</bind>
</comp>

<comp id="471" class="1005" name="bottom_1_reg_471">
<pin_list>
<pin id="472" dir="0" index="0" bw="2" slack="1"/>
<pin id="473" dir="1" index="1" bw="2" slack="1"/>
</pin_list>
<bind>
<opset="bottom_1 "/>
</bind>
</comp>

<comp id="476" class="1005" name="mid_1_reg_476">
<pin_list>
<pin id="477" dir="0" index="0" bw="2" slack="1"/>
<pin id="478" dir="1" index="1" bw="2" slack="1"/>
</pin_list>
<bind>
<opset="mid_1 "/>
</bind>
</comp>

<comp id="481" class="1005" name="tp_1_reg_481">
<pin_list>
<pin id="482" dir="0" index="0" bw="2" slack="1"/>
<pin id="483" dir="1" index="1" bw="2" slack="1"/>
</pin_list>
<bind>
<opset="tp_1 "/>
</bind>
</comp>

<comp id="486" class="1005" name="cmp_i_i603_i_reg_486">
<pin_list>
<pin id="487" dir="0" index="0" bw="1" slack="1"/>
<pin id="488" dir="1" index="1" bw="1" slack="1"/>
</pin_list>
<bind>
<opset="cmp_i_i603_i "/>
</bind>
</comp>

<comp id="491" class="1005" name="ref_tmp_reg_491">
<pin_list>
<pin id="492" dir="0" index="0" bw="8" slack="1"/>
<pin id="493" dir="1" index="1" bw="8" slack="1"/>
</pin_list>
<bind>
<opset="ref_tmp "/>
</bind>
</comp>

<comp id="496" class="1005" name="ref_tmp1_reg_496">
<pin_list>
<pin id="497" dir="0" index="0" bw="8" slack="1"/>
<pin id="498" dir="1" index="1" bw="8" slack="1"/>
</pin_list>
<bind>
<opset="ref_tmp1 "/>
</bind>
</comp>

</comp_list>

<net_list>
<net id="75"><net_src comp="10" pin="0"/><net_sink comp="72" pin=0"/></net>

<net id="79"><net_src comp="10" pin="0"/><net_sink comp="76" pin=0"/></net>

<net id="83"><net_src comp="10" pin="0"/><net_sink comp="80" pin=0"/></net>

<net id="87"><net_src comp="10" pin="0"/><net_sink comp="84" pin=0"/></net>

<net id="91"><net_src comp="10" pin="0"/><net_sink comp="88" pin=0"/></net>

<net id="95"><net_src comp="14" pin="0"/><net_sink comp="92" pin=0"/></net>

<net id="99"><net_src comp="14" pin="0"/><net_sink comp="96" pin=0"/></net>

<net id="103"><net_src comp="14" pin="0"/><net_sink comp="100" pin=0"/></net>

<net id="107"><net_src comp="14" pin="0"/><net_sink comp="104" pin=0"/></net>

<net id="111"><net_src comp="14" pin="0"/><net_sink comp="108" pin=0"/></net>

<net id="115"><net_src comp="14" pin="0"/><net_sink comp="112" pin=0"/></net>

<net id="119"><net_src comp="14" pin="0"/><net_sink comp="116" pin=0"/></net>

<net id="123"><net_src comp="14" pin="0"/><net_sink comp="120" pin=0"/></net>

<net id="128"><net_src comp="12" pin="0"/><net_sink comp="124" pin=0"/></net>

<net id="129"><net_src comp="8" pin="0"/><net_sink comp="124" pin=1"/></net>

<net id="134"><net_src comp="12" pin="0"/><net_sink comp="130" pin=0"/></net>

<net id="135"><net_src comp="6" pin="0"/><net_sink comp="130" pin=1"/></net>

<net id="141"><net_src comp="70" pin="0"/><net_sink comp="136" pin=0"/></net>

<net id="142"><net_src comp="2" pin="0"/><net_sink comp="136" pin=1"/></net>

<net id="148"><net_src comp="70" pin="0"/><net_sink comp="143" pin=0"/></net>

<net id="149"><net_src comp="4" pin="0"/><net_sink comp="143" pin=1"/></net>

<net id="157"><net_src comp="22" pin="0"/><net_sink comp="150" pin=0"/></net>

<net id="158"><net_src comp="0" pin="0"/><net_sink comp="150" pin=4"/></net>

<net id="179"><net_src comp="52" pin="0"/><net_sink comp="159" pin=0"/></net>

<net id="180"><net_src comp="0" pin="0"/><net_sink comp="159" pin=8"/></net>

<net id="181"><net_src comp="2" pin="0"/><net_sink comp="159" pin=11"/></net>

<net id="182"><net_src comp="4" pin="0"/><net_sink comp="159" pin=12"/></net>

<net id="192"><net_src comp="56" pin="0"/><net_sink comp="183" pin=0"/></net>

<net id="193"><net_src comp="58" pin="0"/><net_sink comp="183" pin=2"/></net>

<net id="194"><net_src comp="58" pin="0"/><net_sink comp="183" pin=4"/></net>

<net id="195"><net_src comp="58" pin="0"/><net_sink comp="183" pin=6"/></net>

<net id="205"><net_src comp="60" pin="0"/><net_sink comp="196" pin=0"/></net>

<net id="206"><net_src comp="58" pin="0"/><net_sink comp="196" pin=3"/></net>

<net id="207"><net_src comp="58" pin="0"/><net_sink comp="196" pin=6"/></net>

<net id="212"><net_src comp="16" pin="0"/><net_sink comp="208" pin=0"/></net>

<net id="217"><net_src comp="18" pin="0"/><net_sink comp="213" pin=0"/></net>

<net id="224"><net_src comp="218" pin="1"/><net_sink comp="221" pin=0"/></net>

<net id="229"><net_src comp="221" pin="1"/><net_sink comp="225" pin=0"/></net>

<net id="245"><net_src comp="230" pin="1"/><net_sink comp="242" pin=0"/></net>

<net id="246"><net_src comp="242" pin="1"/><net_sink comp="159" pin=9"/></net>

<net id="258"><net_src comp="42" pin="0"/><net_sink comp="247" pin=0"/></net>

<net id="259"><net_src comp="18" pin="0"/><net_sink comp="247" pin=1"/></net>

<net id="260"><net_src comp="44" pin="0"/><net_sink comp="247" pin=2"/></net>

<net id="261"><net_src comp="46" pin="0"/><net_sink comp="247" pin=3"/></net>

<net id="262"><net_src comp="48" pin="0"/><net_sink comp="247" pin=4"/></net>

<net id="263"><net_src comp="16" pin="0"/><net_sink comp="247" pin=5"/></net>

<net id="264"><net_src comp="50" pin="0"/><net_sink comp="247" pin=6"/></net>

<net id="265"><net_src comp="239" pin="1"/><net_sink comp="247" pin=7"/></net>

<net id="266"><net_src comp="230" pin="1"/><net_sink comp="247" pin=8"/></net>

<net id="267"><net_src comp="247" pin="9"/><net_sink comp="159" pin=7"/></net>

<net id="279"><net_src comp="42" pin="0"/><net_sink comp="268" pin=0"/></net>

<net id="280"><net_src comp="18" pin="0"/><net_sink comp="268" pin=1"/></net>

<net id="281"><net_src comp="50" pin="0"/><net_sink comp="268" pin=2"/></net>

<net id="282"><net_src comp="46" pin="0"/><net_sink comp="268" pin=3"/></net>

<net id="283"><net_src comp="44" pin="0"/><net_sink comp="268" pin=4"/></net>

<net id="284"><net_src comp="16" pin="0"/><net_sink comp="268" pin=5"/></net>

<net id="285"><net_src comp="48" pin="0"/><net_sink comp="268" pin=6"/></net>

<net id="286"><net_src comp="236" pin="1"/><net_sink comp="268" pin=7"/></net>

<net id="287"><net_src comp="230" pin="1"/><net_sink comp="268" pin=8"/></net>

<net id="288"><net_src comp="268" pin="9"/><net_sink comp="159" pin=6"/></net>

<net id="300"><net_src comp="42" pin="0"/><net_sink comp="289" pin=0"/></net>

<net id="301"><net_src comp="18" pin="0"/><net_sink comp="289" pin=1"/></net>

<net id="302"><net_src comp="48" pin="0"/><net_sink comp="289" pin=2"/></net>

<net id="303"><net_src comp="46" pin="0"/><net_sink comp="289" pin=3"/></net>

<net id="304"><net_src comp="50" pin="0"/><net_sink comp="289" pin=4"/></net>

<net id="305"><net_src comp="16" pin="0"/><net_sink comp="289" pin=5"/></net>

<net id="306"><net_src comp="44" pin="0"/><net_sink comp="289" pin=6"/></net>

<net id="307"><net_src comp="233" pin="1"/><net_sink comp="289" pin=7"/></net>

<net id="308"><net_src comp="230" pin="1"/><net_sink comp="289" pin=8"/></net>

<net id="309"><net_src comp="289" pin="9"/><net_sink comp="159" pin=5"/></net>

<net id="314"><net_src comp="221" pin="1"/><net_sink comp="310" pin=0"/></net>

<net id="315"><net_src comp="310" pin="2"/><net_sink comp="159" pin=10"/></net>

<net id="320"><net_src comp="230" pin="1"/><net_sink comp="316" pin=0"/></net>

<net id="321"><net_src comp="16" pin="0"/><net_sink comp="316" pin=1"/></net>

<net id="326"><net_src comp="316" pin="2"/><net_sink comp="322" pin=0"/></net>

<net id="327"><net_src comp="54" pin="0"/><net_sink comp="322" pin=1"/></net>

<net id="333"><net_src comp="322" pin="2"/><net_sink comp="328" pin=0"/></net>

<net id="334"><net_src comp="46" pin="0"/><net_sink comp="328" pin=1"/></net>

<net id="335"><net_src comp="316" pin="2"/><net_sink comp="328" pin=2"/></net>

<net id="340"><net_src comp="218" pin="1"/><net_sink comp="336" pin=0"/></net>

<net id="341"><net_src comp="16" pin="0"/><net_sink comp="336" pin=1"/></net>

<net id="346"><net_src comp="247" pin="9"/><net_sink comp="342" pin=0"/></net>

<net id="351"><net_src comp="268" pin="9"/><net_sink comp="347" pin=0"/></net>

<net id="356"><net_src comp="289" pin="9"/><net_sink comp="352" pin=0"/></net>

<net id="361"><net_src comp="336" pin="2"/><net_sink comp="357" pin=0"/></net>

<net id="366"><net_src comp="328" pin="3"/><net_sink comp="362" pin=0"/></net>

<net id="370"><net_src comp="367" pin="1"/><net_sink comp="183" pin=5"/></net>

<net id="371"><net_src comp="367" pin="1"/><net_sink comp="196" pin=4"/></net>

<net id="375"><net_src comp="372" pin="1"/><net_sink comp="183" pin=3"/></net>

<net id="379"><net_src comp="376" pin="1"/><net_sink comp="196" pin=5"/></net>

<net id="383"><net_src comp="380" pin="1"/><net_sink comp="196" pin=2"/></net>

<net id="387"><net_src comp="384" pin="1"/><net_sink comp="183" pin=1"/></net>

<net id="388"><net_src comp="384" pin="1"/><net_sink comp="196" pin=1"/></net>

<net id="392"><net_src comp="72" pin="1"/><net_sink comp="389" pin=0"/></net>

<net id="393"><net_src comp="389" pin="1"/><net_sink comp="213" pin=1"/></net>

<net id="394"><net_src comp="389" pin="1"/><net_sink comp="230" pin=0"/></net>

<net id="395"><net_src comp="389" pin="1"/><net_sink comp="362" pin=1"/></net>

<net id="399"><net_src comp="76" pin="1"/><net_sink comp="396" pin=0"/></net>

<net id="400"><net_src comp="396" pin="1"/><net_sink comp="208" pin=1"/></net>

<net id="401"><net_src comp="396" pin="1"/><net_sink comp="218" pin=0"/></net>

<net id="402"><net_src comp="396" pin="1"/><net_sink comp="357" pin=1"/></net>

<net id="406"><net_src comp="80" pin="1"/><net_sink comp="403" pin=0"/></net>

<net id="407"><net_src comp="403" pin="1"/><net_sink comp="233" pin=0"/></net>

<net id="408"><net_src comp="403" pin="1"/><net_sink comp="352" pin=1"/></net>

<net id="412"><net_src comp="84" pin="1"/><net_sink comp="409" pin=0"/></net>

<net id="413"><net_src comp="409" pin="1"/><net_sink comp="236" pin=0"/></net>

<net id="414"><net_src comp="409" pin="1"/><net_sink comp="347" pin=1"/></net>

<net id="418"><net_src comp="88" pin="1"/><net_sink comp="415" pin=0"/></net>

<net id="419"><net_src comp="415" pin="1"/><net_sink comp="239" pin=0"/></net>

<net id="420"><net_src comp="415" pin="1"/><net_sink comp="342" pin=1"/></net>

<net id="424"><net_src comp="124" pin="2"/><net_sink comp="421" pin=0"/></net>

<net id="425"><net_src comp="421" pin="1"/><net_sink comp="150" pin=1"/></net>

<net id="426"><net_src comp="421" pin="1"/><net_sink comp="159" pin=1"/></net>

<net id="430"><net_src comp="130" pin="2"/><net_sink comp="427" pin=0"/></net>

<net id="431"><net_src comp="427" pin="1"/><net_sink comp="225" pin=1"/></net>

<net id="432"><net_src comp="427" pin="1"/><net_sink comp="310" pin=1"/></net>

<net id="436"><net_src comp="92" pin="1"/><net_sink comp="433" pin=0"/></net>

<net id="437"><net_src comp="433" pin="1"/><net_sink comp="159" pin=17"/></net>

<net id="438"><net_src comp="433" pin="1"/><net_sink comp="384" pin=0"/></net>

<net id="442"><net_src comp="96" pin="1"/><net_sink comp="439" pin=0"/></net>

<net id="443"><net_src comp="439" pin="1"/><net_sink comp="159" pin=16"/></net>

<net id="444"><net_src comp="439" pin="1"/><net_sink comp="380" pin=0"/></net>

<net id="448"><net_src comp="100" pin="1"/><net_sink comp="445" pin=0"/></net>

<net id="449"><net_src comp="445" pin="1"/><net_sink comp="159" pin=15"/></net>

<net id="450"><net_src comp="445" pin="1"/><net_sink comp="376" pin=0"/></net>

<net id="454"><net_src comp="104" pin="1"/><net_sink comp="451" pin=0"/></net>

<net id="455"><net_src comp="451" pin="1"/><net_sink comp="159" pin=14"/></net>

<net id="456"><net_src comp="451" pin="1"/><net_sink comp="372" pin=0"/></net>

<net id="460"><net_src comp="108" pin="1"/><net_sink comp="457" pin=0"/></net>

<net id="461"><net_src comp="457" pin="1"/><net_sink comp="159" pin=13"/></net>

<net id="462"><net_src comp="457" pin="1"/><net_sink comp="367" pin=0"/></net>

<net id="469"><net_src comp="242" pin="1"/><net_sink comp="466" pin=0"/></net>

<net id="470"><net_src comp="466" pin="1"/><net_sink comp="159" pin=9"/></net>

<net id="474"><net_src comp="247" pin="9"/><net_sink comp="471" pin=0"/></net>

<net id="475"><net_src comp="471" pin="1"/><net_sink comp="159" pin=7"/></net>

<net id="479"><net_src comp="268" pin="9"/><net_sink comp="476" pin=0"/></net>

<net id="480"><net_src comp="476" pin="1"/><net_sink comp="159" pin=6"/></net>

<net id="484"><net_src comp="289" pin="9"/><net_sink comp="481" pin=0"/></net>

<net id="485"><net_src comp="481" pin="1"/><net_sink comp="159" pin=5"/></net>

<net id="489"><net_src comp="310" pin="2"/><net_sink comp="486" pin=0"/></net>

<net id="490"><net_src comp="486" pin="1"/><net_sink comp="159" pin=10"/></net>

<net id="494"><net_src comp="183" pin="7"/><net_sink comp="491" pin=0"/></net>

<net id="495"><net_src comp="491" pin="1"/><net_sink comp="136" pin=2"/></net>

<net id="499"><net_src comp="196" pin="7"/><net_sink comp="496" pin=0"/></net>

<net id="500"><net_src comp="496" pin="1"/><net_sink comp="143" pin=2"/></net>

</net_list>

</model> 
---------------- Datapath Model END ------------------

* FSMD analyzer results:
  - Output states:
	Port: p_dstgx_data | {5 6 9 }
	Port: p_dstgy_data | {5 6 9 }
 - Input state : 
	Port: xFSobelFilter3x3<0, 0, 64, 64, 1, 0, 0, 1, 2, 2, 2, 1, 1, 64, false> : out_resize_mat_data | {2 3 5 6 }
	Port: xFSobelFilter3x3<0, 0, 64, 64, 1, 0, 0, 1, 2, 2, 2, 1, 1, 64, false> : img_height | {1 }
	Port: xFSobelFilter3x3<0, 0, 64, 64, 1, 0, 0, 1, 2, 2, 2, 1, 1, 64, false> : img_width | {1 }
  - Chain level:
	State 1
		store_ln213 : 1
		store_ln207 : 1
	State 2
	State 3
	State 4
	State 5
		zext_ln366 : 1
		icmp_ln366 : 2
		br_ln366 : 3
		trunc_ln311 : 1
		bottom_1 : 1
		mid_1 : 1
		tp_1 : 1
		cmp_i_i603_i : 2
		call_ln311 : 3
		row_ind_1 : 1
		icmp_ln458 : 2
		row_ind_2 : 3
		row_3 : 1
		store_ln312 : 2
		store_ln312 : 2
		store_ln312 : 2
		store_ln213 : 2
		store_ln207 : 4
	State 6
	State 7
		ref_tmp : 1
		ref_tmp1 : 1
	State 8
	State 9


============================================================
+ Verbose Summary: Datapath Resource usage 
============================================================

* Functional unit list:
|----------|-----------------------------------------------------|---------|---------|---------|
| Operation|                   Functional Unit                   |  Delay  |    FF   |   LUT   |
|----------|-----------------------------------------------------|---------|---------|---------|
|          | grp_xFSobelFilter3x3_Pipeline_Clear_Row_Loop_fu_150 |    0    |    77   |    37   |
|   call   |    grp_xFSobelFilter3x3_Pipeline_Col_Loop_fu_159    |  17.468 |   214   |   372   |
|          |           grp_xFGradientX3x3_0_0_s_fu_183           |    0    |    28   |    90   |
|          |           grp_xFGradientY3x3_0_0_s_fu_196           |    0    |    27   |    90   |
|----------|-----------------------------------------------------|---------|---------|---------|
|          |                  icmp_ln366_fu_225                  |    0    |    0    |    23   |
|   icmp   |                 cmp_i_i603_i_fu_310                 |    0    |    0    |    23   |
|          |                  icmp_ln458_fu_322                  |    0    |    0    |    14   |
|----------|-----------------------------------------------------|---------|---------|---------|
|          |                   bottom_1_fu_247                   |    0    |    0    |    14   |
| sparsemux|                     mid_1_fu_268                    |    0    |    0    |    14   |
|          |                     tp_1_fu_289                     |    0    |    0    |    14   |
|----------|-----------------------------------------------------|---------|---------|---------|
|    add   |                   row_ind_1_fu_316                  |    0    |    0    |    14   |
|          |                     row_3_fu_336                    |    0    |    0    |    14   |
|----------|-----------------------------------------------------|---------|---------|---------|
|  select  |                   row_ind_2_fu_328                  |    0    |    0    |    13   |
|----------|-----------------------------------------------------|---------|---------|---------|
|   read   |              img_width_read_read_fu_124             |    0    |    0    |    0    |
|          |             img_height_read_read_fu_130             |    0    |    0    |    0    |
|----------|-----------------------------------------------------|---------|---------|---------|
|   write  |               write_ln553_write_fu_136              |    0    |    0    |    0    |
|          |               write_ln553_write_fu_143              |    0    |    0    |    0    |
|----------|-----------------------------------------------------|---------|---------|---------|
|   zext   |                  zext_ln366_fu_221                  |    0    |    0    |    0    |
|----------|-----------------------------------------------------|---------|---------|---------|
|   trunc  |                  trunc_ln311_fu_242                 |    0    |    0    |    0    |
|----------|-----------------------------------------------------|---------|---------|---------|
|   Total  |                                                     |  17.468 |   346   |   732   |
|----------|-----------------------------------------------------|---------|---------|---------|

Memories:
+-----+--------+--------+--------+
|     |  BRAM  |   FF   |   LUT  |
+-----+--------+--------+--------+
| buf |    1   |    0   |    0   |
|buf_1|    1   |    0   |    0   |
|buf_2|    1   |    0   |    0   |
+-----+--------+--------+--------+
|Total|    3   |    0   |    0   |
+-----+--------+--------+--------+

* Register list:
+-----------------------+--------+
|                       |   FF   |
+-----------------------+--------+
|    bottom_1_reg_471   |    2   |
|     bottom_reg_415    |    2   |
|  cmp_i_i603_i_reg_486 |    1   |
|img_height_read_reg_427|   16   |
| img_width_read_reg_421|   16   |
|     mid_1_reg_476     |    2   |
|      mid_reg_409      |    2   |
|    ref_tmp1_reg_496   |    8   |
|    ref_tmp_reg_491    |    8   |
|    row_ind_reg_389    |   13   |
|      row_reg_396      |   13   |
| src_buf1_1_loc_reg_433|    8   |
|  src_buf1_loc_reg_439 |    8   |
|  src_buf2_loc_reg_451 |    8   |
| src_buf3_1_loc_reg_445|    8   |
|  src_buf3_loc_reg_457 |    8   |
|      tp_1_reg_481     |    2   |
|       tp_reg_403      |    2   |
|  trunc_ln311_reg_466  |    2   |
+-----------------------+--------+
|         Total         |   129  |
+-----------------------+--------+

* Multiplexer (MUX) list: 
|-----------------------------------------------|------|------|------|--------||---------||---------|
|                      Comp                     |  Pin | Size |  BW  | S x BW ||  Delay  ||   LUT   |
|-----------------------------------------------|------|------|------|--------||---------||---------|
| grp_xFSobelFilter3x3_Pipeline_Col_Loop_fu_159 |  p5  |   2  |   2  |    4   ||    9    |
| grp_xFSobelFilter3x3_Pipeline_Col_Loop_fu_159 |  p6  |   2  |   2  |    4   ||    9    |
| grp_xFSobelFilter3x3_Pipeline_Col_Loop_fu_159 |  p7  |   2  |   2  |    4   ||    9    |
| grp_xFSobelFilter3x3_Pipeline_Col_Loop_fu_159 |  p9  |   2  |   2  |    4   ||    9    |
| grp_xFSobelFilter3x3_Pipeline_Col_Loop_fu_159 |  p10 |   2  |   1  |    2   ||    9    |
|-----------------------------------------------|------|------|------|--------||---------||---------|
|                     Total                     |      |      |      |   18   ||   7.94  ||    45   |
|-----------------------------------------------|------|------|------|--------||---------||---------|



* Summary:
+-----------+--------+--------+--------+--------+
|           |  BRAM  |  Delay |   FF   |   LUT  |
+-----------+--------+--------+--------+--------+
|  Function |    -   |   17   |   346  |   732  |
|   Memory  |    3   |    -   |    0   |    0   |
|Multiplexer|    -   |    7   |    -   |   45   |
|  Register |    -   |    -   |   129  |    -   |
+-----------+--------+--------+--------+--------+
|   Total   |    3   |   25   |   475  |   777  |
+-----------+--------+--------+--------+--------+
