

================================================================
== Vitis HLS Report for 'xFSobelFilter3x3_Pipeline_Clear_Row_Loop'
================================================================
* Date:           Mon Jul 15 19:04:57 2024

* Version:        2023.2 (Build 4023990 on Oct 11 2023)
* Project:        sobel_resize_xf
* Solution:       sol2 (Vivado IP Flow Target)
* Product family: zynq
* Target device:  xc7z020-clg484-1


================================================================
== Performance Estimates
================================================================
+ Timing: 
    * Summary: 
    +--------+----------+----------+------------+
    |  Clock |  Target  | Estimated| Uncertainty|
    +--------+----------+----------+------------+
    |ap_clk  |  10.00 ns|  6.919 ns|     2.70 ns|
    +--------+----------+----------+------------+

+ Latency: 
    * Summary: 
    +---------+---------+----------+----------+-----+-----+---------+
    |  Latency (cycles) |  Latency (absolute) |  Interval | Pipeline|
    |   min   |   max   |    min   |    max   | min | max |   Type  |
    +---------+---------+----------+----------+-----+-----+---------+
    |       66|       66|  0.660 us|  0.660 us|   66|   66|       no|
    +---------+---------+----------+----------+-----+-----+---------+

    + Detail: 
        * Instance: 
        N/A

        * Loop: 
        +------------------+---------+---------+----------+-----------+-----------+------+----------+
        |                  |  Latency (cycles) | Iteration|  Initiation Interval  | Trip |          |
        |     Loop Name    |   min   |   max   |  Latency |  achieved |   target  | Count| Pipelined|
        +------------------+---------+---------+----------+-----------+-----------+------+----------+
        |- Clear_Row_Loop  |       64|       64|         2|          1|          1|    64|       yes|
        +------------------+---------+---------+----------+-----------+-----------+------+----------+

============================================================
+ Verbose Summary: Synthesis Manager
============================================================
InlineROM: 1
ExposeGlobal: 0
============================================================
+ Verbose Summary: CDFG Model
============================================================
IsTopModel: 0
ResetActiveHigh: 1
IsCombinational: 0
IsDatapathOnly: 0
HasWiredReturn: 1
HasMFsm: 2
HasVarLatency: 1
IsPipeline: 0
IsRtlPipelined: 0
IsInstanceOverlapped: 0
IsDontTouch: 0
HasImplIP: 0
IsGatedGlobalClock: 0

+ Individual pipeline summary: 
  * Pipeline-0: initiation interval (II) = 1, depth = 2


============================================================
+ Verbose Summary: Schedule
============================================================
* Number of FSM states : 2
* Pipeline : 1
  Pipeline-0 : II = 1, D = 2, States = { 1 2 }
* Dataflow Pipeline: 0

* FSM state transitions: 
1 --> 2 
2 --> 

* FSM state operations: 

State 1 <SV = 0> <Delay = 6.91>
ST_1 : Operation 5 [1/1] (0.00ns)   --->   "%col = alloca i32 1" [/home/sxy/Desktop/Vitis_Libraries/vision/L1/include/imgproc/xf_sobel.hpp:315]   --->   Operation 5 'alloca' 'col' <Predicate = true> <Delay = 0.00>
ST_1 : Operation 6 [1/1] (0.00ns)   --->   "%specmemcore_ln0 = specmemcore void @_ssdm_op_SpecMemCore, i8 %buf_r, i64 666, i64 25, i64 18446744073709551615"   --->   Operation 6 'specmemcore' 'specmemcore_ln0' <Predicate = true> <Delay = 0.00>
ST_1 : Operation 7 [1/1] (0.00ns)   --->   "%specmemcore_ln0 = specmemcore void @_ssdm_op_SpecMemCore, i8 %buf_1, i64 666, i64 25, i64 18446744073709551615"   --->   Operation 7 'specmemcore' 'specmemcore_ln0' <Predicate = true> <Delay = 0.00>
ST_1 : Operation 8 [1/1] (0.00ns)   --->   "%specinterface_ln0 = specinterface void @_ssdm_op_SpecInterface, i8 %out_resize_mat_data, void @empty_7, i32 0, i32 0, void @empty_19, i32 0, i32 0, void @empty_19, void @empty_19, void @empty_19, i32 0, i32 0, i32 0, i32 0, void @empty_19, void @empty_19, i32 4294967295, i32 0"   --->   Operation 8 'specinterface' 'specinterface_ln0' <Predicate = true> <Delay = 0.00>
ST_1 : Operation 9 [1/1] (0.00ns)   --->   "%img_width_read = read i16 @_ssdm_op_Read.ap_auto.i16, i16 %img_width"   --->   Operation 9 'read' 'img_width_read' <Predicate = true> <Delay = 0.00>
ST_1 : Operation 10 [1/1] (1.58ns)   --->   "%store_ln315 = store i13 0, i13 %col" [/home/sxy/Desktop/Vitis_Libraries/vision/L1/include/imgproc/xf_sobel.hpp:315]   --->   Operation 10 'store' 'store_ln315' <Predicate = true> <Delay = 1.58>
ST_1 : Operation 11 [1/1] (0.00ns)   --->   "%br_ln0 = br void %for.inc"   --->   Operation 11 'br' 'br_ln0' <Predicate = true> <Delay = 0.00>
ST_1 : Operation 12 [1/1] (0.00ns)   --->   "%col_3 = load i13 %col" [/home/sxy/Desktop/Vitis_Libraries/vision/L1/include/imgproc/xf_sobel.hpp:354]   --->   Operation 12 'load' 'col_3' <Predicate = true> <Delay = 0.00>
ST_1 : Operation 13 [1/1] (0.00ns)   --->   "%zext_ln354 = zext i13 %col_3" [/home/sxy/Desktop/Vitis_Libraries/vision/L1/include/imgproc/xf_sobel.hpp:354]   --->   Operation 13 'zext' 'zext_ln354' <Predicate = true> <Delay = 0.00>
ST_1 : Operation 14 [1/1] (2.07ns)   --->   "%icmp_ln354 = icmp_ult  i16 %zext_ln354, i16 %img_width_read" [/home/sxy/Desktop/Vitis_Libraries/vision/L1/include/imgproc/xf_sobel.hpp:354]   --->   Operation 14 'icmp' 'icmp_ln354' <Predicate = true> <Delay = 2.07> <CoreInst = "Cmp">   --->   Core 9 'Cmp' <Latency = 0> <II = 1> <Delay = 2.07> <FuncUnit> <Opcode : 'icmp'> <InPorts = 2> <OutPorts = 1>
ST_1 : Operation 15 [1/1] (1.67ns)   --->   "%col_4 = add i13 %col_3, i13 1" [/home/sxy/Desktop/Vitis_Libraries/vision/L1/include/imgproc/xf_sobel.hpp:354]   --->   Operation 15 'add' 'col_4' <Predicate = true> <Delay = 1.67> <CoreInst = "Adder">   --->   Core 1 'Adder' <Latency = 0> <II = 1> <Delay = 1.67> <FuncUnit> <Opcode : 'add' 'sub'> <InPorts = 2> <OutPorts = 1>
ST_1 : Operation 16 [1/1] (0.00ns)   --->   "%br_ln354 = br i1 %icmp_ln354, void %for.body14.preheader.exitStub, void %for.inc.split" [/home/sxy/Desktop/Vitis_Libraries/vision/L1/include/imgproc/xf_sobel.hpp:354]   --->   Operation 16 'br' 'br_ln354' <Predicate = true> <Delay = 0.00>
ST_1 : Operation 17 [1/1] (0.00ns)   --->   "%zext_ln360 = zext i13 %col_3" [/home/sxy/Desktop/Vitis_Libraries/vision/L1/include/imgproc/xf_sobel.hpp:360]   --->   Operation 17 'zext' 'zext_ln360' <Predicate = (icmp_ln354)> <Delay = 0.00>
ST_1 : Operation 18 [1/1] (0.00ns)   --->   "%buf_addr = getelementptr i8 %buf_r, i64 0, i64 %zext_ln360" [/home/sxy/Desktop/Vitis_Libraries/vision/L1/include/imgproc/xf_sobel.hpp:360]   --->   Operation 18 'getelementptr' 'buf_addr' <Predicate = (icmp_ln354)> <Delay = 0.00>
ST_1 : Operation 19 [1/1] (3.25ns)   --->   "%store_ln360 = store i8 0, i6 %buf_addr" [/home/sxy/Desktop/Vitis_Libraries/vision/L1/include/imgproc/xf_sobel.hpp:360]   --->   Operation 19 'store' 'store_ln360' <Predicate = (icmp_ln354)> <Delay = 3.25> <CoreInst = "RAM_S2P_BRAM">   --->   Core 93 'RAM_S2P_BRAM' <Latency = 1> <II = 1> <Delay = 3.25> <Storage> <Opcode : 'load' 'store'> <Ports = 2> <Width = 8> <Depth = 64> <RAM>
ST_1 : Operation 20 [1/1] (1.58ns)   --->   "%store_ln315 = store i13 %col_4, i13 %col" [/home/sxy/Desktop/Vitis_Libraries/vision/L1/include/imgproc/xf_sobel.hpp:315]   --->   Operation 20 'store' 'store_ln315' <Predicate = (icmp_ln354)> <Delay = 1.58>
ST_1 : Operation 28 [1/1] (0.00ns)   --->   "%ret_ln0 = ret"   --->   Operation 28 'ret' 'ret_ln0' <Predicate = (!icmp_ln354)> <Delay = 0.00>

State 2 <SV = 1> <Delay = 6.88>
ST_2 : Operation 21 [1/1] (0.00ns)   --->   "%specpipeline_ln358 = specpipeline void @_ssdm_op_SpecPipeline, i32 4294967295, i32 0, i32 0, i32 0, void @empty_19" [/home/sxy/Desktop/Vitis_Libraries/vision/L1/include/imgproc/xf_sobel.hpp:358]   --->   Operation 21 'specpipeline' 'specpipeline_ln358' <Predicate = true> <Delay = 0.00>
ST_2 : Operation 22 [1/1] (0.00ns)   --->   "%speclooptripcount_ln357 = speclooptripcount void @_ssdm_op_SpecLoopTripCount, i64 64, i64 64, i64 64" [/home/sxy/Desktop/Vitis_Libraries/vision/L1/include/imgproc/xf_sobel.hpp:357]   --->   Operation 22 'speclooptripcount' 'speclooptripcount_ln357' <Predicate = true> <Delay = 0.00>
ST_2 : Operation 23 [1/1] (0.00ns)   --->   "%specloopname_ln354 = specloopname void @_ssdm_op_SpecLoopName, void @empty_18" [/home/sxy/Desktop/Vitis_Libraries/vision/L1/include/imgproc/xf_sobel.hpp:354]   --->   Operation 23 'specloopname' 'specloopname_ln354' <Predicate = true> <Delay = 0.00>
ST_2 : Operation 24 [1/1] (0.00ns)   --->   "%buf_1_addr = getelementptr i8 %buf_1, i64 0, i64 %zext_ln360" [/home/sxy/Desktop/Vitis_Libraries/vision/L1/include/imgproc/xf_sobel.hpp:360]   --->   Operation 24 'getelementptr' 'buf_1_addr' <Predicate = true> <Delay = 0.00>
ST_2 : Operation 25 [1/1] (3.63ns)   --->   "%out_resize_mat_data_read = read i8 @_ssdm_op_Read.ap_fifo.volatile.i8P0A, i8 %out_resize_mat_data" [/home/sxy/Desktop/Vitis_Libraries/vision/L1/include/common/xf_structs.hpp:542->/home/sxy/Desktop/Vitis_Libraries/vision/L1/include/imgproc/xf_sobel.hpp:361]   --->   Operation 25 'read' 'out_resize_mat_data_read' <Predicate = true> <Delay = 3.63> <CoreInst = "FIFO_SRL">   --->   Core 81 'FIFO_SRL' <Latency = 0> <II = 1> <Delay = 3.63> <Storage> <Opcode : 'read' 'write' 'nbread' 'nbwrite'> <Ports = 0> <Width = 8> <Depth = 2> <FIFO>
ST_2 : Operation 26 [1/1] (3.25ns)   --->   "%store_ln361 = store i8 %out_resize_mat_data_read, i6 %buf_1_addr" [/home/sxy/Desktop/Vitis_Libraries/vision/L1/include/imgproc/xf_sobel.hpp:361]   --->   Operation 26 'store' 'store_ln361' <Predicate = true> <Delay = 3.25> <CoreInst = "RAM_S2P_BRAM">   --->   Core 93 'RAM_S2P_BRAM' <Latency = 1> <II = 1> <Delay = 3.25> <Storage> <Opcode : 'load' 'store'> <Ports = 2> <Width = 8> <Depth = 64> <RAM>
ST_2 : Operation 27 [1/1] (0.00ns)   --->   "%br_ln354 = br void %for.inc" [/home/sxy/Desktop/Vitis_Libraries/vision/L1/include/imgproc/xf_sobel.hpp:354]   --->   Operation 27 'br' 'br_ln354' <Predicate = true> <Delay = 0.00>


============================================================
+ Verbose Summary: Timing violations
============================================================
Target clock period: 10.000ns, clock uncertainty: 2.700ns.

 <State 1>: 6.919ns
The critical path consists of the following:
	'store' operation 0 bit ('store_ln315', /home/sxy/Desktop/Vitis_Libraries/vision/L1/include/imgproc/xf_sobel.hpp:315) of constant 0 on local variable 'col', /home/sxy/Desktop/Vitis_Libraries/vision/L1/include/imgproc/xf_sobel.hpp:315 [10]  (1.588 ns)
	'load' operation 13 bit ('col', /home/sxy/Desktop/Vitis_Libraries/vision/L1/include/imgproc/xf_sobel.hpp:354) on local variable 'col', /home/sxy/Desktop/Vitis_Libraries/vision/L1/include/imgproc/xf_sobel.hpp:315 [13]  (0.000 ns)
	'icmp' operation 1 bit ('icmp_ln354', /home/sxy/Desktop/Vitis_Libraries/vision/L1/include/imgproc/xf_sobel.hpp:354) [15]  (2.077 ns)
	'store' operation 0 bit ('store_ln360', /home/sxy/Desktop/Vitis_Libraries/vision/L1/include/imgproc/xf_sobel.hpp:360) of constant 0 on array 'buf_r' [26]  (3.254 ns)

 <State 2>: 6.888ns
The critical path consists of the following:
	fifo read operation ('out_resize_mat_data_read', /home/sxy/Desktop/Vitis_Libraries/vision/L1/include/common/xf_structs.hpp:542->/home/sxy/Desktop/Vitis_Libraries/vision/L1/include/imgproc/xf_sobel.hpp:361) on port 'out_resize_mat_data' (/home/sxy/Desktop/Vitis_Libraries/vision/L1/include/common/xf_structs.hpp:542->/home/sxy/Desktop/Vitis_Libraries/vision/L1/include/imgproc/xf_sobel.hpp:361) [25]  (3.634 ns)
	'store' operation 0 bit ('store_ln361', /home/sxy/Desktop/Vitis_Libraries/vision/L1/include/imgproc/xf_sobel.hpp:361) of variable 'out_resize_mat_data_read', /home/sxy/Desktop/Vitis_Libraries/vision/L1/include/common/xf_structs.hpp:542->/home/sxy/Desktop/Vitis_Libraries/vision/L1/include/imgproc/xf_sobel.hpp:361 on array 'buf_1' [27]  (3.254 ns)


============================================================
+ Verbose Summary: Binding
============================================================
N/A
* FSMD analyzer results:
  - Output states:
 - Input state : 
  - Chain level:
	State 1
	State 2


============================================================
+ Verbose Summary: Datapath Resource usage 
============================================================
N/A
