#-----------------------------------------------------------
# Vivado v2023.2 (64-bit)
# SW Build 4029153 on Fri Oct 13 20:13:54 MDT 2023
# IP Build 4028589 on Sat Oct 14 00:45:43 MDT 2023
# SharedData Build 4025554 on Tue Oct 10 17:18:54 MDT 2023
# Start of session at: Mon Jul 15 19:06:16 2024
# Process ID: 18368
# Current directory: /home/sxy/Desktop/FPGA_Camp24-main/Lab1_sobel/prj/sobel_resize/sobel_resize_xf/sol2/impl/verilog
# Command line: vivado -mode batch -source run_vivadosyn.tcl
# Log file: /home/sxy/Desktop/FPGA_Camp24-main/Lab1_sobel/prj/sobel_resize/sobel_resize_xf/sol2/impl/verilog/vivado.log
# Journal file: /home/sxy/Desktop/FPGA_Camp24-main/Lab1_sobel/prj/sobel_resize/sobel_resize_xf/sol2/impl/verilog/vivado.jou
# Running On: sxy-Lenovo-Legion-Y7000-2020, OS: Linux, CPU Frequency: 4259.194 MHz, CPU Physical cores: 4, Host memory: 16615 MB
#-----------------------------------------------------------
source run_vivadosyn.tcl
# source ./settings.tcl
## set top_module sobel_resize_accel
## set language verilog
## set family zynq
## set device xc7z020
## set package -clg484
## set speed -1
## set clock ap_clk
## set fsm_ext "off"
## set add_io_buffers false ;
# source -notrace ./extraction.tcl
# set vivado_proj_name project
# set vivado_proj_dir .
# set target_device "${device}${package}${speed}"
# set target_clk_period_ns "10.000"
# set target_clk_freq_hz [expr {floor(1000 / $target_clk_period_ns) * 1000000}]
# set ip_vlnv xilinx.com:hls:sobel_resize_accel:1.0
# set ip_repo_path ../ip
# set bd_design_name bd_0
# set bd_inst_name hls_inst
# set bd_props {}
# set has_synth true
# set synth_design_args {-directive sdx_optimization_effort_high}
# set synth_dcp ""
# set synth_props {}
# set has_impl false
# set impl_props {}
# set report_options [dict create]
# dict set report_options report_level 2
# dict set report_options report_max_paths 10
# dict set report_options stdout_hls_reports 1
# dict set report_options stdout_vivado_reports 0
# dict set report_options hls_project sobel_resize_xf
# dict set report_options hls_solution sol2
# dict set report_options has_synth $has_synth
# dict set report_options has_impl $has_impl
# dict set report_options vivado_reportbasename $top_module
# dict set report_options vivado_reportdir ./report
# dict set report_options hls_impl_dir ..
# dict set report_options hls_reportdir ../report/$language
# dict set report_options target_clk_period $target_clk_period_ns
# dict set report_options target_device $target_device
# dict set report_options language $language
# dict set report_options clock_name $clock
# dict set report_options error_if_impl_timing_fails false
# dict set report_options bindmodules {sobel_resize_accel_flow_control_loop_pipe_sequential_init sobel_resize_accel_mul_15s_15s_15_3_1 sobel_resize_accel_mul_32s_32s_32_2_1 sobel_resize_accel_fifo_w32_d3_S sobel_resize_accel_fifo_w4_d2_S sobel_resize_accel_fifo_w8_d2_S sobel_resize_accel_fifo_w32_d2_S sobel_resize_accel_start_for_AxiStream2Mat_U0 sobel_resize_accel_udiv_64ns_16ns_64_68_seq_1 sobel_resize_accel_mul_48ns_42s_74_5_0 sobel_resize_accel_mul_12ns_12ns_24_1_1 sobel_resize_accel_mul_12ns_9s_21_1_1 sobel_resize_accel_mac_muladd_12ns_9s_21s_22_4_1 sobel_resize_accel_mac_muladd_12ns_10s_22s_23_4_1 sobel_resize_accel_resizeNNBilinear_0_128_128_1_false_2_2_64_64_1_2_s_line_buffer_RAM_T2P_BRAM_1bkb sobel_resize_accel_sparsemux_7_2_8_1_1 sobel_resize_accel_sparsemux_7_13_2_1_1 sobel_resize_accel_xFSobelFilter3x3_0_0_64_64_1_0_0_1_2_2_2_1_1_64_false_s_buf_RAM_S2P_BRAM_1R1W sobel_resize_accel_mul_13s_13s_13_3_1 sobel_resize_accel_mul_16ns_16ns_32_1_1 sobel_resize_accel_fifo_w16_d3_S sobel_resize_accel_fifo_w32_d3_S_x sobel_resize_accel_fifo_w4_d2_S_x sobel_resize_accel_fifo_w64_d4_S sobel_resize_accel_fifo_w13_d2_S sobel_resize_accel_fifo_w8_d2_S_x sobel_resize_accel_fifo_w64_d6_S sobel_resize_accel_fifo_w32_d2_S_x sobel_resize_accel_fifo_w32_d3_S_x0 sobel_resize_accel_fifo_w8_d2_S_x0 sobel_resize_accel_fifo_w32_d5_S sobel_resize_accel_start_for_Sobel_0_3_0_0_64_64_1_false_2_2_2_U0 sobel_resize_accel_gmem1_m_axi sobel_resize_accel_gmem2_m_axi sobel_resize_accel_gmem3_m_axi sobel_resize_accel_control_s_axi}
# dict set report_options max_module_depth 10
# create_project $vivado_proj_name $vivado_proj_dir -part $target_device -force
create_project: Time (s): cpu = 00:00:05 ; elapsed = 00:00:05 . Memory (MB): peak = 1273.047 ; gain = 8.930 ; free physical = 4941 ; free virtual = 13786
# set_property target_language $language [current_project]
# if { ![file exists $ip_repo_path] } {
#   error "Cannot find packaged HLS IP"
# }
# set_property ip_repo_paths [file normalize $ip_repo_path] [current_project]
# update_ip_catalog
INFO: [IP_Flow 19-234] Refreshing IP repositories
INFO: [IP_Flow 19-1700] Loaded user IP repository '/home/sxy/Desktop/FPGA_Camp24-main/Lab1_sobel/prj/sobel_resize/sobel_resize_xf/sol2/impl/ip'.
INFO: [IP_Flow 19-2313] Loaded Vivado IP repository '/home/sxy/new-vol/Vivado/2023.2/data/ip'.
# create_bd_design $bd_design_name
Wrote  : </home/sxy/Desktop/FPGA_Camp24-main/Lab1_sobel/prj/sobel_resize/sobel_resize_xf/sol2/impl/verilog/project.srcs/sources_1/bd/bd_0/bd_0.bd> 
# set cell_inst [create_bd_cell -type ip -vlnv $ip_vlnv $bd_inst_name]
# if { [llength $bd_props] } { 
#   set_property -dict $bd_props $cell_inst 
# }
# make_bd_pins_external $cell_inst
# make_bd_intf_pins_external $cell_inst
# set bd_clk_ports [get_bd_ports -filter {TYPE==clk}]
# if { [llength $bd_clk_ports] && $target_clk_freq_hz ne "" } { 
#   set_property CONFIG.FREQ_HZ $target_clk_freq_hz $bd_clk_ports 
# }
# foreach bd_port [get_bd_intf_ports] {
#   set_property name [regsub {_0$} [get_property name $bd_port] {}] $bd_port
# }
# foreach bd_port [get_bd_ports -filter {INTF!=TRUE}] {
#   set_property name [regsub {_0$} [get_property name $bd_port] {}] $bd_port
# }
# set s_axi_addr_width_min 32
# foreach bd_port [get_bd_intf_ports -filter {MODE == "Slave" && VLNV =~ "xilinx.com:interface:aximm_rtl:*"}] {
#   set bd_port_addr_width [get_property CONFIG.ADDR_WIDTH $bd_port]
#   if { $bd_port_addr_width < $s_axi_addr_width_min } {
#     puts "INFO: Updating $bd_port CONFIG.ADDR_WIDTH to $s_axi_addr_width_min"
#     set_property CONFIG.ADDR_WIDTH $s_axi_addr_width_min $bd_port
#   }
# }
INFO: Updating /s_axi_control CONFIG.ADDR_WIDTH to 32
# set_msg_config -id {[BD 41-1265]} -severity {CRITICAL WARNING} -new_severity {INFO}
# assign_bd_address
Slave segment '/hls_inst/s_axi_control/Reg' is being assigned into address space '/s_axi_control' at <0x0000_0000 [ 64K ]>.
Slave segment '/m_axi_gmem1/Reg' is being assigned into address space '/hls_inst/Data_m_axi_gmem1' at <0x44A0_0000 [ 64K ]>.
Slave segment '/m_axi_gmem2/Reg' is being assigned into address space '/hls_inst/Data_m_axi_gmem2' at <0x44A0_0000 [ 64K ]>.
Slave segment '/m_axi_gmem3/Reg' is being assigned into address space '/hls_inst/Data_m_axi_gmem3' at <0x44A0_0000 [ 64K ]>.
Wrote  : </home/sxy/Desktop/FPGA_Camp24-main/Lab1_sobel/prj/sobel_resize/sobel_resize_xf/sol2/impl/verilog/project.srcs/sources_1/bd/bd_0/bd_0.bd> 
Verilog Output written to : /home/sxy/Desktop/FPGA_Camp24-main/Lab1_sobel/prj/sobel_resize/sobel_resize_xf/sol2/impl/verilog/project.gen/sources_1/bd/bd_0/synth/bd_0.v
Verilog Output written to : /home/sxy/Desktop/FPGA_Camp24-main/Lab1_sobel/prj/sobel_resize/sobel_resize_xf/sol2/impl/verilog/project.gen/sources_1/bd/bd_0/sim/bd_0.v
Verilog Output written to : /home/sxy/Desktop/FPGA_Camp24-main/Lab1_sobel/prj/sobel_resize/sobel_resize_xf/sol2/impl/verilog/project.gen/sources_1/bd/bd_0/hdl/bd_0_wrapper.v
# set toprtl [make_wrapper -files [get_files ${bd_design_name}.bd] -top]
# add_files -norecurse $toprtl
# set top_inst_name [file root [file tail $toprtl]]
# puts "Using BD top: $top_inst_name"
Using BD top: bd_0_wrapper
# set xdc_files [glob -nocomplain ./*.xdc]
# if { [llength $xdc_files] } {
#     add_files -fileset constrs_1 -norecurse $xdc_files
# }
# launch_runs synth_1 -scripts_only
INFO: [BD 41-1662] The design 'bd_0.bd' is already validated. Therefore parameter propagation will not be re-run.
Verilog Output written to : /home/sxy/Desktop/FPGA_Camp24-main/Lab1_sobel/prj/sobel_resize/sobel_resize_xf/sol2/impl/verilog/project.gen/sources_1/bd/bd_0/synth/bd_0.v
Verilog Output written to : /home/sxy/Desktop/FPGA_Camp24-main/Lab1_sobel/prj/sobel_resize/sobel_resize_xf/sol2/impl/verilog/project.gen/sources_1/bd/bd_0/sim/bd_0.v
Verilog Output written to : /home/sxy/Desktop/FPGA_Camp24-main/Lab1_sobel/prj/sobel_resize/sobel_resize_xf/sol2/impl/verilog/project.gen/sources_1/bd/bd_0/hdl/bd_0_wrapper.v
INFO: [BD 41-1029] Generation completed for the IP Integrator block hls_inst .
Exporting to file /home/sxy/Desktop/FPGA_Camp24-main/Lab1_sobel/prj/sobel_resize/sobel_resize_xf/sol2/impl/verilog/project.gen/sources_1/bd/bd_0/hw_handoff/bd_0.hwh
Generated Hardware Definition File /home/sxy/Desktop/FPGA_Camp24-main/Lab1_sobel/prj/sobel_resize/sobel_resize_xf/sol2/impl/verilog/project.gen/sources_1/bd/bd_0/synth/bd_0.hwdef
INFO: [IP_Flow 19-6924] IPCACHE: Running cache check for IP inst: bd_0_hls_inst_0
WARNING: [Vivado 12-7122] Auto Incremental Compile:: No reference checkpoint was found in run synth_1. Auto-incremental flow will not be run, the standard flow will be run instead.
# foreach run [get_runs -filter {IS_SYNTHESIS == 1}] {
#   reset_run [get_runs $run]
# }
# set_property XPM_LIBRARIES {XPM_MEMORY XPM_FIFO} [current_project]
# hls_vivado_reports_setup $report_options
TIMESTAMP: HLS-REPORT: initialize report directories: 2024-07-15 19:06:30 CST
# if { $has_synth || $has_impl } {
#   # synth properties setting
#   set_property -name {STEPS.SYNTH_DESIGN.ARGS.MORE OPTIONS} -value {-mode out_of_context} -objects [get_runs synth_1]
#   set ip_inst [get_ips -quiet ${bd_design_name}*${bd_inst_name}*]
#   if { ![llength $ip_inst] } {
#       error "Cannot find HLS IP instance: ${bd_design_name}*${bd_inst_name}*"
#   }
#   set synth_run [get_runs -filter {IS_SYNTHESIS == 1} ${ip_inst}*]
#   if { ![llength $synth_run] } {
#       error "Cannot find synth run for HLS IP: ${ip_inst}*"
#   }
# 
#   if { [llength $synth_design_args] } {
#       set_property -name {STEPS.SYNTH_DESIGN.ARGS.MORE OPTIONS} -value $synth_design_args -objects $synth_run
#   }
# 
#   if { [llength $synth_props] } {
#     set_property -dict $synth_props $synth_run
#   }
# 
#   # launch run synth
#   launch_runs synth_1
#   wait_on_run synth_1
#   # synth reports
#   hls_vivado_reports_synth synth_1 $report_options
#   if { $synth_dcp ne "" } {
#     file mkdir [file dirname $synth_dcp]
#     set run_dcp [glob -nocomplain [get_property DIRECTORY $synth_run]/*.dcp]
#     if { [llength $run_dcp] != 1 } { error "Cannot find single dcp file for run $synth_run" }
#     file copy -force $run_dcp $synth_dcp
#   }
# }
INFO: [IP_Flow 19-6924] IPCACHE: Running cache check for IP inst: bd_0_hls_inst_0
WARNING: [Vivado 12-7122] Auto Incremental Compile:: No reference checkpoint was found in run synth_1. Auto-incremental flow will not be run, the standard flow will be run instead.
[Mon Jul 15 19:06:30 2024] Launched bd_0_hls_inst_0_synth_1...
Run output will be captured here: /home/sxy/Desktop/FPGA_Camp24-main/Lab1_sobel/prj/sobel_resize/sobel_resize_xf/sol2/impl/verilog/project.runs/bd_0_hls_inst_0_synth_1/runme.log
[Mon Jul 15 19:06:30 2024] Launched synth_1...
Run output will be captured here: /home/sxy/Desktop/FPGA_Camp24-main/Lab1_sobel/prj/sobel_resize/sobel_resize_xf/sol2/impl/verilog/project.runs/synth_1/runme.log
[Mon Jul 15 19:06:30 2024] Waiting for synth_1 to finish...

*** Running vivado
    with args -log bd_0_wrapper.vds -m64 -product Vivado -mode batch -messageDb vivado.pb -notrace -source bd_0_wrapper.tcl


****** Vivado v2023.2 (64-bit)
  **** SW Build 4029153 on Fri Oct 13 20:13:54 MDT 2023
  **** IP Build 4028589 on Sat Oct 14 00:45:43 MDT 2023
  **** SharedData Build 4025554 on Tue Oct 10 17:18:54 MDT 2023
    ** Copyright 1986-2022 Xilinx, Inc. All Rights Reserved.
    ** Copyright 2022-2023 Advanced Micro Devices, Inc. All Rights Reserved.

source bd_0_wrapper.tcl -notrace
create_project: Time (s): cpu = 00:00:05 ; elapsed = 00:00:05 . Memory (MB): peak = 1327.312 ; gain = 0.023 ; free physical = 4113 ; free virtual = 13045
INFO: [IP_Flow 19-234] Refreshing IP repositories
INFO: [IP_Flow 19-1700] Loaded user IP repository '/home/sxy/Desktop/FPGA_Camp24-main/Lab1_sobel/prj/sobel_resize/sobel_resize_xf/sol2/impl/ip'.
INFO: [IP_Flow 19-2313] Loaded Vivado IP repository '/home/sxy/new-vol/Vivado/2023.2/data/ip'.
Command: synth_design -top bd_0_wrapper -part xc7z020clg484-1 -mode out_of_context
Starting synth_design
Attempting to get a license for feature 'Synthesis' and/or device 'xc7z020'
INFO: [Common 17-349] Got license for feature 'Synthesis' and/or device 'xc7z020'
INFO: [Device 21-403] Loading part xc7z020clg484-1
INFO: [Synth 8-7079] Multithreading enabled for synth_design using a maximum of 4 processes.
INFO: [Synth 8-7078] Launching helper process for spawning children vivado processes
INFO: [Synth 8-7075] Helper process launched with PID 18861
---------------------------------------------------------------------------------
Starting RTL Elaboration : Time (s): cpu = 00:00:03 ; elapsed = 00:00:03 . Memory (MB): peak = 2041.504 ; gain = 402.660 ; free physical = 3146 ; free virtual = 12079
---------------------------------------------------------------------------------
INFO: [Synth 8-6157] synthesizing module 'bd_0_wrapper' [/home/sxy/Desktop/FPGA_Camp24-main/Lab1_sobel/prj/sobel_resize/sobel_resize_xf/sol2/impl/verilog/project.gen/sources_1/bd/bd_0/hdl/bd_0_wrapper.v:13]
INFO: [Synth 8-6157] synthesizing module 'bd_0' [/home/sxy/Desktop/FPGA_Camp24-main/Lab1_sobel/prj/sobel_resize/sobel_resize_xf/sol2/impl/verilog/project.gen/sources_1/bd/bd_0/synth/bd_0.v:13]
INFO: [Synth 8-6157] synthesizing module 'bd_0_hls_inst_0' [/home/sxy/Desktop/FPGA_Camp24-main/Lab1_sobel/prj/sobel_resize/sobel_resize_xf/sol2/impl/verilog/project.runs/synth_1/.Xil/Vivado-18841-sxy-Lenovo-Legion-Y7000-2020/realtime/bd_0_hls_inst_0_stub.v:6]
INFO: [Synth 8-6155] done synthesizing module 'bd_0_hls_inst_0' (0#1) [/home/sxy/Desktop/FPGA_Camp24-main/Lab1_sobel/prj/sobel_resize/sobel_resize_xf/sol2/impl/verilog/project.runs/synth_1/.Xil/Vivado-18841-sxy-Lenovo-Legion-Y7000-2020/realtime/bd_0_hls_inst_0_stub.v:6]
INFO: [Synth 8-6155] done synthesizing module 'bd_0' (0#1) [/home/sxy/Desktop/FPGA_Camp24-main/Lab1_sobel/prj/sobel_resize/sobel_resize_xf/sol2/impl/verilog/project.gen/sources_1/bd/bd_0/synth/bd_0.v:13]
INFO: [Synth 8-6155] done synthesizing module 'bd_0_wrapper' (0#1) [/home/sxy/Desktop/FPGA_Camp24-main/Lab1_sobel/prj/sobel_resize/sobel_resize_xf/sol2/impl/verilog/project.gen/sources_1/bd/bd_0/hdl/bd_0_wrapper.v:13]
---------------------------------------------------------------------------------
Finished RTL Elaboration : Time (s): cpu = 00:00:04 ; elapsed = 00:00:04 . Memory (MB): peak = 2123.441 ; gain = 484.598 ; free physical = 3059 ; free virtual = 11977
---------------------------------------------------------------------------------
---------------------------------------------------------------------------------
Start Handling Custom Attributes
---------------------------------------------------------------------------------
---------------------------------------------------------------------------------
Finished Handling Custom Attributes : Time (s): cpu = 00:00:04 ; elapsed = 00:00:04 . Memory (MB): peak = 2138.285 ; gain = 499.441 ; free physical = 3057 ; free virtual = 11975
---------------------------------------------------------------------------------
---------------------------------------------------------------------------------
Finished RTL Optimization Phase 1 : Time (s): cpu = 00:00:04 ; elapsed = 00:00:04 . Memory (MB): peak = 2138.285 ; gain = 499.441 ; free physical = 3057 ; free virtual = 11975
---------------------------------------------------------------------------------
Netlist sorting complete. Time (s): cpu = 00:00:00 ; elapsed = 00:00:00.01 . Memory (MB): peak = 2138.285 ; gain = 0.000 ; free physical = 3057 ; free virtual = 11975
INFO: [Project 1-570] Preparing netlist for logic optimization

Processing XDC Constraints
Initializing timing engine
Parsing XDC File [/home/sxy/Desktop/FPGA_Camp24-main/Lab1_sobel/prj/sobel_resize/sobel_resize_xf/sol2/impl/verilog/project.gen/sources_1/bd/bd_0/ip/bd_0_hls_inst_0/bd_0_hls_inst_0/bd_0_hls_inst_0_in_context.xdc] for cell 'bd_0_i/hls_inst'
Finished Parsing XDC File [/home/sxy/Desktop/FPGA_Camp24-main/Lab1_sobel/prj/sobel_resize/sobel_resize_xf/sol2/impl/verilog/project.gen/sources_1/bd/bd_0/ip/bd_0_hls_inst_0/bd_0_hls_inst_0/bd_0_hls_inst_0_in_context.xdc] for cell 'bd_0_i/hls_inst'
Parsing XDC File [/home/sxy/Desktop/FPGA_Camp24-main/Lab1_sobel/prj/sobel_resize/sobel_resize_xf/sol2/impl/verilog/sobel_resize_accel.xdc]
Finished Parsing XDC File [/home/sxy/Desktop/FPGA_Camp24-main/Lab1_sobel/prj/sobel_resize/sobel_resize_xf/sol2/impl/verilog/sobel_resize_accel.xdc]
Parsing XDC File [/home/sxy/Desktop/FPGA_Camp24-main/Lab1_sobel/prj/sobel_resize/sobel_resize_xf/sol2/impl/verilog/project.runs/synth_1/dont_touch.xdc]
Finished Parsing XDC File [/home/sxy/Desktop/FPGA_Camp24-main/Lab1_sobel/prj/sobel_resize/sobel_resize_xf/sol2/impl/verilog/project.runs/synth_1/dont_touch.xdc]
Completed Processing XDC Constraints

Netlist sorting complete. Time (s): cpu = 00:00:00 ; elapsed = 00:00:00 . Memory (MB): peak = 2211.223 ; gain = 0.000 ; free physical = 3046 ; free virtual = 11955
INFO: [Project 1-111] Unisim Transformation Summary:
No Unisim elements were transformed.

Constraint Validation Runtime : Time (s): cpu = 00:00:00.02 ; elapsed = 00:00:00.01 . Memory (MB): peak = 2211.258 ; gain = 0.000 ; free physical = 3046 ; free virtual = 11955
---------------------------------------------------------------------------------
Finished Constraint Validation : Time (s): cpu = 00:00:09 ; elapsed = 00:00:09 . Memory (MB): peak = 2211.258 ; gain = 572.414 ; free physical = 3036 ; free virtual = 11943
---------------------------------------------------------------------------------
---------------------------------------------------------------------------------
Start Loading Part and Timing Information
---------------------------------------------------------------------------------
Loading part: xc7z020clg484-1
---------------------------------------------------------------------------------
Finished Loading Part and Timing Information : Time (s): cpu = 00:00:09 ; elapsed = 00:00:09 . Memory (MB): peak = 2211.258 ; gain = 572.414 ; free physical = 3036 ; free virtual = 11943
---------------------------------------------------------------------------------
---------------------------------------------------------------------------------
Start Applying 'set_property' XDC Constraints
---------------------------------------------------------------------------------
Applied set_property KEEP_HIERARCHY = SOFT for bd_0_i. (constraint file  auto generated constraint).
Applied set_property KEEP_HIERARCHY = SOFT for bd_0_i/hls_inst. (constraint file  auto generated constraint).
---------------------------------------------------------------------------------
Finished applying 'set_property' XDC Constraints : Time (s): cpu = 00:00:09 ; elapsed = 00:00:09 . Memory (MB): peak = 2211.258 ; gain = 572.414 ; free physical = 3036 ; free virtual = 11942
---------------------------------------------------------------------------------
---------------------------------------------------------------------------------
Finished RTL Optimization Phase 2 : Time (s): cpu = 00:00:09 ; elapsed = 00:00:09 . Memory (MB): peak = 2211.258 ; gain = 572.414 ; free physical = 3024 ; free virtual = 11933
---------------------------------------------------------------------------------
---------------------------------------------------------------------------------
Start RTL Component Statistics 
---------------------------------------------------------------------------------
Detailed RTL Component Info : 
---------------------------------------------------------------------------------
Finished RTL Component Statistics 
---------------------------------------------------------------------------------
---------------------------------------------------------------------------------
Start Part Resource Summary
---------------------------------------------------------------------------------
Part Resources:
DSPs: 220 (col length:60)
BRAMs: 280 (col length: RAMB18 60 RAMB36 30)
---------------------------------------------------------------------------------
Finished Part Resource Summary
---------------------------------------------------------------------------------
---------------------------------------------------------------------------------
Start Cross Boundary and Area Optimization
---------------------------------------------------------------------------------
WARNING: [Synth 8-7080] Parallel synthesis criteria is not met
---------------------------------------------------------------------------------
Finished Cross Boundary and Area Optimization : Time (s): cpu = 00:00:10 ; elapsed = 00:00:10 . Memory (MB): peak = 2211.258 ; gain = 572.414 ; free physical = 3039 ; free virtual = 11948
---------------------------------------------------------------------------------
---------------------------------------------------------------------------------
Start Applying XDC Timing Constraints
---------------------------------------------------------------------------------
---------------------------------------------------------------------------------
Finished Applying XDC Timing Constraints : Time (s): cpu = 00:00:13 ; elapsed = 00:00:13 . Memory (MB): peak = 2211.258 ; gain = 572.414 ; free physical = 3037 ; free virtual = 11943
---------------------------------------------------------------------------------
---------------------------------------------------------------------------------
Start Timing Optimization
---------------------------------------------------------------------------------
---------------------------------------------------------------------------------
Finished Timing Optimization : Time (s): cpu = 00:00:13 ; elapsed = 00:00:13 . Memory (MB): peak = 2211.258 ; gain = 572.414 ; free physical = 3037 ; free virtual = 11943
---------------------------------------------------------------------------------
---------------------------------------------------------------------------------
Start Technology Mapping
---------------------------------------------------------------------------------
---------------------------------------------------------------------------------
Finished Technology Mapping : Time (s): cpu = 00:00:13 ; elapsed = 00:00:13 . Memory (MB): peak = 2211.258 ; gain = 572.414 ; free physical = 3037 ; free virtual = 11943
---------------------------------------------------------------------------------
---------------------------------------------------------------------------------
Start IO Insertion
---------------------------------------------------------------------------------
---------------------------------------------------------------------------------
Start Flattening Before IO Insertion
---------------------------------------------------------------------------------
---------------------------------------------------------------------------------
Finished Flattening Before IO Insertion
---------------------------------------------------------------------------------
---------------------------------------------------------------------------------
Start Final Netlist Cleanup
---------------------------------------------------------------------------------
---------------------------------------------------------------------------------
Finished Final Netlist Cleanup
---------------------------------------------------------------------------------
---------------------------------------------------------------------------------
Finished IO Insertion : Time (s): cpu = 00:00:16 ; elapsed = 00:00:17 . Memory (MB): peak = 2211.258 ; gain = 572.414 ; free physical = 3036 ; free virtual = 11942
---------------------------------------------------------------------------------
---------------------------------------------------------------------------------
Start Renaming Generated Instances
---------------------------------------------------------------------------------
---------------------------------------------------------------------------------
Finished Renaming Generated Instances : Time (s): cpu = 00:00:16 ; elapsed = 00:00:17 . Memory (MB): peak = 2211.258 ; gain = 572.414 ; free physical = 3036 ; free virtual = 11942
---------------------------------------------------------------------------------
---------------------------------------------------------------------------------
Start Rebuilding User Hierarchy
---------------------------------------------------------------------------------
---------------------------------------------------------------------------------
Finished Rebuilding User Hierarchy : Time (s): cpu = 00:00:16 ; elapsed = 00:00:17 . Memory (MB): peak = 2211.258 ; gain = 572.414 ; free physical = 3036 ; free virtual = 11942
---------------------------------------------------------------------------------
---------------------------------------------------------------------------------
Start Renaming Generated Ports
---------------------------------------------------------------------------------
---------------------------------------------------------------------------------
Finished Renaming Generated Ports : Time (s): cpu = 00:00:16 ; elapsed = 00:00:17 . Memory (MB): peak = 2211.258 ; gain = 572.414 ; free physical = 3036 ; free virtual = 11942
---------------------------------------------------------------------------------
---------------------------------------------------------------------------------
Start Handling Custom Attributes
---------------------------------------------------------------------------------
---------------------------------------------------------------------------------
Finished Handling Custom Attributes : Time (s): cpu = 00:00:16 ; elapsed = 00:00:17 . Memory (MB): peak = 2211.258 ; gain = 572.414 ; free physical = 3036 ; free virtual = 11942
---------------------------------------------------------------------------------
---------------------------------------------------------------------------------
Start Renaming Generated Nets
---------------------------------------------------------------------------------
---------------------------------------------------------------------------------
Finished Renaming Generated Nets : Time (s): cpu = 00:00:16 ; elapsed = 00:00:17 . Memory (MB): peak = 2211.258 ; gain = 572.414 ; free physical = 3036 ; free virtual = 11942
---------------------------------------------------------------------------------
---------------------------------------------------------------------------------
Start Writing Synthesis Report
---------------------------------------------------------------------------------

Report BlackBoxes: 
+------+----------------+----------+
|      |BlackBox name   |Instances |
+------+----------------+----------+
|1     |bd_0_hls_inst_0 |         1|
+------+----------------+----------+

Report Cell Usage: 
+------+--------------+------+
|      |Cell          |Count |
+------+--------------+------+
|1     |bd_0_hls_inst |     1|
+------+--------------+------+
---------------------------------------------------------------------------------
Finished Writing Synthesis Report : Time (s): cpu = 00:00:16 ; elapsed = 00:00:17 . Memory (MB): peak = 2211.258 ; gain = 572.414 ; free physical = 3036 ; free virtual = 11942
---------------------------------------------------------------------------------
Synthesis finished with 0 errors, 0 critical warnings and 1 warnings.
Synthesis Optimization Runtime : Time (s): cpu = 00:00:15 ; elapsed = 00:00:15 . Memory (MB): peak = 2211.258 ; gain = 499.441 ; free physical = 3036 ; free virtual = 11942
Synthesis Optimization Complete : Time (s): cpu = 00:00:16 ; elapsed = 00:00:17 . Memory (MB): peak = 2211.258 ; gain = 572.414 ; free physical = 3036 ; free virtual = 11942
INFO: [Project 1-571] Translating synthesized netlist
Netlist sorting complete. Time (s): cpu = 00:00:00.01 ; elapsed = 00:00:00 . Memory (MB): peak = 2211.258 ; gain = 0.000 ; free physical = 3036 ; free virtual = 11942
INFO: [Project 1-570] Preparing netlist for logic optimization
INFO: [Opt 31-138] Pushed 0 inverter(s) to 0 load pin(s).
Netlist sorting complete. Time (s): cpu = 00:00:00 ; elapsed = 00:00:00 . Memory (MB): peak = 2211.258 ; gain = 0.000 ; free physical = 3320 ; free virtual = 12227
INFO: [Project 1-111] Unisim Transformation Summary:
No Unisim elements were transformed.

Synth Design complete | Checksum: c52085d4
INFO: [Common 17-83] Releasing license: Synthesis
21 Infos, 1 Warnings, 0 Critical Warnings and 0 Errors encountered.
synth_design completed successfully
synth_design: Time (s): cpu = 00:00:22 ; elapsed = 00:00:20 . Memory (MB): peak = 2211.258 ; gain = 883.945 ; free physical = 3320 ; free virtual = 12227
INFO: [Common 17-2834] synth_design peak Physical Memory [PSS] (MB): overall = 1814.739; main = 1491.062; forked = 378.077
INFO: [Common 17-2834] synth_design peak Virtual Memory [VSS] (MB): overall = 3177.477; main = 2179.211; forked = 998.266
INFO: [Common 17-1381] The checkpoint '/home/sxy/Desktop/FPGA_Camp24-main/Lab1_sobel/prj/sobel_resize/sobel_resize_xf/sol2/impl/verilog/project.runs/synth_1/bd_0_wrapper.dcp' has been generated.
INFO: [runtcl-4] Executing : report_utilization -file bd_0_wrapper_utilization_synth.rpt -pb bd_0_wrapper_utilization_synth.pb
INFO: [Common 17-206] Exiting Vivado at Mon Jul 15 19:08:45 2024...
[Mon Jul 15 19:08:56 2024] synth_1 finished
wait_on_runs: Time (s): cpu = 00:02:06 ; elapsed = 00:02:26 . Memory (MB): peak = 1664.422 ; gain = 0.000 ; free physical = 4548 ; free virtual = 13513
TIMESTAMP: HLS-REPORT: synthesis open_run: 2024-07-15 19:08:56 CST
INFO: HLS-REPORT: Opening synthesis design database: open_run synth_1
Design is defaulting to impl run constrset: constrs_1
Design is defaulting to synth run part: xc7z020clg484-1
INFO: [Device 21-403] Loading part xc7z020clg484-1
INFO: [Project 1-454] Reading design checkpoint '/home/sxy/Desktop/FPGA_Camp24-main/Lab1_sobel/prj/sobel_resize/sobel_resize_xf/sol2/impl/verilog/project.gen/sources_1/bd/bd_0/ip/bd_0_hls_inst_0/bd_0_hls_inst_0.dcp' for cell 'bd_0_i/hls_inst'
Netlist sorting complete. Time (s): cpu = 00:00:00.09 ; elapsed = 00:00:00.1 . Memory (MB): peak = 1808.996 ; gain = 0.000 ; free physical = 4386 ; free virtual = 13338
INFO: [Netlist 29-17] Analyzing 653 Unisim elements for replacement
INFO: [Netlist 29-28] Unisim Transformation completed in 0 CPU seconds
INFO: [Project 1-479] Netlist was created with Vivado 2023.2
INFO: [Project 1-570] Preparing netlist for logic optimization
Parsing XDC File [/home/sxy/Desktop/FPGA_Camp24-main/Lab1_sobel/prj/sobel_resize/sobel_resize_xf/sol2/impl/verilog/sobel_resize_accel.xdc]
Finished Parsing XDC File [/home/sxy/Desktop/FPGA_Camp24-main/Lab1_sobel/prj/sobel_resize/sobel_resize_xf/sol2/impl/verilog/sobel_resize_accel.xdc]
INFO: [Opt 31-138] Pushed 0 inverter(s) to 0 load pin(s).
Netlist sorting complete. Time (s): cpu = 00:00:00 ; elapsed = 00:00:00 . Memory (MB): peak = 1943.445 ; gain = 0.000 ; free physical = 4291 ; free virtual = 13224
INFO: [Project 1-111] Unisim Transformation Summary:
No Unisim elements were transformed.

TIMESTAMP: HLS-REPORT: synthesis generate_reports_vivado: 2024-07-15 19:09:00 CST
INFO: HLS-REPORT: Running report: report_utilization -file ./report/sobel_resize_accel_utilization_synth.rpt
INFO: HLS-REPORT: Running report: report_utilization -hierarchical -hierarchical_depth 10 -file ./report/sobel_resize_accel_utilization_hierarchical_synth.rpt
INFO: HLS-REPORT: Running report: report_timing_summary -file ./report/sobel_resize_accel_timing_synth.rpt
INFO: [Timing 38-35] Done setting XDC timing constraints.
INFO: [Timing 38-91] UpdateTimingParams: Speed grade: -1, Delay Type: min_max.
INFO: [Timing 38-191] Multithreading enabled for timing update using a maximum of 8 CPUs
WARNING: [Timing 38-242] The property HD.CLK_SRC of clock port "ap_clk" is not set. In out-of-context mode, this prevents timing estimation for clock delay/skew
Resolution: Set the HD.CLK_SRC property of the out-of-context port to the location of the clock buffer instance in the top-level design
report_timing_summary: Time (s): cpu = 00:00:10 ; elapsed = 00:00:06 . Memory (MB): peak = 2518.332 ; gain = 574.852 ; free physical = 3819 ; free virtual = 12751
INFO: HLS-REPORT: Running report: report_timing -max_paths 10 -file ./report/sobel_resize_accel_timing_paths_synth.rpt
INFO: [Timing 38-91] UpdateTimingParams: Speed grade: -1, Delay Type: max.
INFO: [Timing 38-191] Multithreading enabled for timing update using a maximum of 8 CPUs
INFO: [Timing 38-78] ReportTimingParams: -max_paths 10 -nworst 1 -delay_type max -sort_by slack.
INFO: HLS-REPORT: Running report: report_design_analysis -file ./report/sobel_resize_accel_design_analysis_synth.rpt
INFO: [Implflow 30-839]  
INFO: HLS-REPORT: Running report: ::tclapp::xilinx::designutils::report_failfast -detailed_report synth -file ./report/sobel_resize_accel_failfast_synth.rpt
 -I- design metrics completed in 0 seconds
 -I- DONT_TOUCH metric completed in 1 seconds
 -I- MARK_DEBUG metric completed in 0 seconds
 -I- utilization metrics completed in 0 seconds
 -I- control set metrics completed in 1 seconds
 -I- methodology check metrics completed in 0 seconds
 -I- average fanout metrics completed in 1 seconds (0 modules)
 -I- non-FD high fanout nets completed in 0 seconds
 -I- path budgeting metrics completed in 0 seconds
#  +-----------------------------------------------------------------------------------------+
#  | Design Summary                                                                          |
#  | design_1                                                                                |
#  | xc7z020clg484-1                                                                         |
#  +-----------------------------------------------------------+-----------+--------+--------+
#  | Criteria                                                  | Guideline | Actual | Status |
#  +-----------------------------------------------------------+-----------+--------+--------+
#  | LUT                                                       | 70%       | 12.65% | OK     |
#  | FD                                                        | 50%       | 7.43%  | OK     |
#  | LUTRAM+SRL                                                | 25%       | 6.52%  | OK     |
#  | MUXF7                                                     | 15%       | 0.02%  | OK     |
#  | DSP                                                       | 80%       | 8.18%  | OK     |
#  | RAMB/FIFO                                                 | 80%       | 3.21%  | OK     |
#  | DSP+RAMB+URAM (Avg)                                       | 70%       | 5.70%  | OK     |
#  | BUFGCE* + BUFGCTRL                                        | 24        | 0      | OK     |
#  | DONT_TOUCH (cells/nets)                                   | 0         | 0      | OK     |
#  | MARK_DEBUG (nets)                                         | 0         | 0      | OK     |
#  | Control Sets                                              | 998       | 261    | OK     |
#  | Average Fanout for modules > 100k cells                   | 4         | 2.85   | OK     |
#  | Max Average Fanout for modules > 100k cells               | 4         | 0      | OK     |
#  | Non-FD high fanout nets > 10k loads                       | 0         | 0      | OK     |
#  +-----------------------------------------------------------+-----------+--------+--------+
#  | TIMING-6 (No common primary clock between related clocks) | 0         | 0      | OK     |
#  | TIMING-7 (No common node between related clocks)          | 0         | 0      | OK     |
#  | TIMING-8 (No common period between related clocks)        | 0         | 0      | OK     |
#  | TIMING-14 (LUT on the clock tree)                         | 0         | 0      | OK     |
#  | TIMING-35 (No common node in paths with the same clock)   | 0         | 0      | OK     |
#  +-----------------------------------------------------------+-----------+--------+--------+
#  | Number of paths above max LUT budgeting (0.575ns)         | 0         | 0      | OK     |
#  | Number of paths above max Net budgeting (0.403ns)         | 0         | 0      | OK     |
#  +-----------------------------------------------------------+-----------+--------+--------+
 -I- Generated file /home/sxy/Desktop/FPGA_Camp24-main/Lab1_sobel/prj/sobel_resize/sobel_resize_xf/sol2/impl/verilog/report/sobel_resize_accel_failfast_synth.rpt
 -I- Number of criteria to review: 0
 -I- This report should be run before placing the design and uses conservative guidelines beyond which runtime and timing closure will likely be more challenging
 -I- report_failfast completed in 3 seconds
TIMESTAMP: HLS-REPORT: synthesis gen_data_dict_vivado: 2024-07-15 19:09:10 CST
TIMESTAMP: HLS-REPORT: synth extract_util_hier: 2024-07-15 19:09:10 CST
TIMESTAMP: HLS-REPORT: synth get_cell_hier_data: 2024-07-15 19:09:11 CST
TIMESTAMP: HLS-REPORT: synth get_timing_paths: 2024-07-15 19:09:11 CST
TIMESTAMP: HLS-REPORT: synth process timing paths: 2024-07-15 19:09:11 CST
TIMESTAMP: HLS-REPORT: synth get_all_vv_rpt_files: 2024-07-15 19:09:11 CST
TIMESTAMP: HLS-REPORT: synthesis write_reports_vivado: 2024-07-15 19:09:11 CST
HLS EXTRACTION: synth area_totals:  0 53200 106400 220 280 0 0
HLS EXTRACTION: synth area_current: 0 6728 7908 18 9 0 1134 0 0 0
HLS EXTRACTION: synth resources_dict: AVAIL_LUT 53200 LUT 6728 AVAIL_FF 106400 FF 7908 AVAIL_DSP 220 DSP 18 AVAIL_BRAM 280 BRAM 9 AVAIL_URAM 0 URAM 0 LATCH 0 SRL 1134 AVAIL_CLB 0 CLB 0
INFO: HLS-REPORT: generated /home/sxy/Desktop/FPGA_Camp24-main/Lab1_sobel/prj/sobel_resize/sobel_resize_xf/sol2/impl/verilog/report/vivado_syn.xml
INFO: HLS-REPORT: generated /home/sxy/Desktop/FPGA_Camp24-main/Lab1_sobel/prj/sobel_resize/sobel_resize_xf/sol2/impl/report/verilog/sobel_resize_accel_export.rpt


Implementation tool: Xilinx Vivado v.2023.2
Project:             sobel_resize_xf
Solution:            sol2
Device target:       xc7z020-clg484-1
Report date:         Mon Jul 15 19:09:11 CST 2024

#=== Post-Synthesis Resource usage ===
SLICE:            0
LUT:           6728
FF:            7908
DSP:             18
BRAM:             9
URAM:             0
LATCH:            0
SRL:           1134
CLB:              0

#=== Final timing ===
CP required:                     10.000
CP achieved post-synthesis:      7.105
Timing met

TIMESTAMP: HLS-REPORT: synthesis end: 2024-07-15 19:09:11 CST
# if { $has_impl } {
#   # launch run impl
#   if { [llength $impl_props] } {
#     set_property -dict $impl_props [get_runs impl_1]
#   }
#   launch_runs impl_1
#   wait_on_run impl_1
#   # impl reports
#   hls_vivado_reports_impl impl_1 $report_options
# }
# hls_vivado_reports_finalize $report_options
TIMESTAMP: HLS-REPORT: all reports complete: 2024-07-15 19:09:11 CST
INFO: [Common 17-206] Exiting Vivado at Mon Jul 15 19:09:11 2024...
