Copyright 1986-2022 Xilinx, Inc. All Rights Reserved. Copyright 2022-2023 Advanced Micro Devices, Inc. All Rights Reserved.
---------------------------------------------------------------------------------------------------------------------------------------------
| Tool Version : Vivado v.2023.2 (lin64) Build 4029153 Fri Oct 13 20:13:54 MDT 2023
| Date         : Sun Jul 14 17:10:47 2024
| Host         : sxy-Lenovo-Legion-Y7000-2020 running 64-bit Ubuntu 22.04.4 LTS
| Command      : report_drc -file sobel_wrapper_drc_opted.rpt -pb sobel_wrapper_drc_opted.pb -rpx sobel_wrapper_drc_opted.rpx
| Design       : sobel_wrapper
| Device       : xc7z020clg484-1
| Speed File   : -1
| Design State : Synthesized
---------------------------------------------------------------------------------------------------------------------------------------------

Report DRC

Table of Contents
-----------------
1. REPORT SUMMARY
2. REPORT DETAILS

1. REPORT SUMMARY
-----------------
            Netlist: netlist
          Floorplan: design_1
      Design limits: <entire design considered>
           Ruledeck: default
             Max violations: <unlimited>
             Violations found: 15
+--------+----------+------------------------+------------+
| Rule   | Severity | Description            | Violations |
+--------+----------+------------------------+------------+
| DPIP-1 | Warning  | Input pipelining       | 2          |
| DPOP-1 | Warning  | PREG Output pipelining | 4          |
| DPOP-2 | Warning  | MREG Output pipelining | 9          |
+--------+----------+------------------------+------------+

2. REPORT DETAILS
-----------------
DPIP-1#1 Warning
Input pipelining  
DSP sobel_i/sobel_resize_accel_0/inst/resize_1_0_128_128_64_64_1_false_2_2_2_U0/grp_resizeNNBilinear_0_128_128_1_false_2_2_64_64_1_2_s_fu_84/grp_resizeNNBilinear_Pipeline_VITIS_LOOP_411_5_fu_228/mac_muladd_12ns_10s_22s_23_4_1_U82/sobel_resize_accel_mac_muladd_12ns_10s_22s_23_4_1_DSP48_1_U/p_reg_reg input sobel_i/sobel_resize_accel_0/inst/resize_1_0_128_128_64_64_1_false_2_2_2_U0/grp_resizeNNBilinear_0_128_128_1_false_2_2_64_64_1_2_s_fu_84/grp_resizeNNBilinear_Pipeline_VITIS_LOOP_411_5_fu_228/mac_muladd_12ns_10s_22s_23_4_1_U82/sobel_resize_accel_mac_muladd_12ns_10s_22s_23_4_1_DSP48_1_U/p_reg_reg/C[47:0] is not pipelined. Pipelining DSP48 input will improve performance.
Related violations: <none>

DPIP-1#2 Warning
Input pipelining  
DSP sobel_i/sobel_resize_accel_0/inst/resize_1_0_128_128_64_64_1_false_2_2_2_U0/grp_resizeNNBilinear_0_128_128_1_false_2_2_64_64_1_2_s_fu_84/grp_resizeNNBilinear_Pipeline_VITIS_LOOP_411_5_fu_228/mac_muladd_12ns_9s_21s_22_4_1_U81/sobel_resize_accel_mac_muladd_12ns_9s_21s_22_4_1_DSP48_0_U/p_reg_reg input sobel_i/sobel_resize_accel_0/inst/resize_1_0_128_128_64_64_1_false_2_2_2_U0/grp_resizeNNBilinear_0_128_128_1_false_2_2_64_64_1_2_s_fu_84/grp_resizeNNBilinear_Pipeline_VITIS_LOOP_411_5_fu_228/mac_muladd_12ns_9s_21s_22_4_1_U81/sobel_resize_accel_mac_muladd_12ns_9s_21s_22_4_1_DSP48_0_U/p_reg_reg/C[47:0] is not pipelined. Pipelining DSP48 input will improve performance.
Related violations: <none>

DPOP-1#1 Warning
PREG Output pipelining  
DSP sobel_i/sobel_resize_accel_0/inst/Array2xfMat_8_0_128_128_1_2_U0/grp_Axi2Mat_fu_84/AxiStream2Mat_U0/AxiStream2MatStream_2_U0/mul_32s_32s_32_2_1_U36/tmp_product__0 output sobel_i/sobel_resize_accel_0/inst/Array2xfMat_8_0_128_128_1_2_U0/grp_Axi2Mat_fu_84/AxiStream2Mat_U0/AxiStream2MatStream_2_U0/mul_32s_32s_32_2_1_U36/tmp_product__0/P[47:0] is not pipelined (PREG=0). Pipelining the DSP48 output will improve performance and often saves power so it is suggested whenever possible to fully pipeline this function.  If this DSP48 function was inferred, it is suggested to describe an additional register stage after this function.  If the DSP48 was instantiated in the design, it is suggested to set the PREG attribute to 1.
Related violations: <none>

DPOP-1#2 Warning
PREG Output pipelining  
DSP sobel_i/sobel_resize_accel_0/inst/resize_1_0_128_128_64_64_1_false_2_2_2_U0/grp_resizeNNBilinear_0_128_128_1_false_2_2_64_64_1_2_s_fu_84/grp_resizeNNBilinear_Pipeline_VITIS_LOOP_411_5_fu_228/mul_12ns_12ns_24_1_1_U79/tmp_product output sobel_i/sobel_resize_accel_0/inst/resize_1_0_128_128_64_64_1_false_2_2_2_U0/grp_resizeNNBilinear_0_128_128_1_false_2_2_64_64_1_2_s_fu_84/grp_resizeNNBilinear_Pipeline_VITIS_LOOP_411_5_fu_228/mul_12ns_12ns_24_1_1_U79/tmp_product/P[47:0] is not pipelined (PREG=0). Pipelining the DSP48 output will improve performance and often saves power so it is suggested whenever possible to fully pipeline this function.  If this DSP48 function was inferred, it is suggested to describe an additional register stage after this function.  If the DSP48 was instantiated in the design, it is suggested to set the PREG attribute to 1.
Related violations: <none>

DPOP-1#3 Warning
PREG Output pipelining  
DSP sobel_i/sobel_resize_accel_0/inst/resize_1_0_128_128_64_64_1_false_2_2_2_U0/grp_resizeNNBilinear_0_128_128_1_false_2_2_64_64_1_2_s_fu_84/grp_scaleCompute_17_42_20_48_16_1_s_fu_203/mul_48ns_42s_74_5_0_U75/tmp_product output sobel_i/sobel_resize_accel_0/inst/resize_1_0_128_128_64_64_1_false_2_2_2_U0/grp_resizeNNBilinear_0_128_128_1_false_2_2_64_64_1_2_s_fu_84/grp_scaleCompute_17_42_20_48_16_1_s_fu_203/mul_48ns_42s_74_5_0_U75/tmp_product/P[47:0] is not pipelined (PREG=0). Pipelining the DSP48 output will improve performance and often saves power so it is suggested whenever possible to fully pipeline this function.  If this DSP48 function was inferred, it is suggested to describe an additional register stage after this function.  If the DSP48 was instantiated in the design, it is suggested to set the PREG attribute to 1.
Related violations: <none>

DPOP-1#4 Warning
PREG Output pipelining  
DSP sobel_i/sobel_resize_accel_0/inst/resize_1_0_128_128_64_64_1_false_2_2_2_U0/grp_resizeNNBilinear_0_128_128_1_false_2_2_64_64_1_2_s_fu_84/grp_scaleCompute_17_42_20_48_16_1_s_fu_203/mul_48ns_42s_74_5_0_U75/tmp_product__0 output sobel_i/sobel_resize_accel_0/inst/resize_1_0_128_128_64_64_1_false_2_2_2_U0/grp_resizeNNBilinear_0_128_128_1_false_2_2_64_64_1_2_s_fu_84/grp_scaleCompute_17_42_20_48_16_1_s_fu_203/mul_48ns_42s_74_5_0_U75/tmp_product__0/P[47:0] is not pipelined (PREG=0). Pipelining the DSP48 output will improve performance and often saves power so it is suggested whenever possible to fully pipeline this function.  If this DSP48 function was inferred, it is suggested to describe an additional register stage after this function.  If the DSP48 was instantiated in the design, it is suggested to set the PREG attribute to 1.
Related violations: <none>

DPOP-2#1 Warning
MREG Output pipelining  
DSP sobel_i/sobel_resize_accel_0/inst/Array2xfMat_8_0_128_128_1_2_U0/grp_Axi2Mat_fu_84/AxiStream2Mat_U0/AxiStream2MatStream_2_U0/mul_32s_32s_32_2_1_U36/buff0_reg multiplier stage sobel_i/sobel_resize_accel_0/inst/Array2xfMat_8_0_128_128_1_2_U0/grp_Axi2Mat_fu_84/AxiStream2Mat_U0/AxiStream2MatStream_2_U0/mul_32s_32s_32_2_1_U36/buff0_reg/P[47:0] is not pipelined (MREG=0). Pipelining the multiplier function will improve performance and will save significant power so it is suggested whenever possible to fully pipeline this function.  If this multiplier was inferred, it is suggested to describe an additional register stage after this function.  If there is no registered adder/accumulator following the multiply function, two pipeline stages are suggested to allow both the MREG and PREG registers to be used.  If the DSP48 was instantiated in the design, it is suggested to set both the MREG and PREG attributes to 1 when performing multiply functions.
Related violations: <none>

DPOP-2#2 Warning
MREG Output pipelining  
DSP sobel_i/sobel_resize_accel_0/inst/Array2xfMat_8_0_128_128_1_2_U0/grp_Axi2Mat_fu_84/AxiStream2Mat_U0/AxiStream2MatStream_2_U0/mul_32s_32s_32_2_1_U36/tmp_product multiplier stage sobel_i/sobel_resize_accel_0/inst/Array2xfMat_8_0_128_128_1_2_U0/grp_Axi2Mat_fu_84/AxiStream2Mat_U0/AxiStream2MatStream_2_U0/mul_32s_32s_32_2_1_U36/tmp_product/P[47:0] is not pipelined (MREG=0). Pipelining the multiplier function will improve performance and will save significant power so it is suggested whenever possible to fully pipeline this function.  If this multiplier was inferred, it is suggested to describe an additional register stage after this function.  If there is no registered adder/accumulator following the multiply function, two pipeline stages are suggested to allow both the MREG and PREG registers to be used.  If the DSP48 was instantiated in the design, it is suggested to set both the MREG and PREG attributes to 1 when performing multiply functions.
Related violations: <none>

DPOP-2#3 Warning
MREG Output pipelining  
DSP sobel_i/sobel_resize_accel_0/inst/Array2xfMat_8_0_128_128_1_2_U0/grp_Axi2Mat_fu_84/AxiStream2Mat_U0/AxiStream2MatStream_2_U0/mul_32s_32s_32_2_1_U36/tmp_product__0 multiplier stage sobel_i/sobel_resize_accel_0/inst/Array2xfMat_8_0_128_128_1_2_U0/grp_Axi2Mat_fu_84/AxiStream2Mat_U0/AxiStream2MatStream_2_U0/mul_32s_32s_32_2_1_U36/tmp_product__0/P[47:0] is not pipelined (MREG=0). Pipelining the multiplier function will improve performance and will save significant power so it is suggested whenever possible to fully pipeline this function.  If this multiplier was inferred, it is suggested to describe an additional register stage after this function.  If there is no registered adder/accumulator following the multiply function, two pipeline stages are suggested to allow both the MREG and PREG registers to be used.  If the DSP48 was instantiated in the design, it is suggested to set both the MREG and PREG attributes to 1 when performing multiply functions.
Related violations: <none>

DPOP-2#4 Warning
MREG Output pipelining  
DSP sobel_i/sobel_resize_accel_0/inst/resize_1_0_128_128_64_64_1_false_2_2_2_U0/grp_resizeNNBilinear_0_128_128_1_false_2_2_64_64_1_2_s_fu_84/grp_resizeNNBilinear_Pipeline_VITIS_LOOP_411_5_fu_228/P2_reg_1462_reg multiplier stage sobel_i/sobel_resize_accel_0/inst/resize_1_0_128_128_64_64_1_false_2_2_2_U0/grp_resizeNNBilinear_0_128_128_1_false_2_2_64_64_1_2_s_fu_84/grp_resizeNNBilinear_Pipeline_VITIS_LOOP_411_5_fu_228/P2_reg_1462_reg/P[47:0] is not pipelined (MREG=0). Pipelining the multiplier function will improve performance and will save significant power so it is suggested whenever possible to fully pipeline this function.  If this multiplier was inferred, it is suggested to describe an additional register stage after this function.  If there is no registered adder/accumulator following the multiply function, two pipeline stages are suggested to allow both the MREG and PREG registers to be used.  If the DSP48 was instantiated in the design, it is suggested to set both the MREG and PREG attributes to 1 when performing multiply functions.
Related violations: <none>

DPOP-2#5 Warning
MREG Output pipelining  
DSP sobel_i/sobel_resize_accel_0/inst/resize_1_0_128_128_64_64_1_false_2_2_2_U0/grp_resizeNNBilinear_0_128_128_1_false_2_2_64_64_1_2_s_fu_84/grp_resizeNNBilinear_Pipeline_VITIS_LOOP_411_5_fu_228/mul_12ns_12ns_24_1_1_U79/tmp_product multiplier stage sobel_i/sobel_resize_accel_0/inst/resize_1_0_128_128_64_64_1_false_2_2_2_U0/grp_resizeNNBilinear_0_128_128_1_false_2_2_64_64_1_2_s_fu_84/grp_resizeNNBilinear_Pipeline_VITIS_LOOP_411_5_fu_228/mul_12ns_12ns_24_1_1_U79/tmp_product/P[47:0] is not pipelined (MREG=0). Pipelining the multiplier function will improve performance and will save significant power so it is suggested whenever possible to fully pipeline this function.  If this multiplier was inferred, it is suggested to describe an additional register stage after this function.  If there is no registered adder/accumulator following the multiply function, two pipeline stages are suggested to allow both the MREG and PREG registers to be used.  If the DSP48 was instantiated in the design, it is suggested to set both the MREG and PREG attributes to 1 when performing multiply functions.
Related violations: <none>

DPOP-2#6 Warning
MREG Output pipelining  
DSP sobel_i/sobel_resize_accel_0/inst/xfMat2Array_8_0_64_64_1_2_1_1_U0/grp_Mat2Axi_fu_62/Mat2AxiStream_U0/MatStream2AxiStream_2_U0/bound_reg_169_reg multiplier stage sobel_i/sobel_resize_accel_0/inst/xfMat2Array_8_0_64_64_1_2_1_1_U0/grp_Mat2Axi_fu_62/Mat2AxiStream_U0/MatStream2AxiStream_2_U0/bound_reg_169_reg/P[47:0] is not pipelined (MREG=0). Pipelining the multiplier function will improve performance and will save significant power so it is suggested whenever possible to fully pipeline this function.  If this multiplier was inferred, it is suggested to describe an additional register stage after this function.  If there is no registered adder/accumulator following the multiply function, two pipeline stages are suggested to allow both the MREG and PREG registers to be used.  If the DSP48 was instantiated in the design, it is suggested to set both the MREG and PREG attributes to 1 when performing multiply functions.
Related violations: <none>

DPOP-2#7 Warning
MREG Output pipelining  
DSP sobel_i/sobel_resize_accel_0/inst/xfMat2Array_8_0_64_64_1_2_1_1_U0/grp_Mat2Axi_fu_62/addrbound_U0/mul_13s_13s_13_3_1_U200/buff0_reg multiplier stage sobel_i/sobel_resize_accel_0/inst/xfMat2Array_8_0_64_64_1_2_1_1_U0/grp_Mat2Axi_fu_62/addrbound_U0/mul_13s_13s_13_3_1_U200/buff0_reg/P[47:0] is not pipelined (MREG=0). Pipelining the multiplier function will improve performance and will save significant power so it is suggested whenever possible to fully pipeline this function.  If this multiplier was inferred, it is suggested to describe an additional register stage after this function.  If there is no registered adder/accumulator following the multiply function, two pipeline stages are suggested to allow both the MREG and PREG registers to be used.  If the DSP48 was instantiated in the design, it is suggested to set both the MREG and PREG attributes to 1 when performing multiply functions.
Related violations: <none>

DPOP-2#8 Warning
MREG Output pipelining  
DSP sobel_i/sobel_resize_accel_0/inst/xfMat2Array_8_0_64_64_1_2_1_U0/grp_Mat2Axi_fu_62/Mat2AxiStream_U0/MatStream2AxiStream_2_U0/bound_reg_169_reg multiplier stage sobel_i/sobel_resize_accel_0/inst/xfMat2Array_8_0_64_64_1_2_1_U0/grp_Mat2Axi_fu_62/Mat2AxiStream_U0/MatStream2AxiStream_2_U0/bound_reg_169_reg/P[47:0] is not pipelined (MREG=0). Pipelining the multiplier function will improve performance and will save significant power so it is suggested whenever possible to fully pipeline this function.  If this multiplier was inferred, it is suggested to describe an additional register stage after this function.  If there is no registered adder/accumulator following the multiply function, two pipeline stages are suggested to allow both the MREG and PREG registers to be used.  If the DSP48 was instantiated in the design, it is suggested to set both the MREG and PREG attributes to 1 when performing multiply functions.
Related violations: <none>

DPOP-2#9 Warning
MREG Output pipelining  
DSP sobel_i/sobel_resize_accel_0/inst/xfMat2Array_8_0_64_64_1_2_1_U0/grp_Mat2Axi_fu_62/addrbound_U0/mul_13s_13s_13_3_1_U200/buff0_reg multiplier stage sobel_i/sobel_resize_accel_0/inst/xfMat2Array_8_0_64_64_1_2_1_U0/grp_Mat2Axi_fu_62/addrbound_U0/mul_13s_13s_13_3_1_U200/buff0_reg/P[47:0] is not pipelined (MREG=0). Pipelining the multiplier function will improve performance and will save significant power so it is suggested whenever possible to fully pipeline this function.  If this multiplier was inferred, it is suggested to describe an additional register stage after this function.  If there is no registered adder/accumulator following the multiply function, two pipeline stages are suggested to allow both the MREG and PREG registers to be used.  If the DSP48 was instantiated in the design, it is suggested to set both the MREG and PREG attributes to 1 when performing multiply functions.
Related violations: <none>


