

================================================================
== Vitis HLS Report for 'Array2xfMat_8_0_128_128_1_2_s'
================================================================
* Date:           Mon Jul 15 19:04:59 2024

* Version:        2023.2 (Build 4023990 on Oct 11 2023)
* Project:        sobel_resize_xf
* Solution:       sol2 (Vivado IP Flow Target)
* Product family: zynq
* Target device:  xc7z020-clg484-1


================================================================
== Performance Estimates
================================================================
+ Timing: 
    * Summary: 
    +--------+----------+----------+------------+
    |  Clock |  Target  | Estimated| Uncertainty|
    +--------+----------+----------+------------+
    |ap_clk  |  10.00 ns|  7.300 ns|     2.70 ns|
    +--------+----------+----------+------------+

+ Latency: 
    * Summary: 
    +---------+---------+----------+----------+-----+-------+---------+
    |  Latency (cycles) |  Latency (absolute) |   Interval  | Pipeline|
    |   min   |   max   |    min   |    max   | min |  max  |   Type  |
    +---------+---------+----------+----------+-----+-------+---------+
    |       21|    16404|  0.210 us|  0.164 ms|   21|  16404|       no|
    +---------+---------+----------+----------+-----+-------+---------+

    + Detail: 
        * Instance: 
        +-------------------+---------+---------+---------+----------+----------+-----+-------+----------+
        |                   |         |  Latency (cycles) |  Latency (absolute) |   Interval  | Pipeline |
        |      Instance     |  Module |   min   |   max   |    min   |    max   | min |  max  |   Type   |
        +-------------------+---------+---------+---------+----------+----------+-----+-------+----------+
        |grp_Axi2Mat_fu_84  |Axi2Mat  |       19|    16402|  0.190 us|  0.164 ms|   17|  16393|  dataflow|
        +-------------------+---------+---------+---------+----------+----------+-----+-------+----------+

        * Loop: 
        N/A



================================================================
== Utilization Estimates
================================================================
* Summary: 
+-----------------+---------+-----+--------+-------+-----+
|       Name      | BRAM_18K| DSP |   FF   |  LUT  | URAM|
+-----------------+---------+-----+--------+-------+-----+
|DSP              |        -|    -|       -|      -|    -|
|Expression       |        -|    -|       0|      6|    -|
|FIFO             |        -|    -|       -|      -|    -|
|Instance         |        -|    4|    1445|   2172|    -|
|Memory           |        -|    -|       -|      -|    -|
|Multiplexer      |        -|    -|       -|     74|    -|
|Register         |        -|    -|       7|      -|    -|
+-----------------+---------+-----+--------+-------+-----+
|Total            |        0|    4|    1452|   2252|    0|
+-----------------+---------+-----+--------+-------+-----+
|Available        |      280|  220|  106400|  53200|    0|
+-----------------+---------+-----+--------+-------+-----+
|Utilization (%)  |        0|    1|       1|      4|    0|
+-----------------+---------+-----+--------+-------+-----+

+ Detail: 
    * Instance: 
    +-------------------+---------+---------+----+------+------+-----+
    |      Instance     |  Module | BRAM_18K| DSP|  FF  |  LUT | URAM|
    +-------------------+---------+---------+----+------+------+-----+
    |grp_Axi2Mat_fu_84  |Axi2Mat  |        0|   4|  1445|  2172|    0|
    +-------------------+---------+---------+----+------+------+-----+
    |Total              |         |        0|   4|  1445|  2172|    0|
    +-------------------+---------+---------+----+------+------+-----+

    * DSP: 
    N/A

    * Memory: 
    N/A

    * FIFO: 
    N/A

    * Expression: 
    +------------------------------------+----------+----+---+----+------------+------------+
    |            Variable Name           | Operation| DSP| FF| LUT| Bitwidth P0| Bitwidth P1|
    +------------------------------------+----------+----+---+----+------------+------------+
    |ap_block_state1                     |        or|   0|  0|   2|           1|           1|
    |ap_sync_grp_Axi2Mat_fu_84_ap_done   |        or|   0|  0|   2|           1|           1|
    |ap_sync_grp_Axi2Mat_fu_84_ap_ready  |        or|   0|  0|   2|           1|           1|
    +------------------------------------+----------+----+---+----+------------+------------+
    |Total                               |          |   0|  0|   6|           3|           3|
    +------------------------------------+----------+----+---+----+------------+------------+

    * Multiplexer: 
    +---------------------+----+-----------+-----+-----------+
    |         Name        | LUT| Input Size| Bits| Total Bits|
    +---------------------+----+-----------+-----+-----------+
    |ap_NS_fsm            |  20|          4|    1|          4|
    |ap_done              |   9|          2|    1|          2|
    |in_mat_cols_c_blk_n  |   9|          2|    1|          2|
    |in_mat_data_write    |   9|          2|    1|          2|
    |in_mat_rows_c_blk_n  |   9|          2|    1|          2|
    |m_axi_gmem1_ARVALID  |   9|          2|    1|          2|
    |m_axi_gmem1_RREADY   |   9|          2|    1|          2|
    +---------------------+----+-----------+-----+-----------+
    |Total                |  74|         16|    7|         16|
    +---------------------+----+-----------+-----+-----------+

    * Register: 
    +----------------------------------------+---+----+-----+-----------+
    |                  Name                  | FF| LUT| Bits| Const Bits|
    +----------------------------------------+---+----+-----+-----------+
    |ap_CS_fsm                               |  3|   0|    3|          0|
    |ap_done_reg                             |  1|   0|    1|          0|
    |ap_sync_reg_grp_Axi2Mat_fu_84_ap_done   |  1|   0|    1|          0|
    |ap_sync_reg_grp_Axi2Mat_fu_84_ap_ready  |  1|   0|    1|          0|
    |grp_Axi2Mat_fu_84_ap_start_reg          |  1|   0|    1|          0|
    +----------------------------------------+---+----+-----+-----------+
    |Total                                   |  7|   0|    7|          0|
    +----------------------------------------+---+----+-----+-----------+



================================================================
== Interface
================================================================
* Summary: 
+------------------------------+-----+-----+------------+-----------------------------------+--------------+
|           RTL Ports          | Dir | Bits|  Protocol  |           Source Object           |    C Type    |
+------------------------------+-----+-----+------------+-----------------------------------+--------------+
|ap_clk                        |   in|    1|  ap_ctrl_hs|  Array2xfMat<8, 0, 128, 128, 1, 2>|  return value|
|ap_rst                        |   in|    1|  ap_ctrl_hs|  Array2xfMat<8, 0, 128, 128, 1, 2>|  return value|
|ap_start                      |   in|    1|  ap_ctrl_hs|  Array2xfMat<8, 0, 128, 128, 1, 2>|  return value|
|ap_done                       |  out|    1|  ap_ctrl_hs|  Array2xfMat<8, 0, 128, 128, 1, 2>|  return value|
|ap_continue                   |   in|    1|  ap_ctrl_hs|  Array2xfMat<8, 0, 128, 128, 1, 2>|  return value|
|ap_idle                       |  out|    1|  ap_ctrl_hs|  Array2xfMat<8, 0, 128, 128, 1, 2>|  return value|
|ap_ready                      |  out|    1|  ap_ctrl_hs|  Array2xfMat<8, 0, 128, 128, 1, 2>|  return value|
|m_axi_gmem1_AWVALID           |  out|    1|       m_axi|                              gmem1|       pointer|
|m_axi_gmem1_AWREADY           |   in|    1|       m_axi|                              gmem1|       pointer|
|m_axi_gmem1_AWADDR            |  out|   64|       m_axi|                              gmem1|       pointer|
|m_axi_gmem1_AWID              |  out|    1|       m_axi|                              gmem1|       pointer|
|m_axi_gmem1_AWLEN             |  out|   32|       m_axi|                              gmem1|       pointer|
|m_axi_gmem1_AWSIZE            |  out|    3|       m_axi|                              gmem1|       pointer|
|m_axi_gmem1_AWBURST           |  out|    2|       m_axi|                              gmem1|       pointer|
|m_axi_gmem1_AWLOCK            |  out|    2|       m_axi|                              gmem1|       pointer|
|m_axi_gmem1_AWCACHE           |  out|    4|       m_axi|                              gmem1|       pointer|
|m_axi_gmem1_AWPROT            |  out|    3|       m_axi|                              gmem1|       pointer|
|m_axi_gmem1_AWQOS             |  out|    4|       m_axi|                              gmem1|       pointer|
|m_axi_gmem1_AWREGION          |  out|    4|       m_axi|                              gmem1|       pointer|
|m_axi_gmem1_AWUSER            |  out|    1|       m_axi|                              gmem1|       pointer|
|m_axi_gmem1_WVALID            |  out|    1|       m_axi|                              gmem1|       pointer|
|m_axi_gmem1_WREADY            |   in|    1|       m_axi|                              gmem1|       pointer|
|m_axi_gmem1_WDATA             |  out|    8|       m_axi|                              gmem1|       pointer|
|m_axi_gmem1_WSTRB             |  out|    1|       m_axi|                              gmem1|       pointer|
|m_axi_gmem1_WLAST             |  out|    1|       m_axi|                              gmem1|       pointer|
|m_axi_gmem1_WID               |  out|    1|       m_axi|                              gmem1|       pointer|
|m_axi_gmem1_WUSER             |  out|    1|       m_axi|                              gmem1|       pointer|
|m_axi_gmem1_ARVALID           |  out|    1|       m_axi|                              gmem1|       pointer|
|m_axi_gmem1_ARREADY           |   in|    1|       m_axi|                              gmem1|       pointer|
|m_axi_gmem1_ARADDR            |  out|   64|       m_axi|                              gmem1|       pointer|
|m_axi_gmem1_ARID              |  out|    1|       m_axi|                              gmem1|       pointer|
|m_axi_gmem1_ARLEN             |  out|   32|       m_axi|                              gmem1|       pointer|
|m_axi_gmem1_ARSIZE            |  out|    3|       m_axi|                              gmem1|       pointer|
|m_axi_gmem1_ARBURST           |  out|    2|       m_axi|                              gmem1|       pointer|
|m_axi_gmem1_ARLOCK            |  out|    2|       m_axi|                              gmem1|       pointer|
|m_axi_gmem1_ARCACHE           |  out|    4|       m_axi|                              gmem1|       pointer|
|m_axi_gmem1_ARPROT            |  out|    3|       m_axi|                              gmem1|       pointer|
|m_axi_gmem1_ARQOS             |  out|    4|       m_axi|                              gmem1|       pointer|
|m_axi_gmem1_ARREGION          |  out|    4|       m_axi|                              gmem1|       pointer|
|m_axi_gmem1_ARUSER            |  out|    1|       m_axi|                              gmem1|       pointer|
|m_axi_gmem1_RVALID            |   in|    1|       m_axi|                              gmem1|       pointer|
|m_axi_gmem1_RREADY            |  out|    1|       m_axi|                              gmem1|       pointer|
|m_axi_gmem1_RDATA             |   in|    8|       m_axi|                              gmem1|       pointer|
|m_axi_gmem1_RLAST             |   in|    1|       m_axi|                              gmem1|       pointer|
|m_axi_gmem1_RID               |   in|    1|       m_axi|                              gmem1|       pointer|
|m_axi_gmem1_RFIFONUM          |   in|   11|       m_axi|                              gmem1|       pointer|
|m_axi_gmem1_RUSER             |   in|    1|       m_axi|                              gmem1|       pointer|
|m_axi_gmem1_RRESP             |   in|    2|       m_axi|                              gmem1|       pointer|
|m_axi_gmem1_BVALID            |   in|    1|       m_axi|                              gmem1|       pointer|
|m_axi_gmem1_BREADY            |  out|    1|       m_axi|                              gmem1|       pointer|
|m_axi_gmem1_BRESP             |   in|    2|       m_axi|                              gmem1|       pointer|
|m_axi_gmem1_BID               |   in|    1|       m_axi|                              gmem1|       pointer|
|m_axi_gmem1_BUSER             |   in|    1|       m_axi|                              gmem1|       pointer|
|srcPtr                        |   in|   64|     ap_none|                             srcPtr|        scalar|
|p_read                        |   in|   32|     ap_none|                             p_read|        scalar|
|p_read1                       |   in|   32|     ap_none|                            p_read1|        scalar|
|in_mat_data_din               |  out|    8|     ap_fifo|                        in_mat_data|       pointer|
|in_mat_data_num_data_valid    |   in|    3|     ap_fifo|                        in_mat_data|       pointer|
|in_mat_data_fifo_cap          |   in|    3|     ap_fifo|                        in_mat_data|       pointer|
|in_mat_data_full_n            |   in|    1|     ap_fifo|                        in_mat_data|       pointer|
|in_mat_data_write             |  out|    1|     ap_fifo|                        in_mat_data|       pointer|
|in_mat_rows_c_din             |  out|   32|     ap_fifo|                      in_mat_rows_c|       pointer|
|in_mat_rows_c_num_data_valid  |   in|    3|     ap_fifo|                      in_mat_rows_c|       pointer|
|in_mat_rows_c_fifo_cap        |   in|    3|     ap_fifo|                      in_mat_rows_c|       pointer|
|in_mat_rows_c_full_n          |   in|    1|     ap_fifo|                      in_mat_rows_c|       pointer|
|in_mat_rows_c_write           |  out|    1|     ap_fifo|                      in_mat_rows_c|       pointer|
|in_mat_cols_c_din             |  out|   32|     ap_fifo|                      in_mat_cols_c|       pointer|
|in_mat_cols_c_num_data_valid  |   in|    3|     ap_fifo|                      in_mat_cols_c|       pointer|
|in_mat_cols_c_fifo_cap        |   in|    3|     ap_fifo|                      in_mat_cols_c|       pointer|
|in_mat_cols_c_full_n          |   in|    1|     ap_fifo|                      in_mat_cols_c|       pointer|
|in_mat_cols_c_write           |  out|    1|     ap_fifo|                      in_mat_cols_c|       pointer|
+------------------------------+-----+-----+------------+-----------------------------------+--------------+

