

================================================================
== Vitis HLS Report for 'Axi2AxiStream'
================================================================
* Date:           Mon Jul 15 19:04:59 2024

* Version:        2023.2 (Build 4023990 on Oct 11 2023)
* Project:        sobel_resize_xf
* Solution:       sol2 (Vivado IP Flow Target)
* Product family: zynq
* Target device:  xc7z020-clg484-1


================================================================
== Performance Estimates
================================================================
+ Timing: 
    * Summary: 
    +--------+----------+----------+------------+
    |  Clock |  Target  | Estimated| Uncertainty|
    +--------+----------+----------+------------+
    |ap_clk  |  10.00 ns|  7.300 ns|     2.70 ns|
    +--------+----------+----------+------------+

+ Latency: 
    * Summary: 
    +---------+---------+----------+----------+-----+-----+---------+
    |  Latency (cycles) |  Latency (absolute) |  Interval | Pipeline|
    |   min   |   max   |    min   |    max   | min | max |   Type  |
    +---------+---------+----------+----------+-----+-----+---------+
    |       16|      143|  0.160 us|  1.430 us|   16|  143|       no|
    +---------+---------+----------+----------+-----+-----+---------+

    + Detail: 
        * Instance: 
        +-----------------------------------------------------+------------------------------------------+---------+---------+-----------+----------+-----+-----+---------+
        |                                                     |                                          |  Latency (cycles) |  Latency (absolute)  |  Interval | Pipeline|
        |                       Instance                      |                  Module                  |   min   |   max   |    min    |    max   | min | max |   Type  |
        +-----------------------------------------------------+------------------------------------------+---------+---------+-----------+----------+-----+-----+---------+
        |grp_Axi2AxiStream_Pipeline_VITIS_LOOP_1021_1_fu_108  |Axi2AxiStream_Pipeline_VITIS_LOOP_1021_1  |        4|      131|  40.000 ns|  1.310 us|    4|  131|       no|
        +-----------------------------------------------------+------------------------------------------+---------+---------+-----------+----------+-----+-----+---------+

        * Loop: 
        N/A



================================================================
== Utilization Estimates
================================================================
* Summary: 
+-----------------+---------+-----+--------+-------+-----+
|       Name      | BRAM_18K| DSP |   FF   |  LUT  | URAM|
+-----------------+---------+-----+--------+-------+-----+
|DSP              |        -|    -|       -|      -|    -|
|Expression       |        -|    -|       0|      2|    -|
|FIFO             |        -|    -|       -|      -|    -|
|Instance         |        -|    1|      28|     98|    -|
|Memory           |        -|    -|       -|      -|    -|
|Multiplexer      |        -|    -|       -|    251|    -|
|Register         |        -|    -|      31|      -|    -|
+-----------------+---------+-----+--------+-------+-----+
|Total            |        0|    1|      59|    351|    0|
+-----------------+---------+-----+--------+-------+-----+
|Available        |      280|  220|  106400|  53200|    0|
+-----------------+---------+-----+--------+-------+-----+
|Utilization (%)  |        0|   ~0|      ~0|     ~0|    0|
+-----------------+---------+-----+--------+-------+-----+

+ Detail: 
    * Instance: 
    +-----------------------------------------------------+------------------------------------------+---------+----+----+----+-----+
    |                       Instance                      |                  Module                  | BRAM_18K| DSP| FF | LUT| URAM|
    +-----------------------------------------------------+------------------------------------------+---------+----+----+----+-----+
    |grp_Axi2AxiStream_Pipeline_VITIS_LOOP_1021_1_fu_108  |Axi2AxiStream_Pipeline_VITIS_LOOP_1021_1  |        0|   0|  28|  98|    0|
    |mul_15s_15s_15_3_1_U13                               |mul_15s_15s_15_3_1                        |        0|   1|   0|   0|    0|
    +-----------------------------------------------------+------------------------------------------+---------+----+----+----+-----+
    |Total                                                |                                          |        0|   1|  28|  98|    0|
    +-----------------------------------------------------+------------------------------------------+---------+----+----+----+-----+

    * DSP: 
    N/A

    * Memory: 
    N/A

    * FIFO: 
    N/A

    * Expression: 
    +-----------------+----------+----+---+----+------------+------------+
    |  Variable Name  | Operation| DSP| FF| LUT| Bitwidth P0| Bitwidth P1|
    +-----------------+----------+----+---+----+------------+------------+
    |ap_block_state1  |        or|   0|  0|   2|           1|           1|
    +-----------------+----------+----+---+----+------------+------------+
    |Total            |          |   0|  0|   2|           1|           1|
    +-----------------+----------+----+---+----+------------+------------+

    * Multiplexer: 
    +----------------------+----+-----------+-----+-----------+
    |         Name         | LUT| Input Size| Bits| Total Bits|
    +----------------------+----+-----------+-----+-----------+
    |ap_NS_fsm             |  65|         14|    1|         14|
    |ap_done               |   9|          2|    1|          2|
    |cols_c_blk_n          |   9|          2|    1|          2|
    |gmem1_blk_n_AR        |   9|          2|    1|          2|
    |ldata_write           |   9|          2|    1|          2|
    |m_axi_gmem1_ARADDR    |  14|          3|   64|        192|
    |m_axi_gmem1_ARBURST   |   9|          2|    2|          4|
    |m_axi_gmem1_ARCACHE   |   9|          2|    4|          8|
    |m_axi_gmem1_ARID      |   9|          2|    1|          2|
    |m_axi_gmem1_ARLEN     |  14|          3|   32|         96|
    |m_axi_gmem1_ARLOCK    |   9|          2|    2|          4|
    |m_axi_gmem1_ARPROT    |   9|          2|    3|          6|
    |m_axi_gmem1_ARQOS     |   9|          2|    4|          8|
    |m_axi_gmem1_ARREGION  |   9|          2|    4|          8|
    |m_axi_gmem1_ARSIZE    |   9|          2|    3|          6|
    |m_axi_gmem1_ARUSER    |   9|          2|    1|          2|
    |m_axi_gmem1_ARVALID   |  14|          3|    1|          3|
    |m_axi_gmem1_RREADY    |   9|          2|    1|          2|
    |real_start            |   9|          2|    1|          2|
    |rows_c_blk_n          |   9|          2|    1|          2|
    +----------------------+----+-----------+-----+-----------+
    |Total                 | 251|         55|  129|        367|
    +----------------------+----+-----------+-----+-----------+

    * Register: 
    +------------------------------------------------------------------+----+----+-----+-----------+
    |                               Name                               | FF | LUT| Bits| Const Bits|
    +------------------------------------------------------------------+----+----+-----+-----------+
    |ap_CS_fsm                                                         |  13|   0|   13|          0|
    |ap_done_reg                                                       |   1|   0|    1|          0|
    |grp_Axi2AxiStream_Pipeline_VITIS_LOOP_1021_1_fu_108_ap_start_reg  |   1|   0|    1|          0|
    |mul_rows_cols_reg_153                                             |  15|   0|   15|          0|
    |start_once_reg                                                    |   1|   0|    1|          0|
    +------------------------------------------------------------------+----+----+-----+-----------+
    |Total                                                             |  31|   0|   31|          0|
    +------------------------------------------------------------------+----+----+-----+-----------+



================================================================
== Interface
================================================================
* Summary: 
+-----------------------+-----+-----+------------+---------------+--------------+
|       RTL Ports       | Dir | Bits|  Protocol  | Source Object |    C Type    |
+-----------------------+-----+-----+------------+---------------+--------------+
|ap_clk                 |   in|    1|  ap_ctrl_hs|  Axi2AxiStream|  return value|
|ap_rst                 |   in|    1|  ap_ctrl_hs|  Axi2AxiStream|  return value|
|ap_start               |   in|    1|  ap_ctrl_hs|  Axi2AxiStream|  return value|
|start_full_n           |   in|    1|  ap_ctrl_hs|  Axi2AxiStream|  return value|
|ap_done                |  out|    1|  ap_ctrl_hs|  Axi2AxiStream|  return value|
|ap_continue            |   in|    1|  ap_ctrl_hs|  Axi2AxiStream|  return value|
|ap_idle                |  out|    1|  ap_ctrl_hs|  Axi2AxiStream|  return value|
|ap_ready               |  out|    1|  ap_ctrl_hs|  Axi2AxiStream|  return value|
|start_out              |  out|    1|  ap_ctrl_hs|  Axi2AxiStream|  return value|
|start_write            |  out|    1|  ap_ctrl_hs|  Axi2AxiStream|  return value|
|m_axi_gmem1_AWVALID    |  out|    1|       m_axi|          gmem1|       pointer|
|m_axi_gmem1_AWREADY    |   in|    1|       m_axi|          gmem1|       pointer|
|m_axi_gmem1_AWADDR     |  out|   64|       m_axi|          gmem1|       pointer|
|m_axi_gmem1_AWID       |  out|    1|       m_axi|          gmem1|       pointer|
|m_axi_gmem1_AWLEN      |  out|   32|       m_axi|          gmem1|       pointer|
|m_axi_gmem1_AWSIZE     |  out|    3|       m_axi|          gmem1|       pointer|
|m_axi_gmem1_AWBURST    |  out|    2|       m_axi|          gmem1|       pointer|
|m_axi_gmem1_AWLOCK     |  out|    2|       m_axi|          gmem1|       pointer|
|m_axi_gmem1_AWCACHE    |  out|    4|       m_axi|          gmem1|       pointer|
|m_axi_gmem1_AWPROT     |  out|    3|       m_axi|          gmem1|       pointer|
|m_axi_gmem1_AWQOS      |  out|    4|       m_axi|          gmem1|       pointer|
|m_axi_gmem1_AWREGION   |  out|    4|       m_axi|          gmem1|       pointer|
|m_axi_gmem1_AWUSER     |  out|    1|       m_axi|          gmem1|       pointer|
|m_axi_gmem1_WVALID     |  out|    1|       m_axi|          gmem1|       pointer|
|m_axi_gmem1_WREADY     |   in|    1|       m_axi|          gmem1|       pointer|
|m_axi_gmem1_WDATA      |  out|    8|       m_axi|          gmem1|       pointer|
|m_axi_gmem1_WSTRB      |  out|    1|       m_axi|          gmem1|       pointer|
|m_axi_gmem1_WLAST      |  out|    1|       m_axi|          gmem1|       pointer|
|m_axi_gmem1_WID        |  out|    1|       m_axi|          gmem1|       pointer|
|m_axi_gmem1_WUSER      |  out|    1|       m_axi|          gmem1|       pointer|
|m_axi_gmem1_ARVALID    |  out|    1|       m_axi|          gmem1|       pointer|
|m_axi_gmem1_ARREADY    |   in|    1|       m_axi|          gmem1|       pointer|
|m_axi_gmem1_ARADDR     |  out|   64|       m_axi|          gmem1|       pointer|
|m_axi_gmem1_ARID       |  out|    1|       m_axi|          gmem1|       pointer|
|m_axi_gmem1_ARLEN      |  out|   32|       m_axi|          gmem1|       pointer|
|m_axi_gmem1_ARSIZE     |  out|    3|       m_axi|          gmem1|       pointer|
|m_axi_gmem1_ARBURST    |  out|    2|       m_axi|          gmem1|       pointer|
|m_axi_gmem1_ARLOCK     |  out|    2|       m_axi|          gmem1|       pointer|
|m_axi_gmem1_ARCACHE    |  out|    4|       m_axi|          gmem1|       pointer|
|m_axi_gmem1_ARPROT     |  out|    3|       m_axi|          gmem1|       pointer|
|m_axi_gmem1_ARQOS      |  out|    4|       m_axi|          gmem1|       pointer|
|m_axi_gmem1_ARREGION   |  out|    4|       m_axi|          gmem1|       pointer|
|m_axi_gmem1_ARUSER     |  out|    1|       m_axi|          gmem1|       pointer|
|m_axi_gmem1_RVALID     |   in|    1|       m_axi|          gmem1|       pointer|
|m_axi_gmem1_RREADY     |  out|    1|       m_axi|          gmem1|       pointer|
|m_axi_gmem1_RDATA      |   in|    8|       m_axi|          gmem1|       pointer|
|m_axi_gmem1_RLAST      |   in|    1|       m_axi|          gmem1|       pointer|
|m_axi_gmem1_RID        |   in|    1|       m_axi|          gmem1|       pointer|
|m_axi_gmem1_RFIFONUM   |   in|   11|       m_axi|          gmem1|       pointer|
|m_axi_gmem1_RUSER      |   in|    1|       m_axi|          gmem1|       pointer|
|m_axi_gmem1_RRESP      |   in|    2|       m_axi|          gmem1|       pointer|
|m_axi_gmem1_BVALID     |   in|    1|       m_axi|          gmem1|       pointer|
|m_axi_gmem1_BREADY     |  out|    1|       m_axi|          gmem1|       pointer|
|m_axi_gmem1_BRESP      |   in|    2|       m_axi|          gmem1|       pointer|
|m_axi_gmem1_BID        |   in|    1|       m_axi|          gmem1|       pointer|
|m_axi_gmem1_BUSER      |   in|    1|       m_axi|          gmem1|       pointer|
|din                    |   in|   64|     ap_none|            din|        scalar|
|ldata_din              |  out|    8|     ap_fifo|          ldata|       pointer|
|ldata_num_data_valid   |   in|    3|     ap_fifo|          ldata|       pointer|
|ldata_fifo_cap         |   in|    3|     ap_fifo|          ldata|       pointer|
|ldata_full_n           |   in|    1|     ap_fifo|          ldata|       pointer|
|ldata_write            |  out|    1|     ap_fifo|          ldata|       pointer|
|rows                   |   in|   32|     ap_none|           rows|        scalar|
|cols                   |   in|   32|     ap_none|           cols|        scalar|
|rows_c_din             |  out|   32|     ap_fifo|         rows_c|       pointer|
|rows_c_num_data_valid  |   in|    3|     ap_fifo|         rows_c|       pointer|
|rows_c_fifo_cap        |   in|    3|     ap_fifo|         rows_c|       pointer|
|rows_c_full_n          |   in|    1|     ap_fifo|         rows_c|       pointer|
|rows_c_write           |  out|    1|     ap_fifo|         rows_c|       pointer|
|cols_c_din             |  out|   32|     ap_fifo|         cols_c|       pointer|
|cols_c_num_data_valid  |   in|    3|     ap_fifo|         cols_c|       pointer|
|cols_c_fifo_cap        |   in|    3|     ap_fifo|         cols_c|       pointer|
|cols_c_full_n          |   in|    1|     ap_fifo|         cols_c|       pointer|
|cols_c_write           |  out|    1|     ap_fifo|         cols_c|       pointer|
+-----------------------+-----+-----+------------+---------------+--------------+

