

================================================================
== Vitis HLS Report for 'AxiStream2MatStream_2_Pipeline_MMIterInLoopRow'
================================================================
* Date:           Mon Jul 15 19:04:59 2024

* Version:        2023.2 (Build 4023990 on Oct 11 2023)
* Project:        sobel_resize_xf
* Solution:       sol2 (Vivado IP Flow Target)
* Product family: zynq
* Target device:  xc7z020-clg484-1


================================================================
== Performance Estimates
================================================================
+ Timing: 
    * Summary: 
    +--------+----------+----------+------------+
    |  Clock |  Target  | Estimated| Uncertainty|
    +--------+----------+----------+------------+
    |ap_clk  |  10.00 ns|  7.200 ns|     2.70 ns|
    +--------+----------+----------+------------+

+ Latency: 
    * Summary: 
    +---------+---------+-----------+----------+-----+-------+---------+
    |  Latency (cycles) |  Latency (absolute)  |   Interval  | Pipeline|
    |   min   |   max   |    min    |    max   | min |  max  |   Type  |
    +---------+---------+-----------+----------+-----+-------+---------+
    |        6|    16389|  60.000 ns|  0.164 ms|    6|  16389|       no|
    +---------+---------+-----------+----------+-----+-------+---------+

    + Detail: 
        * Instance: 
        N/A

        * Loop: 
        +-------------------+---------+---------+----------+-----------+-----------+-----------+----------+
        |                   |  Latency (cycles) | Iteration|  Initiation Interval  |    Trip   |          |
        |     Loop Name     |   min   |   max   |  Latency |  achieved |   target  |   Count   | Pipelined|
        +-------------------+---------+---------+----------+-----------+-----------+-----------+----------+
        |- MMIterInLoopRow  |        4|    16387|         5|          1|          1|  1 ~ 16384|       yes|
        +-------------------+---------+---------+----------+-----------+-----------+-----------+----------+



================================================================
== Utilization Estimates
================================================================
* Summary: 
+-----------------+---------+-----+--------+-------+-----+
|       Name      | BRAM_18K| DSP |   FF   |  LUT  | URAM|
+-----------------+---------+-----+--------+-------+-----+
|DSP              |        -|    -|       -|      -|    -|
|Expression       |        -|    -|       0|    912|    -|
|FIFO             |        -|    -|       -|      -|    -|
|Instance         |        -|    -|       -|      -|    -|
|Memory           |        -|    -|       -|      -|    -|
|Multiplexer      |        -|    -|       -|    100|    -|
|Register         |        -|    -|     474|    128|    -|
+-----------------+---------+-----+--------+-------+-----+
|Total            |        0|    0|     474|   1140|    0|
+-----------------+---------+-----+--------+-------+-----+
|Available        |      280|  220|  106400|  53200|    0|
+-----------------+---------+-----+--------+-------+-----+
|Utilization (%)  |        0|    0|      ~0|      2|    0|
+-----------------+---------+-----+--------+-------+-----+

+ Detail: 
    * Instance: 
    N/A

    * DSP: 
    N/A

    * Memory: 
    N/A

    * FIFO: 
    N/A

    * Expression: 
    +----------------------------------+----------+----+---+----+------------+------------+
    |           Variable Name          | Operation| DSP| FF| LUT| Bitwidth P0| Bitwidth P1|
    +----------------------------------+----------+----+---+----+------------+------------+
    |add_ln1054_fu_203_p2              |         +|   0|  0|  38|          31|           1|
    |add_ln1071_fu_339_p2              |         +|   0|  0|  13|           5|           2|
    |add_ln1074_fu_276_p2              |         +|   0|  0|  13|           5|           3|
    |add_ln1086_fu_219_p2              |         +|   0|  0|  39|          32|           1|
    |rem_2_fu_359_p2                   |         +|   0|  0|  39|          32|          32|
    |rem_3_fu_318_p2                   |         -|   0|  0|  39|          32|          32|
    |sub_ln1067_fu_411_p2              |         -|   0|  0|  11|           1|           3|
    |sub_ln1071_fu_426_p2              |         -|   0|  0|  11|           3|           3|
    |sub_ln1074_1_fu_298_p2            |         -|   0|  0|  39|           4|          32|
    |sub_ln1074_2_fu_478_p2            |         -|   0|  0|  11|           3|           3|
    |sub_ln1074_3_fu_482_p2            |         -|   0|  0|  11|           3|           3|
    |sub_ln1074_fu_292_p2              |         -|   0|  0|  39|          32|          32|
    |sub_ln1082_fu_601_p2              |         -|   0|  0|  11|           1|           3|
    |and_ln1071_1_fu_571_p2            |       and|   0|  0|   8|           8|           8|
    |and_ln1071_2_fu_583_p2            |       and|   0|  0|   8|           8|           8|
    |and_ln1071_3_fu_589_p2            |       and|   0|  0|   8|           8|           8|
    |and_ln1071_fu_446_p2              |       and|   0|  0|   8|           8|           8|
    |ap_block_state4_pp0_stage0_iter3  |       and|   0|  0|   2|           1|           1|
    |ap_block_state6_pp0_stage0_iter5  |       and|   0|  0|   2|           1|           1|
    |ap_condition_613                  |       and|   0|  0|   2|           1|           1|
    |ap_condition_616                  |       and|   0|  0|   2|           1|           1|
    |ap_condition_619                  |       and|   0|  0|   2|           1|           1|
    |ap_predicate_op80_read_state4     |       and|   0|  0|   2|           1|           1|
    |in_mat_data_din                   |       and|   0|  0|   8|           8|           8|
    |localbuffer_5_fu_509_p2           |       and|   0|  0|   8|           8|           8|
    |bLast_width_fu_209_p2             |      icmp|   0|  0|  39|          32|          32|
    |icmp_ln1054_fu_198_p2             |      icmp|   0|  0|  39|          32|          32|
    |icmp_ln1065_fu_270_p2             |      icmp|   0|  0|  39|          32|          32|
    |icmp_ln1066_fu_329_p2             |      icmp|   0|  0|  39|          32|           1|
    |icmp_ln1071_fu_353_p2             |      icmp|   0|  0|  39|          32|          32|
    |icmp_ln1074_fu_304_p2             |      icmp|   0|  0|  39|          32|          32|
    |icmp_ln1084_fu_214_p2             |      icmp|   0|  0|  39|          32|          32|
    |localbuffer_fu_420_p2             |      lshr|   0|  0|  17|           8|           8|
    |lshr_ln1071_1_fu_565_p2           |      lshr|   0|  0|  17|           2|           8|
    |lshr_ln1071_fu_440_p2             |      lshr|   0|  0|  17|           2|           8|
    |lshr_ln1074_1_fu_503_p2           |      lshr|   0|  0|  17|           2|           8|
    |lshr_ln1074_fu_405_p2             |      lshr|   0|  0|  17|           8|           8|
    |lshr_ln1082_fu_609_p2             |      lshr|   0|  0|  17|           2|           8|
    |ap_block_pp0_stage0_01001         |        or|   0|  0|   2|           1|           1|
    |localbuffer_4_fu_595_p2           |        or|   0|  0|   8|           8|           8|
    |j_4_fu_225_p3                     |    select|   0|  0|  32|           1|           1|
    |localbuffer_3_fu_514_p3           |    select|   0|  0|   8|           1|           1|
    |ptr_width_minus_fu_260_p3         |    select|   0|  0|   5|           1|           5|
    |select_ln1059_fu_615_p3           |    select|   0|  0|   8|           1|           8|
    |select_ln1071_1_fu_525_p3         |    select|   0|  0|   3|           1|           3|
    |select_ln1071_2_fu_457_p3         |    select|   0|  0|   3|           1|           3|
    |select_ln1071_3_fu_553_p3         |    select|   0|  0|   8|           1|           8|
    |select_ln1071_fu_520_p3           |    select|   0|  0|   3|           1|           3|
    |select_ln1074_1_fu_486_p3         |    select|   0|  0|   3|           1|           3|
    |select_ln1074_2_fu_388_p3         |    select|   0|  0|   8|           1|           8|
    |select_ln1074_3_fu_395_p3         |    select|   0|  0|   3|           1|           3|
    |select_ln1074_fu_281_p3           |    select|   0|  0|   5|           1|           5|
    |xf_bits_per_clock_fu_246_p3       |    select|   0|  0|   5|           1|           4|
    |shl_ln1071_1_fu_559_p2            |       shl|   0|  0|  17|           2|           8|
    |shl_ln1071_fu_467_p2              |       shl|   0|  0|  17|           8|           8|
    |ap_enable_pp0                     |       xor|   0|  0|   2|           1|           2|
    |xor_ln1071_1_fu_452_p2            |       xor|   0|  0|   3|           3|           2|
    |xor_ln1071_2_fu_530_p2            |       xor|   0|  0|   3|           3|           2|
    |xor_ln1071_3_fu_577_p2            |       xor|   0|  0|   8|           2|           8|
    |xor_ln1071_fu_430_p2              |       xor|   0|  0|   3|           3|           2|
    |xor_ln1074_1_fu_493_p2            |       xor|   0|  0|   3|           3|           2|
    |xor_ln1074_fu_383_p2              |       xor|   0|  0|   3|           3|           2|
    +----------------------------------+----------+----+---+----+------------+------------+
    |Total                             |          |   0|  0| 912|         536|         545|
    +----------------------------------+----------+----+---+----+------------+------------+

    * Multiplexer: 
    +--------------------------------------------+----+-----------+-----+-----------+
    |                    Name                    | LUT| Input Size| Bits| Total Bits|
    +--------------------------------------------+----+-----------+-----+-----------+
    |ap_done_int                                 |   9|          2|    1|          2|
    |ap_enable_reg_pp0_iter1                     |   9|          2|    1|          2|
    |ap_enable_reg_pp0_iter3                     |   9|          2|    1|          2|
    |ap_phi_reg_pp0_iter5_localbuffer_1_reg_155  |  14|          3|    8|         24|
    |i_fu_88                                     |   9|          2|   31|         62|
    |in_mat_data_blk_n                           |   9|          2|    1|          2|
    |j_fu_92                                     |   9|          2|   32|         64|
    |ldata_blk_n                                 |   9|          2|    1|          2|
    |rem_fu_84                                   |  14|          3|   32|         96|
    |val_fu_96                                   |   9|          2|    8|         16|
    +--------------------------------------------+----+-----------+-----+-----------+
    |Total                                       | 100|         22|  116|        272|
    +--------------------------------------------+----+-----------+-----+-----------+

    * Register: 
    +--------------------------------------------+----+----+-----+-----------+
    |                    Name                    | FF | LUT| Bits| Const Bits|
    +--------------------------------------------+----+----+-----+-----------+
    |ap_CS_fsm                                   |   1|   0|    1|          0|
    |ap_done_reg                                 |   1|   0|    1|          0|
    |ap_enable_reg_pp0_iter1                     |   1|   0|    1|          0|
    |ap_enable_reg_pp0_iter2                     |   1|   0|    1|          0|
    |ap_enable_reg_pp0_iter3                     |   1|   0|    1|          0|
    |ap_enable_reg_pp0_iter4                     |   1|   0|    1|          0|
    |ap_enable_reg_pp0_iter5                     |   1|   0|    1|          0|
    |ap_loop_exit_ready_pp0_iter2_reg            |   1|   0|    1|          0|
    |ap_loop_exit_ready_pp0_iter3_reg            |   1|   0|    1|          0|
    |ap_loop_exit_ready_pp0_iter4_reg            |   1|   0|    1|          0|
    |ap_phi_reg_pp0_iter1_localbuffer_1_reg_155  |   8|   0|    8|          0|
    |ap_phi_reg_pp0_iter2_localbuffer_1_reg_155  |   8|   0|    8|          0|
    |ap_phi_reg_pp0_iter3_localbuffer_1_reg_155  |   8|   0|    8|          0|
    |ap_phi_reg_pp0_iter4_localbuffer_1_reg_155  |   8|   0|    8|          0|
    |ap_phi_reg_pp0_iter5_localbuffer_1_reg_155  |   8|   0|    8|          0|
    |bLast_width_reg_697                         |   1|   0|    1|          0|
    |i_fu_88                                     |  31|   0|   31|          0|
    |icmp_ln1054_reg_693                         |   1|   0|    1|          0|
    |icmp_ln1065_reg_709                         |   1|   0|    1|          0|
    |icmp_ln1066_reg_734                         |   1|   0|    1|          0|
    |icmp_ln1066_reg_734_pp0_iter3_reg           |   1|   0|    1|          0|
    |icmp_ln1071_reg_756                         |   1|   0|    1|          0|
    |icmp_ln1071_reg_756_pp0_iter3_reg           |   1|   0|    1|          0|
    |icmp_ln1074_reg_713                         |   1|   0|    1|          0|
    |icmp_ln1074_reg_713_pp0_iter3_reg           |   1|   0|    1|          0|
    |icmp_ln1084_reg_705                         |   1|   0|    1|          0|
    |j_fu_92                                     |  32|   0|   32|          0|
    |last_blk_width_cast3_cast_reg_688           |   4|   0|    5|          1|
    |localbuffer_reg_769                         |   8|   0|    8|          0|
    |lshr_ln1074_reg_764                         |   8|   0|    8|          0|
    |rem_fu_84                                   |  32|   0|   32|          0|
    |shl_ln1071_reg_774                          |   8|   0|    8|          0|
    |sub_ln1082_reg_790                          |   3|   0|    3|          0|
    |trunc_ln1067_reg_739                        |   3|   0|    3|          0|
    |trunc_ln1067_reg_739_pp0_iter3_reg          |   3|   0|    3|          0|
    |trunc_ln1071_reg_749                        |   3|   0|    3|          0|
    |trunc_ln1071_reg_749_pp0_iter3_reg          |   3|   0|    3|          0|
    |trunc_ln1074_1_reg_728                      |   3|   0|    3|          0|
    |trunc_ln1074_1_reg_728_pp0_iter3_reg        |   3|   0|    3|          0|
    |trunc_ln1074_reg_720                        |   3|   0|    3|          0|
    |trunc_ln1074_reg_720_pp0_iter3_reg          |   3|   0|    3|          0|
    |val_fu_96                                   |   8|   0|    8|          0|
    |bLast_width_reg_697                         |  64|  32|    1|          0|
    |icmp_ln1054_reg_693                         |  64|  32|    1|          0|
    |icmp_ln1065_reg_709                         |  64|  32|    1|          0|
    |icmp_ln1084_reg_705                         |  64|  32|    1|          0|
    +--------------------------------------------+----+----+-----+-----------+
    |Total                                       | 474| 128|  223|          1|
    +--------------------------------------------+----+----+-----+-----------+



================================================================
== Interface
================================================================
* Summary: 
+----------------------------+-----+-----+------------+-------------------------------------------------+--------------+
|          RTL Ports         | Dir | Bits|  Protocol  |                  Source Object                  |    C Type    |
+----------------------------+-----+-----+------------+-------------------------------------------------+--------------+
|ap_clk                      |   in|    1|  ap_ctrl_hs|  AxiStream2MatStream<2>_Pipeline_MMIterInLoopRow|  return value|
|ap_rst                      |   in|    1|  ap_ctrl_hs|  AxiStream2MatStream<2>_Pipeline_MMIterInLoopRow|  return value|
|ap_start                    |   in|    1|  ap_ctrl_hs|  AxiStream2MatStream<2>_Pipeline_MMIterInLoopRow|  return value|
|ap_done                     |  out|    1|  ap_ctrl_hs|  AxiStream2MatStream<2>_Pipeline_MMIterInLoopRow|  return value|
|ap_idle                     |  out|    1|  ap_ctrl_hs|  AxiStream2MatStream<2>_Pipeline_MMIterInLoopRow|  return value|
|ap_ready                    |  out|    1|  ap_ctrl_hs|  AxiStream2MatStream<2>_Pipeline_MMIterInLoopRow|  return value|
|ldata_dout                  |   in|    8|     ap_fifo|                                            ldata|       pointer|
|ldata_num_data_valid        |   in|    3|     ap_fifo|                                            ldata|       pointer|
|ldata_fifo_cap              |   in|    3|     ap_fifo|                                            ldata|       pointer|
|ldata_empty_n               |   in|    1|     ap_fifo|                                            ldata|       pointer|
|ldata_read                  |  out|    1|     ap_fifo|                                            ldata|       pointer|
|in_mat_data_din             |  out|    8|     ap_fifo|                                      in_mat_data|       pointer|
|in_mat_data_num_data_valid  |   in|    3|     ap_fifo|                                      in_mat_data|       pointer|
|in_mat_data_fifo_cap        |   in|    3|     ap_fifo|                                      in_mat_data|       pointer|
|in_mat_data_full_n          |   in|    1|     ap_fifo|                                      in_mat_data|       pointer|
|in_mat_data_write           |  out|    1|     ap_fifo|                                      in_mat_data|       pointer|
|bound                       |   in|   32|     ap_none|                                            bound|        scalar|
|empty                       |   in|    3|     ap_none|                                            empty|        scalar|
|cols_bound_per_npc_load     |   in|   32|     ap_none|                          cols_bound_per_npc_load|        scalar|
|sub                         |   in|   32|     ap_none|                                              sub|        scalar|
|last_blk_width_load         |   in|    4|     ap_none|                              last_blk_width_load|        scalar|
|sub3                        |   in|    5|     ap_none|                                             sub3|        scalar|
|last_blk_width_cast3        |   in|    4|     ap_none|                             last_blk_width_cast3|        scalar|
+----------------------------+-----+-----+------------+-------------------------------------------------+--------------+

