

================================================================
== Vitis HLS Report for 'sobel_resize_accel'
================================================================
* Date:           Mon Jul 15 19:05:01 2024

* Version:        2023.2 (Build 4023990 on Oct 11 2023)
* Project:        sobel_resize_xf
* Solution:       sol2 (Vivado IP Flow Target)
* Product family: zynq
* Target device:  xc7z020-clg484-1


================================================================
== Performance Estimates
================================================================
+ Timing: 
    * Summary: 
    +--------+----------+----------+------------+
    |  Clock |  Target  | Estimated| Uncertainty|
    +--------+----------+----------+------------+
    |ap_clk  |  10.00 ns|  7.544 ns|     2.70 ns|
    +--------+----------+----------+------------+

+ Latency: 
    * Summary: 
    +---------+---------+-----------+----------+------+-------+----------+
    |  Latency (cycles) |  Latency (absolute)  |   Interval   | Pipeline |
    |   min   |   max   |    min    |    max   |  min |  max  |   Type   |
    +---------+---------+-----------+----------+------+-------+----------+
    |     4972|    20436|  49.720 us|  0.204 ms|  4936|  20428|  dataflow|
    +---------+---------+-----------+----------+------+-------+----------+

    + Detail: 
        * Instance: 
        +-------------------------------------------+------------------------------------------+---------+---------+-----------+-----------+------+-------+---------+
        |                                           |                                          |  Latency (cycles) |   Latency (absolute)  |   Interval   | Pipeline|
        |                  Instance                 |                  Module                  |   min   |   max   |    min    |    max    |  min |  max  |   Type  |
        +-------------------------------------------+------------------------------------------+---------+---------+-----------+-----------+------+-------+---------+
        |entry_proc13_U0                            |entry_proc13                              |        0|        0|       0 ns|       0 ns|     0|      0|       no|
        |Block_entry1_proc_U0                       |Block_entry1_proc                         |        0|        0|       0 ns|       0 ns|     0|      0|       no|
        |Array2xfMat_8_0_128_128_1_2_U0             |Array2xfMat_8_0_128_128_1_2_s             |       21|    16404|   0.210 us|   0.164 ms|    21|  16404|       no|
        |resize_1_0_128_128_64_64_1_false_2_2_2_U0  |resize_1_0_128_128_64_64_1_false_2_2_2_s  |      171|    20427|   1.710 us|   0.204 ms|   171|  20427|       no|
        |Sobel_0_3_0_0_64_64_1_false_2_2_2_U0       |Sobel_0_3_0_0_64_64_1_false_2_2_2_s       |     4935|     4935|  49.350 us|  49.350 us|  4935|   4935|       no|
        |Block_entry14_proc_U0                      |Block_entry14_proc                        |        0|        0|       0 ns|       0 ns|     0|      0|       no|
        |xfMat2Array_8_0_64_64_1_2_1_U0             |xfMat2Array_8_0_64_64_1_2_1_s             |       17|     4112|   0.170 us|  41.120 us|    17|   4112|       no|
        |xfMat2Array_8_0_64_64_1_2_1_1_U0           |xfMat2Array_8_0_64_64_1_2_1_1             |       17|     4112|   0.170 us|  41.120 us|    17|   4112|       no|
        +-------------------------------------------+------------------------------------------+---------+---------+-----------+-----------+------+-------+---------+

        * Loop: 
        N/A



================================================================
== Utilization Estimates
================================================================
* Summary: 
+-----------------+---------+-----+--------+-------+-----+
|       Name      | BRAM_18K| DSP |   FF   |  LUT  | URAM|
+-----------------+---------+-----+--------+-------+-----+
|DSP              |        -|    -|       -|      -|    -|
|Expression       |        -|    -|       0|     64|    -|
|FIFO             |        -|    -|    1782|   1218|    -|
|Instance         |       12|   18|   11750|  15111|    -|
|Memory           |        -|    -|       -|      -|    -|
|Multiplexer      |        -|    -|       -|    108|    -|
|Register         |        -|    -|      12|      -|    -|
+-----------------+---------+-----+--------+-------+-----+
|Total            |       12|   18|   13544|  16501|    0|
+-----------------+---------+-----+--------+-------+-----+
|Available        |      280|  220|  106400|  53200|    0|
+-----------------+---------+-----+--------+-------+-----+
|Utilization (%)  |        4|    8|      12|     31|    0|
+-----------------+---------+-----+--------+-------+-----+

+ Detail: 
    * Instance: 
    +-------------------------------------------+------------------------------------------+---------+----+------+------+-----+
    |                  Instance                 |                  Module                  | BRAM_18K| DSP|  FF  |  LUT | URAM|
    +-------------------------------------------+------------------------------------------+---------+----+------+------+-----+
    |Array2xfMat_8_0_128_128_1_2_U0             |Array2xfMat_8_0_128_128_1_2_s             |        0|   4|  1452|  2252|    0|
    |Block_entry14_proc_U0                      |Block_entry14_proc                        |        0|   0|   130|    47|    0|
    |Block_entry1_proc_U0                       |Block_entry1_proc                         |        0|   0|   130|    47|    0|
    |Sobel_0_3_0_0_64_64_1_false_2_2_2_U0       |Sobel_0_3_0_0_64_64_1_false_2_2_2_s       |        3|   0|   580|  1392|    0|
    |control_s_axi_U                            |control_s_axi                             |        0|   0|   398|   680|    0|
    |entry_proc13_U0                            |entry_proc13                              |        0|   0|     2|    29|    0|
    |gmem1_m_axi_U                              |gmem1_m_axi                               |        2|   0|   866|   854|    0|
    |gmem2_m_axi_U                              |gmem2_m_axi                               |        2|   0|   866|   854|    0|
    |gmem3_m_axi_U                              |gmem3_m_axi                               |        2|   0|   866|   854|    0|
    |resize_1_0_128_128_64_64_1_false_2_2_2_U0  |resize_1_0_128_128_64_64_1_false_2_2_2_s  |        3|  10|  3946|  4556|    0|
    |xfMat2Array_8_0_64_64_1_2_1_1_U0           |xfMat2Array_8_0_64_64_1_2_1_1             |        0|   2|  1257|  1773|    0|
    |xfMat2Array_8_0_64_64_1_2_1_U0             |xfMat2Array_8_0_64_64_1_2_1_s             |        0|   2|  1257|  1773|    0|
    +-------------------------------------------+------------------------------------------+---------+----+------+------+-----+
    |Total                                      |                                          |       12|  18| 11750| 15111|    0|
    +-------------------------------------------+------------------------------------------+---------+----+------+------+-----+

    * DSP: 
    N/A

    * Memory: 
    N/A

    * FIFO: 
    +-----------------------------------+---------+----+----+-----+------+-----+---------+
    |                Name               | BRAM_18K| FF | LUT| URAM| Depth| Bits| Size:D*B|
    +-----------------------------------+---------+----+----+-----+------+-----+---------+
    |img_out1_c_U                       |        0|  99|   0|    -|     6|   64|      384|
    |img_out2_c_U                       |        0|  99|   0|    -|     6|   64|      384|
    |in_mat_cols_c16_channel_U          |        0|  99|   0|    -|     2|   32|       64|
    |in_mat_cols_c_U                    |        0|  99|   0|    -|     2|   32|       64|
    |in_mat_data_U                      |        0|  99|   0|    -|     2|    8|       16|
    |in_mat_rows_c15_channel_U          |        0|  99|   0|    -|     2|   32|       64|
    |in_mat_rows_c_U                    |        0|  99|   0|    -|     2|   32|       64|
    |out_resize_mat_cols_c18_channel_U  |        0|  99|   0|    -|     3|   32|       96|
    |out_resize_mat_cols_c_U            |        0|  99|   0|    -|     2|   32|       64|
    |out_resize_mat_data_U              |        0|  99|   0|    -|     2|    8|       16|
    |out_resize_mat_rows_c17_channel_U  |        0|  99|   0|    -|     3|   32|       96|
    |out_resize_mat_rows_c_U            |        0|  99|   0|    -|     2|   32|       64|
    |p_dstgx_cols_channel_U             |        0|  99|   0|    -|     5|   32|      160|
    |p_dstgx_data_U                     |        0|  99|   0|    -|     2|    8|       16|
    |p_dstgx_rows_channel_U             |        0|  99|   0|    -|     5|   32|      160|
    |p_dstgy_cols_channel_U             |        0|  99|   0|    -|     5|   32|      160|
    |p_dstgy_data_U                     |        0|  99|   0|    -|     2|    8|       16|
    |p_dstgy_rows_channel_U             |        0|  99|   0|    -|     5|   32|      160|
    +-----------------------------------+---------+----+----+-----+------+-----+---------+
    |Total                              |        0|1782|   0|    0|    58|  544|     2048|
    +-----------------------------------+---------+----+----+-----+------+-----+---------+

    * Expression: 
    +-------------------------------------------------------+----------+----+---+----+------------+------------+
    |                     Variable Name                     | Operation| DSP| FF| LUT| Bitwidth P0| Bitwidth P1|
    +-------------------------------------------------------+----------+----+---+----+------------+------------+
    |Array2xfMat_8_0_128_128_1_2_U0_ap_start                |       and|   0|  0|   2|           1|           1|
    |Block_entry14_proc_U0_ap_continue                      |       and|   0|  0|   2|           1|           1|
    |Block_entry14_proc_U0_ap_start                         |       and|   0|  0|   2|           1|           1|
    |Block_entry1_proc_U0_ap_continue                       |       and|   0|  0|   2|           1|           1|
    |Block_entry1_proc_U0_ap_start                          |       and|   0|  0|   2|           1|           1|
    |ap_channel_done_in_mat_cols_c16_channel                |       and|   0|  0|   2|           1|           1|
    |ap_channel_done_in_mat_rows_c15_channel                |       and|   0|  0|   2|           1|           1|
    |ap_channel_done_out_resize_mat_cols_c18_channel        |       and|   0|  0|   2|           1|           1|
    |ap_channel_done_out_resize_mat_rows_c17_channel        |       and|   0|  0|   2|           1|           1|
    |ap_channel_done_p_dstgx_cols_channel                   |       and|   0|  0|   2|           1|           1|
    |ap_channel_done_p_dstgx_rows_channel                   |       and|   0|  0|   2|           1|           1|
    |ap_channel_done_p_dstgy_cols_channel                   |       and|   0|  0|   2|           1|           1|
    |ap_channel_done_p_dstgy_rows_channel                   |       and|   0|  0|   2|           1|           1|
    |ap_idle                                                |       and|   0|  0|   2|           1|           1|
    |ap_sync_done                                           |       and|   0|  0|   2|           1|           1|
    |ap_sync_ready                                          |       and|   0|  0|   2|           1|           1|
    |entry_proc13_U0_ap_start                               |       and|   0|  0|   2|           1|           1|
    |resize_1_0_128_128_64_64_1_false_2_2_2_U0_ap_start     |       and|   0|  0|   2|           1|           1|
    |xfMat2Array_8_0_64_64_1_2_1_1_U0_ap_start              |       and|   0|  0|   2|           1|           1|
    |xfMat2Array_8_0_64_64_1_2_1_U0_ap_start                |       and|   0|  0|   2|           1|           1|
    |ap_sync_Array2xfMat_8_0_128_128_1_2_U0_ap_ready        |        or|   0|  0|   2|           1|           1|
    |ap_sync_Block_entry14_proc_U0_ap_ready                 |        or|   0|  0|   2|           1|           1|
    |ap_sync_Block_entry1_proc_U0_ap_ready                  |        or|   0|  0|   2|           1|           1|
    |ap_sync_channel_write_in_mat_cols_c16_channel          |        or|   0|  0|   2|           1|           1|
    |ap_sync_channel_write_in_mat_rows_c15_channel          |        or|   0|  0|   2|           1|           1|
    |ap_sync_channel_write_out_resize_mat_cols_c18_channel  |        or|   0|  0|   2|           1|           1|
    |ap_sync_channel_write_out_resize_mat_rows_c17_channel  |        or|   0|  0|   2|           1|           1|
    |ap_sync_channel_write_p_dstgx_cols_channel             |        or|   0|  0|   2|           1|           1|
    |ap_sync_channel_write_p_dstgx_rows_channel             |        or|   0|  0|   2|           1|           1|
    |ap_sync_channel_write_p_dstgy_cols_channel             |        or|   0|  0|   2|           1|           1|
    |ap_sync_channel_write_p_dstgy_rows_channel             |        or|   0|  0|   2|           1|           1|
    |ap_sync_entry_proc13_U0_ap_ready                       |        or|   0|  0|   2|           1|           1|
    +-------------------------------------------------------+----------+----+---+----+------------+------------+
    |Total                                                  |          |   0|  0|  64|          32|          32|
    +-------------------------------------------------------+----------+----+---+----+------------+------------+

    * Multiplexer: 
    +-----------------------------------------------------------+----+-----------+-----+-----------+
    |                            Name                           | LUT| Input Size| Bits| Total Bits|
    +-----------------------------------------------------------+----+-----------+-----+-----------+
    |ap_sync_reg_Array2xfMat_8_0_128_128_1_2_U0_ap_ready        |   9|          2|    1|          2|
    |ap_sync_reg_Block_entry14_proc_U0_ap_ready                 |   9|          2|    1|          2|
    |ap_sync_reg_Block_entry1_proc_U0_ap_ready                  |   9|          2|    1|          2|
    |ap_sync_reg_channel_write_in_mat_cols_c16_channel          |   9|          2|    1|          2|
    |ap_sync_reg_channel_write_in_mat_rows_c15_channel          |   9|          2|    1|          2|
    |ap_sync_reg_channel_write_out_resize_mat_cols_c18_channel  |   9|          2|    1|          2|
    |ap_sync_reg_channel_write_out_resize_mat_rows_c17_channel  |   9|          2|    1|          2|
    |ap_sync_reg_channel_write_p_dstgx_cols_channel             |   9|          2|    1|          2|
    |ap_sync_reg_channel_write_p_dstgx_rows_channel             |   9|          2|    1|          2|
    |ap_sync_reg_channel_write_p_dstgy_cols_channel             |   9|          2|    1|          2|
    |ap_sync_reg_channel_write_p_dstgy_rows_channel             |   9|          2|    1|          2|
    |ap_sync_reg_entry_proc13_U0_ap_ready                       |   9|          2|    1|          2|
    +-----------------------------------------------------------+----+-----------+-----+-----------+
    |Total                                                      | 108|         24|   12|         24|
    +-----------------------------------------------------------+----+-----------+-----+-----------+

    * Register: 
    +-----------------------------------------------------------+---+----+-----+-----------+
    |                            Name                           | FF| LUT| Bits| Const Bits|
    +-----------------------------------------------------------+---+----+-----+-----------+
    |ap_sync_reg_Array2xfMat_8_0_128_128_1_2_U0_ap_ready        |  1|   0|    1|          0|
    |ap_sync_reg_Block_entry14_proc_U0_ap_ready                 |  1|   0|    1|          0|
    |ap_sync_reg_Block_entry1_proc_U0_ap_ready                  |  1|   0|    1|          0|
    |ap_sync_reg_channel_write_in_mat_cols_c16_channel          |  1|   0|    1|          0|
    |ap_sync_reg_channel_write_in_mat_rows_c15_channel          |  1|   0|    1|          0|
    |ap_sync_reg_channel_write_out_resize_mat_cols_c18_channel  |  1|   0|    1|          0|
    |ap_sync_reg_channel_write_out_resize_mat_rows_c17_channel  |  1|   0|    1|          0|
    |ap_sync_reg_channel_write_p_dstgx_cols_channel             |  1|   0|    1|          0|
    |ap_sync_reg_channel_write_p_dstgx_rows_channel             |  1|   0|    1|          0|
    |ap_sync_reg_channel_write_p_dstgy_cols_channel             |  1|   0|    1|          0|
    |ap_sync_reg_channel_write_p_dstgy_rows_channel             |  1|   0|    1|          0|
    |ap_sync_reg_entry_proc13_U0_ap_ready                       |  1|   0|    1|          0|
    +-----------------------------------------------------------+---+----+-----+-----------+
    |Total                                                      | 12|   0|   12|          0|
    +-----------------------------------------------------------+---+----+-----+-----------+



================================================================
== Interface
================================================================
* Summary: 
+-----------------------+-----+-----+------------+--------------------+--------------+
|       RTL Ports       | Dir | Bits|  Protocol  |    Source Object   |    C Type    |
+-----------------------+-----+-----+------------+--------------------+--------------+
|s_axi_control_AWVALID  |   in|    1|       s_axi|             control|        scalar|
|s_axi_control_AWREADY  |  out|    1|       s_axi|             control|        scalar|
|s_axi_control_AWADDR   |   in|    7|       s_axi|             control|        scalar|
|s_axi_control_WVALID   |   in|    1|       s_axi|             control|        scalar|
|s_axi_control_WREADY   |  out|    1|       s_axi|             control|        scalar|
|s_axi_control_WDATA    |   in|   32|       s_axi|             control|        scalar|
|s_axi_control_WSTRB    |   in|    4|       s_axi|             control|        scalar|
|s_axi_control_ARVALID  |   in|    1|       s_axi|             control|        scalar|
|s_axi_control_ARREADY  |  out|    1|       s_axi|             control|        scalar|
|s_axi_control_ARADDR   |   in|    7|       s_axi|             control|        scalar|
|s_axi_control_RVALID   |  out|    1|       s_axi|             control|        scalar|
|s_axi_control_RREADY   |   in|    1|       s_axi|             control|        scalar|
|s_axi_control_RDATA    |  out|   32|       s_axi|             control|        scalar|
|s_axi_control_RRESP    |  out|    2|       s_axi|             control|        scalar|
|s_axi_control_BVALID   |  out|    1|       s_axi|             control|        scalar|
|s_axi_control_BREADY   |   in|    1|       s_axi|             control|        scalar|
|s_axi_control_BRESP    |  out|    2|       s_axi|             control|        scalar|
|ap_clk                 |   in|    1|  ap_ctrl_hs|  sobel_resize_accel|  return value|
|ap_rst_n               |   in|    1|  ap_ctrl_hs|  sobel_resize_accel|  return value|
|interrupt              |  out|    1|  ap_ctrl_hs|  sobel_resize_accel|  return value|
|m_axi_gmem1_AWVALID    |  out|    1|       m_axi|               gmem1|       pointer|
|m_axi_gmem1_AWREADY    |   in|    1|       m_axi|               gmem1|       pointer|
|m_axi_gmem1_AWADDR     |  out|   64|       m_axi|               gmem1|       pointer|
|m_axi_gmem1_AWID       |  out|    1|       m_axi|               gmem1|       pointer|
|m_axi_gmem1_AWLEN      |  out|    8|       m_axi|               gmem1|       pointer|
|m_axi_gmem1_AWSIZE     |  out|    3|       m_axi|               gmem1|       pointer|
|m_axi_gmem1_AWBURST    |  out|    2|       m_axi|               gmem1|       pointer|
|m_axi_gmem1_AWLOCK     |  out|    2|       m_axi|               gmem1|       pointer|
|m_axi_gmem1_AWCACHE    |  out|    4|       m_axi|               gmem1|       pointer|
|m_axi_gmem1_AWPROT     |  out|    3|       m_axi|               gmem1|       pointer|
|m_axi_gmem1_AWQOS      |  out|    4|       m_axi|               gmem1|       pointer|
|m_axi_gmem1_AWREGION   |  out|    4|       m_axi|               gmem1|       pointer|
|m_axi_gmem1_AWUSER     |  out|    1|       m_axi|               gmem1|       pointer|
|m_axi_gmem1_WVALID     |  out|    1|       m_axi|               gmem1|       pointer|
|m_axi_gmem1_WREADY     |   in|    1|       m_axi|               gmem1|       pointer|
|m_axi_gmem1_WDATA      |  out|   32|       m_axi|               gmem1|       pointer|
|m_axi_gmem1_WSTRB      |  out|    4|       m_axi|               gmem1|       pointer|
|m_axi_gmem1_WLAST      |  out|    1|       m_axi|               gmem1|       pointer|
|m_axi_gmem1_WID        |  out|    1|       m_axi|               gmem1|       pointer|
|m_axi_gmem1_WUSER      |  out|    1|       m_axi|               gmem1|       pointer|
|m_axi_gmem1_ARVALID    |  out|    1|       m_axi|               gmem1|       pointer|
|m_axi_gmem1_ARREADY    |   in|    1|       m_axi|               gmem1|       pointer|
|m_axi_gmem1_ARADDR     |  out|   64|       m_axi|               gmem1|       pointer|
|m_axi_gmem1_ARID       |  out|    1|       m_axi|               gmem1|       pointer|
|m_axi_gmem1_ARLEN      |  out|    8|       m_axi|               gmem1|       pointer|
|m_axi_gmem1_ARSIZE     |  out|    3|       m_axi|               gmem1|       pointer|
|m_axi_gmem1_ARBURST    |  out|    2|       m_axi|               gmem1|       pointer|
|m_axi_gmem1_ARLOCK     |  out|    2|       m_axi|               gmem1|       pointer|
|m_axi_gmem1_ARCACHE    |  out|    4|       m_axi|               gmem1|       pointer|
|m_axi_gmem1_ARPROT     |  out|    3|       m_axi|               gmem1|       pointer|
|m_axi_gmem1_ARQOS      |  out|    4|       m_axi|               gmem1|       pointer|
|m_axi_gmem1_ARREGION   |  out|    4|       m_axi|               gmem1|       pointer|
|m_axi_gmem1_ARUSER     |  out|    1|       m_axi|               gmem1|       pointer|
|m_axi_gmem1_RVALID     |   in|    1|       m_axi|               gmem1|       pointer|
|m_axi_gmem1_RREADY     |  out|    1|       m_axi|               gmem1|       pointer|
|m_axi_gmem1_RDATA      |   in|   32|       m_axi|               gmem1|       pointer|
|m_axi_gmem1_RLAST      |   in|    1|       m_axi|               gmem1|       pointer|
|m_axi_gmem1_RID        |   in|    1|       m_axi|               gmem1|       pointer|
|m_axi_gmem1_RUSER      |   in|    1|       m_axi|               gmem1|       pointer|
|m_axi_gmem1_RRESP      |   in|    2|       m_axi|               gmem1|       pointer|
|m_axi_gmem1_BVALID     |   in|    1|       m_axi|               gmem1|       pointer|
|m_axi_gmem1_BREADY     |  out|    1|       m_axi|               gmem1|       pointer|
|m_axi_gmem1_BRESP      |   in|    2|       m_axi|               gmem1|       pointer|
|m_axi_gmem1_BID        |   in|    1|       m_axi|               gmem1|       pointer|
|m_axi_gmem1_BUSER      |   in|    1|       m_axi|               gmem1|       pointer|
|m_axi_gmem2_AWVALID    |  out|    1|       m_axi|               gmem2|       pointer|
|m_axi_gmem2_AWREADY    |   in|    1|       m_axi|               gmem2|       pointer|
|m_axi_gmem2_AWADDR     |  out|   64|       m_axi|               gmem2|       pointer|
|m_axi_gmem2_AWID       |  out|    1|       m_axi|               gmem2|       pointer|
|m_axi_gmem2_AWLEN      |  out|    8|       m_axi|               gmem2|       pointer|
|m_axi_gmem2_AWSIZE     |  out|    3|       m_axi|               gmem2|       pointer|
|m_axi_gmem2_AWBURST    |  out|    2|       m_axi|               gmem2|       pointer|
|m_axi_gmem2_AWLOCK     |  out|    2|       m_axi|               gmem2|       pointer|
|m_axi_gmem2_AWCACHE    |  out|    4|       m_axi|               gmem2|       pointer|
|m_axi_gmem2_AWPROT     |  out|    3|       m_axi|               gmem2|       pointer|
|m_axi_gmem2_AWQOS      |  out|    4|       m_axi|               gmem2|       pointer|
|m_axi_gmem2_AWREGION   |  out|    4|       m_axi|               gmem2|       pointer|
|m_axi_gmem2_AWUSER     |  out|    1|       m_axi|               gmem2|       pointer|
|m_axi_gmem2_WVALID     |  out|    1|       m_axi|               gmem2|       pointer|
|m_axi_gmem2_WREADY     |   in|    1|       m_axi|               gmem2|       pointer|
|m_axi_gmem2_WDATA      |  out|   32|       m_axi|               gmem2|       pointer|
|m_axi_gmem2_WSTRB      |  out|    4|       m_axi|               gmem2|       pointer|
|m_axi_gmem2_WLAST      |  out|    1|       m_axi|               gmem2|       pointer|
|m_axi_gmem2_WID        |  out|    1|       m_axi|               gmem2|       pointer|
|m_axi_gmem2_WUSER      |  out|    1|       m_axi|               gmem2|       pointer|
|m_axi_gmem2_ARVALID    |  out|    1|       m_axi|               gmem2|       pointer|
|m_axi_gmem2_ARREADY    |   in|    1|       m_axi|               gmem2|       pointer|
|m_axi_gmem2_ARADDR     |  out|   64|       m_axi|               gmem2|       pointer|
|m_axi_gmem2_ARID       |  out|    1|       m_axi|               gmem2|       pointer|
|m_axi_gmem2_ARLEN      |  out|    8|       m_axi|               gmem2|       pointer|
|m_axi_gmem2_ARSIZE     |  out|    3|       m_axi|               gmem2|       pointer|
|m_axi_gmem2_ARBURST    |  out|    2|       m_axi|               gmem2|       pointer|
|m_axi_gmem2_ARLOCK     |  out|    2|       m_axi|               gmem2|       pointer|
|m_axi_gmem2_ARCACHE    |  out|    4|       m_axi|               gmem2|       pointer|
|m_axi_gmem2_ARPROT     |  out|    3|       m_axi|               gmem2|       pointer|
|m_axi_gmem2_ARQOS      |  out|    4|       m_axi|               gmem2|       pointer|
|m_axi_gmem2_ARREGION   |  out|    4|       m_axi|               gmem2|       pointer|
|m_axi_gmem2_ARUSER     |  out|    1|       m_axi|               gmem2|       pointer|
|m_axi_gmem2_RVALID     |   in|    1|       m_axi|               gmem2|       pointer|
|m_axi_gmem2_RREADY     |  out|    1|       m_axi|               gmem2|       pointer|
|m_axi_gmem2_RDATA      |   in|   32|       m_axi|               gmem2|       pointer|
|m_axi_gmem2_RLAST      |   in|    1|       m_axi|               gmem2|       pointer|
|m_axi_gmem2_RID        |   in|    1|       m_axi|               gmem2|       pointer|
|m_axi_gmem2_RUSER      |   in|    1|       m_axi|               gmem2|       pointer|
|m_axi_gmem2_RRESP      |   in|    2|       m_axi|               gmem2|       pointer|
|m_axi_gmem2_BVALID     |   in|    1|       m_axi|               gmem2|       pointer|
|m_axi_gmem2_BREADY     |  out|    1|       m_axi|               gmem2|       pointer|
|m_axi_gmem2_BRESP      |   in|    2|       m_axi|               gmem2|       pointer|
|m_axi_gmem2_BID        |   in|    1|       m_axi|               gmem2|       pointer|
|m_axi_gmem2_BUSER      |   in|    1|       m_axi|               gmem2|       pointer|
|m_axi_gmem3_AWVALID    |  out|    1|       m_axi|               gmem3|       pointer|
|m_axi_gmem3_AWREADY    |   in|    1|       m_axi|               gmem3|       pointer|
|m_axi_gmem3_AWADDR     |  out|   64|       m_axi|               gmem3|       pointer|
|m_axi_gmem3_AWID       |  out|    1|       m_axi|               gmem3|       pointer|
|m_axi_gmem3_AWLEN      |  out|    8|       m_axi|               gmem3|       pointer|
|m_axi_gmem3_AWSIZE     |  out|    3|       m_axi|               gmem3|       pointer|
|m_axi_gmem3_AWBURST    |  out|    2|       m_axi|               gmem3|       pointer|
|m_axi_gmem3_AWLOCK     |  out|    2|       m_axi|               gmem3|       pointer|
|m_axi_gmem3_AWCACHE    |  out|    4|       m_axi|               gmem3|       pointer|
|m_axi_gmem3_AWPROT     |  out|    3|       m_axi|               gmem3|       pointer|
|m_axi_gmem3_AWQOS      |  out|    4|       m_axi|               gmem3|       pointer|
|m_axi_gmem3_AWREGION   |  out|    4|       m_axi|               gmem3|       pointer|
|m_axi_gmem3_AWUSER     |  out|    1|       m_axi|               gmem3|       pointer|
|m_axi_gmem3_WVALID     |  out|    1|       m_axi|               gmem3|       pointer|
|m_axi_gmem3_WREADY     |   in|    1|       m_axi|               gmem3|       pointer|
|m_axi_gmem3_WDATA      |  out|   32|       m_axi|               gmem3|       pointer|
|m_axi_gmem3_WSTRB      |  out|    4|       m_axi|               gmem3|       pointer|
|m_axi_gmem3_WLAST      |  out|    1|       m_axi|               gmem3|       pointer|
|m_axi_gmem3_WID        |  out|    1|       m_axi|               gmem3|       pointer|
|m_axi_gmem3_WUSER      |  out|    1|       m_axi|               gmem3|       pointer|
|m_axi_gmem3_ARVALID    |  out|    1|       m_axi|               gmem3|       pointer|
|m_axi_gmem3_ARREADY    |   in|    1|       m_axi|               gmem3|       pointer|
|m_axi_gmem3_ARADDR     |  out|   64|       m_axi|               gmem3|       pointer|
|m_axi_gmem3_ARID       |  out|    1|       m_axi|               gmem3|       pointer|
|m_axi_gmem3_ARLEN      |  out|    8|       m_axi|               gmem3|       pointer|
|m_axi_gmem3_ARSIZE     |  out|    3|       m_axi|               gmem3|       pointer|
|m_axi_gmem3_ARBURST    |  out|    2|       m_axi|               gmem3|       pointer|
|m_axi_gmem3_ARLOCK     |  out|    2|       m_axi|               gmem3|       pointer|
|m_axi_gmem3_ARCACHE    |  out|    4|       m_axi|               gmem3|       pointer|
|m_axi_gmem3_ARPROT     |  out|    3|       m_axi|               gmem3|       pointer|
|m_axi_gmem3_ARQOS      |  out|    4|       m_axi|               gmem3|       pointer|
|m_axi_gmem3_ARREGION   |  out|    4|       m_axi|               gmem3|       pointer|
|m_axi_gmem3_ARUSER     |  out|    1|       m_axi|               gmem3|       pointer|
|m_axi_gmem3_RVALID     |   in|    1|       m_axi|               gmem3|       pointer|
|m_axi_gmem3_RREADY     |  out|    1|       m_axi|               gmem3|       pointer|
|m_axi_gmem3_RDATA      |   in|   32|       m_axi|               gmem3|       pointer|
|m_axi_gmem3_RLAST      |   in|    1|       m_axi|               gmem3|       pointer|
|m_axi_gmem3_RID        |   in|    1|       m_axi|               gmem3|       pointer|
|m_axi_gmem3_RUSER      |   in|    1|       m_axi|               gmem3|       pointer|
|m_axi_gmem3_RRESP      |   in|    2|       m_axi|               gmem3|       pointer|
|m_axi_gmem3_BVALID     |   in|    1|       m_axi|               gmem3|       pointer|
|m_axi_gmem3_BREADY     |  out|    1|       m_axi|               gmem3|       pointer|
|m_axi_gmem3_BRESP      |   in|    2|       m_axi|               gmem3|       pointer|
|m_axi_gmem3_BID        |   in|    1|       m_axi|               gmem3|       pointer|
|m_axi_gmem3_BUSER      |   in|    1|       m_axi|               gmem3|       pointer|
+-----------------------+-----+-----+------------+--------------------+--------------+

