

================================================================
== Vitis HLS Report for 'xFGradientY3x3_0_0_s'
================================================================
* Date:           Mon Jul 15 19:05:00 2024

* Version:        2023.2 (Build 4023990 on Oct 11 2023)
* Project:        sobel_resize_xf
* Solution:       sol2 (Vivado IP Flow Target)
* Product family: zynq
* Target device:  xc7z020-clg484-1


================================================================
== Performance Estimates
================================================================
+ Timing: 
    * Summary: 
    +--------+----------+----------+------------+
    |  Clock |  Target  | Estimated| Uncertainty|
    +--------+----------+----------+------------+
    |ap_clk  |  10.00 ns|  6.655 ns|     2.70 ns|
    +--------+----------+----------+------------+

+ Latency: 
    * Summary: 
    +---------+---------+-----------+-----------+-----+-----+---------+
    |  Latency (cycles) |   Latency (absolute)  |  Interval | Pipeline|
    |   min   |   max   |    min    |    max    | min | max |   Type  |
    +---------+---------+-----------+-----------+-----+-----+---------+
    |        1|        1|  10.000 ns|  10.000 ns|    1|    1|      yes|
    +---------+---------+-----------+-----------+-----+-----+---------+

    + Detail: 
        * Instance: 
        N/A

        * Loop: 
        N/A



================================================================
== Utilization Estimates
================================================================
* Summary: 
+-----------------+---------+-----+--------+-------+-----+
|       Name      | BRAM_18K| DSP |   FF   |  LUT  | URAM|
+-----------------+---------+-----+--------+-------+-----+
|DSP              |        -|    -|       -|      -|    -|
|Expression       |        -|    -|       0|     88|    -|
|FIFO             |        -|    -|       -|      -|    -|
|Instance         |        -|    -|       -|      -|    -|
|Memory           |        -|    -|       -|      -|    -|
|Multiplexer      |        -|    -|       -|     14|    -|
|Register         |        -|    -|      36|      -|    -|
+-----------------+---------+-----+--------+-------+-----+
|Total            |        0|    0|      36|    102|    0|
+-----------------+---------+-----+--------+-------+-----+
|Available        |      280|  220|  106400|  53200|    0|
+-----------------+---------+-----+--------+-------+-----+
|Utilization (%)  |        0|    0|      ~0|     ~0|    0|
+-----------------+---------+-----+--------+-------+-----+

+ Detail: 
    * Instance: 
    N/A

    * DSP: 
    N/A

    * Memory: 
    N/A

    * FIFO: 
    N/A

    * Expression: 
    +--------------------------+----------+----+---+----+------------+------------+
    |       Variable Name      | Operation| DSP| FF| LUT| Bitwidth P0| Bitwidth P1|
    +--------------------------+----------+----+---+----+------------+------------+
    |A00_fu_90_p2              |         +|   0|  0|  14|           9|           9|
    |S00_fu_104_p2             |         +|   0|  0|  14|           9|           9|
    |add_ln113_fu_114_p2       |         +|   0|  0|  13|          10|          10|
    |out_pix_fu_143_p2         |         +|   0|  0|  11|          11|          11|
    |out_pix_2_fu_137_p2       |         -|   0|  0|  11|          11|          11|
    |icmp_ln122_fu_171_p2      |      icmp|   0|  0|  11|           3|           1|
    |or_ln120_fu_191_p2        |        or|   0|  0|   2|           1|           1|
    |select_ln120_1_fu_197_p3  |    select|   0|  0|   8|           1|           8|
    |select_ln120_fu_183_p3    |    select|   0|  0|   2|           1|           2|
    |xor_ln120_fu_177_p2       |       xor|   0|  0|   2|           1|           2|
    +--------------------------+----------+----+---+----+------------+------------+
    |Total                     |          |   0|  0|  88|          57|          64|
    +--------------------------+----------+----+---+----+------------+------------+

    * Multiplexer: 
    +-----------+----+-----------+-----+-----------+
    |    Name   | LUT| Input Size| Bits| Total Bits|
    +-----------+----+-----------+-----+-----------+
    |ap_return  |  14|          3|    8|         24|
    +-----------+----+-----------+-----+-----------+
    |Total      |  14|          3|    8|         24|
    +-----------+----+-----------+-----+-----------+

    * Register: 
    +---------------------+----+----+-----+-----------+
    |         Name        | FF | LUT| Bits| Const Bits|
    +---------------------+----+----+-----+-----------+
    |A00_reg_210          |   9|   0|    9|          0|
    |add_ln113_reg_215    |  10|   0|   10|          0|
    |ap_ce_reg            |   1|   0|    1|          0|
    |ap_return_int_reg    |   8|   0|    8|          0|
    |b1_val_read_reg_205  |   8|   0|    8|          0|
    +---------------------+----+----+-----+-----------+
    |Total                |  36|   0|   36|          0|
    +---------------------+----+----+-----+-----------+



================================================================
== Interface
================================================================
* Summary: 
+-----------+-----+-----+------------+----------------------+--------------+
| RTL Ports | Dir | Bits|  Protocol  |     Source Object    |    C Type    |
+-----------+-----+-----+------------+----------------------+--------------+
|ap_clk     |   in|    1|  ap_ctrl_hs|  xFGradientY3x3<0, 0>|  return value|
|ap_rst     |   in|    1|  ap_ctrl_hs|  xFGradientY3x3<0, 0>|  return value|
|ap_return  |  out|    8|  ap_ctrl_hs|  xFGradientY3x3<0, 0>|  return value|
|ap_ce      |   in|    1|  ap_ctrl_hs|  xFGradientY3x3<0, 0>|  return value|
|t0_val     |   in|    8|     ap_none|                t0_val|        scalar|
|t1_val     |   in|    8|     ap_none|                t1_val|        scalar|
|t2_val     |   in|    8|     ap_none|                t2_val|        scalar|
|b0_val     |   in|    8|     ap_none|                b0_val|        scalar|
|b1_val     |   in|    8|     ap_none|                b1_val|        scalar|
|b2_val     |   in|    8|     ap_none|                b2_val|        scalar|
+-----------+-----+-----+------------+----------------------+--------------+

