

================================================================
== Vitis HLS Report for 'xFSobelFilter3x3_Pipeline_Col_Loop'
================================================================
* Date:           Mon Jul 15 19:05:00 2024

* Version:        2023.2 (Build 4023990 on Oct 11 2023)
* Project:        sobel_resize_xf
* Solution:       sol2 (Vivado IP Flow Target)
* Product family: zynq
* Target device:  xc7z020-clg484-1


================================================================
== Performance Estimates
================================================================
+ Timing: 
    * Summary: 
    +--------+----------+----------+------------+
    |  Clock |  Target  | Estimated| Uncertainty|
    +--------+----------+----------+------------+
    |ap_clk  |  10.00 ns|  6.888 ns|     2.70 ns|
    +--------+----------+----------+------------+

+ Latency: 
    * Summary: 
    +---------+---------+----------+----------+-----+-----+---------+
    |  Latency (cycles) |  Latency (absolute) |  Interval | Pipeline|
    |   min   |   max   |    min   |    max   | min | max |   Type  |
    +---------+---------+----------+----------+-----+-----+---------+
    |       71|       71|  0.710 us|  0.710 us|   71|   71|       no|
    +---------+---------+----------+----------+-----+-----+---------+

    + Detail: 
        * Instance: 
        +---------------------------------+----------------------+---------+---------+-----------+-----------+-----+-----+---------+
        |                                 |                      |  Latency (cycles) |   Latency (absolute)  |  Interval | Pipeline|
        |             Instance            |        Module        |   min   |   max   |    min    |    max    | min | max |   Type  |
        +---------------------------------+----------------------+---------+---------+-----------+-----------+-----+-----+---------+
        |grp_xFSobel3x3_1_1_0_0_s_fu_320  |xFSobel3x3_1_1_0_0_s  |        1|        1|  10.000 ns|  10.000 ns|    1|    1|      yes|
        +---------------------------------+----------------------+---------+---------+-----------+-----------+-----+-----+---------+

        * Loop: 
        +------------+---------+---------+----------+-----------+-----------+------+----------+
        |            |  Latency (cycles) | Iteration|  Initiation Interval  | Trip |          |
        |  Loop Name |   min   |   max   |  Latency |  achieved |   target  | Count| Pipelined|
        +------------+---------+---------+----------+-----------+-----------+------+----------+
        |- Col_Loop  |       69|       69|         7|          1|          1|    64|       yes|
        +------------+---------+---------+----------+-----------+-----------+------+----------+



================================================================
== Utilization Estimates
================================================================
* Summary: 
+-----------------+---------+-----+--------+-------+-----+
|       Name      | BRAM_18K| DSP |   FF   |  LUT  | URAM|
+-----------------+---------+-----+--------+-------+-----+
|DSP              |        -|    -|       -|      -|    -|
|Expression       |        -|    -|       0|     69|    -|
|FIFO             |        -|    -|       -|      -|    -|
|Instance         |        -|    -|      89|    274|    -|
|Memory           |        -|    -|       -|      -|    -|
|Multiplexer      |        -|    -|       -|    201|    -|
|Register         |        -|    -|     286|     64|    -|
+-----------------+---------+-----+--------+-------+-----+
|Total            |        0|    0|     375|    608|    0|
+-----------------+---------+-----+--------+-------+-----+
|Available        |      280|  220|  106400|  53200|    0|
+-----------------+---------+-----+--------+-------+-----+
|Utilization (%)  |        0|    0|      ~0|      1|    0|
+-----------------+---------+-----+--------+-------+-----+

+ Detail: 
    * Instance: 
    +---------------------------------+----------------------+---------+----+----+-----+-----+
    |             Instance            |        Module        | BRAM_18K| DSP| FF | LUT | URAM|
    +---------------------------------+----------------------+---------+----+----+-----+-----+
    |sparsemux_7_2_8_1_1_U160         |sparsemux_7_2_8_1_1   |        0|   0|   0|   14|    0|
    |sparsemux_7_2_8_1_1_U161         |sparsemux_7_2_8_1_1   |        0|   0|   0|   14|    0|
    |sparsemux_7_2_8_1_1_U162         |sparsemux_7_2_8_1_1   |        0|   0|   0|   14|    0|
    |grp_xFSobel3x3_1_1_0_0_s_fu_320  |xFSobel3x3_1_1_0_0_s  |        0|   0|  89|  232|    0|
    +---------------------------------+----------------------+---------+----+----+-----+-----+
    |Total                            |                      |        0|   0|  89|  274|    0|
    +---------------------------------+----------------------+---------+----+----+-----+-----+

    * DSP: 
    N/A

    * Memory: 
    N/A

    * FIFO: 
    N/A

    * Expression: 
    +------------------------------------------+----------+----+---+----+------------+------------+
    |               Variable Name              | Operation| DSP| FF| LUT| Bitwidth P0| Bitwidth P1|
    +------------------------------------------+----------+----+---+----+------------+------------+
    |col_2_fu_380_p2                           |         +|   0|  0|  14|          13|           1|
    |ap_block_state2_pp0_stage0_iter1          |       and|   0|  0|   2|           1|           1|
    |ap_condition_504                          |       and|   0|  0|   2|           1|           1|
    |ap_condition_510                          |       and|   0|  0|   2|           1|           1|
    |ap_condition_514                          |       and|   0|  0|   2|           1|           1|
    |ap_predicate_op61_read_state2             |       and|   0|  0|   2|           1|           1|
    |icmp_ln225_fu_374_p2                      |      icmp|   0|  0|  23|          16|          16|
    |icmp_ln250_fu_409_p2                      |      icmp|   0|  0|  14|          13|           1|
    |ap_block_pp0_stage0_01001                 |        or|   0|  0|   2|           1|           1|
    |ap_block_pp0_stage0_11001_ignoreCallOp93  |        or|   0|  0|   2|           1|           1|
    |ap_block_state7_pp0_stage0_iter6          |        or|   0|  0|   2|           1|           1|
    |ap_enable_pp0                             |       xor|   0|  0|   2|           1|           2|
    +------------------------------------------+----------+----+---+----+------------+------------+
    |Total                                     |          |   0|  0|  69|          51|          28|
    +------------------------------------------+----------+----+---+----+------------+------------+

    * Multiplexer: 
    +---------------------------+----+-----------+-----+-----------+
    |            Name           | LUT| Input Size| Bits| Total Bits|
    +---------------------------+----+-----------+-----+-----------+
    |ap_done_int                |   9|          2|    1|          2|
    |ap_enable_reg_pp0_iter5    |   9|          2|    1|          2|
    |ap_sig_allocacmp_col_1     |   9|          2|   13|         26|
    |buf_1_address1             |  14|          3|    6|         18|
    |buf_1_d1                   |  14|          3|    8|         24|
    |buf_2_address1             |  14|          3|    6|         18|
    |buf_2_d1                   |  14|          3|    8|         24|
    |buf_r_address1             |  14|          3|    6|         18|
    |buf_r_d1                   |  14|          3|    8|         24|
    |col_fu_96                  |   9|          2|   13|         26|
    |out_resize_mat_data_blk_n  |   9|          2|    1|          2|
    |p_dstgx_data_blk_n         |   9|          2|    1|          2|
    |p_dstgy_data_blk_n         |   9|          2|    1|          2|
    |src_buf1_1_fu_100          |   9|          2|    8|         16|
    |src_buf1_fu_116            |   9|          2|    8|         16|
    |src_buf2_1_fu_112          |   9|          2|    8|         16|
    |src_buf2_fu_104            |   9|          2|    8|         16|
    |src_buf3_1_fu_120          |   9|          2|    8|         16|
    |src_buf3_fu_108            |   9|          2|    8|         16|
    +---------------------------+----+-----------+-----+-----------+
    |Total                      | 201|         44|  121|        284|
    +---------------------------+----+-----------+-----+-----------+

    * Register: 
    +----------------------------------+----+----+-----+-----------+
    |               Name               | FF | LUT| Bits| Const Bits|
    +----------------------------------+----+----+-----+-----------+
    |GradientValuesX_reg_677           |   8|   0|    8|          0|
    |GradientValuesY_reg_682           |   8|   0|    8|          0|
    |ap_CS_fsm                         |   1|   0|    1|          0|
    |ap_done_reg                       |   1|   0|    1|          0|
    |ap_enable_reg_pp0_iter1           |   1|   0|    1|          0|
    |ap_enable_reg_pp0_iter2           |   1|   0|    1|          0|
    |ap_enable_reg_pp0_iter3           |   1|   0|    1|          0|
    |ap_enable_reg_pp0_iter4           |   1|   0|    1|          0|
    |ap_enable_reg_pp0_iter5           |   1|   0|    1|          0|
    |ap_enable_reg_pp0_iter6           |   1|   0|    1|          0|
    |ap_loop_exit_ready_pp0_iter1_reg  |   1|   0|    1|          0|
    |ap_loop_exit_ready_pp0_iter2_reg  |   1|   0|    1|          0|
    |ap_loop_exit_ready_pp0_iter3_reg  |   1|   0|    1|          0|
    |ap_loop_exit_ready_pp0_iter4_reg  |   1|   0|    1|          0|
    |ap_loop_exit_ready_pp0_iter5_reg  |   1|   0|    1|          0|
    |buf_1_load_reg_651                |   8|   0|    8|          0|
    |buf_2_load_reg_658                |   8|   0|    8|          0|
    |buf_load_reg_644                  |   8|   0|    8|          0|
    |col_1_reg_613                     |  13|   0|   13|          0|
    |col_1_reg_613_pp0_iter1_reg       |  13|   0|   13|          0|
    |col_fu_96                         |  13|   0|   13|          0|
    |icmp_ln225_reg_621                |   1|   0|    1|          0|
    |icmp_ln250_reg_640                |   1|   0|    1|          0|
    |src_buf1_1_fu_100                 |   8|   0|    8|          0|
    |src_buf1_3_reg_665                |   8|   0|    8|          0|
    |src_buf1_fu_116                   |   8|   0|    8|          0|
    |src_buf2_1_fu_112                 |   8|   0|    8|          0|
    |src_buf2_fu_104                   |   8|   0|    8|          0|
    |src_buf3_1_fu_120                 |   8|   0|    8|          0|
    |src_buf3_3_reg_671                |   8|   0|    8|          0|
    |src_buf3_fu_108                   |   8|   0|    8|          0|
    |icmp_ln225_reg_621                |  64|  32|    1|          0|
    |icmp_ln250_reg_640                |  64|  32|    1|          0|
    +----------------------------------+----+----+-----+-----------+
    |Total                             | 286|  64|  160|          0|
    +----------------------------------+----+----+-----+-----------+



================================================================
== Interface
================================================================
* Summary: 
+------------------------------------+-----+-----+------------+------------------------------------+--------------+
|              RTL Ports             | Dir | Bits|  Protocol  |            Source Object           |    C Type    |
+------------------------------------+-----+-----+------------+------------------------------------+--------------+
|ap_clk                              |   in|    1|  ap_ctrl_hs|  xFSobelFilter3x3_Pipeline_Col_Loop|  return value|
|ap_rst                              |   in|    1|  ap_ctrl_hs|  xFSobelFilter3x3_Pipeline_Col_Loop|  return value|
|ap_start                            |   in|    1|  ap_ctrl_hs|  xFSobelFilter3x3_Pipeline_Col_Loop|  return value|
|ap_done                             |  out|    1|  ap_ctrl_hs|  xFSobelFilter3x3_Pipeline_Col_Loop|  return value|
|ap_idle                             |  out|    1|  ap_ctrl_hs|  xFSobelFilter3x3_Pipeline_Col_Loop|  return value|
|ap_ready                            |  out|    1|  ap_ctrl_hs|  xFSobelFilter3x3_Pipeline_Col_Loop|  return value|
|out_resize_mat_data_dout            |   in|    8|     ap_fifo|                 out_resize_mat_data|       pointer|
|out_resize_mat_data_num_data_valid  |   in|    3|     ap_fifo|                 out_resize_mat_data|       pointer|
|out_resize_mat_data_fifo_cap        |   in|    3|     ap_fifo|                 out_resize_mat_data|       pointer|
|out_resize_mat_data_empty_n         |   in|    1|     ap_fifo|                 out_resize_mat_data|       pointer|
|out_resize_mat_data_read            |  out|    1|     ap_fifo|                 out_resize_mat_data|       pointer|
|p_dstgx_data_din                    |  out|    8|     ap_fifo|                        p_dstgx_data|       pointer|
|p_dstgx_data_num_data_valid         |   in|    3|     ap_fifo|                        p_dstgx_data|       pointer|
|p_dstgx_data_fifo_cap               |   in|    3|     ap_fifo|                        p_dstgx_data|       pointer|
|p_dstgx_data_full_n                 |   in|    1|     ap_fifo|                        p_dstgx_data|       pointer|
|p_dstgx_data_write                  |  out|    1|     ap_fifo|                        p_dstgx_data|       pointer|
|p_dstgy_data_din                    |  out|    8|     ap_fifo|                        p_dstgy_data|       pointer|
|p_dstgy_data_num_data_valid         |   in|    3|     ap_fifo|                        p_dstgy_data|       pointer|
|p_dstgy_data_fifo_cap               |   in|    3|     ap_fifo|                        p_dstgy_data|       pointer|
|p_dstgy_data_full_n                 |   in|    1|     ap_fifo|                        p_dstgy_data|       pointer|
|p_dstgy_data_write                  |  out|    1|     ap_fifo|                        p_dstgy_data|       pointer|
|img_width                           |   in|   16|     ap_none|                           img_width|        scalar|
|buf_r_address0                      |  out|    6|   ap_memory|                               buf_r|         array|
|buf_r_ce0                           |  out|    1|   ap_memory|                               buf_r|         array|
|buf_r_q0                            |   in|    8|   ap_memory|                               buf_r|         array|
|buf_r_address1                      |  out|    6|   ap_memory|                               buf_r|         array|
|buf_r_ce1                           |  out|    1|   ap_memory|                               buf_r|         array|
|buf_r_we1                           |  out|    1|   ap_memory|                               buf_r|         array|
|buf_r_d1                            |  out|    8|   ap_memory|                               buf_r|         array|
|buf_1_address0                      |  out|    6|   ap_memory|                               buf_1|         array|
|buf_1_ce0                           |  out|    1|   ap_memory|                               buf_1|         array|
|buf_1_q0                            |   in|    8|   ap_memory|                               buf_1|         array|
|buf_1_address1                      |  out|    6|   ap_memory|                               buf_1|         array|
|buf_1_ce1                           |  out|    1|   ap_memory|                               buf_1|         array|
|buf_1_we1                           |  out|    1|   ap_memory|                               buf_1|         array|
|buf_1_d1                            |  out|    8|   ap_memory|                               buf_1|         array|
|buf_2_address0                      |  out|    6|   ap_memory|                               buf_2|         array|
|buf_2_ce0                           |  out|    1|   ap_memory|                               buf_2|         array|
|buf_2_q0                            |   in|    8|   ap_memory|                               buf_2|         array|
|buf_2_address1                      |  out|    6|   ap_memory|                               buf_2|         array|
|buf_2_ce1                           |  out|    1|   ap_memory|                               buf_2|         array|
|buf_2_we1                           |  out|    1|   ap_memory|                               buf_2|         array|
|buf_2_d1                            |  out|    8|   ap_memory|                               buf_2|         array|
|tp_1                                |   in|    2|     ap_none|                                tp_1|        scalar|
|mid_1                               |   in|    2|     ap_none|                               mid_1|        scalar|
|bottom_1                            |   in|    2|     ap_none|                            bottom_1|        scalar|
|empty                               |   in|    2|     ap_none|                               empty|        scalar|
|cmp_i_i603_i                        |   in|    1|     ap_none|                        cmp_i_i603_i|        scalar|
|src_buf3_out                        |  out|    8|      ap_vld|                        src_buf3_out|       pointer|
|src_buf3_out_ap_vld                 |  out|    1|      ap_vld|                        src_buf3_out|       pointer|
|src_buf2_out                        |  out|    8|      ap_vld|                        src_buf2_out|       pointer|
|src_buf2_out_ap_vld                 |  out|    1|      ap_vld|                        src_buf2_out|       pointer|
|src_buf3_1_out                      |  out|    8|      ap_vld|                      src_buf3_1_out|       pointer|
|src_buf3_1_out_ap_vld               |  out|    1|      ap_vld|                      src_buf3_1_out|       pointer|
|src_buf1_out                        |  out|    8|      ap_vld|                        src_buf1_out|       pointer|
|src_buf1_out_ap_vld                 |  out|    1|      ap_vld|                        src_buf1_out|       pointer|
|src_buf1_1_out                      |  out|    8|      ap_vld|                      src_buf1_1_out|       pointer|
|src_buf1_1_out_ap_vld               |  out|    1|      ap_vld|                      src_buf1_1_out|       pointer|
+------------------------------------+-----+-----+------------+------------------------------------+--------------+

