

================================================================
== Vitis HLS Report for 'xFSobel3x3_1_1_0_0_s'
================================================================
* Date:           Mon Jul 15 19:05:00 2024

* Version:        2023.2 (Build 4023990 on Oct 11 2023)
* Project:        sobel_resize_xf
* Solution:       sol2 (Vivado IP Flow Target)
* Product family: zynq
* Target device:  xc7z020-clg484-1


================================================================
== Performance Estimates
================================================================
+ Timing: 
    * Summary: 
    +--------+----------+----------+------------+
    |  Clock |  Target  | Estimated| Uncertainty|
    +--------+----------+----------+------------+
    |ap_clk  |  10.00 ns|  6.655 ns|     2.70 ns|
    +--------+----------+----------+------------+

+ Latency: 
    * Summary: 
    +---------+---------+-----------+-----------+-----+-----+---------+
    |  Latency (cycles) |   Latency (absolute)  |  Interval | Pipeline|
    |   min   |   max   |    min    |    max    | min | max |   Type  |
    +---------+---------+-----------+-----------+-----+-----+---------+
    |        1|        1|  10.000 ns|  10.000 ns|    1|    1|      yes|
    +---------+---------+-----------+-----------+-----+-----+---------+

    + Detail: 
        * Instance: 
        +--------------------------------+----------------------+---------+---------+-----------+-----------+-----+-----+---------+
        |                                |                      |  Latency (cycles) |   Latency (absolute)  |  Interval | Pipeline|
        |            Instance            |        Module        |   min   |   max   |    min    |    max    | min | max |   Type  |
        +--------------------------------+----------------------+---------+---------+-----------+-----------+-----+-----+---------+
        |grp_xFGradientX3x3_0_0_s_fu_72  |xFGradientX3x3_0_0_s  |        1|        1|  10.000 ns|  10.000 ns|    1|    1|      yes|
        |grp_xFGradientY3x3_0_0_s_fu_88  |xFGradientY3x3_0_0_s  |        1|        1|  10.000 ns|  10.000 ns|    1|    1|      yes|
        +--------------------------------+----------------------+---------+---------+-----------+-----------+-----+-----+---------+

        * Loop: 
        N/A



================================================================
== Utilization Estimates
================================================================
* Summary: 
+-----------------+---------+-----+--------+-------+-----+
|       Name      | BRAM_18K| DSP |   FF   |  LUT  | URAM|
+-----------------+---------+-----+--------+-------+-----+
|DSP              |        -|    -|       -|      -|    -|
|Expression       |        -|    -|       -|      -|    -|
|FIFO             |        -|    -|       -|      -|    -|
|Instance         |        -|    -|      72|    204|    -|
|Memory           |        -|    -|       -|      -|    -|
|Multiplexer      |        -|    -|       -|     28|    -|
|Register         |        -|    -|      17|      -|    -|
+-----------------+---------+-----+--------+-------+-----+
|Total            |        0|    0|      89|    232|    0|
+-----------------+---------+-----+--------+-------+-----+
|Available        |      280|  220|  106400|  53200|    0|
+-----------------+---------+-----+--------+-------+-----+
|Utilization (%)  |        0|    0|      ~0|     ~0|    0|
+-----------------+---------+-----+--------+-------+-----+

+ Detail: 
    * Instance: 
    +--------------------------------+----------------------+---------+----+----+-----+-----+
    |            Instance            |        Module        | BRAM_18K| DSP| FF | LUT | URAM|
    +--------------------------------+----------------------+---------+----+----+-----+-----+
    |grp_xFGradientX3x3_0_0_s_fu_72  |xFGradientX3x3_0_0_s  |        0|   0|  36|  102|    0|
    |grp_xFGradientY3x3_0_0_s_fu_88  |xFGradientY3x3_0_0_s  |        0|   0|  36|  102|    0|
    +--------------------------------+----------------------+---------+----+----+-----+-----+
    |Total                           |                      |        0|   0|  72|  204|    0|
    +--------------------------------+----------------------+---------+----+----+-----+-----+

    * DSP: 
    N/A

    * Memory: 
    N/A

    * FIFO: 
    N/A

    * Expression: 
    N/A

    * Multiplexer: 
    +-------------+----+-----------+-----+-----------+
    |     Name    | LUT| Input Size| Bits| Total Bits|
    +-------------+----+-----------+-----+-----------+
    |ap_return_0  |  14|          3|    8|         24|
    |ap_return_1  |  14|          3|    8|         24|
    +-------------+----+-----------+-----+-----------+
    |Total        |  28|          6|   16|         48|
    +-------------+----+-----------+-----+-----------+

    * Register: 
    +---------------------+---+----+-----+-----------+
    |         Name        | FF| LUT| Bits| Const Bits|
    +---------------------+---+----+-----+-----------+
    |ap_ce_reg            |  1|   0|    1|          0|
    |ap_return_0_int_reg  |  8|   0|    8|          0|
    |ap_return_1_int_reg  |  8|   0|    8|          0|
    +---------------------+---+----+-----+-----------+
    |Total                | 17|   0|   17|          0|
    +---------------------+---+----+-----+-----------+



================================================================
== Interface
================================================================
* Summary: 
+----------------+-----+-----+------------+------------------------+--------------+
|    RTL Ports   | Dir | Bits|  Protocol  |      Source Object     |    C Type    |
+----------------+-----+-----+------------+------------------------+--------------+
|ap_clk          |   in|    1|  ap_ctrl_hs|  xFSobel3x3<1, 1, 0, 0>|  return value|
|ap_rst          |   in|    1|  ap_ctrl_hs|  xFSobel3x3<1, 1, 0, 0>|  return value|
|ap_return_0     |  out|    8|  ap_ctrl_hs|  xFSobel3x3<1, 1, 0, 0>|  return value|
|ap_return_1     |  out|    8|  ap_ctrl_hs|  xFSobel3x3<1, 1, 0, 0>|  return value|
|ap_ce           |   in|    1|  ap_ctrl_hs|  xFSobel3x3<1, 1, 0, 0>|  return value|
|src_buf1_0_val  |   in|    8|     ap_none|          src_buf1_0_val|        scalar|
|src_buf1_1_val  |   in|    8|     ap_none|          src_buf1_1_val|        scalar|
|src_buf1_2_val  |   in|    8|     ap_none|          src_buf1_2_val|        scalar|
|src_buf2_0_val  |   in|    8|     ap_none|          src_buf2_0_val|        scalar|
|src_buf2_2_val  |   in|    8|     ap_none|          src_buf2_2_val|        scalar|
|src_buf3_0_val  |   in|    8|     ap_none|          src_buf3_0_val|        scalar|
|src_buf3_1_val  |   in|    8|     ap_none|          src_buf3_1_val|        scalar|
|src_buf3_2_val  |   in|    8|     ap_none|          src_buf3_2_val|        scalar|
+----------------+-----+-----+------------+------------------------+--------------+

